{"meta": {"format": 3, "version": "7.13.5", "timestamp": "2026-05-05T16:47:34.255194", "branch_coverage": false, "show_contexts": false}, "files": {"turbodrf/__init__.py": {"executed_lines": [37, 38, 39, 40, 44, 46, 47, 49, 50, 51, 53, 54, 55, 57, 58, 59, 61, 62, 63, 65, 66, 67, 69, 70, 73], "summary": {"covered_lines": 25, "num_statements": 25, "percent_covered": 100.0, "percent_covered_display": "100", "missing_lines": 0, "excluded_lines": 0, "percent_statements_covered": 100.0, "percent_statements_covered_display": "100"}, "missing_lines": [], "excluded_lines": [], "functions": {"__getattr__": {"executed_lines": [46, 47, 49, 50, 51, 53, 54, 55, 57, 58, 59, 61, 62, 63, 65, 66, 67, 69, 70], "summary": {"covered_lines": 19, "num_statements": 19, "percent_covered": 100.0, "percent_covered_display": "100", "missing_lines": 0, "excluded_lines": 0, "percent_statements_covered": 100.0, "percent_statements_covered_display": "100"}, "missing_lines": [], "excluded_lines": [], "start_line": 44}, "": {"executed_lines": [37, 38, 39, 40, 44, 73], "summary": {"covered_lines": 6, "num_statements": 6, "percent_covered": 100.0, "percent_covered_display": "100", "missing_lines": 0, "excluded_lines": 0, "percent_statements_covered": 100.0, "percent_statements_covered_display": "100"}, "missing_lines": [], "excluded_lines": [], "start_line": 1}}, "classes": {"": {"executed_lines": [37, 38, 39, 40, 44, 46, 47, 49, 50, 51, 53, 54, 55, 57, 58, 59, 61, 62, 63, 65, 66, 67, 69, 70, 73], "summary": {"covered_lines": 25, "num_statements": 25, "percent_covered": 100.0, "percent_covered_display": "100", "missing_lines": 0, "excluded_lines": 0, "percent_statements_covered": 100.0, "percent_statements_covered_display": "100"}, "missing_lines": [], "excluded_lines": [], "start_line": 1}}}, "turbodrf/apps.py": {"executed_lines": [1, 2, 5, 6, 7, 8, 10, 15, 16, 18, 26, 28, 29, 32, 33], "summary": {"covered_lines": 15, "num_statements": 15, "percent_covered": 100.0, "percent_covered_display": "100", "missing_lines": 0, "excluded_lines": 0, "percent_statements_covered": 100.0, "percent_statements_covered_display": "100"}, "missing_lines": [], "excluded_lines": [], "functions": {"TurboDRFConfig.ready": {"executed_lines": [15, 16], "summary": {"covered_lines": 2, "num_statements": 2, "percent_covered": 100.0, "percent_covered_display": "100", "missing_lines": 0, "excluded_lines": 0, "percent_statements_covered": 100.0, "percent_statements_covered_display": "100"}, "missing_lines": [], "excluded_lines": [], "start_line": 10}, "TurboDRFConfig._ensure_drf_yasg_installed": {"executed_lines": [26, 28, 29, 32, 33], "summary": {"covered_lines": 5, "num_statements": 5, "percent_covered": 100.0, "percent_covered_display": "100", "missing_lines": 0, "excluded_lines": 0, "percent_statements_covered": 100.0, "percent_statements_covered_display": "100"}, "missing_lines": [], "excluded_lines": [], "start_line": 18}, "": {"executed_lines": [1, 2, 5, 6, 7, 8, 10, 18], "summary": {"covered_lines": 8, "num_statements": 8, "percent_covered": 100.0, "percent_covered_display": "100", "missing_lines": 0, "excluded_lines": 0, "percent_statements_covered": 100.0, "percent_statements_covered_display": "100"}, "missing_lines": [], "excluded_lines": [], "start_line": 1}}, "classes": {"TurboDRFConfig": {"executed_lines": [15, 16, 26, 28, 29, 32, 33], "summary": {"covered_lines": 7, "num_statements": 7, "percent_covered": 100.0, "percent_covered_display": "100", "missing_lines": 0, "excluded_lines": 0, "percent_statements_covered": 100.0, "percent_statements_covered_display": "100"}, "missing_lines": [], "excluded_lines": [], "start_line": 5}, "": {"executed_lines": [1, 2, 5, 6, 7, 8, 10, 18], "summary": {"covered_lines": 8, "num_statements": 8, "percent_covered": 100.0, "percent_covered_display": "100", "missing_lines": 0, "excluded_lines": 0, "percent_statements_covered": 100.0, "percent_statements_covered_display": "100"}, "missing_lines": [], "excluded_lines": [], "start_line": 1}}}, "turbodrf/backends.py": {"executed_lines": [8, 9, 11, 12, 15, 16, 46, 47, 48, 49, 50, 52, 54, 56, 58, 60, 62, 64, 66, 68, 70, 73, 80, 83, 94, 96, 97, 98, 100, 101, 102, 103, 104, 106, 107, 108, 110, 112, 114, 116, 121, 122, 126, 127, 128, 132, 135, 148, 150, 152, 153, 154, 157, 158, 159, 160, 163, 164, 166, 167, 168, 169, 170, 171, 172, 173, 174, 175, 178, 179, 180, 181, 184, 185, 189, 190, 192, 193, 195, 197, 199, 200, 201, 202, 205, 206, 209, 210, 211, 212, 215, 219, 221, 224, 238, 240, 241, 242, 245, 246, 247, 252, 256, 261, 262, 265, 266, 267, 269, 270, 272, 273, 274, 275, 276, 277, 280, 281, 284, 286, 288, 289, 291, 293, 295, 296, 297, 300, 301, 304, 305, 306, 309, 313, 315, 318, 329, 332, 335, 336, 339, 340, 341, 344, 345, 346, 349, 351, 358, 359, 360, 363, 364, 365, 367, 370, 381, 382, 385, 394, 395, 398, 401, 424, 425, 426, 427, 430, 432, 433, 436, 439, 440, 442, 445, 456, 457, 459, 461, 462, 463, 465, 468, 479, 480, 482, 483], "summary": {"covered_lines": 187, "num_statements": 189, "percent_covered": 98.94179894179894, "percent_covered_display": "99", "missing_lines": 2, "excluded_lines": 0, "percent_statements_covered": 98.94179894179894, "percent_statements_covered_display": "99"}, "missing_lines": [129, 130], "excluded_lines": [], "functions": {"PermissionSnapshot.can_perform_action": {"executed_lines": [54], "summary": {"covered_lines": 1, "num_statements": 1, "percent_covered": 100.0, "percent_covered_display": "100", "missing_lines": 0, "excluded_lines": 0, "percent_statements_covered": 100.0, "percent_statements_covered_display": "100"}, "missing_lines": [], "excluded_lines": [], "start_line": 52}, "PermissionSnapshot.can_read_field": {"executed_lines": [58], "summary": {"covered_lines": 1, "num_statements": 1, "percent_covered": 100.0, "percent_covered_display": "100", "missing_lines": 0, "excluded_lines": 0, "percent_statements_covered": 100.0, "percent_statements_covered_display": "100"}, "missing_lines": [], "excluded_lines": [], "start_line": 56}, "PermissionSnapshot.can_write_field": {"executed_lines": [62], "summary": {"covered_lines": 1, "num_statements": 1, "percent_covered": 100.0, "percent_covered_display": "100", "missing_lines": 0, "excluded_lines": 0, "percent_statements_covered": 100.0, "percent_statements_covered_display": "100"}, "missing_lines": [], "excluded_lines": [], "start_line": 60}, "PermissionSnapshot.has_read_rule": {"executed_lines": [66], "summary": {"covered_lines": 1, "num_statements": 1, "percent_covered": 100.0, "percent_covered_display": "100", "missing_lines": 0, "excluded_lines": 0, "percent_statements_covered": 100.0, "percent_statements_covered_display": "100"}, "missing_lines": [], "excluded_lines": [], "start_line": 64}, "PermissionSnapshot.has_write_rule": {"executed_lines": [70], "summary": {"covered_lines": 1, "num_statements": 1, "percent_covered": 100.0, "percent_covered_display": "100", "missing_lines": 0, "excluded_lines": 0, "percent_statements_covered": 100.0, "percent_statements_covered_display": "100"}, "missing_lines": [], "excluded_lines": [], "start_line": 68}, "get_permission_mode": {"executed_lines": [80], "summary": {"covered_lines": 1, "num_statements": 1, "percent_covered": 100.0, "percent_covered_display": "100", "missing_lines": 0, "excluded_lines": 0, "percent_statements_covered": 100.0, "percent_statements_covered_display": "100"}, "missing_lines": [], "excluded_lines": [], "start_line": 73}, "get_user_roles": {"executed_lines": [94, 96, 97, 98, 100, 101, 102, 103, 104, 106, 107, 108, 110, 112, 114, 116, 121, 122, 126, 127, 128, 132], "summary": {"covered_lines": 22, "num_statements": 24, "percent_covered": 91.66666666666667, "percent_covered_display": "92", "missing_lines": 2, "excluded_lines": 0, "percent_statements_covered": 91.66666666666667, "percent_statements_covered_display": "92"}, "missing_lines": [129, 130], "excluded_lines": [], "start_line": 83}, "build_permission_snapshot_static": {"executed_lines": [148, 150, 152, 153, 154, 157, 158, 159, 160, 163, 164, 166, 167, 168, 169, 170, 171, 172, 173, 174, 175, 178, 179, 180, 181, 184, 185, 189, 190, 192, 193, 195, 197, 199, 200, 201, 202, 205, 206, 209, 210, 211, 212, 215, 219, 221], "summary": {"covered_lines": 46, "num_statements": 46, "percent_covered": 100.0, "percent_covered_display": "100", "missing_lines": 0, "excluded_lines": 0, "percent_statements_covered": 100.0, "percent_statements_covered_display": "100"}, "missing_lines": [], "excluded_lines": [], "start_line": 135}, "build_permission_snapshot_database": {"executed_lines": [238, 240, 241, 242, 245, 246, 247, 252, 256, 261, 262, 265, 266, 267, 269, 270, 272, 273, 274, 275, 276, 277, 280, 281, 284, 286, 288, 289, 291, 293, 295, 296, 297, 300, 301, 304, 305, 306, 309, 313, 315], "summary": {"covered_lines": 41, "num_statements": 41, "percent_covered": 100.0, "percent_covered_display": "100", "missing_lines": 0, "excluded_lines": 0, "percent_statements_covered": 100.0, "percent_statements_covered_display": "100"}, "missing_lines": [], "excluded_lines": [], "start_line": 224}, "get_cache_key": {"executed_lines": [329, 332, 335, 336, 339, 340, 341, 344, 345, 346, 349, 351, 358, 359, 360, 363, 364, 365, 367], "summary": {"covered_lines": 19, "num_statements": 19, "percent_covered": 100.0, "percent_covered_display": "100", "missing_lines": 0, "excluded_lines": 0, "percent_statements_covered": 100.0, "percent_statements_covered_display": "100"}, "missing_lines": [], "excluded_lines": [], "start_line": 318}, "get_cached_snapshot": {"executed_lines": [381, 382], "summary": {"covered_lines": 2, "num_statements": 2, "percent_covered": 100.0, "percent_covered_display": "100", "missing_lines": 0, "excluded_lines": 0, "percent_statements_covered": 100.0, "percent_statements_covered_display": "100"}, "missing_lines": [], "excluded_lines": [], "start_line": 370}, "set_cached_snapshot": {"executed_lines": [394, 395, 398], "summary": {"covered_lines": 3, "num_statements": 3, "percent_covered": 100.0, "percent_covered_display": "100", "missing_lines": 0, "excluded_lines": 0, "percent_statements_covered": 100.0, "percent_statements_covered_display": "100"}, "missing_lines": [], "excluded_lines": [], "start_line": 385}, "build_permission_snapshot": {"executed_lines": [424, 425, 426, 427, 430, 432, 433, 436, 439, 440, 442], "summary": {"covered_lines": 11, "num_statements": 11, "percent_covered": 100.0, "percent_covered_display": "100", "missing_lines": 0, "excluded_lines": 0, "percent_statements_covered": 100.0, "percent_statements_covered_display": "100"}, "missing_lines": [], "excluded_lines": [], "start_line": 401}, "attach_snapshot_to_request": {"executed_lines": [456, 457, 459, 461, 462, 463, 465], "summary": {"covered_lines": 7, "num_statements": 7, "percent_covered": 100.0, "percent_covered_display": "100", "missing_lines": 0, "excluded_lines": 0, "percent_statements_covered": 100.0, "percent_statements_covered_display": "100"}, "missing_lines": [], "excluded_lines": [], "start_line": 445}, "get_snapshot_from_request": {"executed_lines": [479, 480, 482, 483], "summary": {"covered_lines": 4, "num_statements": 4, "percent_covered": 100.0, "percent_covered_display": "100", "missing_lines": 0, "excluded_lines": 0, "percent_statements_covered": 100.0, "percent_statements_covered_display": "100"}, "missing_lines": [], "excluded_lines": [], "start_line": 468}, "": {"executed_lines": [8, 9, 11, 12, 15, 16, 46, 47, 48, 49, 50, 52, 56, 60, 64, 68, 73, 83, 135, 224, 318, 370, 385, 401, 445, 468], "summary": {"covered_lines": 26, "num_statements": 26, "percent_covered": 100.0, "percent_covered_display": "100", "missing_lines": 0, "excluded_lines": 0, "percent_statements_covered": 100.0, "percent_statements_covered_display": "100"}, "missing_lines": [], "excluded_lines": [], "start_line": 1}}, "classes": {"PermissionSnapshot": {"executed_lines": [54, 58, 62, 66, 70], "summary": {"covered_lines": 5, "num_statements": 5, "percent_covered": 100.0, "percent_covered_display": "100", "missing_lines": 0, "excluded_lines": 0, "percent_statements_covered": 100.0, "percent_statements_covered_display": "100"}, "missing_lines": [], "excluded_lines": [], "start_line": 16}, "": {"executed_lines": [8, 9, 11, 12, 15, 16, 46, 47, 48, 49, 50, 52, 56, 60, 64, 68, 73, 80, 83, 94, 96, 97, 98, 100, 101, 102, 103, 104, 106, 107, 108, 110, 112, 114, 116, 121, 122, 126, 127, 128, 132, 135, 148, 150, 152, 153, 154, 157, 158, 159, 160, 163, 164, 166, 167, 168, 169, 170, 171, 172, 173, 174, 175, 178, 179, 180, 181, 184, 185, 189, 190, 192, 193, 195, 197, 199, 200, 201, 202, 205, 206, 209, 210, 211, 212, 215, 219, 221, 224, 238, 240, 241, 242, 245, 246, 247, 252, 256, 261, 262, 265, 266, 267, 269, 270, 272, 273, 274, 275, 276, 277, 280, 281, 284, 286, 288, 289, 291, 293, 295, 296, 297, 300, 301, 304, 305, 306, 309, 313, 315, 318, 329, 332, 335, 336, 339, 340, 341, 344, 345, 346, 349, 351, 358, 359, 360, 363, 364, 365, 367, 370, 381, 382, 385, 394, 395, 398, 401, 424, 425, 426, 427, 430, 432, 433, 436, 439, 440, 442, 445, 456, 457, 459, 461, 462, 463, 465, 468, 479, 480, 482, 483], "summary": {"covered_lines": 182, "num_statements": 184, "percent_covered": 98.91304347826087, "percent_covered_display": "99", "missing_lines": 2, "excluded_lines": 0, "percent_statements_covered": 98.91304347826087, "percent_statements_covered_display": "99"}, "missing_lines": [129, 130], "excluded_lines": [], "start_line": 1}}}, "turbodrf/compiler.py": {"executed_lines": [9, 10, 12, 13, 14, 16, 19, 22, 23, 26, 27, 30, 31, 34, 37, 39, 40, 42, 45, 46, 47, 48, 49, 50, 53, 54, 55, 56, 59, 61, 62, 63, 64, 65, 66, 67, 68, 69, 72, 74, 75, 77, 78, 79, 80, 81, 82, 83, 84, 86, 87, 88, 90, 91, 92, 94, 95, 96, 99, 101, 102, 103, 106, 107, 109, 110, 111, 112, 113, 114, 115, 117, 118, 124, 125, 126, 129, 130, 131, 132, 133, 135, 136, 138, 149, 152, 163, 164, 165, 166, 167, 168, 169, 170, 172, 175, 176, 177, 178, 180, 205, 206, 207, 208, 210, 211, 212, 217, 220, 225, 226, 231, 232, 233, 234, 235, 238, 239, 240, 241, 242, 254, 257, 258, 260, 261, 263, 265, 268, 269, 270, 271, 272, 275, 276, 277, 278, 279, 282, 283, 285, 287, 294, 295, 296, 297, 298, 301, 302, 303, 304, 305, 308, 309, 312, 313, 314, 316, 319, 326, 328, 329, 332, 333, 334, 336, 339, 340, 344, 346, 348, 350, 351, 352, 353, 356, 358, 359, 361, 362, 363, 364, 365, 367, 368, 369, 371, 377, 378, 380, 381, 382, 383, 388, 390, 391, 392, 394, 395, 398, 399, 400, 401, 403, 409, 410, 411, 414, 415, 416, 419, 422, 423, 425, 436, 442], "summary": {"covered_lines": 216, "num_statements": 218, "percent_covered": 99.08256880733946, "percent_covered_display": "99", "missing_lines": 2, "excluded_lines": 0, "percent_statements_covered": 99.08256880733946, "percent_statements_covered_display": "99"}, "missing_lines": [93, 134], "excluded_lines": [], "functions": {"register_compiled_plan": {"executed_lines": [23], "summary": {"covered_lines": 1, "num_statements": 1, "percent_covered": 100.0, "percent_covered_display": "100", "missing_lines": 0, "excluded_lines": 0, "percent_statements_covered": 100.0, "percent_statements_covered_display": "100"}, "missing_lines": [], "excluded_lines": [], "start_line": 22}, "get_compiled_plan": {"executed_lines": [27], "summary": {"covered_lines": 1, "num_statements": 1, "percent_covered": 100.0, "percent_covered_display": "100", "missing_lines": 0, "excluded_lines": 0, "percent_statements_covered": 100.0, "percent_statements_covered_display": "100"}, "missing_lines": [], "excluded_lines": [], "start_line": 26}, "is_compiled": {"executed_lines": [31], "summary": {"covered_lines": 1, "num_statements": 1, "percent_covered": 100.0, "percent_covered_display": "100", "missing_lines": 0, "excluded_lines": 0, "percent_statements_covered": 100.0, "percent_statements_covered_display": "100"}, "missing_lines": [], "excluded_lines": [], "start_line": 30}, "DictProxy.__init__": {"executed_lines": [40], "summary": {"covered_lines": 1, "num_statements": 1, "percent_covered": 100.0, "percent_covered_display": "100", "missing_lines": 0, "excluded_lines": 0, "percent_statements_covered": 100.0, "percent_statements_covered_display": "100"}, "missing_lines": [], "excluded_lines": [], "start_line": 39}, "DictProxy.__getattr__": {"executed_lines": [45, 46, 47, 48, 49, 50], "summary": {"covered_lines": 6, "num_statements": 6, "percent_covered": 100.0, "percent_covered_display": "100", "missing_lines": 0, "excluded_lines": 0, "percent_statements_covered": 100.0, "percent_statements_covered_display": "100"}, "missing_lines": [], "excluded_lines": [], "start_line": 42}, "_coerce_decimal": {"executed_lines": [54, 55, 56], "summary": {"covered_lines": 3, "num_statements": 3, "percent_covered": 100.0, "percent_covered_display": "100", "missing_lines": 0, "excluded_lines": 0, "percent_statements_covered": 100.0, "percent_statements_covered_display": "100"}, "missing_lines": [], "excluded_lines": [], "start_line": 53}, "_build_type_coercers": {"executed_lines": [61, 62, 63, 64, 65, 66, 67, 68, 69], "summary": {"covered_lines": 9, "num_statements": 9, "percent_covered": 100.0, "percent_covered_display": "100", "missing_lines": 0, "excluded_lines": 0, "percent_statements_covered": 100.0, "percent_statements_covered_display": "100"}, "missing_lines": [], "excluded_lines": [], "start_line": 59}, "_build_fk_type_coercers": {"executed_lines": [74, 75, 77, 78, 79, 80, 81, 82, 83, 84, 86, 87, 88, 90, 91, 92, 94, 95, 96], "summary": {"covered_lines": 19, "num_statements": 20, "percent_covered": 95.0, "percent_covered_display": "95", "missing_lines": 1, "excluded_lines": 0, "percent_statements_covered": 95.0, "percent_statements_covered_display": "95"}, "missing_lines": [93], "excluded_lines": [], "start_line": 72}, "_compile_m2m_spec": {"executed_lines": [101, 102, 103, 106, 107, 109, 110, 111, 112, 113, 114, 115, 117, 118, 124, 125, 126, 129, 130, 131, 132, 133, 135, 136, 138], "summary": {"covered_lines": 25, "num_statements": 26, "percent_covered": 96.15384615384616, "percent_covered_display": "96", "missing_lines": 1, "excluded_lines": 0, "percent_statements_covered": 96.15384615384616, "percent_statements_covered_display": "96"}, "missing_lines": [134], "excluded_lines": [], "start_line": 99}, "CompiledQueryPlan.__init__": {"executed_lines": [163, 164, 165, 166, 167, 168, 169, 170], "summary": {"covered_lines": 8, "num_statements": 8, "percent_covered": 100.0, "percent_covered_display": "100", "missing_lines": 0, "excluded_lines": 0, "percent_statements_covered": 100.0, "percent_statements_covered_display": "100"}, "missing_lines": [], "excluded_lines": [], "start_line": 152}, "CompiledQueryPlan._fk_base_field": {"executed_lines": [175, 176, 177, 178], "summary": {"covered_lines": 4, "num_statements": 4, "percent_covered": 100.0, "percent_covered_display": "100", "missing_lines": 0, "excluded_lines": 0, "percent_statements_covered": 100.0, "percent_statements_covered_display": "100"}, "missing_lines": [], "excluded_lines": [], "start_line": 172}, "CompiledQueryPlan.apply_to_queryset": {"executed_lines": [205, 206, 207, 208, 210, 211, 212, 217, 220, 225, 226, 231, 232, 233, 234, 235, 238, 239, 240, 241, 242, 254, 257, 258, 260, 261], "summary": {"covered_lines": 26, "num_statements": 26, "percent_covered": 100.0, "percent_covered_display": "100", "missing_lines": 0, "excluded_lines": 0, "percent_statements_covered": 100.0, "percent_statements_covered_display": "100"}, "missing_lines": [], "excluded_lines": [], "start_line": 180}, "CompiledQueryPlan.post_process": {"executed_lines": [265, 268, 269, 270, 271, 272, 275, 276, 277, 278, 279, 282, 283, 285, 287, 294, 295, 296, 297, 298, 301, 302, 303, 304, 305, 308, 309, 312, 313, 314, 316], "summary": {"covered_lines": 31, "num_statements": 31, "percent_covered": 100.0, "percent_covered_display": "100", "missing_lines": 0, "excluded_lines": 0, "percent_statements_covered": 100.0, "percent_statements_covered_display": "100"}, "missing_lines": [], "excluded_lines": [], "start_line": 263}, "compile_model": {"executed_lines": [326, 328, 329, 332, 333, 334, 336, 339, 340, 344, 346, 348, 350, 351, 352, 353, 356, 358, 359, 361, 362, 363, 364, 365, 367, 368, 369, 371, 377, 378, 380, 381, 382, 383, 388, 390, 391, 392, 394, 395, 398, 399, 400, 401, 403, 409, 410, 411, 414, 415, 416, 419, 422, 423, 425, 436, 442], "summary": {"covered_lines": 57, "num_statements": 57, "percent_covered": 100.0, "percent_covered_display": "100", "missing_lines": 0, "excluded_lines": 0, "percent_statements_covered": 100.0, "percent_statements_covered_display": "100"}, "missing_lines": [], "excluded_lines": [], "start_line": 319}, "": {"executed_lines": [9, 10, 12, 13, 14, 16, 19, 22, 26, 30, 34, 37, 39, 42, 53, 59, 72, 99, 149, 152, 172, 180, 263, 319], "summary": {"covered_lines": 24, "num_statements": 24, "percent_covered": 100.0, "percent_covered_display": "100", "missing_lines": 0, "excluded_lines": 0, "percent_statements_covered": 100.0, "percent_statements_covered_display": "100"}, "missing_lines": [], "excluded_lines": [], "start_line": 1}}, "classes": {"DictProxy": {"executed_lines": [40, 45, 46, 47, 48, 49, 50], "summary": {"covered_lines": 7, "num_statements": 7, "percent_covered": 100.0, "percent_covered_display": "100", "missing_lines": 0, "excluded_lines": 0, "percent_statements_covered": 100.0, "percent_statements_covered_display": "100"}, "missing_lines": [], "excluded_lines": [], "start_line": 34}, "CompiledQueryPlan": {"executed_lines": [163, 164, 165, 166, 167, 168, 169, 170, 175, 176, 177, 178, 205, 206, 207, 208, 210, 211, 212, 217, 220, 225, 226, 231, 232, 233, 234, 235, 238, 239, 240, 241, 242, 254, 257, 258, 260, 261, 265, 268, 269, 270, 271, 272, 275, 276, 277, 278, 279, 282, 283, 285, 287, 294, 295, 296, 297, 298, 301, 302, 303, 304, 305, 308, 309, 312, 313, 314, 316], "summary": {"covered_lines": 69, "num_statements": 69, "percent_covered": 100.0, "percent_covered_display": "100", "missing_lines": 0, "excluded_lines": 0, "percent_statements_covered": 100.0, "percent_statements_covered_display": "100"}, "missing_lines": [], "excluded_lines": [], "start_line": 149}, "": {"executed_lines": [9, 10, 12, 13, 14, 16, 19, 22, 23, 26, 27, 30, 31, 34, 37, 39, 42, 53, 54, 55, 56, 59, 61, 62, 63, 64, 65, 66, 67, 68, 69, 72, 74, 75, 77, 78, 79, 80, 81, 82, 83, 84, 86, 87, 88, 90, 91, 92, 94, 95, 96, 99, 101, 102, 103, 106, 107, 109, 110, 111, 112, 113, 114, 115, 117, 118, 124, 125, 126, 129, 130, 131, 132, 133, 135, 136, 138, 149, 152, 172, 180, 263, 319, 326, 328, 329, 332, 333, 334, 336, 339, 340, 344, 346, 348, 350, 351, 352, 353, 356, 358, 359, 361, 362, 363, 364, 365, 367, 368, 369, 371, 377, 378, 380, 381, 382, 383, 388, 390, 391, 392, 394, 395, 398, 399, 400, 401, 403, 409, 410, 411, 414, 415, 416, 419, 422, 423, 425, 436, 442], "summary": {"covered_lines": 140, "num_statements": 142, "percent_covered": 98.59154929577464, "percent_covered_display": "99", "missing_lines": 2, "excluded_lines": 0, "percent_statements_covered": 98.59154929577464, "percent_statements_covered_display": "99"}, "missing_lines": [93, 134], "excluded_lines": [], "start_line": 1}}}, "turbodrf/documentation.py": {"executed_lines": [13, 14, 15, 16, 19, 91, 92, 94, 96, 110], "summary": {"covered_lines": 10, "num_statements": 10, "percent_covered": 100.0, "percent_covered_display": "100", "missing_lines": 0, "excluded_lines": 0, "percent_statements_covered": 100.0, "percent_statements_covered_display": "100"}, "missing_lines": [], "excluded_lines": [], "functions": {"get_turbodrf_schema_view": {"executed_lines": [91, 92, 94, 96, 110], "summary": {"covered_lines": 5, "num_statements": 5, "percent_covered": 100.0, "percent_covered_display": "100", "missing_lines": 0, "excluded_lines": 0, "percent_statements_covered": 100.0, "percent_statements_covered_display": "100"}, "missing_lines": [], "excluded_lines": [], "start_line": 19}, "": {"executed_lines": [13, 14, 15, 16, 19], "summary": {"covered_lines": 5, "num_statements": 5, "percent_covered": 100.0, "percent_covered_display": "100", "missing_lines": 0, "excluded_lines": 0, "percent_statements_covered": 100.0, "percent_statements_covered_display": "100"}, "missing_lines": [], "excluded_lines": [], "start_line": 1}}, "classes": {"": {"executed_lines": [13, 14, 15, 16, 19, 91, 92, 94, 96, 110], "summary": {"covered_lines": 10, "num_statements": 10, "percent_covered": 100.0, "percent_covered_display": "100", "missing_lines": 0, "excluded_lines": 0, "percent_statements_covered": 100.0, "percent_statements_covered_display": "100"}, "missing_lines": [], "excluded_lines": [], "start_line": 1}}}, "turbodrf/exceptions.py": {"executed_lines": [14, 15, 18, 19, 20, 21, 24, 27, 28, 29, 30, 31, 34, 36, 38, 39, 40, 41, 42, 43, 44, 45, 47, 49, 51, 59], "summary": {"covered_lines": 26, "num_statements": 26, "percent_covered": 100.0, "percent_covered_display": "100", "missing_lines": 0, "excluded_lines": 0, "percent_statements_covered": 100.0, "percent_statements_covered_display": "100"}, "missing_lines": [], "excluded_lines": [], "functions": {"_coerce_error_detail": {"executed_lines": [27, 28, 29, 30, 31], "summary": {"covered_lines": 5, "num_statements": 5, "percent_covered": 100.0, "percent_covered_display": "100", "missing_lines": 0, "excluded_lines": 0, "percent_statements_covered": 100.0, "percent_statements_covered_display": "100"}, "missing_lines": [], "excluded_lines": [], "start_line": 24}, "turbodrf_exception_handler": {"executed_lines": [36, 38, 39, 40, 41, 42, 43, 44, 45, 47, 49, 51, 59], "summary": {"covered_lines": 13, "num_statements": 13, "percent_covered": 100.0, "percent_covered_display": "100", "missing_lines": 0, "excluded_lines": 0, "percent_statements_covered": 100.0, "percent_statements_covered_display": "100"}, "missing_lines": [], "excluded_lines": [], "start_line": 34}, "": {"executed_lines": [14, 15, 18, 19, 20, 21, 24, 34], "summary": {"covered_lines": 8, "num_statements": 8, "percent_covered": 100.0, "percent_covered_display": "100", "missing_lines": 0, "excluded_lines": 0, "percent_statements_covered": 100.0, "percent_statements_covered_display": "100"}, "missing_lines": [], "excluded_lines": [], "start_line": 1}}, "classes": {"NoRoleAssigned": {"executed_lines": [], "summary": {"covered_lines": 0, "num_statements": 0, "percent_covered": 100.0, "percent_covered_display": "100", "missing_lines": 0, "excluded_lines": 0, "percent_statements_covered": 100.0, "percent_statements_covered_display": "100"}, "missing_lines": [], "excluded_lines": [], "start_line": 18}, "": {"executed_lines": [14, 15, 18, 19, 20, 21, 24, 27, 28, 29, 30, 31, 34, 36, 38, 39, 40, 41, 42, 43, 44, 45, 47, 49, 51, 59], "summary": {"covered_lines": 26, "num_statements": 26, "percent_covered": 100.0, "percent_covered_display": "100", "missing_lines": 0, "excluded_lines": 0, "percent_statements_covered": 100.0, "percent_statements_covered_display": "100"}, "missing_lines": [], "excluded_lines": [], "start_line": 1}}}, "turbodrf/filter_backends.py": {"executed_lines": [8, 10, 11, 13, 16, 52, 65, 68, 69, 72, 79, 81, 83, 85, 86, 88, 89, 90, 92, 94, 97, 103, 109, 112, 113, 116, 119, 121, 129, 130, 131, 133, 134, 135, 137, 139, 142, 143, 145, 146, 150, 151, 152, 153, 154, 156, 157, 160, 162, 164, 165, 167, 169, 171, 172, 173, 174, 176, 178, 184, 187, 188, 189, 190, 193, 194, 195, 196, 197, 198, 199, 202, 203, 206, 207, 209, 211, 230, 232, 234, 237, 238, 239, 240, 242, 243, 246, 247, 253, 254, 255, 256, 257, 260, 261, 265, 266, 268, 269, 276, 277, 278, 282, 283, 285, 289, 294, 296, 303], "summary": {"covered_lines": 109, "num_statements": 114, "percent_covered": 95.6140350877193, "percent_covered_display": "96", "missing_lines": 5, "excluded_lines": 0, "percent_statements_covered": 95.6140350877193, "percent_statements_covered_display": "96"}, "missing_lines": [168, 170, 175, 291, 292], "excluded_lines": [], "functions": {"ORFilterBackend.filter_queryset": {"executed_lines": [65, 68, 69, 72, 79, 81, 83, 85, 86, 88, 89, 90, 92, 94, 97, 103, 109, 112, 113, 116, 119, 121, 129, 130, 131, 133, 134, 135, 137, 139, 142, 143, 145, 146, 150, 151, 152, 153, 154, 156, 157, 160, 162], "summary": {"covered_lines": 43, "num_statements": 43, "percent_covered": 100.0, "percent_covered_display": "100", "missing_lines": 0, "excluded_lines": 0, "percent_statements_covered": 100.0, "percent_statements_covered_display": "100"}, "missing_lines": [], "excluded_lines": [], "start_line": 52}, "ORFilterBackend._parse_bool": {"executed_lines": [167, 169, 171, 172, 173, 174, 176], "summary": {"covered_lines": 7, "num_statements": 10, "percent_covered": 70.0, "percent_covered_display": "70", "missing_lines": 3, "excluded_lines": 0, "percent_statements_covered": 70.0, "percent_statements_covered_display": "70"}, "missing_lines": [168, 170, 175], "excluded_lines": [], "start_line": 165}, "ORFilterBackend._get_valid_filter_fields": {"executed_lines": [184, 187, 188, 189, 190, 193, 194, 195, 196, 197, 198, 199, 202, 203, 206, 207, 209], "summary": {"covered_lines": 17, "num_statements": 17, "percent_covered": 100.0, "percent_covered_display": "100", "missing_lines": 0, "excluded_lines": 0, "percent_statements_covered": 100.0, "percent_statements_covered_display": "100"}, "missing_lines": [], "excluded_lines": [], "start_line": 178}, "ORFilterBackend._is_valid_filter_field": {"executed_lines": [230, 232, 234, 237, 238, 239, 240, 242, 243, 246, 247, 253, 254, 255, 256, 257, 260, 261, 265, 266, 268, 269, 276, 277, 278, 282, 283, 285, 289, 294], "summary": {"covered_lines": 30, "num_statements": 32, "percent_covered": 93.75, "percent_covered_display": "94", "missing_lines": 2, "excluded_lines": 0, "percent_statements_covered": 93.75, "percent_statements_covered_display": "94"}, "missing_lines": [291, 292], "excluded_lines": [], "start_line": 211}, "ORFilterBackend.get_schema_operation_parameters": {"executed_lines": [303], "summary": {"covered_lines": 1, "num_statements": 1, "percent_covered": 100.0, "percent_covered_display": "100", "missing_lines": 0, "excluded_lines": 0, "percent_statements_covered": 100.0, "percent_statements_covered_display": "100"}, "missing_lines": [], "excluded_lines": [], "start_line": 296}, "": {"executed_lines": [8, 10, 11, 13, 16, 52, 164, 165, 178, 211, 296], "summary": {"covered_lines": 11, "num_statements": 11, "percent_covered": 100.0, "percent_covered_display": "100", "missing_lines": 0, "excluded_lines": 0, "percent_statements_covered": 100.0, "percent_statements_covered_display": "100"}, "missing_lines": [], "excluded_lines": [], "start_line": 1}}, "classes": {"ORFilterBackend": {"executed_lines": [65, 68, 69, 72, 79, 81, 83, 85, 86, 88, 89, 90, 92, 94, 97, 103, 109, 112, 113, 116, 119, 121, 129, 130, 131, 133, 134, 135, 137, 139, 142, 143, 145, 146, 150, 151, 152, 153, 154, 156, 157, 160, 162, 167, 169, 171, 172, 173, 174, 176, 184, 187, 188, 189, 190, 193, 194, 195, 196, 197, 198, 199, 202, 203, 206, 207, 209, 230, 232, 234, 237, 238, 239, 240, 242, 243, 246, 247, 253, 254, 255, 256, 257, 260, 261, 265, 266, 268, 269, 276, 277, 278, 282, 283, 285, 289, 294, 303], "summary": {"covered_lines": 98, "num_statements": 103, "percent_covered": 95.14563106796116, "percent_covered_display": "95", "missing_lines": 5, "excluded_lines": 0, "percent_statements_covered": 95.14563106796116, "percent_statements_covered_display": "95"}, "missing_lines": [168, 170, 175, 291, 292], "excluded_lines": [], "start_line": 16}, "": {"executed_lines": [8, 10, 11, 13, 16, 52, 164, 165, 178, 211, 296], "summary": {"covered_lines": 11, "num_statements": 11, "percent_covered": 100.0, "percent_covered_display": "100", "missing_lines": 0, "excluded_lines": 0, "percent_statements_covered": 100.0, "percent_statements_covered_display": "100"}, "missing_lines": [], "excluded_lines": [], "start_line": 1}}}, "turbodrf/integrations/__init__.py": {"executed_lines": [7, 15, 25], "summary": {"covered_lines": 3, "num_statements": 3, "percent_covered": 100.0, "percent_covered_display": "100", "missing_lines": 0, "excluded_lines": 0, "percent_statements_covered": 100.0, "percent_statements_covered_display": "100"}, "missing_lines": [], "excluded_lines": [], "functions": {"": {"executed_lines": [7, 15, 25], "summary": {"covered_lines": 3, "num_statements": 3, "percent_covered": 100.0, "percent_covered_display": "100", "missing_lines": 0, "excluded_lines": 0, "percent_statements_covered": 100.0, "percent_statements_covered_display": "100"}, "missing_lines": [], "excluded_lines": [], "start_line": 1}}, "classes": {"": {"executed_lines": [7, 15, 25], "summary": {"covered_lines": 3, "num_statements": 3, "percent_covered": 100.0, "percent_covered_display": "100", "missing_lines": 0, "excluded_lines": 0, "percent_statements_covered": 100.0, "percent_statements_covered_display": "100"}, "missing_lines": [], "excluded_lines": [], "start_line": 1}}}, "turbodrf/integrations/allauth.py": {"executed_lines": [8, 10, 11, 14, 21, 24, 31, 34, 42, 45, 72, 74, 75, 76, 78, 81, 83, 85, 88, 109, 116, 118, 129, 132, 137, 141, 145, 148, 149, 151, 153, 154, 157, 172], "summary": {"covered_lines": 34, "num_statements": 34, "percent_covered": 100.0, "percent_covered_display": "100", "missing_lines": 0, "excluded_lines": 0, "percent_statements_covered": 100.0, "percent_statements_covered_display": "100"}, "missing_lines": [], "excluded_lines": [], "functions": {"is_allauth_installed": {"executed_lines": [21], "summary": {"covered_lines": 1, "num_statements": 1, "percent_covered": 100.0, "percent_covered_display": "100", "missing_lines": 0, "excluded_lines": 0, "percent_statements_covered": 100.0, "percent_statements_covered_display": "100"}, "missing_lines": [], "excluded_lines": [], "start_line": 14}, "is_integration_enabled": {"executed_lines": [31], "summary": {"covered_lines": 1, "num_statements": 1, "percent_covered": 100.0, "percent_covered_display": "100", "missing_lines": 0, "excluded_lines": 0, "percent_statements_covered": 100.0, "percent_statements_covered_display": "100"}, "missing_lines": [], "excluded_lines": [], "start_line": 24}, "get_role_mapping": {"executed_lines": [42], "summary": {"covered_lines": 1, "num_statements": 1, "percent_covered": 100.0, "percent_covered_display": "100", "missing_lines": 0, "excluded_lines": 0, "percent_statements_covered": 100.0, "percent_statements_covered_display": "100"}, "missing_lines": [], "excluded_lines": [], "start_line": 34}, "get_user_roles_from_groups": {"executed_lines": [72, 74, 75, 76, 78, 81, 83, 85], "summary": {"covered_lines": 8, "num_statements": 8, "percent_covered": 100.0, "percent_covered_display": "100", "missing_lines": 0, "excluded_lines": 0, "percent_statements_covered": 100.0, "percent_statements_covered_display": "100"}, "missing_lines": [], "excluded_lines": [], "start_line": 45}, "AllAuthRoleMiddleware.__init__": {"executed_lines": [116], "summary": {"covered_lines": 1, "num_statements": 1, "percent_covered": 100.0, "percent_covered_display": "100", "missing_lines": 0, "excluded_lines": 0, "percent_statements_covered": 100.0, "percent_statements_covered_display": "100"}, "missing_lines": [], "excluded_lines": [], "start_line": 109}, "AllAuthRoleMiddleware.__call__": {"executed_lines": [129, 132, 137, 141, 145, 148, 149, 151, 153, 154], "summary": {"covered_lines": 10, "num_statements": 10, "percent_covered": 100.0, "percent_covered_display": "100", "missing_lines": 0, "excluded_lines": 0, "percent_statements_covered": 100.0, "percent_statements_covered_display": "100"}, "missing_lines": [], "excluded_lines": [], "start_line": 118}, "setup_allauth_integration": {"executed_lines": [172], "summary": {"covered_lines": 1, "num_statements": 1, "percent_covered": 100.0, "percent_covered_display": "100", "missing_lines": 0, "excluded_lines": 0, "percent_statements_covered": 100.0, "percent_statements_covered_display": "100"}, "missing_lines": [], "excluded_lines": [], "start_line": 157}, "": {"executed_lines": [8, 10, 11, 14, 24, 34, 45, 88, 109, 118, 157], "summary": {"covered_lines": 11, "num_statements": 11, "percent_covered": 100.0, "percent_covered_display": "100", "missing_lines": 0, "excluded_lines": 0, "percent_statements_covered": 100.0, "percent_statements_covered_display": "100"}, "missing_lines": [], "excluded_lines": [], "start_line": 1}}, "classes": {"AllAuthRoleMiddleware": {"executed_lines": [116, 129, 132, 137, 141, 145, 148, 149, 151, 153, 154], "summary": {"covered_lines": 11, "num_statements": 11, "percent_covered": 100.0, "percent_covered_display": "100", "missing_lines": 0, "excluded_lines": 0, "percent_statements_covered": 100.0, "percent_statements_covered_display": "100"}, "missing_lines": [], "excluded_lines": [], "start_line": 88}, "": {"executed_lines": [8, 10, 11, 14, 21, 24, 31, 34, 42, 45, 72, 74, 75, 76, 78, 81, 83, 85, 88, 109, 118, 157, 172], "summary": {"covered_lines": 23, "num_statements": 23, "percent_covered": 100.0, "percent_covered_display": "100", "missing_lines": 0, "excluded_lines": 0, "percent_statements_covered": 100.0, "percent_statements_covered_display": "100"}, "missing_lines": [], "excluded_lines": [], "start_line": 1}}}, "turbodrf/integrations/allauth_roles.py": {"executed_lines": [8, 11, 28, 30, 31, 32, 34, 37, 54, 57, 76, 77, 79, 80, 81, 83, 86, 115, 116, 118, 119, 121, 124, 141, 144, 163, 166, 167, 168, 169, 170, 172, 175, 190, 191, 192, 193, 195, 197, 198], "summary": {"covered_lines": 40, "num_statements": 40, "percent_covered": 100.0, "percent_covered_display": "100", "missing_lines": 0, "excluded_lines": 0, "percent_statements_covered": 100.0, "percent_statements_covered_display": "100"}, "missing_lines": [], "excluded_lines": [], "functions": {"create_role_groups": {"executed_lines": [28, 30, 31, 32, 34], "summary": {"covered_lines": 5, "num_statements": 5, "percent_covered": 100.0, "percent_covered_display": "100", "missing_lines": 0, "excluded_lines": 0, "percent_statements_covered": 100.0, "percent_statements_covered_display": "100"}, "missing_lines": [], "excluded_lines": [], "start_line": 11}, "sync_groups_to_roles": {"executed_lines": [54], "summary": {"covered_lines": 1, "num_statements": 1, "percent_covered": 100.0, "percent_covered_display": "100", "missing_lines": 0, "excluded_lines": 0, "percent_statements_covered": 100.0, "percent_statements_covered_display": "100"}, "missing_lines": [], "excluded_lines": [], "start_line": 37}, "validate_role_mapping": {"executed_lines": [76, 77, 79, 80, 81, 83], "summary": {"covered_lines": 6, "num_statements": 6, "percent_covered": 100.0, "percent_covered_display": "100", "missing_lines": 0, "excluded_lines": 0, "percent_statements_covered": 100.0, "percent_statements_covered_display": "100"}, "missing_lines": [], "excluded_lines": [], "start_line": 57}, "create_role_mapping": {"executed_lines": [115, 116, 118, 119, 121], "summary": {"covered_lines": 5, "num_statements": 5, "percent_covered": 100.0, "percent_covered_display": "100", "missing_lines": 0, "excluded_lines": 0, "percent_statements_covered": 100.0, "percent_statements_covered_display": "100"}, "missing_lines": [], "excluded_lines": [], "start_line": 86}, "get_or_create_role_group": {"executed_lines": [141], "summary": {"covered_lines": 1, "num_statements": 1, "percent_covered": 100.0, "percent_covered_display": "100", "missing_lines": 0, "excluded_lines": 0, "percent_statements_covered": 100.0, "percent_statements_covered_display": "100"}, "missing_lines": [], "excluded_lines": [], "start_line": 124}, "assign_roles_to_user": {"executed_lines": [163, 166, 167, 168, 169, 170, 172], "summary": {"covered_lines": 7, "num_statements": 7, "percent_covered": 100.0, "percent_covered_display": "100", "missing_lines": 0, "excluded_lines": 0, "percent_statements_covered": 100.0, "percent_statements_covered_display": "100"}, "missing_lines": [], "excluded_lines": [], "start_line": 144}, "get_users_with_role": {"executed_lines": [190, 191, 192, 193, 195, 197, 198], "summary": {"covered_lines": 7, "num_statements": 7, "percent_covered": 100.0, "percent_covered_display": "100", "missing_lines": 0, "excluded_lines": 0, "percent_statements_covered": 100.0, "percent_statements_covered_display": "100"}, "missing_lines": [], "excluded_lines": [], "start_line": 175}, "": {"executed_lines": [8, 11, 37, 57, 86, 124, 144, 175], "summary": {"covered_lines": 8, "num_statements": 8, "percent_covered": 100.0, "percent_covered_display": "100", "missing_lines": 0, "excluded_lines": 0, "percent_statements_covered": 100.0, "percent_statements_covered_display": "100"}, "missing_lines": [], "excluded_lines": [], "start_line": 1}}, "classes": {"": {"executed_lines": [8, 11, 28, 30, 31, 32, 34, 37, 54, 57, 76, 77, 79, 80, 81, 83, 86, 115, 116, 118, 119, 121, 124, 141, 144, 163, 166, 167, 168, 169, 170, 172, 175, 190, 191, 192, 193, 195, 197, 198], "summary": {"covered_lines": 40, "num_statements": 40, "percent_covered": 100.0, "percent_covered_display": "100", "missing_lines": 0, "excluded_lines": 0, "percent_statements_covered": 100.0, "percent_statements_covered_display": "100"}, "missing_lines": [], "excluded_lines": [], "start_line": 1}}}, "turbodrf/integrations/keycloak.py": {"executed_lines": [19, 21, 24, 31, 34, 41, 44, 57, 60, 77, 80, 103, 104, 106, 107, 108, 109, 112, 115, 116, 118, 121, 143, 145, 146, 147, 149, 151, 153, 154, 155, 156, 157, 158, 167, 169, 172, 189, 190, 193, 195, 197, 200, 202, 204, 206, 209, 235, 242, 244, 255, 257, 259, 261, 263, 265, 266, 269, 281], "summary": {"covered_lines": 59, "num_statements": 59, "percent_covered": 100.0, "percent_covered_display": "100", "missing_lines": 0, "excluded_lines": 0, "percent_statements_covered": 100.0, "percent_statements_covered_display": "100"}, "missing_lines": [], "excluded_lines": [], "functions": {"is_social_auth_installed": {"executed_lines": [31], "summary": {"covered_lines": 1, "num_statements": 1, "percent_covered": 100.0, "percent_covered_display": "100", "missing_lines": 0, "excluded_lines": 0, "percent_statements_covered": 100.0, "percent_statements_covered_display": "100"}, "missing_lines": [], "excluded_lines": [], "start_line": 24}, "is_integration_enabled": {"executed_lines": [41], "summary": {"covered_lines": 1, "num_statements": 1, "percent_covered": 100.0, "percent_covered_display": "100", "missing_lines": 0, "excluded_lines": 0, "percent_statements_covered": 100.0, "percent_statements_covered_display": "100"}, "missing_lines": [], "excluded_lines": [], "start_line": 34}, "get_role_claim_path": {"executed_lines": [57], "summary": {"covered_lines": 1, "num_statements": 1, "percent_covered": 100.0, "percent_covered_display": "100", "missing_lines": 0, "excluded_lines": 0, "percent_statements_covered": 100.0, "percent_statements_covered_display": "100"}, "missing_lines": [], "excluded_lines": [], "start_line": 44}, "get_role_mapping": {"executed_lines": [77], "summary": {"covered_lines": 1, "num_statements": 1, "percent_covered": 100.0, "percent_covered_display": "100", "missing_lines": 0, "excluded_lines": 0, "percent_statements_covered": 100.0, "percent_statements_covered_display": "100"}, "missing_lines": [], "excluded_lines": [], "start_line": 60}, "extract_roles_from_token": {"executed_lines": [103, 104, 106, 107, 108, 109, 112, 115, 116, 118], "summary": {"covered_lines": 10, "num_statements": 10, "percent_covered": 100.0, "percent_covered_display": "100", "missing_lines": 0, "excluded_lines": 0, "percent_statements_covered": 100.0, "percent_statements_covered_display": "100"}, "missing_lines": [], "excluded_lines": [], "start_line": 80}, "map_keycloak_roles_to_turbodrf": {"executed_lines": [143, 145, 146, 147, 149, 151, 153, 154, 155, 156, 157, 158, 167, 169], "summary": {"covered_lines": 14, "num_statements": 14, "percent_covered": 100.0, "percent_covered_display": "100", "missing_lines": 0, "excluded_lines": 0, "percent_statements_covered": 100.0, "percent_statements_covered_display": "100"}, "missing_lines": [], "excluded_lines": [], "start_line": 121}, "get_user_roles_from_social_auth": {"executed_lines": [189, 190, 193, 195, 197, 200, 202, 204, 206], "summary": {"covered_lines": 9, "num_statements": 9, "percent_covered": 100.0, "percent_covered_display": "100", "missing_lines": 0, "excluded_lines": 0, "percent_statements_covered": 100.0, "percent_statements_covered_display": "100"}, "missing_lines": [], "excluded_lines": [], "start_line": 172}, "KeycloakRoleMiddleware.__init__": {"executed_lines": [242], "summary": {"covered_lines": 1, "num_statements": 1, "percent_covered": 100.0, "percent_covered_display": "100", "missing_lines": 0, "excluded_lines": 0, "percent_statements_covered": 100.0, "percent_statements_covered_display": "100"}, "missing_lines": [], "excluded_lines": [], "start_line": 235}, "KeycloakRoleMiddleware.__call__": {"executed_lines": [255, 257, 259, 261, 263, 265, 266], "summary": {"covered_lines": 7, "num_statements": 7, "percent_covered": 100.0, "percent_covered_display": "100", "missing_lines": 0, "excluded_lines": 0, "percent_statements_covered": 100.0, "percent_statements_covered_display": "100"}, "missing_lines": [], "excluded_lines": [], "start_line": 244}, "setup_keycloak_integration": {"executed_lines": [281], "summary": {"covered_lines": 1, "num_statements": 1, "percent_covered": 100.0, "percent_covered_display": "100", "missing_lines": 0, "excluded_lines": 0, "percent_statements_covered": 100.0, "percent_statements_covered_display": "100"}, "missing_lines": [], "excluded_lines": [], "start_line": 269}, "": {"executed_lines": [19, 21, 24, 34, 44, 60, 80, 121, 172, 209, 235, 244, 269], "summary": {"covered_lines": 13, "num_statements": 13, "percent_covered": 100.0, "percent_covered_display": "100", "missing_lines": 0, "excluded_lines": 0, "percent_statements_covered": 100.0, "percent_statements_covered_display": "100"}, "missing_lines": [], "excluded_lines": [], "start_line": 1}}, "classes": {"KeycloakRoleMiddleware": {"executed_lines": [242, 255, 257, 259, 261, 263, 265, 266], "summary": {"covered_lines": 8, "num_statements": 8, "percent_covered": 100.0, "percent_covered_display": "100", "missing_lines": 0, "excluded_lines": 0, "percent_statements_covered": 100.0, "percent_statements_covered_display": "100"}, "missing_lines": [], "excluded_lines": [], "start_line": 209}, "": {"executed_lines": [19, 21, 24, 31, 34, 41, 44, 57, 60, 77, 80, 103, 104, 106, 107, 108, 109, 112, 115, 116, 118, 121, 143, 145, 146, 147, 149, 151, 153, 154, 155, 156, 157, 158, 167, 169, 172, 189, 190, 193, 195, 197, 200, 202, 204, 206, 209, 235, 244, 269, 281], "summary": {"covered_lines": 51, "num_statements": 51, "percent_covered": 100.0, "percent_covered_display": "100", "missing_lines": 0, "excluded_lines": 0, "percent_statements_covered": 100.0, "percent_statements_covered_display": "100"}, "missing_lines": [], "excluded_lines": [], "start_line": 1}}}, "turbodrf/integrations/sentry.py": {"executed_lines": [28, 30, 33, 35, 37, 38, 39, 40, 42, 47, 49, 50, 51, 52, 54, 59, 69, 70, 71, 73, 74, 75, 77, 78, 80, 81, 82, 84, 85, 86, 87, 89, 90, 91, 92, 95, 109, 110, 111, 113, 114, 125, 134, 135, 136, 138, 139, 140, 141, 142, 143, 148, 155, 156, 158, 159, 160], "summary": {"covered_lines": 57, "num_statements": 66, "percent_covered": 86.36363636363636, "percent_covered_display": "86", "missing_lines": 9, "excluded_lines": 0, "percent_statements_covered": 86.36363636363636, "percent_statements_covered_display": "86"}, "missing_lines": [43, 44, 55, 56, 88, 121, 122, 144, 145], "excluded_lines": [], "functions": {"_is_sentry_enabled": {"executed_lines": [35, 37, 38, 39, 40, 42], "summary": {"covered_lines": 6, "num_statements": 8, "percent_covered": 75.0, "percent_covered_display": "75", "missing_lines": 2, "excluded_lines": 0, "percent_statements_covered": 75.0, "percent_statements_covered_display": "75"}, "missing_lines": [43, 44], "excluded_lines": [], "start_line": 33}, "_sdk": {"executed_lines": [49, 50, 51, 52, 54], "summary": {"covered_lines": 5, "num_statements": 7, "percent_covered": 71.42857142857143, "percent_covered_display": "71", "missing_lines": 2, "excluded_lines": 0, "percent_statements_covered": 71.42857142857143, "percent_statements_covered_display": "71"}, "missing_lines": [55, 56], "excluded_lines": [], "start_line": 47}, "set_request_context": {"executed_lines": [69, 70, 71, 73, 74, 75, 77, 78, 80, 81, 82, 84, 85, 86, 87, 89, 90, 91, 92], "summary": {"covered_lines": 19, "num_statements": 20, "percent_covered": 95.0, "percent_covered_display": "95", "missing_lines": 1, "excluded_lines": 0, "percent_statements_covered": 95.0, "percent_statements_covered_display": "95"}, "missing_lines": [88], "excluded_lines": [], "start_line": 59}, "report_security_event": {"executed_lines": [109, 110, 111, 113, 114], "summary": {"covered_lines": 5, "num_statements": 7, "percent_covered": 71.42857142857143, "percent_covered_display": "71", "missing_lines": 2, "excluded_lines": 0, "percent_statements_covered": 71.42857142857143, "percent_statements_covered_display": "71"}, "missing_lines": [121, 122], "excluded_lines": [], "start_line": 95}, "capture_security_message": {"executed_lines": [134, 135, 136, 138, 139, 140, 141, 142, 143], "summary": {"covered_lines": 9, "num_statements": 11, "percent_covered": 81.81818181818181, "percent_covered_display": "82", "missing_lines": 2, "excluded_lines": 0, "percent_statements_covered": 81.81818181818181, "percent_statements_covered_display": "82"}, "missing_lines": [144, 145], "excluded_lines": [], "start_line": 125}, "SentryContextMiddleware.__init__": {"executed_lines": [156], "summary": {"covered_lines": 1, "num_statements": 1, "percent_covered": 100.0, "percent_covered_display": "100", "missing_lines": 0, "excluded_lines": 0, "percent_statements_covered": 100.0, "percent_statements_covered_display": "100"}, "missing_lines": [], "excluded_lines": [], "start_line": 155}, "SentryContextMiddleware.__call__": {"executed_lines": [159, 160], "summary": {"covered_lines": 2, "num_statements": 2, "percent_covered": 100.0, "percent_covered_display": "100", "missing_lines": 0, "excluded_lines": 0, "percent_statements_covered": 100.0, "percent_statements_covered_display": "100"}, "missing_lines": [], "excluded_lines": [], "start_line": 158}, "": {"executed_lines": [28, 30, 33, 47, 59, 95, 125, 148, 155, 158], "summary": {"covered_lines": 10, "num_statements": 10, "percent_covered": 100.0, "percent_covered_display": "100", "missing_lines": 0, "excluded_lines": 0, "percent_statements_covered": 100.0, "percent_statements_covered_display": "100"}, "missing_lines": [], "excluded_lines": [], "start_line": 1}}, "classes": {"SentryContextMiddleware": {"executed_lines": [156, 159, 160], "summary": {"covered_lines": 3, "num_statements": 3, "percent_covered": 100.0, "percent_covered_display": "100", "missing_lines": 0, "excluded_lines": 0, "percent_statements_covered": 100.0, "percent_statements_covered_display": "100"}, "missing_lines": [], "excluded_lines": [], "start_line": 148}, "": {"executed_lines": [28, 30, 33, 35, 37, 38, 39, 40, 42, 47, 49, 50, 51, 52, 54, 59, 69, 70, 71, 73, 74, 75, 77, 78, 80, 81, 82, 84, 85, 86, 87, 89, 90, 91, 92, 95, 109, 110, 111, 113, 114, 125, 134, 135, 136, 138, 139, 140, 141, 142, 143, 148, 155, 158], "summary": {"covered_lines": 54, "num_statements": 63, "percent_covered": 85.71428571428571, "percent_covered_display": "86", "missing_lines": 9, "excluded_lines": 0, "percent_statements_covered": 85.71428571428571, "percent_statements_covered_display": "86"}, "missing_lines": [43, 44, 55, 56, 88, 121, 122, 144, 145], "excluded_lines": [], "start_line": 1}}}, "turbodrf/management/__init__.py": {"executed_lines": [], "summary": {"covered_lines": 0, "num_statements": 0, "percent_covered": 100.0, "percent_covered_display": "100", "missing_lines": 0, "excluded_lines": 0, "percent_statements_covered": 100.0, "percent_statements_covered_display": "100"}, "missing_lines": [], "excluded_lines": [], "functions": {"": {"executed_lines": [], "summary": {"covered_lines": 0, "num_statements": 0, "percent_covered": 100.0, "percent_covered_display": "100", "missing_lines": 0, "excluded_lines": 0, "percent_statements_covered": 100.0, "percent_statements_covered_display": "100"}, "missing_lines": [], "excluded_lines": [], "start_line": 1}}, "classes": {"": {"executed_lines": [], "summary": {"covered_lines": 0, "num_statements": 0, "percent_covered": 100.0, "percent_covered_display": "100", "missing_lines": 0, "excluded_lines": 0, "percent_statements_covered": 100.0, "percent_statements_covered_display": "100"}, "missing_lines": [], "excluded_lines": [], "start_line": 1}}}, "turbodrf/management/commands/__init__.py": {"executed_lines": [], "summary": {"covered_lines": 0, "num_statements": 0, "percent_covered": 100.0, "percent_covered_display": "100", "missing_lines": 0, "excluded_lines": 0, "percent_statements_covered": 100.0, "percent_statements_covered_display": "100"}, "missing_lines": [], "excluded_lines": [], "functions": {"": {"executed_lines": [], "summary": {"covered_lines": 0, "num_statements": 0, "percent_covered": 100.0, "percent_covered_display": "100", "missing_lines": 0, "excluded_lines": 0, "percent_statements_covered": 100.0, "percent_statements_covered_display": "100"}, "missing_lines": [], "excluded_lines": [], "start_line": 1}}, "classes": {"": {"executed_lines": [], "summary": {"covered_lines": 0, "num_statements": 0, "percent_covered": 100.0, "percent_covered_display": "100", "missing_lines": 0, "excluded_lines": 0, "percent_statements_covered": 100.0, "percent_statements_covered_display": "100"}, "missing_lines": [], "excluded_lines": [], "start_line": 1}}}, "turbodrf/management/commands/turbodrf_benchmark.py": {"executed_lines": [10, 12, 13, 15, 16, 19, 20, 22, 23, 24, 30, 36, 43, 44, 45, 46, 47, 50, 51, 52, 53, 54, 56, 57, 59, 60, 61, 63, 66, 69, 72, 73, 75, 76, 78, 79, 80, 81, 83, 84, 86, 91, 92, 93, 94, 95, 97, 98, 99, 100, 103, 105, 107, 109, 110, 111, 114, 116, 119, 123, 130, 131, 132, 135, 136, 137, 138, 139, 140, 142, 144, 146, 149, 150, 151, 152, 155, 156, 157, 158, 159, 160, 161, 163], "summary": {"covered_lines": 84, "num_statements": 85, "percent_covered": 98.82352941176471, "percent_covered_display": "99", "missing_lines": 1, "excluded_lines": 0, "percent_statements_covered": 98.82352941176471, "percent_statements_covered_display": "99"}, "missing_lines": [112], "excluded_lines": [], "functions": {"Command.add_arguments": {"executed_lines": [23, 24, 30, 36], "summary": {"covered_lines": 4, "num_statements": 4, "percent_covered": 100.0, "percent_covered_display": "100", "missing_lines": 0, "excluded_lines": 0, "percent_statements_covered": 100.0, "percent_statements_covered_display": "100"}, "missing_lines": [], "excluded_lines": [], "start_line": 22}, "Command.handle": {"executed_lines": [44, 45, 46, 47, 50, 51, 52, 53, 54, 56, 57, 59, 60, 61, 63, 66, 69, 72, 73, 75, 76, 78, 79, 80, 81, 83, 84, 86, 91, 92, 93, 94, 95, 97, 98, 99, 100, 103], "summary": {"covered_lines": 38, "num_statements": 38, "percent_covered": 100.0, "percent_covered_display": "100", "missing_lines": 0, "excluded_lines": 0, "percent_statements_covered": 100.0, "percent_statements_covered_display": "100"}, "missing_lines": [], "excluded_lines": [], "start_line": 43}, "Command._benchmark_drf": {"executed_lines": [107, 109, 110, 111, 114, 116, 119, 123, 130, 131, 132, 135, 136, 137, 138, 139, 140, 142], "summary": {"covered_lines": 18, "num_statements": 19, "percent_covered": 94.73684210526316, "percent_covered_display": "95", "missing_lines": 1, "excluded_lines": 0, "percent_statements_covered": 94.73684210526316, "percent_statements_covered_display": "95"}, "missing_lines": [112], "excluded_lines": [], "start_line": 105}, "Command._benchmark_compiled": {"executed_lines": [146, 149, 150, 151, 152, 155, 156, 157, 158, 159, 160, 161, 163], "summary": {"covered_lines": 13, "num_statements": 13, "percent_covered": 100.0, "percent_covered_display": "100", "missing_lines": 0, "excluded_lines": 0, "percent_statements_covered": 100.0, "percent_statements_covered_display": "100"}, "missing_lines": [], "excluded_lines": [], "start_line": 144}, "": {"executed_lines": [10, 12, 13, 15, 16, 19, 20, 22, 43, 105, 144], "summary": {"covered_lines": 11, "num_statements": 11, "percent_covered": 100.0, "percent_covered_display": "100", "missing_lines": 0, "excluded_lines": 0, "percent_statements_covered": 100.0, "percent_statements_covered_display": "100"}, "missing_lines": [], "excluded_lines": [], "start_line": 1}}, "classes": {"Command": {"executed_lines": [23, 24, 30, 36, 44, 45, 46, 47, 50, 51, 52, 53, 54, 56, 57, 59, 60, 61, 63, 66, 69, 72, 73, 75, 76, 78, 79, 80, 81, 83, 84, 86, 91, 92, 93, 94, 95, 97, 98, 99, 100, 103, 107, 109, 110, 111, 114, 116, 119, 123, 130, 131, 132, 135, 136, 137, 138, 139, 140, 142, 146, 149, 150, 151, 152, 155, 156, 157, 158, 159, 160, 161, 163], "summary": {"covered_lines": 73, "num_statements": 74, "percent_covered": 98.64864864864865, "percent_covered_display": "99", "missing_lines": 1, "excluded_lines": 0, "percent_statements_covered": 98.64864864864865, "percent_statements_covered_display": "99"}, "missing_lines": [112], "excluded_lines": [], "start_line": 19}, "": {"executed_lines": [10, 12, 13, 15, 16, 19, 20, 22, 43, 105, 144], "summary": {"covered_lines": 11, "num_statements": 11, "percent_covered": 100.0, "percent_covered_display": "100", "missing_lines": 0, "excluded_lines": 0, "percent_statements_covered": 100.0, "percent_statements_covered_display": "100"}, "missing_lines": [], "excluded_lines": [], "start_line": 1}}}, "turbodrf/management/commands/turbodrf_check.py": {"executed_lines": [9, 10, 11, 13, 16, 17, 19, 20, 26, 27, 28, 30, 31, 32, 33, 34, 35, 36, 37, 38, 40, 41, 42, 44, 45, 47, 48, 50, 51, 52, 53, 54, 57, 58, 60, 62, 68, 69, 71, 72, 73, 74, 75, 76, 77, 78, 79, 83, 84, 85, 86, 87, 88, 89, 91, 92, 93, 96, 97, 98, 100, 101, 103, 105, 106, 110, 113, 115, 116, 117, 118, 119, 120, 127, 129, 131, 132, 137, 138, 139, 141, 142, 143, 145, 146, 156, 158, 162, 163, 164, 172, 173, 175, 176, 179, 181, 182, 183, 185, 187, 196, 197, 198, 199, 200, 201, 202, 203, 204, 205, 206, 207, 208, 209, 210], "summary": {"covered_lines": 115, "num_statements": 126, "percent_covered": 91.26984126984127, "percent_covered_display": "91", "missing_lines": 11, "excluded_lines": 0, "percent_statements_covered": 91.26984126984127, "percent_statements_covered_display": "91"}, "missing_lines": [63, 81, 149, 150, 151, 152, 153, 154, 159, 160, 211], "excluded_lines": [], "functions": {"Command.add_arguments": {"executed_lines": [20], "summary": {"covered_lines": 1, "num_statements": 1, "percent_covered": 100.0, "percent_covered_display": "100", "missing_lines": 0, "excluded_lines": 0, "percent_statements_covered": 100.0, "percent_statements_covered_display": "100"}, "missing_lines": [], "excluded_lines": [], "start_line": 19}, "Command.handle": {"executed_lines": [27, 28, 30, 31, 32, 33, 34, 35, 36, 37, 38, 40, 41, 42, 44, 45, 47, 48], "summary": {"covered_lines": 18, "num_statements": 18, "percent_covered": 100.0, "percent_covered_display": "100", "missing_lines": 0, "excluded_lines": 0, "percent_statements_covered": 100.0, "percent_statements_covered_display": "100"}, "missing_lines": [], "excluded_lines": [], "start_line": 26}, "Command._check_model": {"executed_lines": [51, 52, 53, 54, 57, 58, 60, 62, 68, 69, 71, 72, 73, 74, 75, 76, 77, 78, 79, 83, 84, 85, 86, 87, 88, 89, 91, 92, 93, 96, 97, 98, 100, 101, 103, 105, 106, 110, 113, 115, 116, 117, 118, 119, 120], "summary": {"covered_lines": 45, "num_statements": 47, "percent_covered": 95.74468085106383, "percent_covered_display": "96", "missing_lines": 2, "excluded_lines": 0, "percent_statements_covered": 95.74468085106383, "percent_statements_covered_display": "96"}, "missing_lines": [63, 81], "excluded_lines": [], "start_line": 50}, "Command._report_tenancy": {"executed_lines": [129, 131, 132, 137, 138, 139, 141, 142, 143, 145, 146, 156, 158, 162, 163, 164, 172, 173, 175, 176, 179, 181, 182, 183], "summary": {"covered_lines": 24, "num_statements": 32, "percent_covered": 75.0, "percent_covered_display": "75", "missing_lines": 8, "excluded_lines": 0, "percent_statements_covered": 75.0, "percent_statements_covered_display": "75"}, "missing_lines": [149, 150, 151, 152, 153, 154, 159, 160], "excluded_lines": [], "start_line": 127}, "Command._describe_predicate": {"executed_lines": [187, 196, 197, 198, 199, 200, 201, 202, 203, 204, 205, 206, 207, 208, 209, 210], "summary": {"covered_lines": 16, "num_statements": 17, "percent_covered": 94.11764705882354, "percent_covered_display": "94", "missing_lines": 1, "excluded_lines": 0, "percent_statements_covered": 94.11764705882354, "percent_statements_covered_display": "94"}, "missing_lines": [211], "excluded_lines": [], "start_line": 185}, "": {"executed_lines": [9, 10, 11, 13, 16, 17, 19, 26, 50, 127, 185], "summary": {"covered_lines": 11, "num_statements": 11, "percent_covered": 100.0, "percent_covered_display": "100", "missing_lines": 0, "excluded_lines": 0, "percent_statements_covered": 100.0, "percent_statements_covered_display": "100"}, "missing_lines": [], "excluded_lines": [], "start_line": 1}}, "classes": {"Command": {"executed_lines": [20, 27, 28, 30, 31, 32, 33, 34, 35, 36, 37, 38, 40, 41, 42, 44, 45, 47, 48, 51, 52, 53, 54, 57, 58, 60, 62, 68, 69, 71, 72, 73, 74, 75, 76, 77, 78, 79, 83, 84, 85, 86, 87, 88, 89, 91, 92, 93, 96, 97, 98, 100, 101, 103, 105, 106, 110, 113, 115, 116, 117, 118, 119, 120, 129, 131, 132, 137, 138, 139, 141, 142, 143, 145, 146, 156, 158, 162, 163, 164, 172, 173, 175, 176, 179, 181, 182, 183, 187, 196, 197, 198, 199, 200, 201, 202, 203, 204, 205, 206, 207, 208, 209, 210], "summary": {"covered_lines": 104, "num_statements": 115, "percent_covered": 90.43478260869566, "percent_covered_display": "90", "missing_lines": 11, "excluded_lines": 0, "percent_statements_covered": 90.43478260869566, "percent_statements_covered_display": "90"}, "missing_lines": [63, 81, 149, 150, 151, 152, 153, 154, 159, 160, 211], "excluded_lines": [], "start_line": 16}, "": {"executed_lines": [9, 10, 11, 13, 16, 17, 19, 26, 50, 127, 185], "summary": {"covered_lines": 11, "num_statements": 11, "percent_covered": 100.0, "percent_covered_display": "100", "missing_lines": 0, "excluded_lines": 0, "percent_statements_covered": 100.0, "percent_statements_covered_display": "100"}, "missing_lines": [], "excluded_lines": [], "start_line": 1}}}, "turbodrf/management/commands/turbodrf_emit_rls.py": {"executed_lines": [16, 17, 19, 22, 23, 25, 26, 32, 33, 35, 37, 38, 39, 41, 42, 43, 44, 47, 50, 53, 56, 57, 60, 63, 65, 66, 67, 68, 69, 70, 71, 72, 74, 75, 82, 85, 87, 93, 95, 96, 98, 99, 100, 102, 103, 104, 105, 106, 109, 110, 111, 116, 117, 118, 119, 126, 130], "summary": {"covered_lines": 57, "num_statements": 65, "percent_covered": 87.6923076923077, "percent_covered_display": "88", "missing_lines": 8, "excluded_lines": 0, "percent_statements_covered": 87.6923076923077, "percent_statements_covered_display": "88"}, "missing_lines": [78, 79, 80, 83, 120, 121, 122, 125], "excluded_lines": [], "functions": {"Command.add_arguments": {"executed_lines": [26], "summary": {"covered_lines": 1, "num_statements": 1, "percent_covered": 100.0, "percent_covered_display": "100", "missing_lines": 0, "excluded_lines": 0, "percent_statements_covered": 100.0, "percent_statements_covered_display": "100"}, "missing_lines": [], "excluded_lines": [], "start_line": 25}, "Command.handle": {"executed_lines": [33, 35, 37, 38, 39, 41, 42, 43, 44, 47, 50, 53, 56, 57, 60, 63, 65, 66, 67, 68, 69, 70, 71, 72, 74, 75, 82, 85], "summary": {"covered_lines": 28, "num_statements": 32, "percent_covered": 87.5, "percent_covered_display": "88", "missing_lines": 4, "excluded_lines": 0, "percent_statements_covered": 87.5, "percent_statements_covered_display": "88"}, "missing_lines": [78, 79, 80, 83], "excluded_lines": [], "start_line": 32}, "Command._emit_for_model": {"executed_lines": [93, 95, 96, 98, 99, 100, 102, 103, 104, 105, 106, 109, 110, 111, 116, 117, 118, 119, 126, 130], "summary": {"covered_lines": 20, "num_statements": 24, "percent_covered": 83.33333333333333, "percent_covered_display": "83", "missing_lines": 4, "excluded_lines": 0, "percent_statements_covered": 83.33333333333333, "percent_statements_covered_display": "83"}, "missing_lines": [120, 121, 122, 125], "excluded_lines": [], "start_line": 87}, "": {"executed_lines": [16, 17, 19, 22, 23, 25, 32, 87], "summary": {"covered_lines": 8, "num_statements": 8, "percent_covered": 100.0, "percent_covered_display": "100", "missing_lines": 0, "excluded_lines": 0, "percent_statements_covered": 100.0, "percent_statements_covered_display": "100"}, "missing_lines": [], "excluded_lines": [], "start_line": 1}}, "classes": {"Command": {"executed_lines": [26, 33, 35, 37, 38, 39, 41, 42, 43, 44, 47, 50, 53, 56, 57, 60, 63, 65, 66, 67, 68, 69, 70, 71, 72, 74, 75, 82, 85, 93, 95, 96, 98, 99, 100, 102, 103, 104, 105, 106, 109, 110, 111, 116, 117, 118, 119, 126, 130], "summary": {"covered_lines": 49, "num_statements": 57, "percent_covered": 85.96491228070175, "percent_covered_display": "86", "missing_lines": 8, "excluded_lines": 0, "percent_statements_covered": 85.96491228070175, "percent_statements_covered_display": "86"}, "missing_lines": [78, 79, 80, 83, 120, 121, 122, 125], "excluded_lines": [], "start_line": 22}, "": {"executed_lines": [16, 17, 19, 22, 23, 25, 32, 87], "summary": {"covered_lines": 8, "num_statements": 8, "percent_covered": 100.0, "percent_covered_display": "100", "missing_lines": 0, "excluded_lines": 0, "percent_statements_covered": 100.0, "percent_statements_covered_display": "100"}, "missing_lines": [], "excluded_lines": [], "start_line": 1}}}, "turbodrf/management/commands/turbodrf_explain.py": {"executed_lines": [13, 14, 16, 17, 20, 21, 23, 24, 25, 30, 35, 41, 42, 43, 44, 47, 48, 49, 50, 51, 53, 54, 57, 58, 60, 61, 62, 63, 64, 65, 67, 68, 70, 71, 72, 73, 74, 77, 78, 79, 80, 82, 83, 84, 85, 86, 88, 89, 90, 91, 95, 96, 98, 99, 100, 101, 104, 105, 108, 109, 110, 116, 117, 118, 119, 120, 123, 124, 126, 127, 129, 131, 132, 133, 136, 139, 141, 142, 143, 144, 145, 147, 149, 152, 154, 156, 157, 158, 159, 161, 162, 164, 165, 166, 170, 172, 173, 174, 175, 177, 178], "summary": {"covered_lines": 101, "num_statements": 101, "percent_covered": 100.0, "percent_covered_display": "100", "missing_lines": 0, "excluded_lines": 0, "percent_statements_covered": 100.0, "percent_statements_covered_display": "100"}, "missing_lines": [], "excluded_lines": [], "functions": {"Command.add_arguments": {"executed_lines": [24, 25, 30, 35], "summary": {"covered_lines": 4, "num_statements": 4, "percent_covered": 100.0, "percent_covered_display": "100", "missing_lines": 0, "excluded_lines": 0, "percent_statements_covered": 100.0, "percent_statements_covered_display": "100"}, "missing_lines": [], "excluded_lines": [], "start_line": 23}, "Command.handle": {"executed_lines": [42, 43, 44, 47, 48, 49, 50, 51, 53, 54, 57, 58, 60, 61, 62, 63, 64, 65, 67, 68, 70, 71, 72, 73, 74, 77, 78, 79, 80, 82, 83, 84, 85, 86, 88, 89, 90, 91, 95, 96, 98, 99, 100, 101, 104, 105, 108, 109, 110, 116, 117, 118, 119, 120, 123, 124], "summary": {"covered_lines": 56, "num_statements": 56, "percent_covered": 100.0, "percent_covered_display": "100", "missing_lines": 0, "excluded_lines": 0, "percent_statements_covered": 100.0, "percent_statements_covered_display": "100"}, "missing_lines": [], "excluded_lines": [], "start_line": 41}, "Command._show_role_filtering": {"executed_lines": [127, 129, 131, 132, 133, 136, 139, 141, 142, 143, 144, 145, 147, 149, 152, 154, 156, 157, 158, 159, 161, 162, 164, 165, 166, 170], "summary": {"covered_lines": 26, "num_statements": 26, "percent_covered": 100.0, "percent_covered_display": "100", "missing_lines": 0, "excluded_lines": 0, "percent_statements_covered": 100.0, "percent_statements_covered_display": "100"}, "missing_lines": [], "excluded_lines": [], "start_line": 126}, "Command._show_sql": {"executed_lines": [173, 174, 175, 177, 178], "summary": {"covered_lines": 5, "num_statements": 5, "percent_covered": 100.0, "percent_covered_display": "100", "missing_lines": 0, "excluded_lines": 0, "percent_statements_covered": 100.0, "percent_statements_covered_display": "100"}, "missing_lines": [], "excluded_lines": [], "start_line": 172}, "": {"executed_lines": [13, 14, 16, 17, 20, 21, 23, 41, 126, 172], "summary": {"covered_lines": 10, "num_statements": 10, "percent_covered": 100.0, "percent_covered_display": "100", "missing_lines": 0, "excluded_lines": 0, "percent_statements_covered": 100.0, "percent_statements_covered_display": "100"}, "missing_lines": [], "excluded_lines": [], "start_line": 1}}, "classes": {"Command": {"executed_lines": [24, 25, 30, 35, 42, 43, 44, 47, 48, 49, 50, 51, 53, 54, 57, 58, 60, 61, 62, 63, 64, 65, 67, 68, 70, 71, 72, 73, 74, 77, 78, 79, 80, 82, 83, 84, 85, 86, 88, 89, 90, 91, 95, 96, 98, 99, 100, 101, 104, 105, 108, 109, 110, 116, 117, 118, 119, 120, 123, 124, 127, 129, 131, 132, 133, 136, 139, 141, 142, 143, 144, 145, 147, 149, 152, 154, 156, 157, 158, 159, 161, 162, 164, 165, 166, 170, 173, 174, 175, 177, 178], "summary": {"covered_lines": 91, "num_statements": 91, "percent_covered": 100.0, "percent_covered_display": "100", "missing_lines": 0, "excluded_lines": 0, "percent_statements_covered": 100.0, "percent_statements_covered_display": "100"}, "missing_lines": [], "excluded_lines": [], "start_line": 20}, "Command._show_role_filtering.MockUser": {"executed_lines": [], "summary": {"covered_lines": 0, "num_statements": 0, "percent_covered": 100.0, "percent_covered_display": "100", "missing_lines": 0, "excluded_lines": 0, "percent_statements_covered": 100.0, "percent_statements_covered_display": "100"}, "missing_lines": [], "excluded_lines": [], "start_line": 141}, "": {"executed_lines": [13, 14, 16, 17, 20, 21, 23, 41, 126, 172], "summary": {"covered_lines": 10, "num_statements": 10, "percent_covered": 100.0, "percent_covered_display": "100", "missing_lines": 0, "excluded_lines": 0, "percent_statements_covered": 100.0, "percent_statements_covered_display": "100"}, "missing_lines": [], "excluded_lines": [], "start_line": 1}}}, "turbodrf/metadata.py": {"executed_lines": [12, 15, 18, 19, 21, 22, 24, 25, 30, 33, 35, 40, 44, 45, 46, 48, 50, 52, 54, 56, 58, 60, 62, 76, 77, 79, 80, 82, 83, 84, 86, 87, 88, 89, 90, 94, 95, 96, 97, 98, 102, 103, 105, 116, 117, 118, 119, 123, 124, 125, 127, 129, 135, 137, 145, 154, 157, 160, 161, 162, 167, 168, 169, 172, 177, 178, 183, 184, 186, 190, 192, 199, 201, 202, 204, 205, 207, 213, 215, 217, 218, 220], "summary": {"covered_lines": 82, "num_statements": 94, "percent_covered": 87.23404255319149, "percent_covered_display": "87", "missing_lines": 12, "excluded_lines": 0, "percent_statements_covered": 87.23404255319149, "percent_statements_covered_display": "87"}, "missing_lines": [55, 57, 163, 164, 170, 173, 174, 179, 180, 187, 188, 219], "excluded_lines": [], "functions": {"TurboDRFMetadata.determine_metadata": {"executed_lines": [19, 21, 22, 24, 25, 30, 33, 35, 40, 44, 45, 46, 48], "summary": {"covered_lines": 13, "num_statements": 13, "percent_covered": 100.0, "percent_covered_display": "100", "missing_lines": 0, "excluded_lines": 0, "percent_statements_covered": 100.0, "percent_statements_covered_display": "100"}, "missing_lines": [], "excluded_lines": [], "start_line": 18}, "TurboDRFMetadata._get_snapshot": {"executed_lines": [52, 54, 56, 58, 60], "summary": {"covered_lines": 5, "num_statements": 7, "percent_covered": 71.42857142857143, "percent_covered_display": "71", "missing_lines": 2, "excluded_lines": 0, "percent_statements_covered": 71.42857142857143, "percent_statements_covered_display": "71"}, "missing_lines": [55, 57], "excluded_lines": [], "start_line": 50}, "TurboDRFMetadata._get_field_metadata": {"executed_lines": [76, 77, 79, 80, 82, 83, 84, 86, 87, 88, 89, 90, 94, 95, 96, 97, 98, 102, 103, 105, 116, 117, 118, 119, 123, 124, 125, 127], "summary": {"covered_lines": 28, "num_statements": 28, "percent_covered": 100.0, "percent_covered_display": "100", "missing_lines": 0, "excluded_lines": 0, "percent_statements_covered": 100.0, "percent_statements_covered_display": "100"}, "missing_lines": [], "excluded_lines": [], "start_line": 62}, "TurboDRFMetadata._get_allowed_actions": {"executed_lines": [135, 137, 145], "summary": {"covered_lines": 3, "num_statements": 3, "percent_covered": 100.0, "percent_covered_display": "100", "missing_lines": 0, "excluded_lines": 0, "percent_statements_covered": 100.0, "percent_statements_covered_display": "100"}, "missing_lines": [], "excluded_lines": [], "start_line": 129}, "TurboDRFMetadata._get_capabilities": {"executed_lines": [157, 160, 161, 162, 167, 168, 169, 172, 177, 178, 183, 184, 186, 190], "summary": {"covered_lines": 14, "num_statements": 23, "percent_covered": 60.869565217391305, "percent_covered_display": "61", "missing_lines": 9, "excluded_lines": 0, "percent_statements_covered": 60.869565217391305, "percent_statements_covered_display": "61"}, "missing_lines": [163, 164, 170, 173, 174, 179, 180, 187, 188], "excluded_lines": [], "start_line": 154}, "TurboDRFMetadata._get_tenancy_info": {"executed_lines": [199, 201, 202, 204, 205, 207, 213], "summary": {"covered_lines": 7, "num_statements": 7, "percent_covered": 100.0, "percent_covered_display": "100", "missing_lines": 0, "excluded_lines": 0, "percent_statements_covered": 100.0, "percent_statements_covered_display": "100"}, "missing_lines": [], "excluded_lines": [], "start_line": 192}, "TurboDRFMetadata._get_pagination_info": {"executed_lines": [217, 218, 220], "summary": {"covered_lines": 3, "num_statements": 4, "percent_covered": 75.0, "percent_covered_display": "75", "missing_lines": 1, "excluded_lines": 0, "percent_statements_covered": 75.0, "percent_statements_covered_display": "75"}, "missing_lines": [219], "excluded_lines": [], "start_line": 215}, "": {"executed_lines": [12, 15, 18, 50, 62, 129, 154, 192, 215], "summary": {"covered_lines": 9, "num_statements": 9, "percent_covered": 100.0, "percent_covered_display": "100", "missing_lines": 0, "excluded_lines": 0, "percent_statements_covered": 100.0, "percent_statements_covered_display": "100"}, "missing_lines": [], "excluded_lines": [], "start_line": 1}}, "classes": {"TurboDRFMetadata": {"executed_lines": [19, 21, 22, 24, 25, 30, 33, 35, 40, 44, 45, 46, 48, 52, 54, 56, 58, 60, 76, 77, 79, 80, 82, 83, 84, 86, 87, 88, 89, 90, 94, 95, 96, 97, 98, 102, 103, 105, 116, 117, 118, 119, 123, 124, 125, 127, 135, 137, 145, 157, 160, 161, 162, 167, 168, 169, 172, 177, 178, 183, 184, 186, 190, 199, 201, 202, 204, 205, 207, 213, 217, 218, 220], "summary": {"covered_lines": 73, "num_statements": 85, "percent_covered": 85.88235294117646, "percent_covered_display": "86", "missing_lines": 12, "excluded_lines": 0, "percent_statements_covered": 85.88235294117646, "percent_statements_covered_display": "86"}, "missing_lines": [55, 57, 163, 164, 170, 173, 174, 179, 180, 187, 188, 219], "excluded_lines": [], "start_line": 15}, "": {"executed_lines": [12, 15, 18, 50, 62, 129, 154, 192, 215], "summary": {"covered_lines": 9, "num_statements": 9, "percent_covered": 100.0, "percent_covered_display": "100", "missing_lines": 0, "excluded_lines": 0, "percent_statements_covered": 100.0, "percent_statements_covered_display": "100"}, "missing_lines": [], "excluded_lines": [], "start_line": 1}}}, "turbodrf/mixins.py": {"executed_lines": [8, 11, 38, 39, 101, 107, 108, 129, 130, 132, 134, 140, 142, 145, 147, 148, 170, 171, 174, 175, 176, 177, 178, 180, 181, 182, 185, 186, 187, 188], "summary": {"covered_lines": 30, "num_statements": 30, "percent_covered": 100.0, "percent_covered_display": "100", "missing_lines": 0, "excluded_lines": 0, "percent_statements_covered": 100.0, "percent_statements_covered_display": "100"}, "missing_lines": [], "excluded_lines": [], "functions": {"TurboDRFMixin.turbodrf": {"executed_lines": [101], "summary": {"covered_lines": 1, "num_statements": 1, "percent_covered": 100.0, "percent_covered_display": "100", "missing_lines": 0, "excluded_lines": 0, "percent_statements_covered": 100.0, "percent_statements_covered_display": "100"}, "missing_lines": [], "excluded_lines": [], "start_line": 39}, "TurboDRFMixin.get_api_fields": {"executed_lines": [129, 130, 132, 134, 140, 142, 145], "summary": {"covered_lines": 7, "num_statements": 7, "percent_covered": 100.0, "percent_covered_display": "100", "missing_lines": 0, "excluded_lines": 0, "percent_statements_covered": 100.0, "percent_statements_covered_display": "100"}, "missing_lines": [], "excluded_lines": [], "start_line": 108}, "TurboDRFMixin.get_field_type": {"executed_lines": [170, 171, 174, 175, 176, 177, 178, 180, 181, 182, 185, 186, 187, 188], "summary": {"covered_lines": 14, "num_statements": 14, "percent_covered": 100.0, "percent_covered_display": "100", "missing_lines": 0, "excluded_lines": 0, "percent_statements_covered": 100.0, "percent_statements_covered_display": "100"}, "missing_lines": [], "excluded_lines": [], "start_line": 148}, "": {"executed_lines": [8, 11, 38, 39, 107, 108, 147, 148], "summary": {"covered_lines": 8, "num_statements": 8, "percent_covered": 100.0, "percent_covered_display": "100", "missing_lines": 0, "excluded_lines": 0, "percent_statements_covered": 100.0, "percent_statements_covered_display": "100"}, "missing_lines": [], "excluded_lines": [], "start_line": 1}}, "classes": {"TurboDRFMixin": {"executed_lines": [101, 129, 130, 132, 134, 140, 142, 145, 170, 171, 174, 175, 176, 177, 178, 180, 181, 182, 185, 186, 187, 188], "summary": {"covered_lines": 22, "num_statements": 22, "percent_covered": 100.0, "percent_covered_display": "100", "missing_lines": 0, "excluded_lines": 0, "percent_statements_covered": 100.0, "percent_statements_covered_display": "100"}, "missing_lines": [], "excluded_lines": [], "start_line": 11}, "": {"executed_lines": [8, 11, 38, 39, 107, 108, 147, 148], "summary": {"covered_lines": 8, "num_statements": 8, "percent_covered": 100.0, "percent_covered_display": "100", "missing_lines": 0, "excluded_lines": 0, "percent_statements_covered": 100.0, "percent_statements_covered_display": "100"}, "missing_lines": [], "excluded_lines": [], "start_line": 1}}}, "turbodrf/models.py": {"executed_lines": [8, 9, 10, 13, 20, 31, 32, 44, 50, 57, 61, 70, 71, 76, 80, 81, 82, 83, 84, 89, 91, 92, 93, 96, 103, 104, 105, 106, 108, 115, 116, 118, 123, 130, 134, 141, 150, 158, 166, 167, 171, 172, 173, 174, 175, 178, 211, 213, 214, 219, 221, 223, 225, 226, 230, 232, 233, 235, 236, 239, 242, 260, 266, 270, 272, 273, 274, 275, 276], "summary": {"covered_lines": 69, "num_statements": 71, "percent_covered": 97.1830985915493, "percent_covered_display": "97", "missing_lines": 2, "excluded_lines": 12, "percent_statements_covered": 97.1830985915493, "percent_statements_covered_display": "97"}, "missing_lines": [36, 38], "excluded_lines": [86, 87, 202, 203, 204, 205, 206, 207, 208, 209, 280, 281], "functions": {"_get_permission_check_constraint": {"executed_lines": [20, 31, 32], "summary": {"covered_lines": 3, "num_statements": 5, "percent_covered": 60.0, "percent_covered_display": "60", "missing_lines": 2, "excluded_lines": 0, "percent_statements_covered": 60.0, "percent_statements_covered_display": "60"}, "missing_lines": [36, 38], "excluded_lines": [], "start_line": 13}, "TurboDRFRole.__str__": {"executed_lines": [], "summary": {"covered_lines": 0, "num_statements": 0, "percent_covered": 100.0, "percent_covered_display": "100", "missing_lines": 0, "excluded_lines": 1, "percent_statements_covered": 100.0, "percent_statements_covered_display": "100"}, "missing_lines": [], "excluded_lines": [87], "start_line": 86}, "TurboDRFRole.save": {"executed_lines": [91, 92, 93], "summary": {"covered_lines": 3, "num_statements": 3, "percent_covered": 100.0, "percent_covered_display": "100", "missing_lines": 0, "excluded_lines": 0, "percent_statements_covered": 100.0, "percent_statements_covered_display": "100"}, "missing_lines": [], "excluded_lines": [],
[...]
lay": "100", "missing_lines": 0, "excluded_lines": 0, "percent_statements_covered": 100.0, "percent_statements_covered_display": "100"}, "missing_lines": [], "excluded_lines": [], "start_line": 16}, "validate_nesting_depth": {"executed_lines": [55, 56, 59, 60, 63, 65, 66, 74], "summary": {"covered_lines": 8, "num_statements": 8, "percent_covered": 100.0, "percent_covered_display": "100", "missing_lines": 0, "excluded_lines": 0, "percent_statements_covered": 100.0, "percent_statements_covered_display": "100"}, "missing_lines": [], "excluded_lines": [], "start_line": 28}, "get_nested_field_model": {"executed_lines": [101, 102, 103, 105, 106, 107, 108, 111, 112, 114, 115, 119], "summary": {"covered_lines": 12, "num_statements": 12, "percent_covered": 100.0, "percent_covered_display": "100", "missing_lines": 0, "excluded_lines": 0, "percent_statements_covered": 100.0, "percent_statements_covered_display": "100"}, "missing_lines": [], "excluded_lines": [], "start_line": 77}, "check_nested_field_permissions": {"executed_lines": [145, 148, 149, 150, 151, 152, 154, 157, 158, 160, 162, 167, 168, 169, 173, 175, 176, 180, 183, 184, 185, 186, 188, 191, 192, 196, 197, 198, 201, 203], "summary": {"covered_lines": 30, "num_statements": 30, "percent_covered": 100.0, "percent_covered_display": "100", "missing_lines": 0, "excluded_lines": 0, "percent_statements_covered": 100.0, "percent_statements_covered_display": "100"}, "missing_lines": [], "excluded_lines": [], "start_line": 122}, "_get_sensitive_fields": {"executed_lines": [207, 209, 211], "summary": {"covered_lines": 3, "num_statements": 3, "percent_covered": 100.0, "percent_covered_display": "100", "missing_lines": 0, "excluded_lines": 0, "percent_statements_covered": 100.0, "percent_statements_covered_display": "100"}, "missing_lines": [], "excluded_lines": [], "start_line": 206}, "is_field_path_sensitive": {"executed_lines": [221, 222, 223, 224, 225], "summary": {"covered_lines": 5, "num_statements": 5, "percent_covered": 100.0, "percent_covered_display": "100", "missing_lines": 0, "excluded_lines": 0, "percent_statements_covered": 100.0, "percent_statements_covered_display": "100"}, "missing_lines": [], "excluded_lines": [], "start_line": 214}, "is_field_visible_to_user": {"executed_lines": [241, 242, 243], "summary": {"covered_lines": 3, "num_statements": 3, "percent_covered": 100.0, "percent_covered_display": "100", "missing_lines": 0, "excluded_lines": 0, "percent_statements_covered": 100.0, "percent_statements_covered_display": "100"}, "missing_lines": [], "excluded_lines": [], "start_line": 228}, "filter_readable_fields": {"executed_lines": [248], "summary": {"covered_lines": 1, "num_statements": 1, "percent_covered": 100.0, "percent_covered_display": "100", "missing_lines": 0, "excluded_lines": 0, "percent_statements_covered": 100.0, "percent_statements_covered_display": "100"}, "missing_lines": [], "excluded_lines": [], "start_line": 246}, "validate_filter_field": {"executed_lines": [273, 274, 277, 280, 312, 313, 314, 316, 317, 320, 322], "summary": {"covered_lines": 11, "num_statements": 11, "percent_covered": 100.0, "percent_covered_display": "100", "missing_lines": 0, "excluded_lines": 0, "percent_statements_covered": 100.0, "percent_statements_covered_display": "100"}, "missing_lines": [], "excluded_lines": [], "start_line": 255}, "": {"executed_lines": [8, 10, 11, 13, 16, 28, 77, 122, 206, 214, 228, 246, 255], "summary": {"covered_lines": 13, "num_statements": 13, "percent_covered": 100.0, "percent_covered_display": "100", "missing_lines": 0, "excluded_lines": 0, "percent_statements_covered": 100.0, "percent_statements_covered_display": "100"}, "missing_lines": [], "excluded_lines": [], "start_line": 1}}, "classes": {"": {"executed_lines": [8, 10, 11, 13, 16, 23, 25, 28, 55, 56, 59, 60, 63, 65, 66, 74, 77, 101, 102, 103, 105, 106, 107, 108, 111, 112, 114, 115, 119, 122, 145, 148, 149, 150, 151, 152, 154, 157, 158, 160, 162, 167, 168, 169, 173, 175, 176, 180, 183, 184, 185, 186, 188, 191, 192, 196, 197, 198, 201, 203, 206, 207, 209, 211, 214, 221, 222, 223, 224, 225, 228, 241, 242, 243, 246, 248, 255, 273, 274, 277, 280, 312, 313, 314, 316, 317, 320, 322], "summary": {"covered_lines": 88, "num_statements": 88, "percent_covered": 100.0, "percent_covered_display": "100", "missing_lines": 0, "excluded_lines": 0, "percent_statements_covered": 100.0, "percent_statements_covered_display": "100"}, "missing_lines": [], "excluded_lines": [], "start_line": 1}}}, "turbodrf/views.py": {"executed_lines": [1, 2, 3, 4, 5, 6, 8, 9, 10, 11, 12, 15, 43, 44, 45, 47, 61, 63, 78, 81, 89, 91, 92, 93, 95, 96, 97, 98, 99, 100, 101, 102, 103, 104, 105, 106, 107, 111, 162, 173, 174, 175, 183, 184, 186, 195, 196, 198, 203, 204, 205, 212, 221, 223, 224, 226, 227, 228, 229, 230, 231, 232, 233, 234, 236, 240, 242, 244, 245, 246, 247, 248, 249, 250, 251, 252, 253, 254, 256, 262, 263, 264, 266, 267, 269, 270, 272, 276, 277, 279, 280, 282, 285, 289, 292, 296, 297, 299, 300, 302, 307, 308, 311, 319, 320, 321, 322, 324, 325, 327, 334, 335, 336, 339, 340, 341, 342, 345, 346, 347, 349, 350, 351, 354, 355, 356, 361, 362, 363, 364, 365, 368, 369, 371, 373, 381, 382, 383, 384, 386, 388, 391, 392, 394, 395, 396, 397, 399, 407, 408, 409, 412, 413, 415, 416, 417, 419, 420, 421, 422, 423, 425, 432, 433, 434, 437, 438, 440, 441, 442, 444, 445, 451, 453, 490, 491, 494, 496, 497, 498, 501, 503, 505, 508, 513, 514, 515, 517, 519, 521, 522, 523, 525, 526, 527, 528, 530, 533, 534, 535, 537, 540, 541, 546, 548, 554, 555, 560, 565, 567, 572, 581, 582, 585, 586, 591, 593, 617, 619, 626, 627, 632, 633, 637, 638, 640, 641, 644, 645, 646, 648, 649, 650, 652, 653, 660, 661, 662, 663, 664, 666, 668, 669, 680, 681, 682, 687, 688, 689, 691, 692, 693, 694, 696, 697, 698, 700, 701, 703, 707, 708, 709, 711, 712, 720, 721, 722, 725, 727, 731, 732, 734, 740, 742, 765, 767, 770, 771, 775, 776, 777, 780, 781, 783, 789, 790, 794, 795, 799, 803, 807, 808, 810, 820, 822, 823, 825, 831, 833, 834, 839, 840, 842, 843, 845, 851, 853, 858, 861, 862, 863, 864, 865, 866, 867, 868, 871, 872, 874, 875, 878, 880, 882, 888, 889, 890, 891, 893, 894, 895, 897, 898, 900, 902, 903, 904, 905, 907, 909, 910, 911, 912, 914, 915, 918, 920, 935, 936, 937, 938, 939, 940, 944, 949, 951, 958, 959, 961, 962, 967, 968, 969, 970, 971, 974, 975, 976, 977, 978, 980], "summary": {"covered_lines": 370, "num_statements": 394, "percent_covered": 93.90862944162437, "percent_covered_display": "94", "missing_lines": 24, "excluded_lines": 0, "percent_statements_covered": 93.90862944162437, "percent_statements_covered_display": "94"}, "missing_lines": [94, 108, 187, 189, 190, 191, 199, 201, 410, 435, 446, 629, 723, 784, 785, 786, 792, 793, 800, 848, 873, 952, 963, 964], "excluded_lines": [], "functions": {"TurboDRFPagination.get_paginated_response": {"executed_lines": [61, 63], "summary": {"covered_lines": 2, "num_statements": 2, "percent_covered": 100.0, "percent_covered_display": "100", "missing_lines": 0, "excluded_lines": 0, "percent_statements_covered": 100.0, "percent_statements_covered_display": "100"}, "missing_lines": [], "excluded_lines": [], "start_line": 47}, "_is_resolvable_search_path": {"executed_lines": [89, 91, 92, 93, 95, 96, 97, 98, 99, 100, 101, 102, 103, 104, 105, 106, 107], "summary": {"covered_lines": 17, "num_statements": 19, "percent_covered": 89.47368421052632, "percent_covered_display": "89", "missing_lines": 2, "excluded_lines": 0, "percent_statements_covered": 89.47368421052632, "percent_statements_covered_display": "89"}, "missing_lines": [94, 108], "excluded_lines": [], "start_line": 81}, "TurboDRFViewSet._get_predicate_q": {"executed_lines": [221, 223, 224, 226, 227, 228, 229, 230, 231, 232, 233, 234], "summary": {"covered_lines": 12, "num_statements": 12, "percent_covered": 100.0, "percent_covered_display": "100", "missing_lines": 0, "excluded_lines": 0, "percent_statements_covered": 100.0, "percent_statements_covered_display": "100"}, "missing_lines": [], "excluded_lines": [], "start_line": 212}, "TurboDRFViewSet._get_tenant_q": {"executed_lines": [240, 242, 244, 245, 246, 247, 248, 249, 250, 251, 252, 253, 254], "summary": {"covered_lines": 13, "num_statements": 13, "percent_covered": 100.0, "percent_covered_display": "100", "missing_lines": 0, "excluded_lines": 0, "percent_statements_covered": 100.0, "percent_statements_covered_display": "100"}, "missing_lines": [], "excluded_lines": [], "start_line": 236}, "TurboDRFViewSet.list": {"executed_lines": [262, 263, 264], "summary": {"covered_lines": 3, "num_statements": 3, "percent_covered": 100.0, "percent_covered_display": "100", "missing_lines": 0, "excluded_lines": 0, "percent_statements_covered": 100.0, "percent_statements_covered_display": "100"}, "missing_lines": [], "excluded_lines": [], "start_line": 256}, "TurboDRFViewSet._should_use_compiled_path": {"executed_lines": [267, 269, 270, 272, 276, 277], "summary": {"covered_lines": 6, "num_statements": 6, "percent_covered": 100.0, "percent_covered_display": "100", "missing_lines": 0, "excluded_lines": 0, "percent_statements_covered": 100.0, "percent_statements_covered_display": "100"}, "missing_lines": [], "excluded_lines": [], "start_line": 266}, "TurboDRFViewSet._compiled_list": {"executed_lines": [280, 282, 285, 289, 292, 296, 297, 299, 300, 302, 307, 308, 311, 319, 320, 321, 322, 324, 325], "summary": {"covered_lines": 19, "num_statements": 19, "percent_covered": 100.0, "percent_covered_display": "100", "missing_lines": 0, "excluded_lines": 0, "percent_statements_covered": 100.0, "percent_statements_covered_display": "100"}, "missing_lines": [], "excluded_lines": [], "start_line": 279}, "TurboDRFViewSet._parse_client_fields": {"executed_lines": [334, 335, 336, 339, 340, 341, 342, 345, 346, 347, 349, 350, 351, 354, 355, 356, 361, 362, 363, 364, 365, 368, 369, 371], "summary": {"covered_lines": 24, "num_statements": 24, "percent_covered": 100.0, "percent_covered_display": "100", "missing_lines": 0, "excluded_lines": 0, "percent_statements_covered": 100.0, "percent_statements_covered_display": "100"}, "missing_lines": [], "excluded_lines": [], "start_line": 327}, "TurboDRFViewSet._get_compiled_readable_fields": {"executed_lines": [381, 382, 383, 384, 386, 388, 391, 392, 394, 395, 396, 397], "summary": {"covered_lines": 12, "num_statements": 12, "percent_covered": 100.0, "percent_covered_display": "100", "missing_lines": 0, "excluded_lines": 0, "percent_statements_covered": 100.0, "percent_statements_covered_display": "100"}, "missing_lines": [], "excluded_lines": [], "start_line": 373}, "TurboDRFViewSet._filter_compiled_fk_annotations": {"executed_lines": [407, 408, 409, 412, 413, 415, 416, 417, 419, 420, 421, 422, 423], "summary": {"covered_lines": 13, "num_statements": 14, "percent_covered": 92.85714285714286, "percent_covered_display": "93", "missing_lines": 1, "excluded_lines": 0, "percent_statements_covered": 92.85714285714286, "percent_statements_covered_display": "93"}, "missing_lines": [410], "excluded_lines": [], "start_line": 399}, "TurboDRFViewSet._filter_compiled_m2m_subfields": {"executed_lines": [432, 433, 434, 437, 438, 440, 441, 442, 444, 445, 451], "summary": {"covered_lines": 11, "num_statements": 13, "percent_covered": 84.61538461538461, "percent_covered_display": "85", "missing_lines": 2, "excluded_lines": 0, "percent_statements_covered": 84.61538461538461, "percent_statements_covered_display": "85"}, "missing_lines": [435, 446], "excluded_lines": [], "start_line": 425}, "TurboDRFViewSet.get_serializer_class": {"executed_lines": [490, 491, 494, 496, 497, 498, 501, 503, 505, 508, 513, 514, 515, 517, 519, 521, 522, 523, 525, 526, 527, 528, 530, 533, 534, 535, 537, 540, 541, 546, 548, 554, 555, 560, 565, 567, 572, 581, 582, 585, 586, 591, 593, 617], "summary": {"covered_lines": 44, "num_statements": 44, "percent_covered": 100.0, "percent_covered_display": "100", "missing_lines": 0, "excluded_lines": 0, "percent_statements_covered": 100.0, "percent_statements_covered_display": "100"}, "missing_lines": [], "excluded_lines": [], "start_line": 453}, "TurboDRFViewSet.get_queryset": {"executed_lines": [626, 627, 632, 633, 637, 638, 640, 641, 644, 645, 646, 648, 649, 650, 652, 653, 660, 661, 662, 663, 664, 666], "summary": {"covered_lines": 22, "num_statements": 23, "percent_covered": 95.65217391304348, "percent_covered_display": "96", "missing_lines": 1, "excluded_lines": 0, "percent_statements_covered": 95.65217391304348, "percent_statements_covered_display": "96"}, "missing_lines": [629], "excluded_lines": [], "start_line": 619}, "TurboDRFViewSet.search_fields": {"executed_lines": [680, 681, 682, 687, 688, 689, 691, 692, 693, 694, 696, 697, 698, 700, 701, 703, 707, 708, 709], "summary": {"covered_lines": 19, "num_statements": 19, "percent_covered": 100.0, "percent_covered_display": "100", "missing_lines": 0, "excluded_lines": 0, "percent_statements_covered": 100.0, "percent_statements_covered_display": "100"}, "missing_lines": [], "excluded_lines": [], "start_line": 669}, "TurboDRFViewSet.ordering_fields": {"executed_lines": [720, 721, 722, 725, 727, 731, 732, 734, 740], "summary": {"covered_lines": 9, "num_statements": 10, "percent_covered": 90.0, "percent_covered_display": "90", "missing_lines": 1, "excluded_lines": 0, "percent_statements_covered": 90.0, "percent_statements_covered_display": "90"}, "missing_lines": [723], "excluded_lines": [], "start_line": 712}, "TurboDRFViewSet.get_filterset_fields": {"executed_lines": [765, 767, 770, 851, 853, 858, 861, 862, 863, 864, 865, 866, 867, 868, 871, 872, 874, 875, 878, 880], "summary": {"covered_lines": 20, "num_statements": 21, "percent_covered": 95.23809523809524, "percent_covered_display": "95", "missing_lines": 1, "excluded_lines": 0, "percent_statements_covered": 95.23809523809524, "percent_statements_covered_display": "95"}, "missing_lines": [873], "excluded_lines": [], "start_line": 742}, "TurboDRFViewSet.get_filterset_fields.get_field_lookups": {"executed_lines": [771, 775, 776, 777, 780, 781, 783, 789, 790, 794, 795, 799, 803, 807, 808, 810, 820, 822, 823, 825, 831, 833, 834, 839, 840, 842, 843, 845], "summary": {"covered_lines": 28, "num_statements": 35, "percent_covered": 80.0, "percent_covered_display": "80", "missing_lines": 7, "excluded_lines": 0, "percent_statements_covered": 80.0, "percent_statements_covered_display": "80"}, "missing_lines": [784, 785, 786, 792, 793, 800, 848], "excluded_lines": [], "start_line": 770}, "TurboDRFViewSet._get_filterable_fields": {"executed_lines": [888, 889, 890, 891, 893, 894, 895, 897, 898, 900, 902, 903, 904, 905, 907, 909, 910, 911, 912], "summary": {"covered_lines": 19, "num_statements": 19, "percent_covered": 100.0, "percent_covered_display": "100", "missing_lines": 0, "excluded_lines": 0, "percent_statements_covered": 100.0, "percent_statements_covered_display": "100"}, "missing_lines": [], "excluded_lines": [], "start_line": 882}, "TurboDRFViewSet.filterset_fields": {"executed_lines": [918], "summary": {"covered_lines": 1, "num_statements": 1, "percent_covered": 100.0, "percent_covered_display": "100", "missing_lines": 0, "excluded_lines": 0, "percent_statements_covered": 100.0, "percent_statements_covered_display": "100"}, "missing_lines": [], "excluded_lines": [], "start_line": 915}, "TurboDRFViewSet.create": {"executed_lines": [935, 936, 937, 938, 939, 940], "summary": {"covered_lines": 6, "num_statements": 6, "percent_covered": 100.0, "percent_covered_display": "100", "missing_lines": 0, "excluded_lines": 0, "percent_statements_covered": 100.0, "percent_statements_covered_display": "100"}, "missing_lines": [], "excluded_lines": [], "start_line": 920}, "TurboDRFViewSet._prefill_required_fields": {"executed_lines": [949, 951, 958, 959, 961, 962, 967, 968, 969, 970, 971, 974, 975, 976, 977, 978, 980], "summary": {"covered_lines": 17, "num_statements": 20, "percent_covered": 85.0, "percent_covered_display": "85", "missing_lines": 3, "excluded_lines": 0, "percent_statements_covered": 85.0, "percent_statements_covered_display": "85"}, "missing_lines": [952, 963, 964], "excluded_lines": [], "start_line": 944}, "": {"executed_lines": [1, 2, 3, 4, 5, 6, 8, 9, 10, 11, 12, 15, 43, 44, 45, 47, 78, 81, 111, 162, 173, 174, 175, 183, 184, 186, 195, 196, 198, 203, 204, 205, 212, 236, 256, 266, 279, 327, 373, 399, 425, 453, 619, 668, 669, 711, 712, 742, 882, 914, 915, 920, 944], "summary": {"covered_lines": 53, "num_statements": 59, "percent_covered": 89.83050847457628, "percent_covered_display": "90", "missing_lines": 6, "excluded_lines": 0, "percent_statements_covered": 89.83050847457628, "percent_statements_covered_display": "90"}, "missing_lines": [187, 189, 190, 191, 199, 201], "excluded_lines": [], "start_line": 1}}, "classes": {"TurboDRFPagination": {"executed_lines": [61, 63], "summary": {"covered_lines": 2, "num_statements": 2, "percent_covered": 100.0, "percent_covered_display": "100", "missing_lines": 0, "excluded_lines": 0, "percent_statements_covered": 100.0, "percent_statements_covered_display": "100"}, "missing_lines": [], "excluded_lines": [], "start_line": 15}, "TurboDRFViewSet": {"executed_lines": [221, 223, 224, 226, 227, 228, 229, 230, 231, 232, 233, 234, 240, 242, 244, 245, 246, 247, 248, 249, 250, 251, 252, 253, 254, 262, 263, 264, 267, 269, 270, 272, 276, 277, 280, 282, 285, 289, 292, 296, 297, 299, 300, 302, 307, 308, 311, 319, 320, 321, 322, 324, 325, 334, 335, 336, 339, 340, 341, 342, 345, 346, 347, 349, 350, 351, 354, 355, 356, 361, 362, 363, 364, 365, 368, 369, 371, 381, 382, 383, 384, 386, 388, 391, 392, 394, 395, 396, 397, 407, 408, 409, 412, 413, 415, 416, 417, 419, 420, 421, 422, 423, 432, 433, 434, 437, 438, 440, 441, 442, 444, 445, 451, 490, 491, 494, 496, 497, 498, 501, 503, 505, 508, 513, 514, 515, 517, 519, 521, 522, 523, 525, 526, 527, 528, 530, 533, 534, 535, 537, 540, 541, 546, 548, 554, 555, 560, 565, 567, 572, 581, 582, 585, 586, 591, 593, 617, 626, 627, 632, 633, 637, 638, 640, 641, 644, 645, 646, 648, 649, 650, 652, 653, 660, 661, 662, 663, 664, 666, 680, 681, 682, 687, 688, 689, 691, 692, 693, 694, 696, 697, 698, 700, 701, 703, 707, 708, 709, 720, 721, 722, 725, 727, 731, 732, 734, 740, 765, 767, 770, 771, 775, 776, 777, 780, 781, 783, 789, 790, 794, 795, 799, 803, 807, 808, 810, 820, 822, 823, 825, 831, 833, 834, 839, 840, 842, 843, 845, 851, 853, 858, 861, 862, 863, 864, 865, 866, 867, 868, 871, 872, 874, 875, 878, 880, 888, 889, 890, 891, 893, 894, 895, 897, 898, 900, 902, 903, 904, 905, 907, 909, 910, 911, 912, 918, 935, 936, 937, 938, 939, 940, 949, 951, 958, 959, 961, 962, 967, 968, 969, 970, 971, 974, 975, 976, 977, 978, 980], "summary": {"covered_lines": 298, "num_statements": 314, "percent_covered": 94.90445859872611, "percent_covered_display": "95", "missing_lines": 16, "excluded_lines": 0, "percent_statements_covered": 94.90445859872611, "percent_statements_covered_display": "95"}, "missing_lines": [410, 435, 446, 629, 723, 784, 785, 786, 792, 793, 800, 848, 873, 952, 963, 964], "excluded_lines": [], "start_line": 111}, "": {"executed_lines": [1, 2, 3, 4, 5, 6, 8, 9, 10, 11, 12, 15, 43, 44, 45, 47, 78, 81, 89, 91, 92, 93, 95, 96, 97, 98, 99, 100, 101, 102, 103, 104, 105, 106, 107, 111, 162, 173, 174, 175, 183, 184, 186, 195, 196, 198, 203, 204, 205, 212, 236, 256, 266, 279, 327, 373, 399, 425, 453, 619, 668, 669, 711, 712, 742, 882, 914, 915, 920, 944], "summary": {"covered_lines": 70, "num_statements": 78, "percent_covered": 89.74358974358974, "percent_covered_display": "90", "missing_lines": 8, "excluded_lines": 0, "percent_statements_covered": 89.74358974358974, "percent_statements_covered_display": "90"}, "missing_lines": [94, 108, 187, 189, 190, 191, 199, 201], "excluded_lines": [], "start_line": 1}}}}, "totals": {"covered_lines": 2940, "num_statements": 3080, "percent_covered": 95.45454545454545, "percent_covered_display": "95", "missing_lines": 140, "excluded_lines": 15, "percent_statements_covered": 95.45454545454545, "percent_statements_covered_display": "95"}}