{"meta": {"format": 3, "version": "7.15.1", "timestamp": "2026-07-12T23:07:59.374784", "branch_coverage": false, "show_contexts": false}, "files": {"turbodrf/__init__.py": {"executed_lines": [37, 38, 39, 40, 44, 46, 47, 49, 50, 51, 53, 54, 55, 57, 58, 59, 61, 62, 63, 65, 66, 67, 69, 70, 74, 77], "summary": {"covered_lines": 26, "num_statements": 28, "percent_covered": 92.85714285714286, "percent_covered_display": "93", "missing_lines": 2, "excluded_lines": 0, "percent_statements_covered": 92.85714285714286, "percent_statements_covered_display": "93"}, "missing_lines": [71, 73], "excluded_lines": [], "functions": {"__getattr__": {"executed_lines": [46, 47, 49, 50, 51, 53, 54, 55, 57, 58, 59, 61, 62, 63, 65, 66, 67, 69, 70, 74], "summary": {"covered_lines": 20, "num_statements": 22, "percent_covered": 90.9090909090909, "percent_covered_display": "91", "missing_lines": 2, "excluded_lines": 0, "percent_statements_covered": 90.9090909090909, "percent_statements_covered_display": "91"}, "missing_lines": [71, 73], "excluded_lines": [], "start_line": 44}, "": {"executed_lines": [37, 38, 39, 40, 44, 77], "summary": {"covered_lines": 6, "num_statements": 6, "percent_covered": 100.0, "percent_covered_display": "100", "missing_lines": 0, "excluded_lines": 0, "percent_statements_covered": 100.0, "percent_statements_covered_display": "100"}, "missing_lines": [], "excluded_lines": [], "start_line": 1}}, "classes": {"": {"executed_lines": [37, 38, 39, 40, 44, 46, 47, 49, 50, 51, 53, 54, 55, 57, 58, 59, 61, 62, 63, 65, 66, 67, 69, 70, 74, 77], "summary": {"covered_lines": 26, "num_statements": 28, "percent_covered": 92.85714285714286, "percent_covered_display": "93", "missing_lines": 2, "excluded_lines": 0, "percent_statements_covered": 92.85714285714286, "percent_statements_covered_display": "93"}, "missing_lines": [71, 73], "excluded_lines": [], "start_line": 1}}}, "turbodrf/apps.py": {"executed_lines": [1, 2, 5, 6, 7, 8, 10, 15, 16, 18, 26, 28, 29, 32, 33], "summary": {"covered_lines": 15, "num_statements": 15, "percent_covered": 100.0, "percent_covered_display": "100", "missing_lines": 0, "excluded_lines": 0, "percent_statements_covered": 100.0, "percent_statements_covered_display": "100"}, "missing_lines": [], "excluded_lines": [], "functions": {"TurboDRFConfig.ready": {"executed_lines": [15, 16], "summary": {"covered_lines": 2, "num_statements": 2, "percent_covered": 100.0, "percent_covered_display": "100", "missing_lines": 0, "excluded_lines": 0, "percent_statements_covered": 100.0, "percent_statements_covered_display": "100"}, "missing_lines": [], "excluded_lines": [], "start_line": 10}, "TurboDRFConfig._ensure_drf_yasg_installed": {"executed_lines": [26, 28, 29, 32, 33], "summary": {"covered_lines": 5, "num_statements": 5, "percent_covered": 100.0, "percent_covered_display": "100", "missing_lines": 0, "excluded_lines": 0, "percent_statements_covered": 100.0, "percent_statements_covered_display": "100"}, "missing_lines": [], "excluded_lines": [], "start_line": 18}, "": {"executed_lines": [1, 2, 5, 6, 7, 8, 10, 18], "summary": {"covered_lines": 8, "num_statements": 8, "percent_covered": 100.0, "percent_covered_display": "100", "missing_lines": 0, "excluded_lines": 0, "percent_statements_covered": 100.0, "percent_statements_covered_display": "100"}, "missing_lines": [], "excluded_lines": [], "start_line": 1}}, "classes": {"TurboDRFConfig": {"executed_lines": [15, 16, 26, 28, 29, 32, 33], "summary": {"covered_lines": 7, "num_statements": 7, "percent_covered": 100.0, "percent_covered_display": "100", "missing_lines": 0, "excluded_lines": 0, "percent_statements_covered": 100.0, "percent_statements_covered_display": "100"}, "missing_lines": [], "excluded_lines": [], "start_line": 5}, "": {"executed_lines": [1, 2, 5, 6, 7, 8, 10, 18], "summary": {"covered_lines": 8, "num_statements": 8, "percent_covered": 100.0, "percent_covered_display": "100", "missing_lines": 0, "excluded_lines": 0, "percent_statements_covered": 100.0, "percent_statements_covered_display": "100"}, "missing_lines": [], "excluded_lines": [], "start_line": 1}}}, "turbodrf/backends.py": {"executed_lines": [8, 9, 10, 12, 13, 16, 17, 47, 48, 49, 50, 51, 53, 55, 57, 59, 61, 63, 65, 67, 69, 71, 74, 81, 84, 95, 97, 98, 99, 101, 102, 103, 104, 105, 107, 108, 109, 111, 113, 115, 117, 122, 123, 127, 128, 129, 133, 136, 149, 151, 153, 154, 155, 158, 159, 160, 161, 164, 165, 167, 168, 169, 170, 171, 172, 173, 174, 175, 176, 179, 180, 181, 182, 185, 186, 190, 191, 193, 194, 196, 198, 200, 201, 202, 203, 206, 207, 210, 211, 212, 213, 216, 220, 222, 225, 239, 241, 242, 243, 246, 247, 248, 253, 257, 262, 263, 266, 267, 268, 270, 271, 273, 274, 275, 276, 277, 278, 281, 282, 285, 287, 289, 290, 292, 294, 296, 297, 298, 301, 302, 305, 306, 307, 310, 314, 316, 319, 332, 336, 344, 345, 350, 355, 356, 357, 362, 364, 365, 366, 368, 371, 379, 385, 386, 387, 390, 391, 397, 401, 404, 415, 416, 417, 418, 421, 430, 431, 434, 435, 438, 441, 464, 465, 466, 467, 470, 472, 473, 476, 479, 480, 482, 485, 496, 497, 499, 501, 502, 503, 505, 508, 519, 520, 522, 523], "summary": {"covered_lines": 195, "num_statements": 197, "percent_covered": 98.98477157360406, "percent_covered_display": "99", "missing_lines": 2, "excluded_lines": 0, "percent_statements_covered": 98.98477157360406, "percent_statements_covered_display": "99"}, "missing_lines": [130, 131], "excluded_lines": [], "functions": {"PermissionSnapshot.can_perform_action": {"executed_lines": [55], "summary": {"covered_lines": 1, "num_statements": 1, "percent_covered": 100.0, "percent_covered_display": "100", "missing_lines": 0, "excluded_lines": 0, "percent_statements_covered": 100.0, "percent_statements_covered_display": "100"}, "missing_lines": [], "excluded_lines": [], "start_line": 53}, "PermissionSnapshot.can_read_field": {"executed_lines": [59], "summary": {"covered_lines": 1, "num_statements": 1, "percent_covered": 100.0, "percent_covered_display": "100", "missing_lines": 0, "excluded_lines": 0, "percent_statements_covered": 100.0, "percent_statements_covered_display": "100"}, "missing_lines": [], "excluded_lines": [], "start_line": 57}, "PermissionSnapshot.can_write_field": {"executed_lines": [63], "summary": {"covered_lines": 1, "num_statements": 1, "percent_covered": 100.0, "percent_covered_display": "100", "missing_lines": 0, "excluded_lines": 0, "percent_statements_covered": 100.0, "percent_statements_covered_display": "100"}, "missing_lines": [], "excluded_lines": [], "start_line": 61}, "PermissionSnapshot.has_read_rule": {"executed_lines": [67], "summary": {"covered_lines": 1, "num_statements": 1, "percent_covered": 100.0, "percent_covered_display": "100", "missing_lines": 0, "excluded_lines": 0, "percent_statements_covered": 100.0, "percent_statements_covered_display": "100"}, "missing_lines": [], "excluded_lines": [], "start_line": 65}, "PermissionSnapshot.has_write_rule": {"executed_lines": [71], "summary": {"covered_lines": 1, "num_statements": 1, "percent_covered": 100.0, "percent_covered_display": "100", "missing_lines": 0, "excluded_lines": 0, "percent_statements_covered": 100.0, "percent_statements_covered_display": "100"}, "missing_lines": [], "excluded_lines": [], "start_line": 69}, "get_permission_mode": {"executed_lines": [81], "summary": {"covered_lines": 1, "num_statements": 1, "percent_covered": 100.0, "percent_covered_display": "100", "missing_lines": 0, "excluded_lines": 0, "percent_statements_covered": 100.0, "percent_statements_covered_display": "100"}, "missing_lines": [], "excluded_lines": [], "start_line": 74}, "get_user_roles": {"executed_lines": [95, 97, 98, 99, 101, 102, 103, 104, 105, 107, 108, 109, 111, 113, 115, 117, 122, 123, 127, 128, 129, 133], "summary": {"covered_lines": 22, "num_statements": 24, "percent_covered": 91.66666666666667, "percent_covered_display": "92", "missing_lines": 2, "excluded_lines": 0, "percent_statements_covered": 91.66666666666667, "percent_statements_covered_display": "92"}, "missing_lines": [130, 131], "excluded_lines": [], "start_line": 84}, "build_permission_snapshot_static": {"executed_lines": [149, 151, 153, 154, 155, 158, 159, 160, 161, 164, 165, 167, 168, 169, 170, 171, 172, 173, 174, 175, 176, 179, 180, 181, 182, 185, 186, 190, 191, 193, 194, 196, 198, 200, 201, 202, 203, 206, 207, 210, 211, 212, 213, 216, 220, 222], "summary": {"covered_lines": 46, "num_statements": 46, "percent_covered": 100.0, "percent_covered_display": "100", "missing_lines": 0, "excluded_lines": 0, "percent_statements_covered": 100.0, "percent_statements_covered_display": "100"}, "missing_lines": [], "excluded_lines": [], "start_line": 136}, "build_permission_snapshot_database": {"executed_lines": [239, 241, 242, 243, 246, 247, 248, 253, 257, 262, 263, 266, 267, 268, 270, 271, 273, 274, 275, 276, 277, 278, 281, 282, 285, 287, 289, 290, 292, 294, 296, 297, 298, 301, 302, 305, 306, 307, 310, 314, 316], "summary": {"covered_lines": 41, "num_statements": 41, "percent_covered": 100.0, "percent_covered_display": "100", "missing_lines": 0, "excluded_lines": 0, "percent_statements_covered": 100.0, "percent_statements_covered_display": "100"}, "missing_lines": [], "excluded_lines": [], "start_line": 225}, "get_cache_key": {"executed_lines": [332, 336, 344, 345, 350, 355, 356, 357, 362, 364, 365, 366, 368, 371, 379, 385, 386, 387, 390, 391, 397, 401], "summary": {"covered_lines": 22, "num_statements": 22, "percent_covered": 100.0, "percent_covered_display": "100", "missing_lines": 0, "excluded_lines": 0, "percent_statements_covered": 100.0, "percent_statements_covered_display": "100"}, "missing_lines": [], "excluded_lines": [], "start_line": 319}, "get_cached_snapshot": {"executed_lines": [415, 416, 417, 418], "summary": {"covered_lines": 4, "num_statements": 4, "percent_covered": 100.0, "percent_covered_display": "100", "missing_lines": 0, "excluded_lines": 0, "percent_statements_covered": 100.0, "percent_statements_covered_display": "100"}, "missing_lines": [], "excluded_lines": [], "start_line": 404}, "set_cached_snapshot": {"executed_lines": [430, 431, 434, 435, 438], "summary": {"covered_lines": 5, "num_statements": 5, "percent_covered": 100.0, "percent_covered_display": "100", "missing_lines": 0, "excluded_lines": 0, "percent_statements_covered": 100.0, "percent_statements_covered_display": "100"}, "missing_lines": [], "excluded_lines": [], "start_line": 421}, "build_permission_snapshot": {"executed_lines": [464, 465, 466, 467, 470, 472, 473, 476, 479, 480, 482], "summary": {"covered_lines": 11, "num_statements": 11, "percent_covered": 100.0, "percent_covered_display": "100", "missing_lines": 0, "excluded_lines": 0, "percent_statements_covered": 100.0, "percent_statements_covered_display": "100"}, "missing_lines": [], "excluded_lines": [], "start_line": 441}, "attach_snapshot_to_request": {"executed_lines": [496, 497, 499, 501, 502, 503, 505], "summary": {"covered_lines": 7, "num_statements": 7, "percent_covered": 100.0, "percent_covered_display": "100", "missing_lines": 0, "excluded_lines": 0, "percent_statements_covered": 100.0, "percent_statements_covered_display": "100"}, "missing_lines": [], "excluded_lines": [], "start_line": 485}, "get_snapshot_from_request": {"executed_lines": [519, 520, 522, 523], "summary": {"covered_lines": 4, "num_statements": 4, "percent_covered": 100.0, "percent_covered_display": "100", "missing_lines": 0, "excluded_lines": 0, "percent_statements_covered": 100.0, "percent_statements_covered_display": "100"}, "missing_lines": [], "excluded_lines": [], "start_line": 508}, "": {"executed_lines": [8, 9, 10, 12, 13, 16, 17, 47, 48, 49, 50, 51, 53, 57, 61, 65, 69, 74, 84, 136, 225, 319, 404, 421, 441, 485, 508], "summary": {"covered_lines": 27, "num_statements": 27, "percent_covered": 100.0, "percent_covered_display": "100", "missing_lines": 0, "excluded_lines": 0, "percent_statements_covered": 100.0, "percent_statements_covered_display": "100"}, "missing_lines": [], "excluded_lines": [], "start_line": 1}}, "classes": {"PermissionSnapshot": {"executed_lines": [55, 59, 63, 67, 71], "summary": {"covered_lines": 5, "num_statements": 5, "percent_covered": 100.0, "percent_covered_display": "100", "missing_lines": 0, "excluded_lines": 0, "percent_statements_covered": 100.0, "percent_statements_covered_display": "100"}, "missing_lines": [], "excluded_lines": [], "start_line": 17}, "": {"executed_lines": [8, 9, 10, 12, 13, 16, 17, 47, 48, 49, 50, 51, 53, 57, 61, 65, 69, 74, 81, 84, 95, 97, 98, 99, 101, 102, 103, 104, 105, 107, 108, 109, 111, 113, 115, 117, 122, 123, 127, 128, 129, 133, 136, 149, 151, 153, 154, 155, 158, 159, 160, 161, 164, 165, 167, 168, 169, 170, 171, 172, 173, 174, 175, 176, 179, 180, 181, 182, 185, 186, 190, 191, 193, 194, 196, 198, 200, 201, 202, 203, 206, 207, 210, 211, 212, 213, 216, 220, 222, 225, 239, 241, 242, 243, 246, 247, 248, 253, 257, 262, 263, 266, 267, 268, 270, 271, 273, 274, 275, 276, 277, 278, 281, 282, 285, 287, 289, 290, 292, 294, 296, 297, 298, 301, 302, 305, 306, 307, 310, 314, 316, 319, 332, 336, 344, 345, 350, 355, 356, 357, 362, 364, 365, 366, 368, 371, 379, 385, 386, 387, 390, 391, 397, 401, 404, 415, 416, 417, 418, 421, 430, 431, 434, 435, 438, 441, 464, 465, 466, 467, 470, 472, 473, 476, 479, 480, 482, 485, 496, 497, 499, 501, 502, 503, 505, 508, 519, 520, 522, 523], "summary": {"covered_lines": 190, "num_statements": 192, "percent_covered": 98.95833333333333, "percent_covered_display": "99", "missing_lines": 2, "excluded_lines": 0, "percent_statements_covered": 98.95833333333333, "percent_statements_covered_display": "99"}, "missing_lines": [130, 131], "excluded_lines": [], "start_line": 1}}}, "turbodrf/compiler.py": {"executed_lines": [9, 10, 12, 13, 14, 16, 19, 22, 23, 26, 27, 30, 31, 34, 37, 39, 40, 42, 45, 46, 47, 48, 49, 50, 53, 54, 55, 56, 59, 61, 62, 63, 64, 65, 66, 67, 68, 69, 72, 74, 75, 77, 78, 79, 80, 81, 82, 83, 84, 86, 87, 88, 90, 91, 92, 94, 95, 96, 99, 101, 102, 103, 106, 107, 109, 110, 111, 112, 113, 114, 115, 117, 118, 124, 125, 126, 129, 130, 131, 132, 133, 135, 136, 138, 149, 152, 163, 164, 165, 166, 167, 168, 169, 170, 172, 175, 176, 177, 178, 180, 205, 206, 207, 208, 210, 211, 212, 217, 220, 225, 226, 231, 232, 233, 234, 235, 238, 239, 240, 241, 242, 254, 257, 258, 260, 261, 263, 272, 275, 276, 277, 278, 279, 282, 283, 284, 285, 286, 289, 290, 292, 294, 298, 302, 307, 308, 309, 310, 311, 314, 315, 316, 317, 318, 321, 322, 325, 326, 327, 329, 332, 339, 341, 342, 345, 346, 347, 349, 352, 353, 357, 359, 361, 363, 364, 365, 366, 369, 371, 372, 374, 375, 376, 377, 378, 380, 381, 382, 384, 390, 391, 393, 394, 395, 396, 401, 403, 404, 405, 407, 408, 411, 412, 413, 414, 416, 422, 423, 424, 427, 428, 429, 432, 435, 436, 438, 449, 455, 458, 467, 468, 469, 470, 471, 472, 475, 476, 477, 480, 481, 484, 521, 523, 525, 526, 527, 529, 530, 531, 533, 534, 535, 536, 537, 538, 544, 551, 554, 555, 556, 557, 558, 560, 581, 582, 587, 589, 592, 593, 594, 595, 598, 599, 600, 601, 602, 604, 605, 607, 608, 609, 631, 632, 637, 639], "summary": {"covered_lines": 275, "num_statements": 282, "percent_covered": 97.51773049645391, "percent_covered_display": "98", "missing_lines": 7, "excluded_lines": 0, "percent_statements_covered": 97.51773049645391, "percent_statements_covered_display": "98"}, "missing_lines": [93, 134, 299, 473, 474, 545, 596], "excluded_lines": [], "functions": {"register_compiled_plan": {"executed_lines": [23], "summary": {"covered_lines": 1, "num_statements": 1, "percent_covered": 100.0, "percent_covered_display": "100", "missing_lines": 0, "excluded_lines": 0, "percent_statements_covered": 100.0, "percent_statements_covered_display": "100"}, "missing_lines": [], "excluded_lines": [], "start_line": 22}, "get_compiled_plan": {"executed_lines": [27], "summary": {"covered_lines": 1, "num_statements": 1, "percent_covered": 100.0, "percent_covered_display": "100", "missing_lines": 0, "excluded_lines": 0, "percent_statements_covered": 100.0, "percent_statements_covered_display": "100"}, "missing_lines": [], "excluded_lines": [], "start_line": 26}, "is_compiled": {"executed_lines": [31], "summary": {"covered_lines": 1, "num_statements": 1, "percent_covered": 100.0, "percent_covered_display": "100", "missing_lines": 0, "excluded_lines": 0, "percent_statements_covered": 100.0, "percent_statements_covered_display": "100"}, "missing_lines": [], "excluded_lines": [], "start_line": 30}, "DictProxy.__init__": {"executed_lines": [40], "summary": {"covered_lines": 1, "num_statements": 1, "percent_covered": 100.0, "percent_covered_display": "100", "missing_lines": 0, "excluded_lines": 0, "percent_statements_covered": 100.0, "percent_statements_covered_display": "100"}, "missing_lines": [], "excluded_lines": [], "start_line": 39}, "DictProxy.__getattr__": {"executed_lines": [45, 46, 47, 48, 49, 50], "summary": {"covered_lines": 6, "num_statements": 6, "percent_covered": 100.0, "percent_covered_display": "100", "missing_lines": 0, "excluded_lines": 0, "percent_statements_covered": 100.0, "percent_statements_covered_display": "100"}, "missing_lines": [], "excluded_lines": [], "start_line": 42}, "_coerce_decimal": {"executed_lines": [54, 55, 56], "summary": {"covered_lines": 3, "num_statements": 3, "percent_covered": 100.0, "percent_covered_display": "100", "missing_lines": 0, "excluded_lines": 0, "percent_statements_covered": 100.0, "percent_statements_covered_display": "100"}, "missing_lines": [], "excluded_lines": [], "start_line": 53}, "_build_type_coercers": {"executed_lines": [61, 62, 63, 64, 65, 66, 67, 68, 69], "summary": {"covered_lines": 9, "num_statements": 9, "percent_covered": 100.0, "percent_covered_display": "100", "missing_lines": 0, "excluded_lines": 0, "percent_statements_covered": 100.0, "percent_statements_covered_display": "100"}, "missing_lines": [], "excluded_lines": [], "start_line": 59}, "_build_fk_type_coercers": {"executed_lines": [74, 75, 77, 78, 79, 80, 81, 82, 83, 84, 86, 87, 88, 90, 91, 92, 94, 95, 96], "summary": {"covered_lines": 19, "num_statements": 20, "percent_covered": 95.0, "percent_covered_display": "95", "missing_lines": 1, "excluded_lines": 0, "percent_statements_covered": 95.0, "percent_statements_covered_display": "95"}, "missing_lines": [93], "excluded_lines": [], "start_line": 72}, "_compile_m2m_spec": {"executed_lines": [101, 102, 103, 106, 107, 109, 110, 111, 112, 113, 114, 115, 117, 118, 124, 125, 126, 129, 130, 131, 132, 133, 135, 136, 138], "summary": {"covered_lines": 25, "num_statements": 26, "percent_covered": 96.15384615384616, "percent_covered_display": "96", "missing_lines": 1, "excluded_lines": 0, "percent_statements_covered": 96.15384615384616, "percent_statements_covered_display": "96"}, "missing_lines": [134], "excluded_lines": [], "start_line": 99}, "CompiledQueryPlan.__init__": {"executed_lines": [163, 164, 165, 166, 167, 168, 169, 170], "summary": {"covered_lines": 8, "num_statements": 8, "percent_covered": 100.0, "percent_covered_display": "100", "missing_lines": 0, "excluded_lines": 0, "percent_statements_covered": 100.0, "percent_statements_covered_display": "100"}, "missing_lines": [], "excluded_lines": [], "start_line": 152}, "CompiledQueryPlan._fk_base_field": {"executed_lines": [175, 176, 177, 178], "summary": {"covered_lines": 4, "num_statements": 4, "percent_covered": 100.0, "percent_covered_display": "100", "missing_lines": 0, "excluded_lines": 0, "percent_statements_covered": 100.0, "percent_statements_covered_display": "100"}, "missing_lines": [], "excluded_lines": [], "start_line": 172}, "CompiledQueryPlan.apply_to_queryset": {"executed_lines": [205, 206, 207, 208, 210, 211, 212, 217, 220, 225, 226, 231, 232, 233, 234, 235, 238, 239, 240, 241, 242, 254, 257, 258, 260, 261], "summary": {"covered_lines": 26, "num_statements": 26, "percent_covered": 100.0, "percent_covered_display": "100", "missing_lines": 0, "excluded_lines": 0, "percent_statements_covered": 100.0, "percent_statements_covered_display": "100"}, "missing_lines": [], "excluded_lines": [], "start_line": 180}, "CompiledQueryPlan.post_process": {"executed_lines": [272, 275, 276, 277, 278, 279, 282, 283, 284, 285, 286, 289, 290, 292, 294, 298, 302, 307, 308, 309, 310, 311, 314, 315, 316, 317, 318, 321, 322, 325, 326, 327, 329], "summary": {"covered_lines": 33, "num_statements": 34, "percent_covered": 97.05882352941177, "percent_covered_display": "97", "missing_lines": 1, "excluded_lines": 0, "percent_statements_covered": 97.05882352941177, "percent_statements_covered_display": "97"}, "missing_lines": [299], "excluded_lines": [], "start_line": 263}, "compile_model": {"executed_lines": [339, 341, 342, 345, 346, 347, 349, 352, 353, 357, 359, 361, 363, 364, 365, 366, 369, 371, 372, 374, 375, 376, 377, 378, 380, 381, 382, 384, 390, 391, 393, 394, 395, 396, 401, 403, 404, 405, 407, 408, 411, 412, 413, 414, 416, 422, 423, 424, 427, 428, 429, 432, 435, 436, 438, 449, 455], "summary": {"covered_lines": 57, "num_statements": 57, "percent_covered": 100.0, "percent_covered_display": "100", "missing_lines": 0, "excluded_lines": 0, "percent_statements_covered": 100.0, "percent_statements_covered_display": "100"}, "missing_lines": [], "excluded_lines": [], "start_line": 332}, "_walk_fk_annotation_chain": {"executed_lines": [467, 468, 469, 470, 471, 472, 475, 476, 477, 480, 481], "summary": {"covered_lines": 11, "num_statements": 13, "percent_covered": 84.61538461538461, "percent_covered_display": "85", "missing_lines": 2, "excluded_lines": 0, "percent_statements_covered": 84.61538461538461, "percent_statements_covered_display": "85"}, "missing_lines": [473, 474], "excluded_lines": [], "start_line": 458}, "validate_compiled_path_safety": {"executed_lines": [521, 523, 525, 526, 527, 529, 530, 531, 533, 554, 555, 556, 557, 558, 560, 581, 582, 587, 589, 592, 593, 594, 595, 598, 599, 600, 601, 602, 604, 605, 607, 608, 609, 631, 632, 637, 639], "summary": {"covered_lines": 37, "num_statements": 38, "percent_covered": 97.36842105263158, "percent_covered_display": "97", "missing_lines": 1, "excluded_lines": 0, "percent_statements_covered": 97.36842105263158, "percent_statements_covered_display": "97"}, "missing_lines": [596], "excluded_lines": [], "start_line": 484}, "validate_compiled_path_safety._classify_step": {"executed_lines": [534, 535, 536, 537, 538, 544, 551], "summary": {"covered_lines": 7, "num_statements": 8, "percent_covered": 87.5, "percent_covered_display": "88", "missing_lines": 1, "excluded_lines": 0, "percent_statements_covered": 87.5, "percent_statements_covered_display": "88"}, "missing_lines": [545], "excluded_lines": [], "start_line": 533}, "": {"executed_lines": [9, 10, 12, 13, 14, 16, 19, 22, 26, 30, 34, 37, 39, 42, 53, 59, 72, 99, 149, 152, 172, 180, 263, 332, 458, 484], "summary": {"covered_lines": 26, "num_statements": 26, "percent_covered": 100.0, "percent_covered_display": "100", "missing_lines": 0, "excluded_lines": 0, "percent_statements_covered": 100.0, "percent_statements_covered_display": "100"}, "missing_lines": [], "excluded_lines": [], "start_line": 1}}, "classes": {"DictProxy": {"executed_lines": [40, 45, 46, 47, 48, 49, 50], "summary": {"covered_lines": 7, "num_statements": 7, "percent_covered": 100.0, "percent_covered_display": "100", "missing_lines": 0, "excluded_lines": 0, "percent_statements_covered": 100.0, "percent_statements_covered_display": "100"}, "missing_lines": [], "excluded_lines": [], "start_line": 34}, "CompiledQueryPlan": {"executed_lines": [163, 164, 165, 166, 167, 168, 169, 170, 175, 176, 177, 178, 205, 206, 207, 208, 210, 211, 212, 217, 220, 225, 226, 231, 232, 233, 234, 235, 238, 239, 240, 241, 242, 254, 257, 258, 260, 261, 272, 275, 276, 277, 278, 279, 282, 283, 284, 285, 286, 289, 290, 292, 294, 298, 302, 307, 308, 309, 310, 311, 314, 315, 316, 317, 318, 321, 322, 325, 326, 327, 329], "summary": {"covered_lines": 71, "num_statements": 72, "percent_covered": 98.61111111111111, "percent_covered_display": "99", "missing_lines": 1, "excluded_lines": 0, "percent_statements_covered": 98.61111111111111, "percent_statements_covered_display": "99"}, "missing_lines": [299], "excluded_lines": [], "start_line": 149}, "": {"executed_lines": [9, 10, 12, 13, 14, 16, 19, 22, 23, 26, 27, 30, 31, 34, 37, 39, 42, 53, 54, 55, 56, 59, 61, 62, 63, 64, 65, 66, 67, 68, 69, 72, 74, 75, 77, 78, 79, 80, 81, 82, 83, 84, 86, 87, 88, 90, 91, 92, 94, 95, 96, 99, 101, 102, 103, 106, 107, 109, 110, 111, 112, 113, 114, 115, 117, 118, 124, 125, 126, 129, 130, 131, 132, 133, 135, 136, 138, 149, 152, 172, 180, 263, 332, 339, 341, 342, 345, 346, 347, 349, 352, 353, 357, 359, 361, 363, 364, 365, 366, 369, 371, 372, 374, 375, 376, 377, 378, 380, 381, 382, 384, 390, 391, 393, 394, 395, 396, 401, 403, 404, 405, 407, 408, 411, 412, 413, 414, 416, 422, 423, 424, 427, 428, 429, 432, 435, 436, 438, 449, 455, 458, 467, 468, 469, 470, 471, 472, 475, 476, 477, 480, 481, 484, 521, 523, 525, 526, 527, 529, 530, 531, 533, 534, 535, 536, 537, 538, 544, 551, 554, 555, 556, 557, 558, 560, 581, 582, 587, 589, 592, 593, 594, 595, 598, 599, 600, 601, 602, 604, 605, 607, 608, 609, 631, 632, 637, 639], "summary": {"covered_lines": 197, "num_statements": 203, "percent_covered": 97.04433497536945, "percent_covered_display": "97", "missing_lines": 6, "excluded_lines": 0, "percent_statements_covered": 97.04433497536945, "percent_statements_covered_display": "97"}, "missing_lines": [93, 134, 473, 474, 545, 596], "excluded_lines": [], "start_line": 1}}}, "turbodrf/decorators.py": {"executed_lines": [3, 6, 33], "summary": {"covered_lines": 3, "num_statements": 3, "percent_covered": 100.0, "percent_covered_display": "100", "missing_lines": 0, "excluded_lines": 0, "percent_statements_covered": 100.0, "percent_statements_covered_display": "100"}, "missing_lines": [], "excluded_lines": [], "functions": {"turbodrf_action": {"executed_lines": [33], "summary": {"covered_lines": 1, "num_statements": 1, "percent_covered": 100.0, "percent_covered_display": "100", "missing_lines": 0, "excluded_lines": 0, "percent_statements_covered": 100.0, "percent_statements_covered_display": "100"}, "missing_lines": [], "excluded_lines": [], "start_line": 6}, "": {"executed_lines": [3, 6], "summary": {"covered_lines": 2, "num_statements": 2, "percent_covered": 100.0, "percent_covered_display": "100", "missing_lines": 0, "excluded_lines": 0, "percent_statements_covered": 100.0, "percent_statements_covered_display": "100"}, "missing_lines": [], "excluded_lines": [], "start_line": 1}}, "classes": {"": {"executed_lines": [3, 6, 33], "summary": {"covered_lines": 3, "num_statements": 3, "percent_covered": 100.0, "percent_covered_display": "100", "missing_lines": 0, "excluded_lines": 0, "percent_statements_covered": 100.0, "percent_statements_covered_display": "100"}, "missing_lines": [], "excluded_lines": [], "start_line": 1}}}, "turbodrf/documentation.py": {"executed_lines": [13, 14, 15, 16, 19, 91, 92, 94, 96, 110], "summary": {"covered_lines": 10, "num_statements": 10, "percent_covered": 100.0, "percent_covered_display": "100", "missing_lines": 0, "excluded_lines": 0, "percent_statements_covered": 100.0, "percent_statements_covered_display": "100"}, "missing_lines": [], "excluded_lines": [], "functions": {"get_turbodrf_schema_view": {"executed_lines": [91, 92, 94, 96, 110], "summary": {"covered_lines": 5, "num_statements": 5, "percent_covered": 100.0, "percent_covered_display": "100", "missing_lines": 0, "excluded_lines": 0, "percent_statements_covered": 100.0, "percent_statements_covered_display": "100"}, "missing_lines": [], "excluded_lines": [], "start_line": 19}, "": {"executed_lines": [13, 14, 15, 16, 19], "summary": {"covered_lines": 5, "num_statements": 5, "percent_covered": 100.0, "percent_covered_display": "100", "missing_lines": 0, "excluded_lines": 0, "percent_statements_covered": 100.0, "percent_statements_covered_display": "100"}, "missing_lines": [], "excluded_lines": [], "start_line": 1}}, "classes": {"": {"executed_lines": [13, 14, 15, 16, 19, 91, 92, 94, 96, 110], "summary": {"covered_lines": 10, "num_statements": 10, "percent_covered": 100.0, "percent_covered_display": "100", "missing_lines": 0, "excluded_lines": 0, "percent_statements_covered": 100.0, "percent_statements_covered_display": "100"}, "missing_lines": [], "excluded_lines": [], "start_line": 1}}}, "turbodrf/exceptions.py": {"executed_lines": [14, 15, 18, 19, 20, 21, 24, 27, 28, 29, 30, 31, 34, 36, 38, 39, 40, 41, 42, 43, 44, 45, 47, 49, 51, 59], "summary": {"covered_lines": 26, "num_statements": 26, "percent_covered": 100.0, "percent_covered_display": "100", "missing_lines": 0, "excluded_lines": 0, "percent_statements_covered": 100.0, "percent_statements_covered_display": "100"}, "missing_lines": [], "excluded_lines": [], "functions": {"_coerce_error_detail": {"executed_lines": [27, 28, 29, 30, 31], "summary": {"covered_lines": 5, "num_statements": 5, "percent_covered": 100.0, "percent_covered_display": "100", "missing_lines": 0, "excluded_lines": 0, "percent_statements_covered": 100.0, "percent_statements_covered_display": "100"}, "missing_lines": [], "excluded_lines": [], "start_line": 24}, "turbodrf_exception_handler": {"executed_lines": [36, 38, 39, 40, 41, 42, 43, 44, 45, 47, 49, 51, 59], "summary": {"covered_lines": 13, "num_statements": 13, "percent_covered": 100.0, "percent_covered_display": "100", "missing_lines": 0, "excluded_lines": 0, "percent_statements_covered": 100.0, "percent_statements_covered_display": "100"}, "missing_lines": [], "excluded_lines": [], "start_line": 34}, "": {"executed_lines": [14, 15, 18, 19, 20, 21, 24, 34], "summary": {"covered_lines": 8, "num_statements": 8, "percent_covered": 100.0, "percent_covered_display": "100", "missing_lines": 0, "excluded_lines": 0, "percent_statements_covered": 100.0, "percent_statements_covered_display": "100"}, "missing_lines": [], "excluded_lines": [], "start_line": 1}}, "classes": {"NoRoleAssigned": {"executed_lines": [], "summary": {"covered_lines": 0, "num_statements": 0, "percent_covered": 100.0, "percent_covered_display": "100", "missing_lines": 0, "excluded_lines": 0, "percent_statements_covered": 100.0, "percent_statements_covered_display": "100"}, "missing_lines": [], "excluded_lines": [], "start_line": 18}, "": {"executed_lines": [14, 15, 18, 19, 20, 21, 24, 27, 28, 29, 30, 31, 34, 36, 38, 39, 40, 41, 42, 43, 44, 45, 47, 49, 51, 59], "summary": {"covered_lines": 26, "num_statements": 26, "percent_covered": 100.0, "percent_covered_display": "100", "missing_lines": 0, "excluded_lines": 0, "percent_statements_covered": 100.0, "percent_statements_covered_display": "100"}, "missing_lines": [], "excluded_lines": [], "start_line": 1}}}, "turbodrf/filter_backends.py": {"executed_lines": [8, 10, 11, 13, 16, 25, 26, 28, 29, 30, 33, 69, 82, 85, 86, 89, 96, 98, 100, 102, 103, 105, 106, 107, 109, 111, 114, 120, 126, 129, 130, 133, 136, 138, 152, 154, 158, 159, 160, 161, 162, 165, 166, 167, 170, 171, 172, 174, 175, 176, 178, 180, 182, 185, 186, 188, 189, 193, 194, 195, 196, 197, 199, 200, 203, 205, 207, 208, 210, 212, 214, 215, 216, 217, 219, 221, 227, 230, 231, 232, 233, 236, 237, 238, 239, 240, 241, 242, 245, 246, 249, 250, 252, 254, 273, 275, 278, 279, 280, 281, 283, 284, 287, 288, 295, 296, 297, 298, 299, 306, 307, 308, 311, 313, 314, 316, 317, 324, 325, 326, 330, 331, 333, 337, 342, 344, 351], "summary": {"covered_lines": 127, "num_statements": 134, "percent_covered": 94.77611940298507, "percent_covered_display": "95", "missing_lines": 7, "excluded_lines": 0, "percent_statements_covered": 94.77611940298507, "percent_statements_covered_display": "95"}, "missing_lines": [163, 164, 211, 213, 218, 339, 340], "excluded_lines": [], "functions": {"TurboDRFSearchFilter.get_search_terms": {"executed_lines": [26, 28, 29, 30], "summary": {"covered_lines": 4, "num_statements": 4, "percent_covered": 100.0, "percent_covered_display": "100", "missing_lines": 0, "excluded_lines": 0, "percent_statements_covered": 100.0, "percent_statements_covered_display": "100"}, "missing_lines": [], "excluded_lines": [], "start_line": 25}, "ORFilterBackend.filter_queryset": {"executed_lines": [82, 85, 86, 89, 96, 98, 100, 102, 103, 105, 106, 107, 109, 111, 114, 120, 126, 129, 130, 133, 136, 138, 152, 154, 158, 170, 171, 172, 174, 175, 176, 178, 180, 182, 185, 186, 188, 189, 193, 194, 195, 196, 197, 199, 200, 203, 205], "summary": {"covered_lines": 47, "num_statements": 47, "percent_covered": 100.0, "percent_covered_display": "100", "missing_lines": 0, "excluded_lines": 0, "percent_statements_covered": 100.0, "percent_statements_covered_display": "100"}, "missing_lines": [], "excluded_lines": [], "start_line": 69}, "ORFilterBackend.filter_queryset._scope_path": {"executed_lines": [159, 160, 161, 162, 165, 166, 167], "summary": {"covered_lines": 7, "num_statements": 9, "percent_covered": 77.77777777777777, "percent_covered_display": "78", "missing_lines": 2, "excluded_lines": 0, "percent_statements_covered": 77.77777777777777, "percent_statements_covered_display": "78"}, "missing_lines": [163, 164], "excluded_lines": [], "start_line": 158}, "ORFilterBackend._parse_bool": {"executed_lines": [210, 212, 214, 215, 216, 217, 219], "summary": {"covered_lines": 7, "num_statements": 10, "percent_covered": 70.0, "percent_covered_display": "70", "missing_lines": 3, "excluded_lines": 0, "percent_statements_covered": 70.0, "percent_statements_covered_display": "70"}, "missing_lines": [211, 213, 218], "excluded_lines": [], "start_line": 208}, "ORFilterBackend._get_valid_filter_fields": {"executed_lines": [227, 230, 231, 232, 233, 236, 237, 238, 239, 240, 241, 242, 245, 246, 249, 250, 252], "summary": {"covered_lines": 17, "num_statements": 17, "percent_covered": 100.0, "percent_covered_display": "100", "missing_lines": 0, "excluded_lines": 0, "percent_statements_covered": 100.0, "percent_statements_covered_display": "100"}, "missing_lines": [], "excluded_lines": [], "start_line": 221}, "ORFilterBackend._is_valid_filter_field": {"executed_lines": [273, 275, 278, 279, 280, 281, 283, 284, 287, 288, 295, 296, 297, 298, 299, 306, 307, 308, 311, 313, 314, 316, 317, 324, 325, 326, 330, 331, 333, 337, 342], "summary": {"covered_lines": 31, "num_statements": 33, "percent_covered": 93.93939393939394, "percent_covered_display": "94", "missing_lines": 2, "excluded_lines": 0, "percent_statements_covered": 93.93939393939394, "percent_statements_covered_display": "94"}, "missing_lines": [339, 340], "excluded_lines": [], "start_line": 254}, "ORFilterBackend.get_schema_operation_parameters": {"executed_lines": [351], "summary": {"covered_lines": 1, "num_statements": 1, "percent_covered": 100.0, "percent_covered_display": "100", "missing_lines": 0, "excluded_lines": 0, "percent_statements_covered": 100.0, "percent_statements_covered_display": "100"}, "missing_lines": [], "excluded_lines": [], "start_line": 344}, "": {"executed_lines": [8, 10, 11, 13, 16, 25, 33, 69, 207, 208, 221, 254, 344], "summary": {"covered_lines": 13, "num_statements": 13, "percent_covered": 100.0, "percent_covered_display": "100", "missing_lines": 0, "excluded_lines": 0, "percent_statements_covered": 100.0, "percent_statements_covered_display": "100"}, "missing_lines": [], "excluded_lines": [], "start_line": 1}}, "classes": {"TurboDRFSearchFilter": {"executed_lines": [26, 28, 29, 30], "summary": {"covered_lines": 4, "num_statements": 4, "percent_covered": 100.0, "percent_covered_display": "100", "missing_lines": 0, "excluded_lines": 0, "percent_statements_covered": 100.0, "percent_statements_covered_display": "100"}, "missing_lines": [], "excluded_lines": [], "start_line": 16}, "ORFilterBackend": {"executed_lines": [82, 85, 86, 89, 96, 98, 100, 102, 103, 105, 106, 107, 109, 111, 114, 120, 126, 129, 130, 133, 136, 138, 152, 154, 158, 159, 160, 161, 162, 165, 166, 167, 170, 171, 172, 174, 175, 176, 178, 180, 182, 185, 186, 188, 189, 193, 194, 195, 196, 197, 199, 200, 203, 205, 210, 212, 214, 215, 216, 217, 219, 227, 230, 231, 232, 233, 236, 237, 238, 239, 240, 241, 242, 245, 246, 249, 250, 252, 273, 275, 278, 279, 280, 281, 283, 284, 287, 288, 295, 296, 297, 298, 299, 306, 307, 308, 311, 313, 314, 316, 317, 324, 325, 326, 330, 331, 333, 337, 342, 351], "summary": {"covered_lines": 110, "num_statements": 117, "percent_covered": 94.01709401709402, "percent_covered_display": "94", "missing_lines": 7, "excluded_lines": 0, "percent_statements_covered": 94.01709401709402, "percent_statements_covered_display": "94"}, "missing_lines": [163, 164, 211, 213, 218, 339, 340], "excluded_lines": [], "start_line": 33}, "": {"executed_lines": [8, 10, 11, 13, 16, 25, 33, 69, 207, 208, 221, 254, 344], "summary": {"covered_lines": 13, "num_statements": 13, "percent_covered": 100.0, "percent_covered_display": "100", "missing_lines": 0, "excluded_lines": 0, "percent_statements_covered": 100.0, "percent_statements_covered_display": "100"}, "missing_lines": [], "excluded_lines": [], "start_line": 1}}}, "turbodrf/integrations/__init__.py": {"executed_lines": [7, 15, 25], "summary": {"covered_lines": 3, "num_statements": 3, "percent_covered": 100.0, "percent_covered_display": "100", "missing_lines": 0, "excluded_lines": 0, "percent_statements_covered": 100.0, "percent_statements_covered_display": "100"}, "missing_lines": [], "excluded_lines": [], "functions": {"": {"executed_lines": [7, 15, 25], "summary": {"covered_lines": 3, "num_statements": 3, "percent_covered": 100.0, "percent_covered_display": "100", "missing_lines": 0, "excluded_lines": 0, "percent_statements_covered": 100.0, "percent_statements_covered_display": "100"}, "missing_lines": [], "excluded_lines": [], "start_line": 1}}, "classes": {"": {"executed_lines": [7, 15, 25], "summary": {"covered_lines": 3, "num_statements": 3, "percent_covered": 100.0, "percent_covered_display": "100", "missing_lines": 0, "excluded_lines": 0, "percent_statements_covered": 100.0, "percent_statements_covered_display": "100"}, "missing_lines": [], "excluded_lines": [], "start_line": 1}}}, "turbodrf/integrations/allauth.py": {"executed_lines": [8, 10, 11, 14, 21, 24, 31, 34, 42, 45, 72, 74, 75, 76, 78, 81, 83, 85, 88, 109, 116, 118, 129, 132, 137, 141, 145, 148, 149, 151, 153, 154, 157, 172], "summary": {"covered_lines": 34, "num_statements": 34, "percent_covered": 100.0, "percent_covered_display": "100", "missing_lines": 0, "excluded_lines": 0, "percent_statements_covered": 100.0, "percent_statements_covered_display": "100"}, "missing_lines": [], "excluded_lines": [], "functions": {"is_allauth_installed": {"executed_lines": [21], "summary": {"covered_lines": 1, "num_statements": 1, "percent_covered": 100.0, "percent_covered_display": "100", "missing_lines": 0, "excluded_lines": 0, "percent_statements_covered": 100.0, "percent_statements_covered_display": "100"}, "missing_lines": [], "excluded_lines": [], "start_line": 14}, "is_integration_enabled": {"executed_lines": [31], "summary": {"covered_lines": 1, "num_statements": 1, "percent_covered": 100.0, "percent_covered_display": "100", "missing_lines": 0, "excluded_lines": 0, "percent_statements_covered": 100.0, "percent_statements_covered_display": "100"}, "missing_lines": [], "excluded_lines": [], "start_line": 24}, "get_role_mapping": {"executed_lines": [42], "summary": {"covered_lines": 1, "num_statements": 1, "percent_covered": 100.0, "percent_covered_display": "100", "missing_lines": 0, "excluded_lines": 0, "percent_statements_covered": 100.0, "percent_statements_covered_display": "100"}, "missing_lines": [], "excluded_lines": [], "start_line": 34}, "get_user_roles_from_groups": {"executed_lines": [72, 74, 75, 76, 78, 81, 83, 85], "summary": {"covered_lines": 8, "num_statements": 8, "percent_covered": 100.0, "percent_covered_display": "100", "missing_lines": 0, "excluded_lines": 0, "percent_statements_covered": 100.0, "percent_statements_covered_display": "100"}, "missing_lines": [], "excluded_lines": [], "start_line": 45}, "AllAuthRoleMiddleware.__init__": {"executed_lines": [116], "summary": {"covered_lines": 1, "num_statements": 1, "percent_covered": 100.0, "percent_covered_display": "100", "missing_lines": 0, "excluded_lines": 0, "percent_statements_covered": 100.0, "percent_statements_covered_display": "100"}, "missing_lines": [], "excluded_lines": [], "start_line": 109}, "AllAuthRoleMiddleware.__call__": {"executed_lines": [129, 132, 137, 141, 145, 148, 149, 151, 153, 154], "summary": {"covered_lines": 10, "num_statements": 10, "percent_covered": 100.0, "percent_covered_display": "100", "missing_lines": 0, "excluded_lines": 0, "percent_statements_covered": 100.0, "percent_statements_covered_display": "100"}, "missing_lines": [], "excluded_lines": [], "start_line": 118}, "setup_allauth_integration": {"executed_lines": [172], "summary": {"covered_lines": 1, "num_statements": 1, "percent_covered": 100.0, "percent_covered_display": "100", "missing_lines": 0, "excluded_lines": 0, "percent_statements_covered": 100.0, "percent_statements_covered_display": "100"}, "missing_lines": [], "excluded_lines": [], "start_line": 157}, "": {"executed_lines": [8, 10, 11, 14, 24, 34, 45, 88, 109, 118, 157], "summary": {"covered_lines": 11, "num_statements": 11, "percent_covered": 100.0, "percent_covered_display": "100", "missing_lines": 0, "excluded_lines": 0, "percent_statements_covered": 100.0, "percent_statements_covered_display": "100"}, "missing_lines": [], "excluded_lines": [], "start_line": 1}}, "classes": {"AllAuthRoleMiddleware": {"executed_lines": [116, 129, 132, 137, 141, 145, 148, 149, 151, 153, 154], "summary": {"covered_lines": 11, "num_statements": 11, "percent_covered": 100.0, "percent_covered_display": "100", "missing_lines": 0, "excluded_lines": 0, "percent_statements_covered": 100.0, "percent_statements_covered_display": "100"}, "missing_lines": [], "excluded_lines": [], "start_line": 88}, "": {"executed_lines": [8, 10, 11, 14, 21, 24, 31, 34, 42, 45, 72, 74, 75, 76, 78, 81, 83, 85, 88, 109, 118, 157, 172], "summary": {"covered_lines": 23, "num_statements": 23, "percent_covered": 100.0, "percent_covered_display": "100", "missing_lines": 0, "excluded_lines": 0, "percent_statements_covered": 100.0, "percent_statements_covered_display": "100"}, "missing_lines": [], "excluded_lines": [], "start_line": 1}}}, "turbodrf/integrations/allauth_roles.py": {"executed_lines": [8, 11, 28, 30, 31, 32, 34, 37, 54, 57, 76, 77, 79, 80, 81, 83, 86, 115, 116, 118, 119, 121, 124, 141, 144, 163, 166, 167, 168, 169, 170, 172, 175, 190, 191, 192, 193, 195, 197, 198], "summary": {"covered_lines": 40, "num_statements": 40, "percent_covered": 100.0, "percent_covered_display": "100", "missing_lines": 0, "excluded_lines": 0, "percent_statements_covered": 100.0, "percent_statements_covered_display": "100"}, "missing_lines": [], "excluded_lines": [], "functions": {"create_role_groups": {"executed_lines": [28, 30, 31, 32, 34], "summary": {"covered_lines": 5, "num_statements": 5, "percent_covered": 100.0, "percent_covered_display": "100", "missing_lines": 0, "excluded_lines": 0, "percent_statements_covered": 100.0, "percent_statements_covered_display": "100"}, "missing_lines": [], "excluded_lines": [], "start_line": 11}, "sync_groups_to_roles": {"executed_lines": [54], "summary": {"covered_lines": 1, "num_statements": 1, "percent_covered": 100.0, "percent_covered_display": "100", "missing_lines": 0, "excluded_lines": 0, "percent_statements_covered": 100.0, "percent_statements_covered_display": "100"}, "missing_lines": [], "excluded_lines": [], "start_line": 37}, "validate_role_mapping": {"executed_lines": [76, 77, 79, 80, 81, 83], "summary": {"covered_lines": 6, "num_statements": 6, "percent_covered": 100.0, "percent_covered_display": "100", "missing_lines": 0, "excluded_lines": 0, "percent_statements_covered": 100.0, "percent_statements_covered_display": "100"}, "missing_lines": [], "excluded_lines": [], "start_line": 57}, "create_role_mapping": {"executed_lines": [115, 116, 118, 119, 121], "summary": {"covered_lines": 5, "num_statements": 5, "percent_covered": 100.0, "percent_covered_display": "100", "missing_lines": 0, "excluded_lines": 0, "percent_statements_covered": 100.0, "percent_statements_covered_display": "100"}, "missing_lines": [], "excluded_lines": [], "start_line": 86}, "get_or_create_role_group": {"executed_lines": [141], "summary": {"covered_lines": 1, "num_statements": 1, "percent_covered": 100.0, "percent_covered_display": "100", "missing_lines": 0, "excluded_lines": 0, "percent_statements_covered": 100.0, "percent_statements_covered_display": "100"}, "missing_lines": [], "excluded_lines": [], "start_line": 124}, "assign_roles_to_user": {"executed_lines": [163, 166, 167, 168, 169, 170, 172], "summary": {"covered_lines": 7, "num_statements": 7, "percent_covered": 100.0, "percent_covered_display": "100", "missing_lines": 0, "excluded_lines": 0, "percent_statements_covered": 100.0, "percent_statements_covered_display": "100"}, "missing_lines": [], "excluded_lines": [], "start_line": 144}, "get_users_with_role": {"executed_lines": [190, 191, 192, 193, 195, 197, 198], "summary": {"covered_lines": 7, "num_statements": 7, "percent_covered": 100.0, "percent_covered_display": "100", "missing_lines": 0, "excluded_lines": 0, "percent_statements_covered": 100.0, "percent_statements_covered_display": "100"}, "missing_lines": [], "excluded_lines": [], "start_line": 175}, "": {"executed_lines": [8, 11, 37, 57, 86, 124, 144, 175], "summary": {"covered_lines": 8, "num_statements": 8, "percent_covered": 100.0, "percent_covered_display": "100", "missing_lines": 0, "excluded_lines": 0, "percent_statements_covered": 100.0, "percent_statements_covered_display": "100"}, "missing_lines": [], "excluded_lines": [], "start_line": 1}}, "classes": {"": {"executed_lines": [8, 11, 28, 30, 31, 32, 34, 37, 54, 57, 76, 77, 79, 80, 81, 83, 86, 115, 116, 118, 119, 121, 124, 141, 144, 163, 166, 167, 168, 169, 170, 172, 175, 190, 191, 192, 193, 195, 197, 198], "summary": {"covered_lines": 40, "num_statements": 40, "percent_covered": 100.0, "percent_covered_display": "100", "missing_lines": 0, "excluded_lines": 0, "percent_statements_covered": 100.0, "percent_statements_covered_display": "100"}, "missing_lines": [], "excluded_lines": [], "start_line": 1}}}, "turbodrf/integrations/keycloak.py": {"executed_lines": [19, 21, 24, 31, 34, 41, 44, 57, 60, 77, 80, 103, 104, 106, 107, 108, 109, 112, 115, 116, 118, 121, 143, 145, 146, 147, 149, 151, 153, 154, 155, 156, 157, 158, 167, 169, 172, 189, 190, 193, 195, 197, 200, 202, 204, 206, 209, 235, 242, 244, 255, 257, 259, 261, 263, 265, 266, 269, 281], "summary": {"covered_lines": 59, "num_statements": 59, "percent_covered": 100.0, "percent_covered_display": "100", "missing_lines": 0, "excluded_lines": 0, "percent_statements_covered": 100.0, "percent_statements_covered_display": "100"}, "missing_lines": [], "excluded_lines": [], "functions": {"is_social_auth_installed": {"executed_lines": [31], "summary": {"covered_lines": 1, "num_statements": 1, "percent_covered": 100.0, "percent_covered_display": "100", "missing_lines": 0, "excluded_lines": 0, "percent_statements_covered": 100.0, "percent_statements_covered_display": "100"}, "missing_lines": [], "excluded_lines": [], "start_line": 24}, "is_integration_enabled": {"executed_lines": [41], "summary": {"covered_lines": 1, "num_statements": 1, "percent_covered": 100.0, "percent_covered_display": "100", "missing_lines": 0, "excluded_lines": 0, "percent_statements_covered": 100.0, "percent_statements_covered_display": "100"}, "missing_lines": [], "excluded_lines": [], "start_line": 34}, "get_role_claim_path": {"executed_lines": [57], "summary": {"covered_lines": 1, "num_statements": 1, "percent_covered": 100.0, "percent_covered_display": "100", "missing_lines": 0, "excluded_lines": 0, "percent_statements_covered": 100.0, "percent_statements_covered_display": "100"}, "missing_lines": [], "excluded_lines": [], "start_line": 44}, "get_role_mapping": {"executed_lines": [77], "summary": {"covered_lines": 1, "num_statements": 1, "percent_covered": 100.0, "percent_covered_display": "100", "missing_lines": 0, "excluded_lines": 0, "percent_statements_covered": 100.0, "percent_statements_covered_display": "100"}, "missing_lines": [], "excluded_lines": [], "start_line": 60}, "extract_roles_from_token": {"executed_lines": [103, 104, 106, 107, 108, 109, 112, 115, 116, 118], "summary": {"covered_lines": 10, "num_statements": 10, "percent_covered": 100.0, "percent_covered_display": "100", "missing_lines": 0, "excluded_lines": 0, "percent_statements_covered": 100.0, "percent_statements_covered_display": "100"}, "missing_lines": [], "excluded_lines": [], "start_line": 80}, "map_keycloak_roles_to_turbodrf": {"executed_lines": [143, 145, 146, 147, 149, 151, 153, 154, 155, 156, 157, 158, 167, 169], "summary": {"covered_lines": 14, "num_statements": 14, "percent_covered": 100.0, "percent_covered_display": "100", "missing_lines": 0, "excluded_lines": 0, "percent_statements_covered": 100.0, "percent_statements_covered_display": "100"}, "missing_lines": [], "excluded_lines": [], "start_line": 121}, "get_user_roles_from_social_auth": {"executed_lines": [189, 190, 193, 195, 197, 200, 202, 204, 206], "summary": {"covered_lines": 9, "num_statements": 9, "percent_covered": 100.0, "percent_covered_display": "100", "missing_lines": 0, "excluded_lines": 0, "percent_statements_covered": 100.0, "percent_statements_covered_display": "100"}, "missing_lines": [], "excluded_lines": [], "start_line": 172}, "KeycloakRoleMiddleware.__init__": {"executed_lines": [242], "summary": {"covered_lines": 1, "num_statements": 1, "percent_covered": 100.0, "percent_covered_display": "100", "missing_lines": 0, "excluded_lines": 0, "percent_statements_covered": 100.0, "percent_statements_covered_display": "100"}, "missing_lines": [], "excluded_lines": [], "start_line": 235}, "KeycloakRoleMiddleware.__call__": {"executed_lines": [255, 257, 259, 261, 263, 265, 266], "summary": {"covered_lines": 7, "num_statements": 7, "percent_covered": 100.0, "percent_covered_display": "100", "missing_lines": 0, "excluded_lines": 0, "percent_statements_covered": 100.0, "percent_statements_covered_display": "100"}, "missing_lines": [], "excluded_lines": [], "start_line": 244}, "setup_keycloak_integration": {"executed_lines": [281], "summary": {"covered_lines": 1, "num_statements": 1, "percent_covered": 100.0, "percent_covered_display": "100", "missing_lines": 0, "excluded_lines": 0, "percent_statements_covered": 100.0, "percent_statements_covered_display": "100"}, "missing_lines": [], "excluded_lines": [], "start_line": 269}, "": {"executed_lines": [19, 21, 24, 34, 44, 60, 80, 121, 172, 209, 235, 244, 269], "summary": {"covered_lines": 13, "num_statements": 13, "percent_covered": 100.0, "percent_covered_display": "100", "missing_lines": 0, "excluded_lines": 0, "percent_statements_covered": 100.0, "percent_statements_covered_display": "100"}, "missing_lines": [], "excluded_lines": [], "start_line": 1}}, "classes": {"KeycloakRoleMiddleware": {"executed_lines": [242, 255, 257, 259, 261, 263, 265, 266], "summary": {"covered_lines": 8, "num_statements": 8, "percent_covered": 100.0, "percent_covered_display": "100", "missing_lines": 0, "excluded_lines": 0, "percent_statements_covered": 100.0, "percent_statements_covered_display": "100"}, "missing_lines": [], "excluded_lines": [], "start_line": 209}, "": {"executed_lines": [19, 21, 24, 31, 34, 41, 44, 57, 60, 77, 80, 103, 104, 106, 107, 108, 109, 112, 115, 116, 118, 121, 143, 145, 146, 147, 149, 151, 153, 154, 155, 156, 157, 158, 167, 169, 172, 189, 190, 193, 195, 197, 200, 202, 204, 206, 209, 235, 244, 269, 281], "summary": {"covered_lines": 51, "num_statements": 51, "percent_covered": 100.0, "percent_covered_display": "100", "missing_lines": 0, "excluded_lines": 0, "percent_statements_covered": 100.0, "percent_statements_covered_display": "100"}, "missing_lines": [], "excluded_lines": [], "start_line": 1}}}, "turbodrf/integrations/sentry.py": {"executed_lines": [28, 30, 33, 35, 37, 38, 39, 40, 42, 47, 49, 50, 51, 52, 54, 59, 69, 70, 71, 73, 74, 75, 77, 78, 80, 81, 82, 84, 85, 86, 87, 89, 90, 91, 92, 95, 109, 110, 111, 113, 114, 125, 134, 135, 136, 138, 139, 140, 141, 142, 143, 148, 155, 156, 158, 159, 160], "summary": {"covered_lines": 57, "num_statements": 66, "percent_covered": 86.36363636363636, "percent_covered_display": "86", "missing_lines": 9, "excluded_lines": 0, "percent_statements_covered": 86.36363636363636, "percent_statements_covered_display": "86"}, "missing_lines": [43, 44, 55, 56, 88, 121, 122, 144, 145], "excluded_lines": [], "functions": {"_is_sentry_enabled": {"executed_lines": [35, 37, 38, 39, 40, 42], "summary": {"covered_lines": 6, "num_statements": 8, "percent_covered": 75.0, "percent_covered_display": "75", "missing_lines": 2, "excluded_lines": 0, "percent_statements_covered": 75.0, "percent_statements_covered_display": "75"}, "missing_lines": [43, 44], "excluded_lines": [], "start_line": 33}, "_sdk": {"executed_lines": [49, 50, 51, 52, 54], "summary": {"covered_lines": 5, "num_statements": 7, "percent_covered": 71.42857142857143, "percent_covered_display": "71", "missing_lines": 2, "excluded_lines": 0, "percent_statements_covered": 71.42857142857143, "percent_statements_covered_display": "71"}, "missing_lines": [55, 56], "excluded_lines": [], "start_line": 47}, "set_request_context": {"executed_lines": [69, 70, 71, 73, 74, 75, 77, 78, 80, 81, 82, 84, 85, 86, 87, 89, 90, 91, 92], "summary": {"covered_lines": 19, "num_statements": 20, "percent_covered": 95.0, "percent_covered_display": "95", "missing_lines": 1, "excluded_lines": 0, "percent_statements_covered": 95.0, "percent_statements_covered_display": "95"}, "missing_lines": [88], "excluded_lines": [], "start_line": 59}, "report_security_event": {"executed_lines": [109, 110, 111, 113, 114], "summary": {"covered_lines": 5, "num_statements": 7, "percent_covered": 71.42857142857143, "percent_covered_display": "71", "missing_lines": 2, "excluded_lines": 0, "percent_statements_covered": 71.42857142857143, "percent_statements_covered_display": "71"}, "missing_lines": [121, 122], "excluded_lines": [], "start_line": 95}, "capture_security_message": {"executed_lines": [134, 135, 136, 138, 139, 140, 141, 142, 143], "summary": {"covered_lines": 9, "num_statements": 11, "percent_covered": 81.81818181818181, "percent_covered_display": "82", "missing_lines": 2, "excluded_lines": 0, "percent_statements_covered": 81.81818181818181, "percent_statements_covered_display": "82"}, "missing_lines": [144, 145], "excluded_lines": [], "start_line": 125}, "SentryContextMiddleware.__init__": {"executed_lines": [156], "summary": {"covered_lines": 1, "num_statements": 1, "percent_covered": 100.0, "percent_covered_display": "100", "missing_lines": 0, "excluded_lines": 0, "percent_statements_covered": 100.0, "percent_statements_covered_display": "100"}, "missing_lines": [], "excluded_lines": [], "start_line": 155}, "SentryContextMiddleware.__call__": {"executed_lines": [159, 160], "summary": {"covered_lines": 2, "num_statements": 2, "percent_covered": 100.0, "percent_covered_display": "100", "missing_lines": 0, "excluded_lines": 0, "percent_statements_covered": 100.0, "percent_statements_covered_display": "100"}, "missing_lines": [], "excluded_lines": [], "start_line": 158}, "": {"executed_lines": [28, 30, 33, 47, 59, 95, 125, 148, 155, 158], "summary": {"covered_lines": 10, "num_statements": 10, "percent_covered": 100.0, "percent_covered_display": "100", "missing_lines": 0, "excluded_lines": 0, "percent_statements_covered": 100.0, "percent_statements_covered_display": "100"}, "missing_lines": [], "excluded_lines": [], "start_line": 1}}, "classes": {"SentryContextMiddleware": {"executed_lines": [156, 159, 160], "summary": {"covered_lines": 3, "num_statements": 3, "percent_covered": 100.0, "percent_covered_display": "100", "missing_lines": 0, "excluded_lines": 0, "percent_statements_covered": 100.0, "percent_statements_covered_display": "100"}, "missing_lines": [], "excluded_lines": [], "start_line": 148}, "": {"executed_lines": [28, 30, 33, 35, 37, 38, 39, 40, 42, 47, 49, 50, 51, 52, 54, 59, 69, 70, 71, 73, 74, 75, 77, 78, 80, 81, 82, 84, 85, 86, 87, 89, 90, 91, 92, 95, 109, 110, 111, 113, 114, 125, 134, 135, 136, 138, 139, 140, 141, 142, 143, 148, 155, 158], "summary": {"covered_lines": 54, "num_statements": 63, "percent_covered": 85.71428571428571, "percent_covered_display": "86", "missing_lines": 9, "excluded_lines": 0, "percent_statements_covered": 85.71428571428571, "percent_statements_covered_display": "86"}, "missing_lines": [43, 44, 55, 56, 88, 121, 122, 144, 145], "excluded_lines": [], "start_line": 1}}}, "turbodrf/management/__init__.py": {"executed_lines": [], "summary": {"covered_lines": 0, "num_statements": 0, "percent_covered": 100.0, "percent_covered_display": "100", "missing_lines": 0, "excluded_lines": 0, "percent_statements_covered": 100.0, "percent_statements_covered_display": "100"}, "missing_lines": [], "excluded_lines": [], "functions": {"": {"executed_lines": [], "summary": {"covered_lines": 0, "num_statements": 0, "percent_covered": 100.0, "percent_covered_display": "100", "missing_lines": 0, "excluded_lines": 0, "percent_statements_covered": 100.0, "percent_statements_covered_display": "100"}, "missing_lines": [], "excluded_lines": [], "start_line": 1}}, "classes": {"": {"executed_lines": [], "summary": {"covered_lines": 0, "num_statements": 0, "percent_covered": 100.0, "percent_covered_display": "100", "missing_lines": 0, "excluded_lines": 0, "percent_statements_covered": 100.0, "percent_statements_covered_display": "100"}, "missing_lines": [], "excluded_lines": [], "start_line": 1}}}, "turbodrf/management/commands/__init__.py": {"executed_lines": [], "summary": {"covered_lines": 0, "num_statements": 0, "percent_covered": 100.0, "percent_covered_display": "100", "missing_lines": 0, "excluded_lines": 0, "percent_statements_covered": 100.0, "percent_statements_covered_display": "100"}, "missing_lines": [], "excluded_lines": [], "functions": {"": {"executed_lines": [], "summary": {"covered_lines": 0, "num_statements": 0, "percent_covered": 100.0, "percent_covered_display": "100", "missing_lines": 0, "excluded_lines": 0, "percent_statements_covered": 100.0, "percent_statements_covered_display": "100"}, "missing_lines": [], "excluded_lines": [], "start_line": 1}}, "classes": {"": {"executed_lines": [], "summary": {"covered_lines": 0, "num_statements": 0, "percent_covered": 100.0, "percent_covered_display": "100", "missing_lines": 0, "excluded_lines": 0, "percent_statements_covered": 100.0, "percent_statements_covered_display": "100"}, "missing_lines": [], "excluded_lines": [], "start_line": 1}}}, "turbodrf/management/commands/turbodrf_benchmark.py": {"executed_lines": [10, 12, 13, 15, 16, 19, 20, 22, 23, 24, 30, 36, 43, 44, 45, 46, 47, 50, 51, 52, 53, 54, 56, 57, 59, 60, 61, 63, 66, 69, 72, 73, 75, 76, 78, 79, 80, 81, 83, 84, 86, 91, 92, 93, 94, 95, 97, 98, 99, 100, 103, 105, 107, 109, 110, 111, 114, 116, 119, 123, 130, 131, 132, 135, 136, 137, 138, 139, 140, 142, 144, 146, 149, 150, 151, 152, 155, 156, 157, 158, 159, 160, 161, 163], "summary": {"covered_lines": 84, "num_statements": 85, "percent_covered": 98.82352941176471, "percent_covered_display": "99", "missing_lines": 1, "excluded_lines": 0, "percent_statements_covered": 98.82352941176471, "percent_statements_covered_display": "99"}, "missing_lines": [112], "excluded_lines": [], "functions": {"Command.add_arguments": {"executed_lines": [23, 24, 30, 36], "summary": {"covered_lines": 4, "num_statements": 4, "percent_covered": 100.0, "percent_covered_display": "100", "missing_lines": 0, "excluded_lines": 0, "percent_statements_covered": 100.0, "percent_statements_covered_display": "100"}, "missing_lines": [], "excluded_lines": [], "start_line": 22}, "Command.handle": {"executed_lines": [44, 45, 46, 47, 50, 51, 52, 53, 54, 56, 57, 59, 60, 61, 63, 66, 69, 72, 73, 75, 76, 78, 79, 80, 81, 83, 84, 86, 91, 92, 93, 94, 95, 97, 98, 99, 100, 103], "summary": {"covered_lines": 38, "num_statements": 38, "percent_covered": 100.0, "percent_covered_display": "100", "missing_lines": 0, "excluded_lines": 0, "percent_statements_covered": 100.0, "percent_statements_covered_display": "100"}, "missing_lines": [], "excluded_lines": [], "start_line": 43}, "Command._benchmark_drf": {"executed_lines": [107, 109, 110, 111, 114, 116, 119, 123, 130, 131, 132, 135, 136, 137, 138, 139, 140, 142], "summary": {"covered_lines": 18, "num_statements": 19, "percent_covered": 94.73684210526316, "percent_covered_display": "95", "missing_lines": 1, "excluded_lines": 0, "percent_statements_covered": 94.73684210526316, "percent_statements_covered_display": "95"}, "missing_lines": [112], "excluded_lines": [], "start_line": 105}, "Command._benchmark_compiled": {"executed_lines": [146, 149, 150, 151, 152, 155, 156, 157, 158, 159, 160, 161, 163], "summary": {"covered_lines": 13, "num_statements": 13, "percent_covered": 100.0, "percent_covered_display": "100", "missing_lines": 0, "excluded_lines": 0, "percent_statements_covered": 100.0, "percent_statements_covered_display": "100"}, "missing_lines": [], "excluded_lines": [], "start_line": 144}, "": {"executed_lines": [10, 12, 13, 15, 16, 19, 20, 22, 43, 105, 144], "summary": {"covered_lines": 11, "num_statements": 11, "percent_covered": 100.0, "percent_covered_display": "100", "missing_lines": 0, "excluded_lines": 0, "percent_statements_covered": 100.0, "percent_statements_covered_display": "100"}, "missing_lines": [], "excluded_lines": [], "start_line": 1}}, "classes": {"Command": {"executed_lines": [23, 24, 30, 36, 44, 45, 46, 47, 50, 51, 52, 53, 54, 56, 57, 59, 60, 61, 63, 66, 69, 72, 73, 75, 76, 78, 79, 80, 81, 83, 84, 86, 91, 92, 93, 94, 95, 97, 98, 99, 100, 103, 107, 109, 110, 111, 114, 116, 119, 123, 130, 131, 132, 135, 136, 137, 138, 139, 140, 142, 146, 149, 150, 151, 152, 155, 156, 157, 158, 159, 160, 161, 163], "summary": {"covered_lines": 73, "num_statements": 74, "percent_covered": 98.64864864864865, "percent_covered_display": "99", "missing_lines": 1, "excluded_lines": 0, "percent_statements_covered": 98.64864864864865, "percent_statements_covered_display": "99"}, "missing_lines": [112], "excluded_lines": [], "start_line": 19}, "": {"executed_lines": [10, 12, 13, 15, 16, 19, 20, 22, 43, 105, 144], "summary": {"covered_lines": 11, "num_statements": 11, "percent_covered": 100.0, "percent_covered_display": "100", "missing_lines": 0, "excluded_lines": 0, "percent_statements_covered": 100.0, "percent_statements_covered_display": "100"}, "missing_lines": [], "excluded_lines": [], "start_line": 1}}}, "turbodrf/management/commands/turbodrf_check.py": {"executed_lines": [9, 10, 11, 13, 16, 17, 19, 20, 26, 27, 28, 30, 31, 32, 33, 34, 35, 36, 37, 38, 40, 41, 42, 44, 45, 47, 48, 50, 51, 52, 53, 54, 57, 58, 60, 62, 68, 69, 71, 72, 73, 74, 75, 76, 77, 78, 79, 83, 84, 85, 86, 87, 88, 89, 91, 92, 93, 96, 97, 98, 100, 101, 103, 105, 106, 110, 113, 115, 116, 117, 118, 119, 120, 127, 129, 131, 132, 137, 138, 139, 141, 142, 143, 145, 146, 156, 158, 162, 163, 164, 172, 173, 175, 176, 179, 181, 182, 183, 185, 187, 196, 197, 198, 199, 200, 201, 202, 203, 204, 205, 206, 207, 208, 209, 210], "summary": {"covered_lines": 115, "num_statements": 126, "percent_covered": 91.26984126984127, "percent_covered_display": "91", "missing_lines": 11, "excluded_lines": 0, "percent_statements_covered": 91.26984126984127, "percent_statements_covered_display": "91"}, "missing_lines": [63, 81, 149, 150, 151, 152, 153, 154, 159, 160, 211], "excluded_lines": [], "functions": {"Command.add_arguments": {"executed_lines": [20], "summary": {"covered_lines": 1, "num_statements": 1, "percent_covered": 100.0, "percent_covered_display": "100", "missing_lines": 0, "excluded_lines": 0, "percent_statements_covered": 100.0, "percent_statements_covered_display": "100"}, "missing_lines": [], "excluded_lines": [], "start_line": 19}, "Command.handle": {"executed_lines": [27, 28, 30, 31, 32, 33, 34, 35, 36, 37, 38, 40, 41, 42, 44, 45, 47, 48], "summary": {"covered_lines": 18, "num_statements": 18, "percent_covered": 100.0, "percent_covered_display": "100", "missing_lines": 0, "excluded_lines": 0, "percent_statements_covered": 100.0, "percent_statements_covered_display": "100"}, "missing_lines": [], "excluded_lines": [], "start_line": 26}, "Command._check_model": {"executed_lines": [51, 52, 53, 54, 57, 58, 60, 62, 68, 69, 71, 72, 73, 74, 75, 76, 77, 78, 79, 83, 84, 85, 86, 87, 88, 89, 91, 92, 93, 96, 97, 98, 100, 101, 103, 105, 106, 110, 113, 115, 116, 117, 118, 119, 120], "summary": {"covered_lines": 45, "num_statements": 47, "percent_covered": 95.74468085106383, "percent_covered_display": "96", "missing_lines": 2, "excluded_lines": 0, "percent_statements_covered": 95.74468085106383, "percent_statements_covered_display": "96"}, "missing_lines": [63, 81], "excluded_lines": [], "start_line": 50}, "Command._report_tenancy": {"executed_lines": [129, 131, 132, 137, 138, 139, 141, 142, 143, 145, 146, 156, 158, 162, 163, 164, 172, 173, 175, 176, 179, 181, 182, 183], "summary": {"covered_lines": 24, "num_statements": 32, "percent_covered": 75.0, "percent_covered_display": "75", "missing_lines": 8, "excluded_lines": 0, "percent_statements_covered": 75.0, "percent_statements_covered_display": "75"}, "missing_lines": [149, 150, 151, 152, 153, 154, 159, 160], "excluded_lines": [], "start_line": 127}, "Command._describe_predicate": {"executed_lines": [187, 196, 197, 198, 199, 200, 201, 202, 203, 204, 205, 206, 207, 208, 209, 210], "summary": {"covered_lines": 16, "num_statements": 17, "percent_covered": 94.11764705882354, "percent_covered_display": "94", "missing_lines": 1, "excluded_lines": 0, "percent_statements_covered": 94.11764705882354, "percent_statements_covered_display": "94"}, "missing_lines": [211], "excluded_lines": [], "start_line": 185}, "": {"executed_lines": [9, 10, 11, 13, 16, 17, 19, 26, 50, 127, 185], "summary": {"covered_lines": 11, "num_statements": 11, "percent_covered": 100.0, "percent_covered_display": "100", "missing_lines": 0, "excluded_lines": 0, "percent_statements_covered": 100.0, "percent_statements_covered_display": "100"}, "missing_lines": [], "excluded_lines": [], "start_line": 1}}, "classes": {"Command": {"executed_lines": [20, 27, 28, 30, 31, 32, 33, 34, 35, 36, 37, 38, 40, 41, 42, 44, 45, 47, 48, 51, 52, 53, 54, 57, 58, 60, 62, 68, 69, 71, 72, 73, 74, 75, 76, 77, 78, 79, 83, 84, 85, 86, 87, 88, 89, 91, 92, 93, 96, 97, 98, 100, 101, 103, 105, 106, 110, 113, 115, 116, 117, 118, 119, 120, 129, 131, 132, 137, 138, 139, 141, 142, 143, 145, 146, 156, 158, 162, 163, 164, 172, 173, 175, 176, 179, 181, 182, 183, 187, 196, 197, 198, 199, 200, 201, 202, 203, 204, 205, 206, 207, 208, 209, 210], "summary": {"covered_lines": 104, "num_statements": 115, "percent_covered": 90.43478260869566, "percent_covered_display": "90", "missing_lines": 11, "excluded_lines": 0, "percent_statements_covered": 90.43478260869566, "percent_statements_covered_display": "90"}, "missing_lines": [63, 81, 149, 150, 151, 152, 153, 154, 159, 160, 211], "excluded_lines": [], "start_line": 16}, "": {"executed_lines": [9, 10, 11, 13, 16, 17, 19, 26, 50, 127, 185], "summary": {"covered_lines": 11, "num_statements": 11, "percent_covered": 100.0, "percent_covered_display": "100", "missing_lines": 0, "excluded_lines": 0, "percent_statements_covered": 100.0, "percent_statements_covered_display": "100"}, "missing_lines": [], "excluded_lines": [], "start_line": 1}}}, "turbodrf/management/commands/turbodrf_explain.py": {"executed_lines": [13, 14, 16, 17, 20, 21, 23, 24, 25, 30, 35, 41, 42, 43, 44, 47, 48, 49, 50, 51, 53, 54, 57, 58, 60, 61, 62, 63, 64, 65, 67, 68, 70, 71, 72, 73, 74, 77, 78, 79, 80, 82, 83, 84, 85, 86, 88, 89, 90, 91, 95, 96, 98, 99, 100, 101, 104, 105, 108, 109, 110, 116, 117, 118, 119, 120, 123, 124, 126, 127, 129, 131, 132, 133, 136, 139, 141, 142, 143, 144, 145, 147, 149, 152, 154, 156, 157, 158, 159, 161, 162, 164, 165, 166, 170, 172, 173, 174, 175, 177, 178], "summary": {"covered_lines": 101, "num_statements": 101, "percent_covered": 100.0, "percent_covered_display": "100", "missing_lines": 0, "excluded_lines": 0, "percent_statements_covered": 100.0, "percent_statements_covered_display": "100"}, "missing_lines": [], "excluded_lines": [], "functions": {"Command.add_arguments": {"executed_lines": [24, 25, 30, 35], "summary": {"covered_lines": 4, "num_statements": 4, "percent_covered": 100.0, "percent_covered_display": "100", "missing_lines": 0, "excluded_lines": 0, "percent_statements_covered": 100.0, "percent_statements_covered_display": "100"}, "missing_lines": [], "excluded_lines": [], "start_line": 23}, "Command.handle": {"executed_lines": [42, 43, 44, 47, 48, 49, 50, 51, 53, 54, 57, 58, 60, 61, 62, 63, 64, 65, 67, 68, 70, 71, 72, 73, 74, 77, 78, 79, 80, 82, 83, 84, 85, 86, 88, 89, 90, 91, 95, 96, 98, 99, 100, 101, 104, 105, 108, 109, 110, 116, 117, 118, 119, 120, 123, 124], "summary": {"covered_lines": 56, "num_statements": 56, "percent_covered": 100.0, "percent_covered_display": "100", "missing_lines": 0, "excluded_lines": 0, "percent_statements_covered": 100.0, "percent_statements_covered_display": "100"}, "missing_lines": [], "excluded_lines": [], "start_line": 41}, "Command._show_role_filtering": {"executed_lines": [127, 129, 131, 132, 133, 136, 139, 141, 142, 143, 144, 145, 147, 149, 152, 154, 156, 157, 158, 159, 161, 162, 164, 165, 166, 170], "summary": {"covered_lines": 26, "num_statements": 26, "percent_covered": 100.0, "percent_covered_display": "100", "missing_lines": 0, "excluded_lines": 0, "percent_statements_covered": 100.0, "percent_statements_covered_display": "100"}, "missing_lines": [], "excluded_lines": [], "start_line": 126}, "Command._show_sql": {"executed_lines": [173, 174, 175, 177, 178], "summary": {"covered_lines": 5, "num_statements": 5, "percent_covered": 100.0, "percent_covered_display": "100", "missing_lines": 0, "excluded_lines": 0, "percent_statements_covered": 100.0, "percent_statements_covered_display": "100"}, "missing_lines": [], "excluded_lines": [], "start_line": 172}, "": {"executed_lines": [13, 14, 16, 17, 20, 21, 23, 41, 126, 172], "summary": {"covered_lines": 10, "num_statements": 10, "percent_covered": 100.0, "percent_covered_display": "100", "missing_lines": 0, "excluded_lines": 0, "percent_statements_covered": 100.0, "percent_statements_covered_display": "100"}, "missing_lines": [], "excluded_lines": [], "start_line": 1}}, "classes": {"Command": {"executed_lines": [24, 25, 30, 35, 42, 43, 44, 47, 48, 49, 50, 51, 53, 54, 57, 58, 60, 61, 62, 63, 64, 65, 67, 68, 70, 71, 72, 73, 74, 77, 78, 79, 80, 82, 83, 84, 85, 86, 88, 89, 90, 91, 95, 96, 98, 99, 100, 101, 104, 105, 108, 109, 110, 116, 117, 118, 119, 120, 123, 124, 127, 129, 131, 132, 133, 136, 139, 141, 142, 143, 144, 145, 147, 149, 152, 154, 156, 157, 158, 159, 161, 162, 164, 165, 166, 170, 173, 174, 175, 177, 178], "summary": {"covered_lines": 91, "num_statements": 91, "percent_covered": 100.0, "percent_covered_display": "100", "missing_lines": 0, "excluded_lines": 0, "percent_statements_covered": 100.0, "percent_statements_covered_display": "100"}, "missing_lines": [], "excluded_lines": [], "start_line": 20}, "Command._show_role_filtering.MockUser": {"executed_lines": [], "summary": {"covered_lines": 0, "num_statements": 0, "percent_covered": 100.0, "percent_covered_display": "100", "missing_lines": 0, "excluded_lines": 0, "percent_statements_covered": 100.0, "percent_statements_covered_display": "100"}, "missing_lines": [], "excluded_lines": [], "start_line": 141}, "": {"executed_lines": [13, 14, 16, 17, 20, 21, 23, 41, 126, 172], "summary": {"covered_lines": 10, "num_statements": 10, "percent_covered": 100.0, "percent_covered_display": "100", "missing_lines": 0, "excluded_lines": 0, "percent_statements_covered": 100.0, "percent_statements_covered_display": "100"}, "missing_lines": [], "excluded_lines": [], "start_line": 1}}}, "turbodrf/metadata.py": {"executed_lines": [12, 15, 18, 19, 21, 22, 24, 25, 30, 33, 35, 40, 44, 45, 46, 48, 50, 52, 54, 56, 58, 60, 74, 75, 77, 78, 80, 81, 82, 84, 85, 86, 87, 88, 92, 93, 94, 95, 96, 100, 101, 103, 114, 115, 116, 117, 121, 122, 123, 125, 127, 133, 135, 143, 152, 155, 158, 159, 160, 165, 166, 167, 170, 175, 176, 181, 182, 184, 188, 190, 197, 199, 200, 202, 203, 205, 211, 213, 215, 216, 218], "summary": {"covered_lines": 81, "num_statements": 92, "percent_covered": 88.04347826086956, "percent_covered_display": "88", "missing_lines": 11, "excluded_lines": 0, "percent_statements_covered": 88.04347826086956, "percent_statements_covered_display": "88"}, "missing_lines": [55, 161, 162, 168, 171, 172, 177, 178, 185, 186, 217], "excluded_lines": [], "functions": {"TurboDRFMetadata.determine_metadata": {"executed_lines": [19, 21, 22, 24, 25, 30, 33, 35, 40, 44, 45, 46, 48], "summary": {"covered_lines": 13, "num_statements": 13, "percent_covered": 100.0, "percent_covered_display": "100", "missing_lines": 0, "excluded_lines": 0, "percent_statements_covered": 100.0, "percent_statements_covered_display": "100"}, "missing_lines": [], "excluded_lines": [], "start_line": 18}, "TurboDRFMetadata._get_snapshot": {"executed_lines": [52, 54, 56, 58], "summary": {"covered_lines": 4, "num_statements": 5, "percent_covered": 80.0, "percent_covered_display": "80", "missing_lines": 1, "excluded_lines": 0, "percent_statements_covered": 80.0, "percent_statements_covered_display": "80"}, "missing_lines": [55], "excluded_lines": [], "start_line": 50}, "TurboDRFMetadata._get_field_metadata": {"executed_lines": [74, 75, 77, 78, 80, 81, 82, 84, 85, 86, 87, 88, 92, 93, 94, 95, 96, 100, 101, 103, 114, 115, 116, 117, 121, 122, 123, 125], "summary": {"covered_lines": 28, "num_statements": 28, "percent_covered": 100.0, "percent_covered_display": "100", "missing_lines": 0, "excluded_lines": 0, "percent_statements_covered": 100.0, "percent_statements_covered_display": "100"}, "missing_lines": [], "excluded_lines": [], "start_line": 60}, "TurboDRFMetadata._get_allowed_actions": {"executed_lines": [133, 135, 143], "summary": {"covered_lines": 3, "num_statements": 3, "percent_covered": 100.0, "percent_covered_display": "100", "missing_lines": 0, "excluded_lines": 0, "percent_statements_covered": 100.0, "percent_statements_covered_display": "100"}, "missing_lines": [], "excluded_lines": [], "start_line": 127}, "TurboDRFMetadata._get_capabilities": {"executed_lines": [155, 158, 159, 160, 165, 166, 167, 170, 175, 176, 181, 182, 184, 188], "summary": {"covered_lines": 14, "num_statements": 23, "percent_covered": 60.869565217391305, "percent_covered_display": "61", "missing_lines": 9, "excluded_lines": 0, "percent_statements_covered": 60.869565217391305, "percent_statements_covered_display": "61"}, "missing_lines": [161, 162, 168, 171, 172, 177, 178, 185, 186], "excluded_lines": [], "start_line": 152}, "TurboDRFMetadata._get_tenancy_info": {"executed_lines": [197, 199, 200, 202, 203, 205, 211], "summary": {"covered_lines": 7, "num_statements": 7, "percent_covered": 100.0, "percent_covered_display": "100", "missing_lines": 0, "excluded_lines": 0, "percent_statements_covered": 100.0, "percent_statements_covered_display": "100"}, "missing_lines": [], "excluded_lines": [], "start_line": 190}, "TurboDRFMetadata._get_pagination_info": {"executed_lines": [215, 216, 218], "summary": {"covered_lines": 3, "num_statements": 4, "percent_covered": 75.0, "percent_covered_display": "75", "missing_lines": 1, "excluded_lines": 0, "percent_statements_covered": 75.0, "percent_statements_covered_display": "75"}, "missing_lines": [217], "excluded_lines": [], "start_line": 213}, "": {"executed_lines": [12, 15, 18, 50, 60, 127, 152, 190, 213], "summary": {"covered_lines": 9, "num_statements": 9, "percent_covered": 100.0, "percent_covered_display": "100", "missing_lines": 0, "excluded_lines": 0, "percent_statements_covered": 100.0, "percent_statements_covered_display": "100"}, "missing_lines": [], "excluded_lines": [], "start_line": 1}}, "classes": {"TurboDRFMetadata": {"executed_lines": [19, 21, 22, 24, 25, 30, 33, 35, 40, 44, 45, 46, 48, 52, 54, 56, 58, 74, 75, 77, 78, 80, 81, 82, 84, 85, 86, 87, 88, 92, 93, 94, 95, 96, 100, 101, 103, 114, 115, 116, 117, 121, 122, 123, 125, 133, 135, 143, 155, 158, 159, 160, 165, 166, 167, 170, 175, 176, 181, 182, 184, 188, 197, 199, 200, 202, 203, 205, 211, 215, 216, 218], "summary": {"covered_lines": 72, "num_statements": 83, "percent_covered": 86.74698795180723, "percent_covered_display": "87", "missing_lines": 11, "excluded_lines": 0, "percent_statements_covered": 86.74698795180723, "percent_statements_covered_display": "87"}, "missing_lines": [55, 161, 162, 168, 171, 172, 177, 178, 185, 186, 217], "excluded_lines": [], "start_line": 15}, "": {"executed_lines": [12, 15, 18, 50, 60, 127, 152, 190, 213], "summary": {"covered_lines": 9, "num_statements": 9, "percent_covered": 100.0, "percent_covered_display": "100", "missing_lines": 0, "excluded_lines": 0, "percent_statements_covered": 100.0, "percent_statements_covered_display": "100"}, "missing_lines": [], "excluded_lines": [], "start_line": 1}}}, "turbodrf/mixins.py": {"executed_lines": [8, 11, 22, 23, 24, 25, 26, 27, 30, 57, 58, 135, 141, 142, 163, 164, 166, 168, 174, 176, 179, 181, 182, 204, 205, 208, 209, 210, 211, 212, 214, 215, 216, 219, 220, 221, 222], "summary": {"covered_lines": 37, "num_statements": 37, "percent_covered": 100.0, "percent_covered_display": "100", "missing_lines": 0, "excluded_lines": 0, "percent_statements_covered": 100.0, "percent_statements_covered_display": "100"}, "missing_lines": [], "excluded_lines": [], "functions": {"get_searchable_fields": {"executed_lines": [22, 23, 24, 25, 26, 27], "summary": {"covered_lines": 6, "num_statements": 6, "percent_covered": 100.0, "percent_covered_display": "100", "missing_lines": 0, "excluded_lines": 0, "percent_statements_covered": 100.0, "percent_statements_covered_display": "100"}, "missing_lines": [], "excluded_lines": [], "start_line": 11}, "TurboDRFMixin.turbodrf": {"executed_lines": [135], "summary": {"covered_lines": 1, "num_statements": 1, "percent_covered": 100.0, "percent_covered_display": "100", "missing_lines": 0, "excluded_lines": 0, "percent_statements_covered": 100.0, "percent_statements_covered_display": "100"}, "missing_lines": [], "excluded_lines": [], "start_line": 58}, "TurboDRFMixin.get_api_fields": {"executed_lines": [163, 164, 166, 168, 174, 176, 179], "summary": {"covered_lines": 7, "num_statements": 7, "percent_covered": 100.0, "percent_covered_display": "100", "missing_lines": 0, "excluded_lines": 0, "percent_statements_covered": 100.0, "percent_statements_covered_display": "100"}, "missing_lines": [], "excluded_lines": [], "start_line": 142}, "TurboDRFMixin.get_field_type": {"executed_lines": [204, 205, 208, 209, 210, 211, 212, 214, 215, 216, 219, 220, 221, 222], "summary": {"covered_lines": 14, "num_statements": 14, "percent_covered": 100.0, "percent_covered_display": "100", "missing_lines": 0, "excluded_lines": 0, "percent_statements_covered": 100.0, "percent_statements_covered_display": "100"}, "missing_lines": [], "excluded_lines": [], "start_line": 182}, "": {"executed_lines": [8, 11, 30, 57, 58, 141, 142, 181, 182], "summary": {"covered_lines": 9, "num_statements": 9, "percent_covered": 100.0, "percent_covered_display": "100", "missing_lines": 0, "excluded_lines": 0, "percent_statements_covered": 100.0, "percent_statements_covered_display": "100"}, "missing_lines": [], "excluded_lines": [], "start_line": 1}}, "classes": {"TurboDRFMixin": {"executed_lines": [135, 163, 164, 166, 168, 174, 176, 179, 204, 205, 208, 209, 210, 211, 212, 214, 215, 216, 219, 220, 221, 222], "summary": {"covered_lines": 22, "num_statements": 22, "percent_covered": 100.0, "percent_covered_display": "100", "missing_lines": 0, "excluded_lines": 0, "percent_statements_covered": 100.0, "percent_statements_covered_display": "100"}, "missing_lines": [], "exclude
[...]
, 62, 90, 91, 92, 94, 108, 110, 125, 128, 136, 138, 139, 140, 142, 143, 144, 145, 146, 147, 148, 149, 150, 151, 152, 153, 154, 158, 210, 211, 212, 213, 220, 230, 231, 232, 235, 237, 239, 245, 246, 248, 253, 254, 255, 262, 269, 270, 271, 272, 273, 275, 281, 282, 285, 294, 296, 297, 299, 300, 301, 302, 303, 304, 305, 306, 307, 309, 313, 315, 317, 318, 319, 320, 321, 322, 323, 324, 325, 326, 327, 329, 335, 336, 337, 339, 340, 341, 342, 343, 344, 349, 351, 360, 361, 362, 366, 372, 373, 374, 376, 377, 379, 380, 382, 386, 387, 389, 390, 392, 395, 399, 404, 406, 408, 409, 410, 411, 415, 419, 420, 422, 423, 425, 430, 431, 434, 444, 446, 447, 448, 449, 453, 454, 455, 458, 460, 463, 465, 472, 473, 474, 477, 478, 479, 480, 483, 484, 485, 487, 488, 489, 492, 493, 494, 499, 500, 501, 502, 503, 506, 507, 509, 511, 518, 520, 528, 529, 531, 532, 534, 535, 536, 538, 539, 540, 541, 542, 544, 551, 552, 554, 555, 557, 558, 559, 561, 562, 568, 570, 607, 608, 611, 613, 614, 615, 618, 620, 622, 625, 630, 631, 632, 634, 636, 638, 639, 640, 642, 643, 644, 645, 647, 650, 651, 652, 654, 657, 658, 663, 665, 671, 672, 677, 682, 684, 689, 698, 699, 702, 703, 708, 710, 734, 736, 753, 756, 760, 761, 763, 764, 767, 768, 769, 771, 772, 773, 775, 776, 782, 783, 785, 796, 797, 798, 801, 803, 805, 806, 807, 808, 809, 810, 811, 812, 813, 814, 815, 816, 817, 820, 821, 822, 823, 824, 825, 827, 828, 839, 841, 842, 843, 848, 849, 850, 852, 853, 855, 856, 857, 859, 860, 862, 866, 867, 868, 870, 871, 879, 880, 882, 884, 888, 889, 891, 897, 899, 922, 924, 927, 928, 932, 933, 934, 937, 938, 940, 946, 947, 951, 952, 956, 960, 964, 965, 967, 977, 979, 980, 982, 988, 990, 991, 996, 997, 999, 1000, 1002, 1008, 1010, 1015, 1018, 1019, 1020, 1021, 1022, 1023, 1024, 1025, 1028, 1029, 1031, 1032, 1035, 1037, 1039, 1045, 1046, 1048, 1049, 1050, 1052, 1053, 1055, 1057, 1058, 1059, 1060, 1062, 1064, 1065, 1066, 1070, 1072, 1073, 1076, 1078, 1093, 1094, 1095, 1096, 1097, 1098, 1102, 1107, 1109, 1110, 1116, 1117, 1119, 1120, 1125, 1126, 1127, 1128, 1129, 1132, 1133, 1134, 1135, 1136, 1138], "summary": {"covered_lines": 428, "num_statements": 454, "percent_covered": 94.27312775330397, "percent_covered_display": "94", "missing_lines": 26, "excluded_lines": 0, "percent_statements_covered": 94.27312775330397, "percent_statements_covered_display": "94"}, "missing_lines": [47, 48, 49, 141, 155, 233, 234, 236, 249, 251, 283, 412, 450, 563, 799, 818, 941, 942, 943, 949, 950, 957, 1005, 1030, 1121, 1122], "excluded_lines": [], "functions": {"Authorization.__init__": {"executed_lines": [38, 39, 40, 41], "summary": {"covered_lines": 4, "num_statements": 4, "percent_covered": 100.0, "percent_covered_display": "100", "missing_lines": 0, "excluded_lines": 0, "percent_statements_covered": 100.0, "percent_statements_covered_display": "100"}, "missing_lines": [], "excluded_lines": [], "start_line": 37}, "Authorization.readable_fields": {"executed_lines": [], "summary": {"covered_lines": 0, "num_statements": 3, "percent_covered": 0.0, "percent_covered_display": "0", "missing_lines": 3, "excluded_lines": 0, "percent_statements_covered": 0.0, "percent_statements_covered_display": "0"}, "missing_lines": [47, 48, 49], "excluded_lines": [], "start_line": 44}, "Authorization.scope": {"executed_lines": [55, 56, 57, 58, 59], "summary": {"covered_lines": 5, "num_statements": 5, "percent_covered": 100.0, "percent_covered_display": "100", "missing_lines": 0, "excluded_lines": 0, "percent_statements_covered": 100.0, "percent_statements_covered_display": "100"}, "missing_lines": [], "excluded_lines": [], "start_line": 51}, "TurboDRFPagination.get_paginated_response": {"executed_lines": [108, 110], "summary": {"covered_lines": 2, "num_statements": 2, "percent_covered": 100.0, "percent_covered_display": "100", "missing_lines": 0, "excluded_lines": 0, "percent_statements_covered": 100.0, "percent_statements_covered_display": "100"}, "missing_lines": [], "excluded_lines": [], "start_line": 94}, "_is_resolvable_search_path": {"executed_lines": [136, 138, 139, 140, 142, 143, 144, 145, 146, 147, 148, 149, 150, 151, 152, 153, 154], "summary": {"covered_lines": 17, "num_statements": 19, "percent_covered": 89.47368421052632, "percent_covered_display": "89", "missing_lines": 2, "excluded_lines": 0, "percent_statements_covered": 89.47368421052632, "percent_statements_covered_display": "89"}, "missing_lines": [141, 155], "excluded_lines": [], "start_line": 128}, "TurboDRFViewSet.get_renderers": {"executed_lines": [230, 231, 232, 235, 237, 239], "summary": {"covered_lines": 6, "num_statements": 9, "percent_covered": 66.66666666666667, "percent_covered_display": "67", "missing_lines": 3, "excluded_lines": 0, "percent_statements_covered": 66.66666666666667, "percent_statements_covered_display": "67"}, "missing_lines": [233, 234, 236], "excluded_lines": [], "start_line": 220}, "TurboDRFViewSet.get_permissions": {"executed_lines": [269, 270, 271, 272, 273], "summary": {"covered_lines": 5, "num_statements": 5, "percent_covered": 100.0, "percent_covered_display": "100", "missing_lines": 0, "excluded_lines": 0, "percent_statements_covered": 100.0, "percent_statements_covered_display": "100"}, "missing_lines": [], "excluded_lines": [], "start_line": 262}, "TurboDRFViewSet._get_base_queryset": {"executed_lines": [281, 282], "summary": {"covered_lines": 2, "num_statements": 3, "percent_covered": 66.66666666666667, "percent_covered_display": "67", "missing_lines": 1, "excluded_lines": 0, "percent_statements_covered": 66.66666666666667, "percent_statements_covered_display": "67"}, "missing_lines": [283], "excluded_lines": [], "start_line": 275}, "TurboDRFViewSet._get_predicate_q": {"executed_lines": [294, 296, 297, 299, 300, 301, 302, 303, 304, 305, 306, 307], "summary": {"covered_lines": 12, "num_statements": 12, "percent_covered": 100.0, "percent_covered_display": "100", "missing_lines": 0, "excluded_lines": 0, "percent_statements_covered": 100.0, "percent_statements_covered_display": "100"}, "missing_lines": [], "excluded_lines": [], "start_line": 285}, "TurboDRFViewSet._get_tenant_q": {"executed_lines": [313, 315, 317, 318, 319, 320, 321, 322, 323, 324, 325, 326, 327], "summary": {"covered_lines": 13, "num_statements": 13, "percent_covered": 100.0, "percent_covered_display": "100", "missing_lines": 0, "excluded_lines": 0, "percent_statements_covered": 100.0, "percent_statements_covered_display": "100"}, "missing_lines": [], "excluded_lines": [], "start_line": 309}, "TurboDRFViewSet._authorized_readable_fields": {"executed_lines": [335, 336, 337, 339, 340, 341, 342, 343, 344, 349], "summary": {"covered_lines": 10, "num_statements": 10, "percent_covered": 100.0, "percent_covered_display": "100", "missing_lines": 0, "excluded_lines": 0, "percent_statements_covered": 100.0, "percent_statements_covered_display": "100"}, "missing_lines": [], "excluded_lines": [], "start_line": 329}, "TurboDRFViewSet.authorize": {"executed_lines": [360, 361, 362], "summary": {"covered_lines": 3, "num_statements": 3, "percent_covered": 100.0, "percent_covered_display": "100", "missing_lines": 0, "excluded_lines": 0, "percent_statements_covered": 100.0, "percent_statements_covered_display": "100"}, "missing_lines": [], "excluded_lines": [], "start_line": 351}, "TurboDRFViewSet.list": {"executed_lines": [372, 373, 374], "summary": {"covered_lines": 3, "num_statements": 3, "percent_covered": 100.0, "percent_covered_display": "100", "missing_lines": 0, "excluded_lines": 0, "percent_statements_covered": 100.0, "percent_statements_covered_display": "100"}, "missing_lines": [], "excluded_lines": [], "start_line": 366}, "TurboDRFViewSet._should_use_compiled_path": {"executed_lines": [377, 379, 380, 382, 386, 387], "summary": {"covered_lines": 6, "num_statements": 6, "percent_covered": 100.0, "percent_covered_display": "100", "missing_lines": 0, "excluded_lines": 0, "percent_statements_covered": 100.0, "percent_statements_covered_display": "100"}, "missing_lines": [], "excluded_lines": [], "start_line": 376}, "TurboDRFViewSet._compiled_list": {"executed_lines": [390, 392, 395, 399, 404, 406, 408, 409, 410, 411, 415, 419, 420, 422, 423, 425, 430, 431, 434, 444, 446, 447, 448, 449, 453, 454, 455, 458, 460, 463], "summary": {"covered_lines": 30, "num_statements": 32, "percent_covered": 93.75, "percent_covered_display": "94", "missing_lines": 2, "excluded_lines": 0, "percent_statements_covered": 93.75, "percent_statements_covered_display": "94"}, "missing_lines": [412, 450], "excluded_lines": [], "start_line": 389}, "TurboDRFViewSet._parse_client_fields": {"executed_lines": [472, 473, 474, 477, 478, 479, 480, 483, 484, 485, 487, 488, 489, 492, 493, 494, 499, 500, 501, 502, 503, 506, 507, 509], "summary": {"covered_lines": 24, "num_statements": 24, "percent_covered": 100.0, "percent_covered_display": "100", "missing_lines": 0, "excluded_lines": 0, "percent_statements_covered": 100.0, "percent_statements_covered_display": "100"}, "missing_lines": [], "excluded_lines": [], "start_line": 465}, "TurboDRFViewSet._get_compiled_readable_fields": {"executed_lines": [518], "summary": {"covered_lines": 1, "num_statements": 1, "percent_covered": 100.0, "percent_covered_display": "100", "missing_lines": 0, "excluded_lines": 0, "percent_statements_covered": 100.0, "percent_statements_covered_display": "100"}, "missing_lines": [], "excluded_lines": [], "start_line": 511}, "TurboDRFViewSet._filter_compiled_fk_annotations": {"executed_lines": [528, 529, 531, 532, 534, 535, 536, 538, 539, 540, 541, 542], "summary": {"covered_lines": 12, "num_statements": 12, "percent_covered": 100.0, "percent_covered_display": "100", "missing_lines": 0, "excluded_lines": 0, "percent_statements_covered": 100.0, "percent_statements_covered_display": "100"}, "missing_lines": [], "excluded_lines": [], "start_line": 520}, "TurboDRFViewSet._filter_compiled_m2m_subfields": {"executed_lines": [551, 552, 554, 555, 557, 558, 559, 561, 562, 568], "summary": {"covered_lines": 10, "num_statements": 11, "percent_covered": 90.9090909090909, "percent_covered_display": "91", "missing_lines": 1, "excluded_lines": 0, "percent_statements_covered": 90.9090909090909, "percent_statements_covered_display": "91"}, "missing_lines": [563], "excluded_lines": [], "start_line": 544}, "TurboDRFViewSet.get_serializer_class": {"executed_lines": [607, 608, 611, 613, 614, 615, 618, 620, 622, 625, 630, 631, 632, 634, 636, 638, 639, 640, 642, 643, 644, 645, 647, 650, 651, 652, 654, 657, 658, 663, 665, 671, 672, 677, 682, 684, 689, 698, 699, 702, 703, 708, 710, 734], "summary": {"covered_lines": 44, "num_statements": 44, "percent_covered": 100.0, "percent_covered_display": "100", "missing_lines": 0, "excluded_lines": 0, "percent_statements_covered": 100.0, "percent_statements_covered_display": "100"}, "missing_lines": [], "excluded_lines": [], "start_line": 570}, "TurboDRFViewSet.get_queryset": {"executed_lines": [753, 756, 760, 761, 763, 764, 767, 768, 769, 771, 772, 773, 775, 776, 782, 783], "summary": {"covered_lines": 16, "num_statements": 16, "percent_covered": 100.0, "percent_covered_display": "100", "missing_lines": 0, "excluded_lines": 0, "percent_statements_covered": 100.0, "percent_statements_covered_display": "100"}, "missing_lines": [], "excluded_lines": [], "start_line": 736}, "TurboDRFViewSet.filter_queryset": {"executed_lines": [796, 797, 798, 801, 803, 805, 806, 807, 808, 809, 810, 811, 812, 813, 814, 815, 816, 817, 820, 821, 822, 823, 824, 825], "summary": {"covered_lines": 24, "num_statements": 26, "percent_covered": 92.3076923076923, "percent_covered_display": "92", "missing_lines": 2, "excluded_lines": 0, "percent_statements_covered": 92.3076923076923, "percent_statements_covered_display": "92"}, "missing_lines": [799, 818], "excluded_lines": [], "start_line": 785}, "TurboDRFViewSet.search_fields": {"executed_lines": [839, 841, 842, 843, 848, 849, 850, 852, 853, 855, 856, 857, 859, 860, 862, 866, 867, 868], "summary": {"covered_lines": 18, "num_statements": 18, "percent_covered": 100.0, "percent_covered_display": "100", "missing_lines": 0, "excluded_lines": 0, "percent_statements_covered": 100.0, "percent_statements_covered_display": "100"}, "missing_lines": [], "excluded_lines": [], "start_line": 828}, "TurboDRFViewSet.ordering_fields": {"executed_lines": [879, 880, 882, 884, 888, 889, 891, 897], "summary": {"covered_lines": 8, "num_statements": 8, "percent_covered": 100.0, "percent_covered_display": "100", "missing_lines": 0, "excluded_lines": 0, "percent_statements_covered": 100.0, "percent_statements_covered_display": "100"}, "missing_lines": [], "excluded_lines": [], "start_line": 871}, "TurboDRFViewSet.get_filterset_fields": {"executed_lines": [922, 924, 927, 1008, 1010, 1015, 1018, 1019, 1020, 1021, 1022, 1023, 1024, 1025, 1028, 1029, 1031, 1032, 1035, 1037], "summary": {"covered_lines": 20, "num_statements": 21, "percent_covered": 95.23809523809524, "percent_covered_display": "95", "missing_lines": 1, "excluded_lines": 0, "percent_statements_covered": 95.23809523809524, "percent_statements_covered_display": "95"}, "missing_lines": [1030], "excluded_lines": [], "start_line": 899}, "TurboDRFViewSet.get_filterset_fields.get_field_lookups": {"executed_lines": [928, 932, 933, 934, 937, 938, 940, 946, 947, 951, 952, 956, 960, 964, 965, 967, 977, 979, 980, 982, 988, 990, 991, 996, 997, 999, 1000, 1002], "summary": {"covered_lines": 28, "num_statements": 35, "percent_covered": 80.0, "percent_covered_display": "80", "missing_lines": 7, "excluded_lines": 0, "percent_statements_covered": 80.0, "percent_statements_covered_display": "80"}, "missing_lines": [941, 942, 943, 949, 950, 957, 1005], "excluded_lines": [], "start_line": 927}, "TurboDRFViewSet._get_filterable_fields": {"executed_lines": [1045, 1046, 1048, 1049, 1050, 1052, 1053, 1055, 1057, 1058, 1059, 1060, 1062, 1064, 1065, 1066, 1070], "summary": {"covered_lines": 17, "num_statements": 17, "percent_covered": 100.0, "percent_covered_display": "100", "missing_lines": 0, "excluded_lines": 0, "percent_statements_covered": 100.0, "percent_statements_covered_display": "100"}, "missing_lines": [], "excluded_lines": [], "start_line": 1039}, "TurboDRFViewSet.filterset_fields": {"executed_lines": [1076], "summary": {"covered_lines": 1, "num_statements": 1, "percent_covered": 100.0, "percent_covered_display": "100", "missing_lines": 0, "excluded_lines": 0, "percent_statements_covered": 100.0, "percent_statements_covered_display": "100"}, "missing_lines": [], "excluded_lines": [], "start_line": 1073}, "TurboDRFViewSet.create": {"executed_lines": [1093, 1094, 1095, 1096, 1097, 1098], "summary": {"covered_lines": 6, "num_statements": 6, "percent_covered": 100.0, "percent_covered_display": "100", "missing_lines": 0, "excluded_lines": 0, "percent_statements_covered": 100.0, "percent_statements_covered_display": "100"}, "missing_lines": [], "excluded_lines": [], "start_line": 1078}, "TurboDRFViewSet._prefill_required_fields": {"executed_lines": [1107, 1109, 1110, 1116, 1117, 1119, 1120, 1125, 1126, 1127, 1128, 1129, 1132, 1133, 1134, 1135, 1136, 1138], "summary": {"covered_lines": 18, "num_statements": 20, "percent_covered": 90.0, "percent_covered_display": "90", "missing_lines": 2, "excluded_lines": 0, "percent_statements_covered": 90.0, "percent_statements_covered_display": "90"}, "missing_lines": [1121, 1122], "excluded_lines": [], "start_line": 1102}, "": {"executed_lines": [1, 2, 3, 4, 5, 6, 8, 9, 10, 15, 16, 18, 21, 35, 37, 43, 44, 51, 62, 90, 91, 92, 94, 125, 128, 158, 210, 211, 212, 213, 220, 245, 246, 248, 253, 254, 255, 262, 275, 285, 309, 329, 351, 366, 376, 389, 465, 511, 520, 544, 570, 736, 785, 827, 828, 870, 871, 899, 1039, 1072, 1073, 1078, 1102], "summary": {"covered_lines": 63, "num_statements": 65, "percent_covered": 96.92307692307692, "percent_covered_display": "97", "missing_lines": 2, "excluded_lines": 0, "percent_statements_covered": 96.92307692307692, "percent_statements_covered_display": "97"}, "missing_lines": [249, 251], "excluded_lines": [], "start_line": 1}}, "classes": {"Authorization": {"executed_lines": [38, 39, 40, 41, 55, 56, 57, 58, 59], "summary": {"covered_lines": 9, "num_statements": 12, "percent_covered": 75.0, "percent_covered_display": "75", "missing_lines": 3, "excluded_lines": 0, "percent_statements_covered": 75.0, "percent_statements_covered_display": "75"}, "missing_lines": [47, 48, 49], "excluded_lines": [], "start_line": 21}, "TurboDRFPagination": {"executed_lines": [108, 110], "summary": {"covered_lines": 2, "num_statements": 2, "percent_covered": 100.0, "percent_covered_display": "100", "missing_lines": 0, "excluded_lines": 0, "percent_statements_covered": 100.0, "percent_statements_covered_display": "100"}, "missing_lines": [], "excluded_lines": [], "start_line": 62}, "TurboDRFViewSet": {"executed_lines": [230, 231, 232, 235, 237, 239, 269, 270, 271, 272, 273, 281, 282, 294, 296, 297, 299, 300, 301, 302, 303, 304, 305, 306, 307, 313, 315, 317, 318, 319, 320, 321, 322, 323, 324, 325, 326, 327, 335, 336, 337, 339, 340, 341, 342, 343, 344, 349, 360, 361, 362, 372, 373, 374, 377, 379, 380, 382, 386, 387, 390, 392, 395, 399, 404, 406, 408, 409, 410, 411, 415, 419, 420, 422, 423, 425, 430, 431, 434, 444, 446, 447, 448, 449, 453, 454, 455, 458, 460, 463, 472, 473, 474, 477, 478, 479, 480, 483, 484, 485, 487, 488, 489, 492, 493, 494, 499, 500, 501, 502, 503, 506, 507, 509, 518, 528, 529, 531, 532, 534, 535, 536, 538, 539, 540, 541, 542, 551, 552, 554, 555, 557, 558, 559, 561, 562, 568, 607, 608, 611, 613, 614, 615, 618, 620, 622, 625, 630, 631, 632, 634, 636, 638, 639, 640, 642, 643, 644, 645, 647, 650, 651, 652, 654, 657, 658, 663, 665, 671, 672, 677, 682, 684, 689, 698, 699, 702, 703, 708, 710, 734, 753, 756, 760, 761, 763, 764, 767, 768, 769, 771, 772, 773, 775, 776, 782, 783, 796, 797, 798, 801, 803, 805, 806, 807, 808, 809, 810, 811, 812, 813, 814, 815, 816, 817, 820, 821, 822, 823, 824, 825, 839, 841, 842, 843, 848, 849, 850, 852, 853, 855, 856, 857, 859, 860, 862, 866, 867, 868, 879, 880, 882, 884, 888, 889, 891, 897, 922, 924, 927, 928, 932, 933, 934, 937, 938, 940, 946, 947, 951, 952, 956, 960, 964, 965, 967, 977, 979, 980, 982, 988, 990, 991, 996, 997, 999, 1000, 1002, 1008, 1010, 1015, 1018, 1019, 1020, 1021, 1022, 1023, 1024, 1025, 1028, 1029, 1031, 1032, 1035, 1037, 1045, 1046, 1048, 1049, 1050, 1052, 1053, 1055, 1057, 1058, 1059, 1060, 1062, 1064, 1065, 1066, 1070, 1076, 1093, 1094, 1095, 1096, 1097, 1098, 1107, 1109, 1110, 1116, 1117, 1119, 1120, 1125, 1126, 1127, 1128, 1129, 1132, 1133, 1134, 1135, 1136, 1138], "summary": {"covered_lines": 337, "num_statements": 356, "percent_covered": 94.66292134831461, "percent_covered_display": "95", "missing_lines": 19, "excluded_lines": 0, "percent_statements_covered": 94.66292134831461, "percent_statements_covered_display": "95"}, "missing_lines": [233, 234, 236, 283, 412, 450, 563, 799, 818, 941, 942, 943, 949, 950, 957, 1005, 1030, 1121, 1122], "excluded_lines": [], "start_line": 158}, "": {"executed_lines": [1, 2, 3, 4, 5, 6, 8, 9, 10, 15, 16, 18, 21, 35, 37, 43, 44, 51, 62, 90, 91, 92, 94, 125, 128, 136, 138, 139, 140, 142, 143, 144, 145, 146, 147, 148, 149, 150, 151, 152, 153, 154, 158, 210, 211, 212, 213, 220, 245, 246, 248, 253, 254, 255, 262, 275, 285, 309, 329, 351, 366, 376, 389, 465, 511, 520, 544, 570, 736, 785, 827, 828, 870, 871, 899, 1039, 1072, 1073, 1078, 1102], "summary": {"covered_lines": 80, "num_statements": 84, "percent_covered": 95.23809523809524, "percent_covered_display": "95", "missing_lines": 4, "excluded_lines": 0, "percent_statements_covered": 95.23809523809524, "percent_statements_covered_display": "95"}, "missing_lines": [141, 155, 249, 251], "excluded_lines": [], "start_line": 1}}}}, "totals": {"covered_lines": 3195, "num_statements": 3353, "percent_covered": 95.28780196838652, "percent_covered_display": "95", "missing_lines": 158, "excluded_lines": 18, "percent_statements_covered": 95.28780196838652, "percent_statements_covered_display": "95"}}