{"meta": {"format": 3, "version": "7.13.1", "timestamp": "2026-01-04T12:11:37.044942", "branch_coverage": false, "show_contexts": false}, "files": {"turbodrf/__init__.py": {"executed_lines": [37, 38, 39, 40, 44, 46, 47, 49, 50, 51, 53, 54, 55, 57, 58, 59, 61, 62, 63, 65, 66, 67, 69, 70, 73], "summary": {"covered_lines": 25, "num_statements": 25, "percent_covered": 100.0, "percent_covered_display": "100", "missing_lines": 0, "excluded_lines": 0, "percent_statements_covered": 100.0, "percent_statements_covered_display": "100"}, "missing_lines": [], "excluded_lines": [], "functions": {"__getattr__": {"executed_lines": [46, 47, 49, 50, 51, 53, 54, 55, 57, 58, 59, 61, 62, 63, 65, 66, 67, 69, 70], "summary": {"covered_lines": 19, "num_statements": 19, "percent_covered": 100.0, "percent_covered_display": "100", "missing_lines": 0, "excluded_lines": 0, "percent_statements_covered": 100.0, "percent_statements_covered_display": "100"}, "missing_lines": [], "excluded_lines": [], "start_line": 44}, "": {"executed_lines": [37, 38, 39, 40, 44, 73], "summary": {"covered_lines": 6, "num_statements": 6, "percent_covered": 100.0, "percent_covered_display": "100", "missing_lines": 0, "excluded_lines": 0, "percent_statements_covered": 100.0, "percent_statements_covered_display": "100"}, "missing_lines": [], "excluded_lines": [], "start_line": 1}}, "classes": {"": {"executed_lines": [37, 38, 39, 40, 44, 46, 47, 49, 50, 51, 53, 54, 55, 57, 58, 59, 61, 62, 63, 65, 66, 67, 69, 70, 73], "summary": {"covered_lines": 25, "num_statements": 25, "percent_covered": 100.0, "percent_covered_display": "100", "missing_lines": 0, "excluded_lines": 0, "percent_statements_covered": 100.0, "percent_statements_covered_display": "100"}, "missing_lines": [], "excluded_lines": [], "start_line": 1}}}, "turbodrf/apps.py": {"executed_lines": [1, 2, 5, 6, 7, 8, 10, 15, 16, 18, 26], "summary": {"covered_lines": 11, "num_statements": 15, "percent_covered": 73.33333333333333, "percent_covered_display": "73", "missing_lines": 4, "excluded_lines": 0, "percent_statements_covered": 73.33333333333333, "percent_statements_covered_display": "73"}, "missing_lines": [28, 29, 32, 33], "excluded_lines": [], "functions": {"TurboDRFConfig.ready": {"executed_lines": [15, 16], "summary": {"covered_lines": 2, "num_statements": 2, "percent_covered": 100.0, "percent_covered_display": "100", "missing_lines": 0, "excluded_lines": 0, "percent_statements_covered": 100.0, "percent_statements_covered_display": "100"}, "missing_lines": [], "excluded_lines": [], "start_line": 10}, "TurboDRFConfig._ensure_drf_yasg_installed": {"executed_lines": [26], "summary": {"covered_lines": 1, "num_statements": 5, "percent_covered": 20.0, "percent_covered_display": "20", "missing_lines": 4, "excluded_lines": 0, "percent_statements_covered": 20.0, "percent_statements_covered_display": "20"}, "missing_lines": [28, 29, 32, 33], "excluded_lines": [], "start_line": 18}, "": {"executed_lines": [1, 2, 5, 6, 7, 8, 10, 18], "summary": {"covered_lines": 8, "num_statements": 8, "percent_covered": 100.0, "percent_covered_display": "100", "missing_lines": 0, "excluded_lines": 0, "percent_statements_covered": 100.0, "percent_statements_covered_display": "100"}, "missing_lines": [], "excluded_lines": [], "start_line": 1}}, "classes": {"TurboDRFConfig": {"executed_lines": [15, 16, 26], "summary": {"covered_lines": 3, "num_statements": 7, "percent_covered": 42.857142857142854, "percent_covered_display": "43", "missing_lines": 4, "excluded_lines": 0, "percent_statements_covered": 42.857142857142854, "percent_statements_covered_display": "43"}, "missing_lines": [28, 29, 32, 33], "excluded_lines": [], "start_line": 5}, "": {"executed_lines": [1, 2, 5, 6, 7, 8, 10, 18], "summary": {"covered_lines": 8, "num_statements": 8, "percent_covered": 100.0, "percent_covered_display": "100", "missing_lines": 0, "excluded_lines": 0, "percent_statements_covered": 100.0, "percent_statements_covered_display": "100"}, "missing_lines": [], "excluded_lines": [], "start_line": 1}}}, "turbodrf/backends.py": {"executed_lines": [8, 9, 11, 12, 15, 16, 45, 46, 47, 48, 49, 51, 53, 55, 57, 59, 61, 63, 65, 67, 69, 72, 79, 82, 93, 95, 96, 97, 99, 100, 101, 107, 109, 111, 113, 115, 120, 121, 123, 135, 148, 150, 152, 153, 154, 157, 158, 159, 160, 163, 164, 166, 167, 168, 169, 170, 171, 172, 173, 174, 175, 178, 179, 180, 181, 184, 185, 189, 190, 192, 193, 195, 197, 199, 200, 201, 202, 205, 206, 209, 210, 211, 212, 215, 219, 221, 224, 238, 240, 241, 242, 245, 246, 252, 256, 261, 262, 265, 266, 267, 269, 270, 272, 273, 274, 275, 276, 277, 280, 281, 284, 286, 288, 289, 291, 293, 295, 296, 297, 300, 301, 304, 305, 306, 309, 313, 315, 318, 329, 332, 335, 336, 339, 340, 341, 344, 345, 346, 349, 355, 357, 360, 371, 372, 375, 384, 385, 388, 391, 414, 415, 416, 417, 420, 422, 423, 426, 429, 430, 432, 435, 446, 447, 449, 451, 452, 453, 455, 458, 469, 472, 473], "summary": {"covered_lines": 172, "num_statements": 182, "percent_covered": 94.50549450549451, "percent_covered_display": "95", "missing_lines": 10, "excluded_lines": 0, "percent_statements_covered": 94.50549450549451, "percent_statements_covered_display": "95"}, "missing_lines": [102, 103, 105, 106, 124, 126, 132, 247, 351, 470], "excluded_lines": [], "functions": {"PermissionSnapshot.can_perform_action": {"executed_lines": [53], "summary": {"covered_lines": 1, "num_statements": 1, "percent_covered": 100.0, "percent_covered_display": "100", "missing_lines": 0, "excluded_lines": 0, "percent_statements_covered": 100.0, "percent_statements_covered_display": "100"}, "missing_lines": [], "excluded_lines": [], "start_line": 51}, "PermissionSnapshot.can_read_field": {"executed_lines": [57], "summary": {"covered_lines": 1, "num_statements": 1, "percent_covered": 100.0, "percent_covered_display": "100", "missing_lines": 0, "excluded_lines": 0, "percent_statements_covered": 100.0, "percent_statements_covered_display": "100"}, "missing_lines": [], "excluded_lines": [], "start_line": 55}, "PermissionSnapshot.can_write_field": {"executed_lines": [61], "summary": {"covered_lines": 1, "num_statements": 1, "percent_covered": 100.0, "percent_covered_display": "100", "missing_lines": 0, "excluded_lines": 0, "percent_statements_covered": 100.0, "percent_statements_covered_display": "100"}, "missing_lines": [], "excluded_lines": [], "start_line": 59}, "PermissionSnapshot.has_read_rule": {"executed_lines": [65], "summary": {"covered_lines": 1, "num_statements": 1, "percent_covered": 100.0, "percent_covered_display": "100", "missing_lines": 0, "excluded_lines": 0, "percent_statements_covered": 100.0, "percent_statements_covered_display": "100"}, "missing_lines": [], "excluded_lines": [], "start_line": 63}, "PermissionSnapshot.has_write_rule": {"executed_lines": [69], "summary": {"covered_lines": 1, "num_statements": 1, "percent_covered": 100.0, "percent_covered_display": "100", "missing_lines": 0, "excluded_lines": 0, "percent_statements_covered": 100.0, "percent_statements_covered_display": "100"}, "missing_lines": [], "excluded_lines": [], "start_line": 67}, "get_permission_mode": {"executed_lines": [79], "summary": {"covered_lines": 1, "num_statements": 1, "percent_covered": 100.0, "percent_covered_display": "100", "missing_lines": 0, "excluded_lines": 0, "percent_statements_covered": 100.0, "percent_statements_covered_display": "100"}, "missing_lines": [], "excluded_lines": [], "start_line": 72}, "get_user_roles": {"executed_lines": [93, 95, 96, 97, 99, 100, 101, 107, 109, 111, 113, 115, 120, 121, 123], "summary": {"covered_lines": 15, "num_statements": 22, "percent_covered": 68.18181818181819, "percent_covered_display": "68", "missing_lines": 7, "excluded_lines": 0, "percent_statements_covered": 68.18181818181819, "percent_statements_covered_display": "68"}, "missing_lines": [102, 103, 105, 106, 124, 126, 132], "excluded_lines": [], "start_line": 82}, "build_permission_snapshot_static": {"executed_lines": [148, 150, 152, 153, 154, 157, 158, 159, 160, 163, 164, 166, 167, 168, 169, 170, 171, 172, 173, 174, 175, 178, 179, 180, 181, 184, 185, 189, 190, 192, 193, 195, 197, 199, 200, 201, 202, 205, 206, 209, 210, 211, 212, 215, 219, 221], "summary": {"covered_lines": 46, "num_statements": 46, "percent_covered": 100.0, "percent_covered_display": "100", "missing_lines": 0, "excluded_lines": 0, "percent_statements_covered": 100.0, "percent_statements_covered_display": "100"}, "missing_lines": [], "excluded_lines": [], "start_line": 135}, "build_permission_snapshot_database": {"executed_lines": [238, 240, 241, 242, 245, 246, 252, 256, 261, 262, 265, 266, 267, 269, 270, 272, 273, 274, 275, 276, 277, 280, 281, 284, 286, 288, 289, 291, 293, 295, 296, 297, 300, 301, 304, 305, 306, 309, 313, 315], "summary": {"covered_lines": 40, "num_statements": 41, "percent_covered": 97.5609756097561, "percent_covered_display": "98", "missing_lines": 1, "excluded_lines": 0, "percent_statements_covered": 97.5609756097561, "percent_statements_covered_display": "98"}, "missing_lines": [247], "excluded_lines": [], "start_line": 224}, "get_cache_key": {"executed_lines": [329, 332, 335, 336, 339, 340, 341, 344, 345, 346, 349, 355, 357], "summary": {"covered_lines": 13, "num_statements": 14, "percent_covered": 92.85714285714286, "percent_covered_display": "93", "missing_lines": 1, "excluded_lines": 0, "percent_statements_covered": 92.85714285714286, "percent_statements_covered_display": "93"}, "missing_lines": [351], "excluded_lines": [], "start_line": 318}, "get_cached_snapshot": {"executed_lines": [371, 372], "summary": {"covered_lines": 2, "num_statements": 2, "percent_covered": 100.0, "percent_covered_display": "100", "missing_lines": 0, "excluded_lines": 0, "percent_statements_covered": 100.0, "percent_statements_covered_display": "100"}, "missing_lines": [], "excluded_lines": [], "start_line": 360}, "set_cached_snapshot": {"executed_lines": [384, 385, 388], "summary": {"covered_lines": 3, "num_statements": 3, "percent_covered": 100.0, "percent_covered_display": "100", "missing_lines": 0, "excluded_lines": 0, "percent_statements_covered": 100.0, "percent_statements_covered_display": "100"}, "missing_lines": [], "excluded_lines": [], "start_line": 375}, "build_permission_snapshot": {"executed_lines": [414, 415, 416, 417, 420, 422, 423, 426, 429, 430, 432], "summary": {"covered_lines": 11, "num_statements": 11, "percent_covered": 100.0, "percent_covered_display": "100", "missing_lines": 0, "excluded_lines": 0, "percent_statements_covered": 100.0, "percent_statements_covered_display": "100"}, "missing_lines": [], "excluded_lines": [], "start_line": 391}, "attach_snapshot_to_request": {"executed_lines": [446, 447, 449, 451, 452, 453, 455], "summary": {"covered_lines": 7, "num_statements": 7, "percent_covered": 100.0, "percent_covered_display": "100", "missing_lines": 0, "excluded_lines": 0, "percent_statements_covered": 100.0, "percent_statements_covered_display": "100"}, "missing_lines": [], "excluded_lines": [], "start_line": 435}, "get_snapshot_from_request": {"executed_lines": [469, 472, 473], "summary": {"covered_lines": 3, "num_statements": 4, "percent_covered": 75.0, "percent_covered_display": "75", "missing_lines": 1, "excluded_lines": 0, "percent_statements_covered": 75.0, "percent_statements_covered_display": "75"}, "missing_lines": [470], "excluded_lines": [], "start_line": 458}, "": {"executed_lines": [8, 9, 11, 12, 15, 16, 45, 46, 47, 48, 49, 51, 55, 59, 63, 67, 72, 82, 135, 224, 318, 360, 375, 391, 435, 458], "summary": {"covered_lines": 26, "num_statements": 26, "percent_covered": 100.0, "percent_covered_display": "100", "missing_lines": 0, "excluded_lines": 0, "percent_statements_covered": 100.0, "percent_statements_covered_display": "100"}, "missing_lines": [], "excluded_lines": [], "start_line": 1}}, "classes": {"PermissionSnapshot": {"executed_lines": [53, 57, 61, 65, 69], "summary": {"covered_lines": 5, "num_statements": 5, "percent_covered": 100.0, "percent_covered_display": "100", "missing_lines": 0, "excluded_lines": 0, "percent_statements_covered": 100.0, "percent_statements_covered_display": "100"}, "missing_lines": [], "excluded_lines": [], "start_line": 16}, "": {"executed_lines": [8, 9, 11, 12, 15, 16, 45, 46, 47, 48, 49, 51, 55, 59, 63, 67, 72, 79, 82, 93, 95, 96, 97, 99, 100, 101, 107, 109, 111, 113, 115, 120, 121, 123, 135, 148, 150, 152, 153, 154, 157, 158, 159, 160, 163, 164, 166, 167, 168, 169, 170, 171, 172, 173, 174, 175, 178, 179, 180, 181, 184, 185, 189, 190, 192, 193, 195, 197, 199, 200, 201, 202, 205, 206, 209, 210, 211, 212, 215, 219, 221, 224, 238, 240, 241, 242, 245, 246, 252, 256, 261, 262, 265, 266, 267, 269, 270, 272, 273, 274, 275, 276, 277, 280, 281, 284, 286, 288, 289, 291, 293, 295, 296, 297, 300, 301, 304, 305, 306, 309, 313, 315, 318, 329, 332, 335, 336, 339, 340, 341, 344, 345, 346, 349, 355, 357, 360, 371, 372, 375, 384, 385, 388, 391, 414, 415, 416, 417, 420, 422, 423, 426, 429, 430, 432, 435, 446, 447, 449, 451, 452, 453, 455, 458, 469, 472, 473], "summary": {"covered_lines": 167, "num_statements": 177, "percent_covered": 94.35028248587571, "percent_covered_display": "94", "missing_lines": 10, "excluded_lines": 0, "percent_statements_covered": 94.35028248587571, "percent_statements_covered_display": "94"}, "missing_lines": [102, 103, 105, 106, 124, 126, 132, 247, 351, 470], "excluded_lines": [], "start_line": 1}}}, "turbodrf/documentation.py": {"executed_lines": [13, 14, 15, 16, 19, 91, 92, 94, 96, 110], "summary": {"covered_lines": 10, "num_statements": 10, "percent_covered": 100.0, "percent_covered_display": "100", "missing_lines": 0, "excluded_lines": 0, "percent_statements_covered": 100.0, "percent_statements_covered_display": "100"}, "missing_lines": [], "excluded_lines": [], "functions": {"get_turbodrf_schema_view": {"executed_lines": [91, 92, 94, 96, 110], "summary": {"covered_lines": 5, "num_statements": 5, "percent_covered": 100.0, "percent_covered_display": "100", "missing_lines": 0, "excluded_lines": 0, "percent_statements_covered": 100.0, "percent_statements_covered_display": "100"}, "missing_lines": [], "excluded_lines": [], "start_line": 19}, "": {"executed_lines": [13, 14, 15, 16, 19], "summary": {"covered_lines": 5, "num_statements": 5, "percent_covered": 100.0, "percent_covered_display": "100", "missing_lines": 0, "excluded_lines": 0, "percent_statements_covered": 100.0, "percent_statements_covered_display": "100"}, "missing_lines": [], "excluded_lines": [], "start_line": 1}}, "classes": {"": {"executed_lines": [13, 14, 15, 16, 19, 91, 92, 94, 96, 110], "summary": {"covered_lines": 10, "num_statements": 10, "percent_covered": 100.0, "percent_covered_display": "100", "missing_lines": 0, "excluded_lines": 0, "percent_statements_covered": 100.0, "percent_statements_covered_display": "100"}, "missing_lines": [], "excluded_lines": [], "start_line": 1}}}, "turbodrf/filter_backends.py": {"executed_lines": [8, 9, 12, 48, 61, 64, 65, 68, 70, 72, 73, 75, 77, 80, 86, 87, 90, 93, 96, 97, 98, 100, 101, 102, 104, 106, 109, 110, 112, 115, 116, 119, 121, 123, 129, 132, 133, 134, 138, 139, 140, 141, 142, 143, 144, 147, 148, 151, 152, 154, 156, 174, 176, 178, 182, 183, 186, 188, 189, 191, 203, 204, 210, 211, 219, 220, 224, 226, 228, 229, 231, 232, 233, 236, 246, 248], "summary": {"covered_lines": 76, "num_statements": 92, "percent_covered": 82.6086956521739, "percent_covered_display": "83", "missing_lines": 16, "excluded_lines": 0, "percent_statements_covered": 82.6086956521739, "percent_statements_covered_display": "83"}, "missing_lines": [83, 113, 135, 193, 194, 196, 199, 212, 214, 215, 237, 239, 240, 242, 244, 255], "excluded_lines": [], "functions": {"ORFilterBackend.filter_queryset": {"executed_lines": [61, 64, 65, 68, 70, 72, 73, 75, 77, 80, 86, 87, 90, 93, 96, 97, 98, 100, 101, 102, 104, 106, 109, 110, 112, 115, 116, 119, 121], "summary": {"covered_lines": 29, "num_statements": 31, "percent_covered": 93.54838709677419, "percent_covered_display": "94", "missing_lines": 2, "excluded_lines": 0, "percent_statements_covered": 93.54838709677419, "percent_statements_covered_display": "94"}, "missing_lines": [83, 113], "excluded_lines": [], "start_line": 48}, "ORFilterBackend._get_valid_filter_fields": {"executed_lines": [129, 132, 133, 134, 138, 139, 140, 141, 142, 143, 144, 147, 148, 151, 152, 154], "summary": {"covered_lines": 16, "num_statements": 17, "percent_covered": 94.11764705882354, "percent_covered_display": "94", "missing_lines": 1, "excluded_lines": 0, "percent_statements_covered": 94.11764705882354, "percent_statements_covered_display": "94"}, "missing_lines": [135], "excluded_lines": [], "start_line": 123}, "ORFilterBackend._is_valid_filter_field": {"executed_lines": [174, 176, 178, 182, 183, 186, 188, 189, 191, 203, 204, 210, 211, 219, 220, 224, 226, 228, 229, 231, 232, 233, 236, 246], "summary": {"covered_lines": 24, "num_statements": 36, "percent_covered": 66.66666666666667, "percent_covered_display": "67", "missing_lines": 12, "excluded_lines": 0, "percent_statements_covered": 66.66666666666667, "percent_statements_covered_display": "67"}, "missing_lines": [193, 194, 196, 199, 212, 214, 215, 237, 239, 240, 242, 244], "excluded_lines": [], "start_line": 156}, "ORFilterBackend.get_schema_operation_parameters": {"executed_lines": [], "summary": {"covered_lines": 0, "num_statements": 1, "percent_covered": 0.0, "percent_covered_display": "0", "missing_lines": 1, "excluded_lines": 0, "percent_statements_covered": 0.0, "percent_statements_covered_display": "0"}, "missing_lines": [255], "excluded_lines": [], "start_line": 248}, "": {"executed_lines": [8, 9, 12, 48, 123, 156, 248], "summary": {"covered_lines": 7, "num_statements": 7, "percent_covered": 100.0, "percent_covered_display": "100", "missing_lines": 0, "excluded_lines": 0, "percent_statements_covered": 100.0, "percent_statements_covered_display": "100"}, "missing_lines": [], "excluded_lines": [], "start_line": 1}}, "classes": {"ORFilterBackend": {"executed_lines": [61, 64, 65, 68, 70, 72, 73, 75, 77, 80, 86, 87, 90, 93, 96, 97, 98, 100, 101, 102, 104, 106, 109, 110, 112, 115, 116, 119, 121, 129, 132, 133, 134, 138, 139, 140, 141, 142, 143, 144, 147, 148, 151, 152, 154, 174, 176, 178, 182, 183, 186, 188, 189, 191, 203, 204, 210, 211, 219, 220, 224, 226, 228, 229, 231, 232, 233, 236, 246], "summary": {"covered_lines": 69, "num_statements": 85, "percent_covered": 81.17647058823529, "percent_covered_display": "81", "missing_lines": 16, "excluded_lines": 0, "percent_statements_covered": 81.17647058823529, "percent_statements_covered_display": "81"}, "missing_lines": [83, 113, 135, 193, 194, 196, 199, 212, 214, 215, 237, 239, 240, 242, 244, 255], "excluded_lines": [], "start_line": 12}, "": {"executed_lines": [8, 9, 12, 48, 123, 156, 248], "summary": {"covered_lines": 7, "num_statements": 7, "percent_covered": 100.0, "percent_covered_display": "100", "missing_lines": 0, "excluded_lines": 0, "percent_statements_covered": 100.0, "percent_statements_covered_display": "100"}, "missing_lines": [], "excluded_lines": [], "start_line": 1}}}, "turbodrf/integrations/__init__.py": {"executed_lines": [7, 15, 25], "summary": {"covered_lines": 3, "num_statements": 3, "percent_covered": 100.0, "percent_covered_display": "100", "missing_lines": 0, "excluded_lines": 0, "percent_statements_covered": 100.0, "percent_statements_covered_display": "100"}, "missing_lines": [], "excluded_lines": [], "functions": {"": {"executed_lines": [7, 15, 25], "summary": {"covered_lines": 3, "num_statements": 3, "percent_covered": 100.0, "percent_covered_display": "100", "missing_lines": 0, "excluded_lines": 0, "percent_statements_covered": 100.0, "percent_statements_covered_display": "100"}, "missing_lines": [], "excluded_lines": [], "start_line": 1}}, "classes": {"": {"executed_lines": [7, 15, 25], "summary": {"covered_lines": 3, "num_statements": 3, "percent_covered": 100.0, "percent_covered_display": "100", "missing_lines": 0, "excluded_lines": 0, "percent_statements_covered": 100.0, "percent_statements_covered_display": "100"}, "missing_lines": [], "excluded_lines": [], "start_line": 1}}}, "turbodrf/integrations/allauth.py": {"executed_lines": [8, 10, 11, 14, 21, 24, 31, 34, 42, 45, 72, 74, 75, 76, 78, 81, 83, 85, 88, 109, 116, 118, 129, 132, 137, 141, 145, 149, 151, 153, 154, 157], "summary": {"covered_lines": 32, "num_statements": 34, "percent_covered": 94.11764705882354, "percent_covered_display": "94", "missing_lines": 2, "excluded_lines": 0, "percent_statements_covered": 94.11764705882354, "percent_statements_covered_display": "94"}, "missing_lines": [148, 172], "excluded_lines": [], "functions": {"is_allauth_installed": {"executed_lines": [21], "summary": {"covered_lines": 1, "num_statements": 1, "percent_covered": 100.0, "percent_covered_display": "100", "missing_lines": 0, "excluded_lines": 0, "percent_statements_covered": 100.0, "percent_statements_covered_display": "100"}, "missing_lines": [], "excluded_lines": [], "start_line": 14}, "is_integration_enabled": {"executed_lines": [31], "summary": {"covered_lines": 1, "num_statements": 1, "percent_covered": 100.0, "percent_covered_display": "100", "missing_lines": 0, "excluded_lines": 0, "percent_statements_covered": 100.0, "percent_statements_covered_display": "100"}, "missing_lines": [], "excluded_lines": [], "start_line": 24}, "get_role_mapping": {"executed_lines": [42], "summary": {"covered_lines": 1, "num_statements": 1, "percent_covered": 100.0, "percent_covered_display": "100", "missing_lines": 0, "excluded_lines": 0, "percent_statements_covered": 100.0, "percent_statements_covered_display": "100"}, "missing_lines": [], "excluded_lines": [], "start_line": 34}, "get_user_roles_from_groups": {"executed_lines": [72, 74, 75, 76, 78, 81, 83, 85], "summary": {"covered_lines": 8, "num_statements": 8, "percent_covered": 100.0, "percent_covered_display": "100", "missing_lines": 0, "excluded_lines": 0, "percent_statements_covered": 100.0, "percent_statements_covered_display": "100"}, "missing_lines": [], "excluded_lines": [], "start_line": 45}, "AllAuthRoleMiddleware.__init__": {"executed_lines": [116], "summary": {"covered_lines": 1, "num_statements": 1, "percent_covered": 100.0, "percent_covered_display": "100", "missing_lines": 0, "excluded_lines": 0, "percent_statements_covered": 100.0, "percent_statements_covered_display": "100"}, "missing_lines": [], "excluded_lines": [], "start_line": 109}, "AllAuthRoleMiddleware.__call__": {"executed_lines": [129, 132, 137, 141, 145, 149, 151, 153, 154], "summary": {"covered_lines": 9, "num_statements": 10, "percent_covered": 90.0, "percent_covered_display": "90", "missing_lines": 1, "excluded_lines": 0, "percent_statements_covered": 90.0, "percent_statements_covered_display": "90"}, "missing_lines": [148], "excluded_lines": [], "start_line": 118}, "setup_allauth_integration": {"executed_lines": [], "summary": {"covered_lines": 0, "num_statements": 1, "percent_covered": 0.0, "percent_covered_display": "0", "missing_lines": 1, "excluded_lines": 0, "percent_statements_covered": 0.0, "percent_statements_covered_display": "0"}, "missing_lines": [172], "excluded_lines": [], "start_line": 157}, "": {"executed_lines": [8, 10, 11, 14, 24, 34, 45, 88, 109, 118, 157], "summary": {"covered_lines": 11, "num_statements": 11, "percent_covered": 100.0, "percent_covered_display": "100", "missing_lines": 0, "excluded_lines": 0, "percent_statements_covered": 100.0, "percent_statements_covered_display": "100"}, "missing_lines": [], "excluded_lines": [], "start_line": 1}}, "classes": {"AllAuthRoleMiddleware": {"executed_lines": [116, 129, 132, 137, 141, 145, 149, 151, 153, 154], "summary": {"covered_lines": 10, "num_statements": 11, "percent_covered": 90.9090909090909, "percent_covered_display": "91", "missing_lines": 1, "excluded_lines": 0, "percent_statements_covered": 90.9090909090909, "percent_statements_covered_display": "91"}, "missing_lines": [148], "excluded_lines": [], "start_line": 88}, "": {"executed_lines": [8, 10, 11, 14, 21, 24, 31, 34, 42, 45, 72, 74, 75, 76, 78, 81, 83, 85, 88, 109, 118, 157], "summary": {"covered_lines": 22, "num_statements": 23, "percent_covered": 95.65217391304348, "percent_covered_display": "96", "missing_lines": 1, "excluded_lines": 0, "percent_statements_covered": 95.65217391304348, "percent_statements_covered_display": "96"}, "missing_lines": [172], "excluded_lines": [], "start_line": 1}}}, "turbodrf/integrations/allauth_roles.py": {"executed_lines": [8, 11, 28, 30, 31, 32, 34, 37, 54, 57, 76, 77, 79, 80, 81, 83, 86, 124, 144, 175], "summary": {"covered_lines": 20, "num_statements": 40, "percent_covered": 50.0, "percent_covered_display": "50", "missing_lines": 20, "excluded_lines": 0, "percent_statements_covered": 50.0, "percent_statements_covered_display": "50"}, "missing_lines": [115, 116, 118, 119, 121, 141, 163, 166, 167, 168, 169, 170, 172, 190, 191, 192, 193, 195, 197, 198], "excluded_lines": [], "functions": {"create_role_groups": {"executed_lines": [28, 30, 31, 32, 34], "summary": {"covered_lines": 5, "num_statements": 5, "percent_covered": 100.0, "percent_covered_display": "100", "missing_lines": 0, "excluded_lines": 0, "percent_statements_covered": 100.0, "percent_statements_covered_display": "100"}, "missing_lines": [], "excluded_lines": [], "start_line": 11}, "sync_groups_to_roles": {"executed_lines": [54], "summary": {"covered_lines": 1, "num_statements": 1, "percent_covered": 100.0, "percent_covered_display": "100", "missing_lines": 0, "excluded_lines": 0, "percent_statements_covered": 100.0, "percent_statements_covered_display": "100"}, "missing_lines": [], "excluded_lines": [], "start_line": 37}, "validate_role_mapping": {"executed_lines": [76, 77, 79, 80, 81, 83], "summary": {"covered_lines": 6, "num_statements": 6, "percent_covered": 100.0, "percent_covered_display": "100", "missing_lines": 0, "excluded_lines": 0, "percent_statements_covered": 100.0, "percent_statements_covered_display": "100"}, "missing_lines": [], "excluded_lines": [], "start_line": 57}, "create_role_mapping": {"executed_lines": [], "summary": {"covered_lines": 0, "num_statements": 5, "percent_covered": 0.0, "percent_covered_display": "0", "missing_lines": 5, "excluded_lines": 0, "percent_statements_covered": 0.0, "percent_statements_covered_display": "0"}, "missing_lines": [115, 116, 118, 119, 121], "excluded_lines": [], "start_line": 86}, "get_or_create_role_group": {"executed_lines": [], "summary": {"covered_lines": 0, "num_statements": 1, "percent_covered": 0.0, "percent_covered_display": "0", "missing_lines": 1, "excluded_lines": 0, "percent_statements_covered": 0.0, "percent_statements_covered_display": "0"}, "missing_lines": [141], "excluded_lines": [], "start_line": 124}, "assign_roles_to_user": {"executed_lines": [], "summary": {"covered_lines": 0, "num_statements": 7, "percent_covered": 0.0, "percent_covered_display": "0", "missing_lines": 7, "excluded_lines": 0, "percent_statements_covered": 0.0, "percent_statements_covered_display": "0"}, "missing_lines": [163, 166, 167, 168, 169, 170, 172], "excluded_lines": [], "start_line": 144}, "get_users_with_role": {"executed_lines": [], "summary": {"covered_lines": 0, "num_statements": 7, "percent_covered": 0.0, "percent_covered_display": "0", "missing_lines": 7, "excluded_lines": 0, "percent_statements_covered": 0.0, "percent_statements_covered_display": "0"}, "missing_lines": [190, 191, 192, 193, 195, 197, 198], "excluded_lines": [], "start_line": 175}, "": {"executed_lines": [8, 11, 37, 57, 86, 124, 144, 175], "summary": {"covered_lines": 8, "num_statements": 8, "percent_covered": 100.0, "percent_covered_display": "100", "missing_lines": 0, "excluded_lines": 0, "percent_statements_covered": 100.0, "percent_statements_covered_display": "100"}, "missing_lines": [], "excluded_lines": [], "start_line": 1}}, "classes": {"": {"executed_lines": [8, 11, 28, 30, 31, 32, 34, 37, 54, 57, 76, 77, 79, 80, 81, 83, 86, 124, 144, 175], "summary": {"covered_lines": 20, "num_statements": 40, "percent_covered": 50.0, "percent_covered_display": "50", "missing_lines": 20, "excluded_lines": 0, "percent_statements_covered": 50.0, "percent_statements_covered_display": "50"}, "missing_lines": [115, 116, 118, 119, 121, 141, 163, 166, 167, 168, 169, 170, 172, 190, 191, 192, 193, 195, 197, 198], "excluded_lines": [], "start_line": 1}}}, "turbodrf/integrations/keycloak.py": {"executed_lines": [19, 21, 24, 31, 34, 41, 44, 57, 60, 77, 80, 103, 104, 106, 107, 108, 109, 112, 115, 116, 118, 121, 141, 143, 145, 147, 148, 150, 151, 153, 156, 173, 174, 193, 219, 226, 228, 253, 265], "summary": {"covered_lines": 39, "num_statements": 53, "percent_covered": 73.58490566037736, "percent_covered_display": "74", "missing_lines": 14, "excluded_lines": 0, "percent_statements_covered": 73.58490566037736, "percent_statements_covered_display": "74"}, "missing_lines": [177, 179, 181, 184, 186, 188, 190, 239, 241, 243, 245, 247, 249, 250], "excluded_lines": [], "functions": {"is_social_auth_installed": {"executed_lines": [31], "summary": {"covered_lines": 1, "num_statements": 1, "percent_covered": 100.0, "percent_covered_display": "100", "missing_lines": 0, "excluded_lines": 0, "percent_statements_covered": 100.0, "percent_statements_covered_display": "100"}, "missing_lines": [], "excluded_lines": [], "start_line": 24}, "is_integration_enabled": {"executed_lines": [41], "summary": {"covered_lines": 1, "num_statements": 1, "percent_covered": 100.0, "percent_covered_display": "100", "missing_lines": 0, "excluded_lines": 0, "percent_statements_covered": 100.0, "percent_statements_covered_display": "100"}, "missing_lines": [], "excluded_lines": [], "start_line": 34}, "get_role_claim_path": {"executed_lines": [57], "summary": {"covered_lines": 1, "num_statements": 1, "percent_covered": 100.0, "percent_covered_display": "100", "missing_lines": 0, "excluded_lines": 0, "percent_statements_covered": 100.0, "percent_statements_covered_display": "100"}, "missing_lines": [], "excluded_lines": [], "start_line": 44}, "get_role_mapping": {"executed_lines": [77], "summary": {"covered_lines": 1, "num_statements": 1, "percent_covered": 100.0, "percent_covered_display": "100", "missing_lines": 0, "excluded_lines": 0, "percent_statements_covered": 100.0, "percent_statements_covered_display": "100"}, "missing_lines": [], "excluded_lines": [], "start_line": 60}, "extract_roles_from_token": {"executed_lines": [103, 104, 106, 107, 108, 109, 112, 115, 116, 118], "summary": {"covered_lines": 10, "num_statements": 10, "percent_covered": 100.0, "percent_covered_display": "100", "missing_lines": 0, "excluded_lines": 0, "percent_statements_covered": 100.0, "percent_statements_covered_display": "100"}, "missing_lines": [], "excluded_lines": [], "start_line": 80}, "map_keycloak_roles_to_turbodrf": {"executed_lines": [141, 143, 145, 147, 148, 150, 151, 153], "summary": {"covered_lines": 8, "num_statements": 8, "percent_covered": 100.0, "percent_covered_display": "100", "missing_lines": 0, "excluded_lines": 0, "percent_statements_covered": 100.0, "percent_statements_covered_display": "100"}, "missing_lines": [], "excluded_lines": [], "start_line": 121}, "get_user_roles_from_social_auth": {"executed_lines": [173, 174], "summary": {"covered_lines": 2, "num_statements": 9, "percent_covered": 22.22222222222222, "percent_covered_display": "22", "missing_lines": 7, "excluded_lines": 0, "percent_statements_covered": 22.22222222222222, "percent_statements_covered_display": "22"}, "missing_lines": [177, 179, 181, 184, 186, 188, 190], "excluded_lines": [], "start_line": 156}, "KeycloakRoleMiddleware.__init__": {"executed_lines": [226], "summary": {"covered_lines": 1, "num_statements": 1, "percent_covered": 100.0, "percent_covered_display": "100", "missing_lines": 0, "excluded_lines": 0, "percent_statements_covered": 100.0, "percent_statements_covered_display": "100"}, "missing_lines": [], "excluded_lines": [], "start_line": 219}, "KeycloakRoleMiddleware.__call__": {"executed_lines": [], "summary": {"covered_lines": 0, "num_statements": 7, "percent_covered": 0.0, "percent_covered_display": "0", "missing_lines": 7, "excluded_lines": 0, "percent_statements_covered": 0.0, "percent_statements_covered_display": "0"}, "missing_lines": [239, 241, 243, 245, 247, 249, 250], "excluded_lines": [], "start_line": 228}, "setup_keycloak_integration": {"executed_lines": [265], "summary": {"covered_lines": 1, "num_statements": 1, "percent_covered": 100.0, "percent_covered_display": "100", "missing_lines": 0, "excluded_lines": 0, "percent_statements_covered": 100.0, "percent_statements_covered_display": "100"}, "missing_lines": [], "excluded_lines": [], "start_line": 253}, "": {"executed_lines": [19, 21, 24, 34, 44, 60, 80, 121, 156, 193, 219, 228, 253], "summary": {"covered_lines": 13, "num_statements": 13, "percent_covered": 100.0, "percent_covered_display": "100", "missing_lines": 0, "excluded_lines": 0, "percent_statements_covered": 100.0, "percent_statements_covered_display": "100"}, "missing_lines": [], "excluded_lines": [], "start_line": 1}}, "classes": {"KeycloakRoleMiddleware": {"executed_lines": [226], "summary": {"covered_lines": 1, "num_statements": 8, "percent_covered": 12.5, "percent_covered_display": "12", "missing_lines": 7, "excluded_lines": 0, "percent_statements_covered": 12.5, "percent_statements_covered_display": "12"}, "missing_lines": [239, 241, 243, 245, 247, 249, 250], "excluded_lines": [], "start_line": 193}, "": {"executed_lines": [19, 21, 24, 31, 34, 41, 44, 57, 60, 77, 80, 103, 104, 106, 107, 108, 109, 112, 115, 116, 118, 121, 141, 143, 145, 147, 148, 150, 151, 153, 156, 173, 174, 193, 219, 228, 253, 265], "summary": {"covered_lines": 38, "num_statements": 45, "percent_covered": 84.44444444444444, "percent_covered_display": "84", "missing_lines": 7, "excluded_lines": 0, "percent_statements_covered": 84.44444444444444, "percent_statements_covered_display": "84"}, "missing_lines": [177, 179, 181, 184, 186, 188, 190], "excluded_lines": [], "start_line": 1}}}, "turbodrf/metadata.py": {"executed_lines": [], "summary": {"covered_lines": 0, "num_statements": 48, "percent_covered": 0.0, "percent_covered_display": "0", "missing_lines": 48, "excluded_lines": 0, "percent_statements_covered": 0.0, "percent_statements_covered_display": "0"}, "missing_lines": [1, 4, 7, 9, 11, 12, 13, 18, 21, 28, 30, 32, 34, 36, 37, 38, 39, 41, 42, 43, 45, 46, 48, 49, 50, 51, 55, 56, 57, 61, 66, 78, 79, 80, 81, 85, 86, 87, 89, 91, 93, 95, 96, 97, 98, 100, 101, 103], "excluded_lines": [], "functions": {"TurboDRFMetadata.determine_metadata": {"executed_lines": [], "summary": {"covered_lines": 0, "num_statements": 8, "percent_covered": 0.0, "percent_covered_display": "0", "missing_lines": 8, "excluded_lines": 0, "percent_statements_covered": 0.0, "percent_statements_covered_display": "0"}, "missing_lines": [9, 11, 12, 13, 18, 21, 28, 30], "excluded_lines": [], "start_line": 7}, "TurboDRFMetadata._get_field_metadata": {"executed_lines": [], "summary": {"covered_lines": 0, "num_statements": 27, "percent_covered": 0.0, "percent_covered_display": "0", "missing_lines": 27, "excluded_lines": 0, "percent_statements_covered": 0.0, "percent_statements_covered_display": "0"}, "missing_lines": [34, 36, 37, 38, 39, 41, 42, 43, 45, 46, 48, 49, 50, 51, 55, 56, 57, 61, 66, 78, 79, 80, 81, 85, 86, 87, 89], "excluded_lines": [], "start_line": 32}, "TurboDRFMetadata._get_allowed_actions": {"executed_lines": [], "summary": {"covered_lines": 0, "num_statements": 8, "percent_covered": 0.0, "percent_covered_display": "0", "missing_lines": 8, "excluded_lines": 0, "percent_statements_covered": 0.0, "percent_statements_covered_display": "0"}, "missing_lines": [93, 95, 96, 97, 98, 100, 101, 103], "excluded_lines": [], "start_line": 91}, "": {"executed_lines": [], "summary": {"covered_lines": 0, "num_statements": 5, "percent_covered": 0.0, "percent_covered_display": "0", "missing_lines": 5, "excluded_lines": 0, "percent_statements_covered": 0.0, "percent_statements_covered_display": "0"}, "missing_lines": [1, 4, 7, 32, 91], "excluded_lines": [], "start_line": 1}}, "classes": {"TurboDRFMetadata": {"executed_lines": [], "summary": {"covered_lines": 0, "num_statements": 43, "percent_covered": 0.0, "percent_covered_display": "0", "missing_lines": 43, "excluded_lines": 0, "percent_statements_covered": 0.0, "percent_statements_covered_display": "0"}, "missing_lines": [9, 11, 12, 13, 18, 21, 28, 30, 34, 36, 37, 38, 39, 41, 42, 43, 45, 46, 48, 49, 50, 51, 55, 56, 57, 61, 66, 78, 79, 80, 81, 85, 86, 87, 89, 93, 95, 96, 97, 98, 100, 101, 103], "excluded_lines": [], "start_line": 4}, "": {"executed_lines": [], "summary": {"covered_lines": 0, "num_statements": 5, "percent_covered": 0.0, "percent_covered_display": "0", "missing_lines": 5, "excluded_lines": 0, "percent_statements_covered": 0.0, "percent_statements_covered_display": "0"}, "missing_lines": [1, 4, 7, 32, 91], "excluded_lines": [], "start_line": 1}}}, "turbodrf/mixins.py": {"executed_lines": [8, 11, 38, 39, 87, 88, 127, 128], "summary": {"covered_lines": 8, "num_statements": 30, "percent_covered": 26.666666666666668, "percent_covered_display": "27", "missing_lines": 22, "excluded_lines": 0, "percent_statements_covered": 26.666666666666668, "percent_statements_covered_display": "27"}, "missing_lines": [81, 109, 110, 112, 114, 120, 122, 125, 150, 151, 154, 155, 156, 157, 158, 160, 161, 162, 165, 166, 167, 168], "excluded_lines": [], "functions": {"TurboDRFMixin.turbodrf": {"executed_lines": [], "summary": {"covered_lines": 0, "num_statements": 1, "percent_covered": 0.0, "percent_covered_display": "0", "missing_lines": 1, "excluded_lines": 0, "percent_statements_covered": 0.0, "percent_statements_covered_display": "0"}, "missing_lines": [81], "excluded_lines": [], "start_line": 39}, "TurboDRFMixin.get_api_fields": {"executed_lines": [], "summary": {"covered_lines": 0, "num_statements": 7, "percent_covered": 0.0, "percent_covered_display": "0", "missing_lines": 7, "excluded_lines": 0, "percent_statements_covered": 0.0, "percent_statements_covered_display": "0"}, "missing_lines": [109, 110, 112, 114, 120, 122, 125], "excluded_lines": [], "start_line": 88}, "TurboDRFMixin.get_field_type": {"executed_lines": [], "summary": {"covered_lines": 0, "num_statements": 14, "percent_covered": 0.0, "percent_covered_display": "0", "missing_lines": 14, "excluded_lines": 0, "percent_statements_covered": 0.0, "percent_statements_covered_display": "0"}, "missing_lines": [150, 151, 154, 155, 156, 157, 158, 160, 161, 162, 165, 166, 167, 168], "excluded_lines": [], "start_line": 128}, "": {"executed_lines": [8, 11, 38, 39, 87, 88, 127, 128], "summary": {"covered_lines": 8, "num_statements": 8, "percent_covered": 100.0, "percent_covered_display": "100", "missing_lines": 0, "excluded_lines": 0, "percent_statements_covered": 100.0, "percent_statements_covered_display": "100"}, "missing_lines": [], "excluded_lines": [], "start_line": 1}}, "classes": {"TurboDRFMixin": {"executed_lines": [], "summary": {"covered_lines": 0, "num_statements": 22, "percent_covered": 0.0, "percent_covered_display": "0", "missing_lines": 22, "excluded_lines": 0, "percent_statements_covered": 0.0, "percent_statements_covered_display": "0"}, "missing_lines": [81, 109, 110, 112, 114, 120, 122, 125, 150, 151, 154, 155, 156, 157, 158, 160, 161, 162, 165, 166, 167, 168], "excluded_lines": [], "start_line": 11}, "": {"executed_lines": [8, 11, 38, 39, 87, 88, 127, 128], "summary": {"covered_lines": 8, "num_statements": 8, "percent_covered": 100.0, "percent_covered_display": "100", "missing_lines": 0, "excluded_lines": 0, "percent_statements_covered": 100.0, "percent_statements_covered_display": "100"}, "missing_lines": [], "excluded_lines": [], "start_line": 1}}}, "turbodrf/models.py": {"executed_lines": [8, 9, 10, 13, 39, 46, 50, 59, 60, 65, 69, 70, 71, 72, 73, 78, 80, 81, 82, 85, 119, 120, 121, 122, 124, 131, 132, 134, 139, 146, 150, 157, 166, 174, 182, 183, 187, 188, 189, 190, 191, 194, 216, 241, 243, 244, 246, 248, 250, 252, 253, 257, 269, 285, 291, 295, 297, 298, 299, 300, 301], "summary": {"covered_lines": 61, "num_statements": 66, "percent_covered": 92.42424242424242, "percent_covered_display": "92", "missing_lines": 5, "excluded_lines": 9, "percent_statements_covered": 92.42424242424242, "percent_statements_covered_display": "92"}, "missing_lines": [259, 260, 262, 263, 266], "excluded_lines": [75, 76, 235, 236, 237, 238, 239, 303, 304], "functions": {"TurboDRFRole.__str__": {"executed_lines": [], "summary": {"covered_lines": 0, "num_statements": 0, "percent_covered": 100.0, "percent_covered_display": "100", "missing_lines": 0, "excluded_lines": 1, "percent_statements_covered": 100.0, "percent_statements_covered_display": "100"}, "missing_lines": [], "excluded_lines": [76], "start_line": 75}, "TurboDRFRole.save": {"executed_lines": [80, 81, 82], "summary": {"covered_lines": 3, "num_statements": 3, "percent_covered": 100.0, "percent_covered_display": "100", "missing_lines": 0, "excluded_lines": 0, "percent_statements_covered": 100.0, "percent_statements_covered_display": "100"}, "missing_lines": [], "excluded_lines": [], "start_line": 78}, "RolePermission.__str__": {"executed_lines": [], "summary": {"covered_lines": 0, "num_statements": 0, "percent_covered": 100.0, "percent_covered_display": "100", "missing_lines": 0, "excluded_lines": 4, "percent_statements_covered": 100.0, "percent_statements_covered_display": "100"}, "missing_lines": [], "excluded_lines": [236, 237, 238, 239], "start_line": 235}, "RolePermission.to_permission_string": {"executed_lines": [243, 244, 246], "summary": {"covered_lines": 3, "num_statements": 3, "percent_covered": 100.0, "percent_covered_display": "100", "missing_lines": 0, "excluded_lines": 0, "percent_statements_covered": 100.0, "percent_statements_covered_display": "100"}, "missing_lines": [], "excluded_lines": [], "start_line": 241}, "RolePermission.save": {"executed_lines": [250, 252, 253], "summary": {"covered_lines": 3, "num_statements": 3, "percent_covered": 100.0, "percent_covered_display": "100", "missing_lines": 0, "excluded_lines": 0, "percent_statements_covered": 100.0, "percent_statements_covered_display": "100"}, "missing_lines": [], "excluded_lines": [], "start_line": 248}, "RolePermission.delete": {"executed_lines": [], "summary": {"covered_lines": 0, "num_statements": 5, "percent_covered": 0.0, "percent_covered_display": "0", "missing_lines": 5, "excluded_lines": 0, "percent_statements_covered": 0.0, "percent_statements_covered_display": "0"}, "missing_lines": [259, 260, 262, 263, 266], "excluded_lines": [], "start_line": 257}, "UserRole.__str__": {"executed_lines": [], "summary": {"covered_lines": 0, "num_statements": 0, "percent_covered": 100.0, "percent_covered_display": "100", "missing_lines": 0, "excluded_lines": 1, "percent_statements_covered": 100.0, "percent_statements_covered_display": "100"}, "missing_lines": [], "excluded_lines": [304], "start_line": 303}, "": {"executed_lines": [8, 9, 10, 13, 39, 46, 50, 59, 60, 65, 69, 70, 71, 72, 73, 78, 85, 119, 120, 121, 122, 124, 131, 132, 134, 139, 146, 150, 157, 166, 174, 182, 183, 187, 188, 189, 190, 191, 194, 216, 241, 248, 257, 269, 285, 291, 295, 297, 298, 299, 300, 301], "summary": {"covered_lines": 52, "num_statements": 52, "percent_covered": 100.0, "percent_covered_display": "100", "missing_lines": 0, "excluded_lines": 3, "percent_statements_covered": 100.0, "percent_statements_covered_display": "100"}, "missing_lines": [], "excluded_lines": [75, 235, 303], "start_line": 1}}, "classes": {"TurboDRFRole": {"executed_lines": [80, 81, 82], "summary": {"covered_lines": 3, "num_statements": 3, "percent_covered": 100.0, "percent_covered_display": "100", "missing_lines": 0, "excluded_lines": 1, "percent_statements_covered": 100.0, "percent_statements_covered_display": "100"}, "missing_lines": [], "excluded_lines": [76], "start_line": 13}, "TurboDRFRole.Meta": {"executed_lines": [], "summary": {"covered_lines": 0, "num_statements": 0, "percent_covered": 100.0, "percent_covered_display": "100", "missing_lines": 0, "excluded_lines": 0, "percent_statements_covered": 100.0, "percent_statements_covered_display": "100"}, "missing_lines": [], "excluded_lines": [], "start_line": 69}, "RolePermission": {"executed_lines": [243, 244, 246, 250, 252, 253], "summary": {"covered_lines": 6, "num_statements": 11, "percent_covered": 54.54545454545455, "percent_covered_display": "55", "missing_lines": 5, "excluded_lines": 4, "percent_statements_covered": 54.54545454545455, "percent_statements_covered_display": "55"}, "missing_lines": [259, 260, 262, 263, 266], "excluded_lines": [236, 237, 238, 239], "start_line": 85}, "RolePermission.Meta": {"executed_lines": [], "summary": {"covered_lines": 0, "num_statements": 0, "percent_covered": 100.0, "percent_covered_display": "100", "missing_lines": 0, "excluded_lines": 0, "percent_statements_covered": 100.0, "percent_statements_covered_display": "100"}, "missing_lines": [], "excluded_lines": [], "start_line": 187}, "UserRole": {"executed_lines": [], "summary": {"covered_lines": 0, "num_statements": 0, "percent_covered": 100.0, "percent_covered_display": "100", "missing_lines": 0, "excluded_lines": 1, "percent_statements_covered": 100.0, "percent_statements_covered_display": "100"}, "missing_lines": [], "excluded_lines": [304], "start_line": 269}, "UserRole.Meta": {"executed_lines": [], "summary": {"covered_lines": 0, "num_statements": 0, "percent_covered": 100.0, "percent_covered_display": "100", "missing_lines": 0, "excluded_lines": 0, "percent_statements_covered": 100.0, "percent_statements_covered_display": "100"}, "missing_lines": [], "excluded_lines": [], "start_line": 297}, "": {"executed_lines": [8, 9, 10, 13, 39, 46, 50, 59, 60, 65, 69, 70, 71, 72, 73, 78, 85, 119, 120, 121, 122, 124, 131, 132, 134, 139, 146, 150, 157, 166, 174, 182, 183, 187, 188, 189, 190, 191, 194, 216, 241, 248, 257, 269, 285, 291, 295, 297, 298, 299, 300, 301], "summary": {"covered_lines": 52, "num_statements": 52, "percent_covered": 100.0, "percent_covered_display": "100", "missing_lines": 0, "excluded_lines": 3, "percent_statements_covered": 100.0, "percent_statements_covered_display": "100"}, "missing_lines": [], "excluded_lines": [75, 235, 303], "start_line": 1}}}, "turbodrf/permissions.py": {"executed_lines": [8, 11, 60, 73, 75, 76, 80, 83, 85, 86, 88, 91, 101, 102, 103, 106, 107, 109, 125, 127, 130, 132, 133, 134, 136, 139, 167, 177, 183, 184, 188, 191, 192, 193, 194, 197], "summary": {"covered_lines": 36, "num_statements": 36, "percent_covered": 100.0, "percent_covered_display": "100", "missing_lines": 0, "excluded_lines": 0, "percent_statements_covered": 100.0, "percent_statements_covered_display": "100"}, "missing_lines": [], "excluded_lines": [], "functions": {"TurboDRFPermission.has_permission": {"executed_lines": [73, 75, 76, 80, 83, 85, 86, 88, 91, 101, 102, 103, 106, 107], "summary": {"covered_lines": 14, "num_statements": 14, "percent_covered": 100.0, "percent_covered_display": "100", "missing_lines": 0, "excluded_lines": 0, "percent_statements_covered": 100.0, "percent_statements_covered_display": "100"}, "missing_lines": [], "excluded_lines": [], "start_line": 60}, "TurboDRFPermission._get_user_permissions": {"executed_lines": [125, 127, 130, 132, 133, 134, 136], "summary": {"covered_lines": 7, "num_statements": 7, "percent_covered": 100.0, "percent_covered_display": "100", "missing_lines": 0, "excluded_lines": 0, "percent_statements_covered": 100.0, "percent_statements_covered_display": "100"}, "missing_lines": [], "excluded_lines": [], "start_line": 109}, "DefaultDjangoPermission.has_permission": {"executed_lines": [183, 184, 188, 191, 192, 193, 194, 197], "summary": {"covered_lines": 8, "num_statements": 8, "percent_covered": 100.0, "percent_covered_display": "100", "missing_lines": 0, "excluded_lines": 0, "percent_statements_covered": 100.0, "percent_statements_covered_display": "100"}, "missing_lines": [], "excluded_lines": [], "start_line": 177}, "": {"executed_lines": [8, 11, 60, 109, 139, 167, 177], "summary": {"covered_lines": 7, "num_statements": 7, "percent_covered": 100.0, "percent_covered_display": "100", "missing_lines": 0, "excluded_lines": 0, "percent_statements_covered": 100.0, "percent_statements_covered_display": "100"}, "missing_lines": [], "excluded_lines": [], "start_line": 1}}, "classes": {"TurboDRFPermission": {"executed_lines": [73, 75, 76, 80, 83, 85, 86, 88, 91, 101, 102, 103, 106, 107, 125, 127, 130, 132, 133, 134, 136], "summary": {"covered_lines": 21, "num_statements": 21, "percent_covered": 100.0, "percent_covered_display": "100", "missing_lines": 0, "excluded_lines": 0, "percent_statements_covered": 100.0, "percent_statements_covered_display": "100"}, "missing_lines": [], "excluded_lines": [], "start_line": 11}, "DefaultDjangoPermission": {"executed_lines": [183, 184, 188, 191, 192, 193, 194, 197], "summary": {"covered_lines": 8, "num_statements": 8, "percent_covered": 100.0, "percent_covered_display": "100", "missing_lines": 0, "excluded_lines": 0, "percent_statements_covered": 100.0, "percent_statements_covered_display": "100"}, "missing_lines": [], "excluded_lines": [], "start_line": 139}, "": {"executed_lines": [8, 11, 60, 109, 139, 167, 177], "summary": {"covered_lines": 7, "num_statements": 7, "percent_covered": 100.0, "percent_covered_display": "100", "missing_lines": 0, "excluded_lines": 0, "percent_statements_covered": 100.0, "percent_statements_covered_display": "100"}, "missing_lines": [], "excluded_lines": [], "start_line": 1}}}, "turbodrf/router.py": {"executed_lines": [8, 9, 10, 12, 13, 16, 49, 57, 58, 60, 79, 81, 83, 85, 86, 87, 89, 91, 92, 94, 95, 96, 97, 98, 99, 102, 103, 104, 111, 114, 117, 127, 128, 131, 138, 142, 150, 153, 154, 155, 159, 162, 163, 166, 172, 174], "summary": {"covered_lines": 46, "num_statements": 48, "percent_covered": 95.83333333333333, "percent_covered_display": "96", "missing_lines": 2, "excluded_lines": 0, "percent_statements_covered": 95.83333333333333, "percent_statements_covered_display": "96"}, "missing_lines": [105, 106], "excluded_lines": [], "functions": {"TurboDRFRouter.__init__": {"executed_lines": [57, 58], "summary": {"covered_lines": 2, "num_statements": 2, "percent_covered": 100.0, "percent_covered_display": "100", "missing_lines": 0, "excluded_lines": 0, "percent_statements_covered": 100.0, "percent_statements_covered_display": "100"}, "missing_lines": [], "excluded_lines": [], "start_line": 49}, "TurboDRFRouter.discover_models": {"executed_lines": [79, 81, 83, 85, 86, 87, 89, 91, 92, 94, 95, 96, 97, 98, 99, 102, 103, 104, 111, 114, 117, 127, 128, 131, 138], "summary": {"covered_lines": 25, "num_statements": 27, "percent_covered": 92.5925925925926, "percent_covered_display": "93", "missing_lines": 2, "excluded_lines": 0, "percent_statements_covered": 92.5925925925926, "percent_statements_covered_display": "93"}, "missing_lines": [105, 106], "excluded_lines": [], "start_line": 60}, "TurboDRFRouter.get_urls": {"executed_lines": [150, 153, 154, 155, 159, 162, 163, 166, 172, 174], "summary": {"covered_lines": 10, "num_statements": 10, "percent_covered": 100.0, "percent_covered_display": "100", "missing_lines": 0, "excluded_lines": 0, "percent_statements_covered": 100.0, "percent_statements_covered_display": "100"}, "missing_lines": [], "excluded_lines": [], "start_line": 142}, "": {"executed_lines": [8, 9, 10, 12, 13, 16, 49, 60, 142], "summary": {"covered_lines": 9, "num_statements": 9, "percent_covered": 100.0, "percent_covered_display": "100", "missing_lines": 0, "excluded_lines": 0, "percent_statements_covered": 100.0, "percent_statements_covered_display": "100"}, "missing_lines": [], "excluded_lines": [], "start_line": 1}}, "classes": {"TurboDRFRouter": {"executed_lines": [57, 58, 79, 81, 83, 85, 86, 87, 89, 91, 92, 94, 95, 96, 97, 98, 99, 102, 103, 104, 111, 114, 117, 127, 128, 131, 138, 150, 153, 154, 155, 159, 162, 163, 166, 172, 174], "summary": {"covered_lines": 37, "num_statements": 39, "percent_covered": 94.87179487179488, "percent_covered_display": "95", "missing_lines": 2, "excluded_lines": 0, "percent_statements_covered": 94.87179487179488, "percent_statements_covered_display": "95"}, "missing_lines": [105, 106], "excluded_lines": [], "start_line": 16}, "": {"executed_lines": [8, 9, 10, 12, 13, 16, 49, 60, 142], "summary": {"covered_lines": 9, "num_statements": 9, "percent_covered": 100.0, "percent_covered_display": "100", "missing_lines": 0, "excluded_lines": 0, "percent_statements_covered": 100.0, "percent_statements_covered_display": "100"}, "missing_lines": [], "excluded_lines": [], "start_line": 1}}}, "turbodrf/serializers.py": {"executed_lines": [1, 2, 4, 6, 9, 33, 52, 55, 56, 58, 60, 62, 67, 71, 72, 74, 77, 78, 79, 80, 81, 82, 85, 86, 90, 92, 103, 104, 105, 109, 125, 127, 128, 132, 135, 136, 137, 139, 140, 145, 146, 147, 148, 149, 150, 153, 155, 160, 170, 171, 173, 174, 188, 189, 191, 193, 194, 199, 201, 203, 213, 214, 216, 217, 230, 231, 233, 235, 236, 241, 243, 246, 278, 279, 318, 319, 321, 324, 327, 328, 330, 331, 332, 333, 334, 337, 339, 343, 344, 345, 348, 353, 354, 357, 360, 361, 362, 363, 366, 369, 370, 371, 378, 379, 381, 382, 383, 384, 386, 388, 390, 392, 393, 419, 421, 423, 424, 425, 427, 428, 429, 432, 440, 441, 442, 443, 444, 451, 453, 454, 458, 461, 462, 463, 471, 473, 474, 489, 491, 494, 498, 500, 501, 508, 509, 511, 513, 514, 524, 525, 552, 554, 556, 557, 558, 560, 561, 562, 564, 566, 567, 568, 570, 572, 573, 587, 589, 591, 592, 594, 596, 597, 630, 631, 634, 635, 636, 637, 639, 640, 641, 642, 644, 646], "summary": {"covered_lines": 184, "num_statements": 221, "percent_covered": 83.2579185520362, "percent_covered_display": "83", "missing_lines": 37, "excluded_lines": 0, "percent_statements_covered": 83.2579185520362, "percent_statements_covered_display": "83"}, "missing_lines": [87, 88, 106, 107, 129, 142, 151, 152, 157, 158, 176, 181, 182, 183, 195, 197, 219, 224, 225, 226, 227, 237, 239, 434, 467, 468, 469, 496, 502, 504, 505, 516, 518, 519, 520, 521, 522], "excluded_lines": [], "functions": {"TurboDRFSerializer.to_representation": {"executed_lines": [52, 55, 56, 58, 60, 62, 67, 71, 72, 74, 77, 78, 79, 80, 81, 82, 85, 86, 90], "summary": {"covered_lines": 19, "num_statements": 21, "percent_covered": 90.47619047619048, "percent_covered_display": "90", "missing_lines": 2, "excluded_lines": 0, "percent_statements_covered": 90.47619047619048, "percent_statements_covered_display": "90"}, "missing_lines": [87, 88], "excluded_lines": [], "start_line": 33}, "TurboDRFSerializer._is_many_to_many_field": {"executed_lines": [103, 104, 105], "summary": {"covered_lines": 3, "num_statements": 5, "percent_covered": 60.0, "percent_covered_display": "60", "missing_lines": 2, "excluded_lines": 0, "percent_statements_covered": 60.0, "percent_statements_covered_display": "60"}, "missing_lines": [106, 107], "excluded_lines": [], "start_line": 92}, "TurboDRFSerializer._serialize_m2m_field": {"executed_lines": [125, 127, 128, 132, 135, 136, 137, 139, 140, 145, 146, 147, 148, 149, 150, 153, 155], "summary": {"covered_lines": 17, "num_statements": 23, "percent_covered": 73.91304347826087, "percent_covered_display": "74", "missing_lines": 6, "excluded_lines": 0, "percent_statements_covered": 73.91304347826087, "percent_statements_covered_display": "74"}, "missing_lines": [129, 142, 151, 152, 157, 158], "excluded_lines": [], "start_line": 109}, "TurboDRFSerializer.update": {"executed_lines": [170, 171, 173, 174, 188, 189, 191, 193, 194, 199, 201], "summary": {"covered_lines": 11, "num_statements": 17, "percent_covered": 64.70588235294117, "percent_covered_display": "65", "missing_lines": 6, "excluded_lines": 0, "percent_statements_covered": 64.70588235294117, "percent_statements_covered_display": "65"}, "missing_lines": [176, 181, 182, 183, 195, 197], "excluded_lines": [], "start_line": 160}, "TurboDRFSerializer.create": {"executed_lines": [213, 214, 216, 217, 230, 231, 233, 235, 236, 241, 243], "summary": {"covered_lines": 11, "num_statements": 18, "percent_covered": 61.111111111111114, "percent_covered_display": "61", "missing_lines": 7, "excluded_lines": 0, "percent_statements_covered": 61.111111111111114, "percent_statements_covered_display": "61"}, "missing_lines": [219, 224, 225, 226, 227, 237, 239], "excluded_lines": [], "start_line": 203}, "TurboDRFSerializerFactory.create_serializer": {"executed_lines": [318, 319, 321, 324, 327, 328, 330, 331, 332, 333, 334, 337, 339, 343, 344, 345, 348, 353, 354, 357, 360, 361, 362, 363, 366, 369, 370, 381, 382, 383, 384, 386, 388, 390], "summary": {"covered_lines": 34, "num_statements": 34, "percent_covered": 100.0, "percent_covered_display": "100", "missing_lines": 0, "excluded_lines": 0, "percent_statements_covered": 100.0, "percent_statements_covered_display": "100"}, "missing_lines": [], "excluded_lines": [], "start_line": 279}, "TurboDRFSerializerFactory.create_serializer.DynamicSerializer.__init__": {"executed_lines": [371, 378, 379], "summary": {"covered_lines": 3, "num_statements": 3, "percent_covered": 100.0, "percent_covered_display": "100", "missing_lines": 0, "excluded_lines": 0, "percent_statements_covered": 100.0, "percent_statements_covered_display": "100"}, "missing_lines": [], "excluded_lines": [], "start_line": 370}, "TurboDRFSerializerFactory._get_permitted_fields": {"executed_lines": [419, 421, 423, 424, 425, 427, 428, 429, 432, 440, 441, 442, 443, 444, 451, 453, 454, 458, 461, 462, 463, 471], "summary": {"covered_lines": 22, "num_statements": 26, "percent_covered": 84.61538461538461, "percent_covered_display": "85", "missing_lines": 4, "excluded_lines": 0, "percent_statements_covered": 84.61538461538461, "percent_statements_covered_display": "85"}, "missing_lines": [434, 467, 468, 469], "excluded_lines": [], "start_line": 393}, "TurboDRFSerializerFactory._get_permitted_fields_with_snapshot": {"executed_lines": [489, 491, 494, 498, 500, 501, 508, 509, 511], "summary": {"covered_lines": 9, "num_statements": 13, "percent_covered": 69.23076923076923, "percent_covered_display": "69", "missing_lines": 4, "excluded_lines": 0, "percent_statements_covered": 69.23076923076923, "percent_statements_covered_display": "69"}, "missing_lines": [496, 502, 504, 505], "excluded_lines": [], "start_line": 474}, "TurboDRFSerializerFactory._get_user_permissions_set": {"executed_lines": [], "summary": {"covered_lines": 0, "num_statements": 6, "percent_covered": 0.0, "percent_covered_display": "0", "missing_lines": 6, "excluded_lines": 0, "percent_statements_covered": 0.0, "percent_statements_covered_display": "0"}, "missing_lines": [516, 518, 519, 520, 521, 522], "excluded_lines": [], "start_line": 514}, "TurboDRFSerializerFactory._get_read_only_fields": {"executed_lines": [552, 554, 556, 557, 558, 560, 561, 562, 564, 566, 567, 568, 570], "summary": {"covered_lines": 13, "num_statements": 13, "percent_covered": 100.0, "percent_covered_display": "100", "missing_lines": 0, "excluded_lines": 0, "percent_statements_covered": 100.0, "percent_statements_covered_display": "100"}, "missing_lines": [], "excluded_lines": [], "start_line": 525}, "TurboDRFSerializerFactory._get_read_only_fields_with_snapshot": {"executed_lines": [587, 589, 591, 592, 594], "summary": {"covered_lines": 5, "num_statements": 5, "percent_covered": 100.0, "percent_covered_display": "100", "missing_lines": 0, "excluded_lines": 0, "percent_statements_covered": 100.0, "percent_statements_covered_display": "100"}, "missing_lines": [], "excluded_lines": [], "start_line": 573}, "TurboDRFSerializerFactory._create_nested_serializer": {"executed_lines": [630, 631, 634, 635, 636, 637, 639, 640, 641, 642, 644, 646], "summary": {"covered_lines": 12, "num_statements": 12, "percent_covered": 100.0, "percent_covered_display": "100", "missing_lines": 0, "excluded_lines": 0, "percent_statements_covered": 100.0, "percent_statements_covered_display": "100"}, "missing_lines": [], "excluded_lines": [], "start_line": 597}, "": {"executed_lines": [1, 2, 4, 6, 9, 33, 92, 109, 160, 203, 246, 278, 279, 392, 393, 473, 474, 513, 514, 524, 525, 572, 573, 596, 597], "summary": {"covered_lines": 25, "num_statements": 25, "percent_covered": 100.0, "percent_covered_display": "100", "missing_lines": 0, "excluded_lines": 0, "percent_statements_covered": 100.0, "percent_statements_covered_display": "100"}, "missing_lines": [], "excluded_lines": [], "start_line": 1}}, "classes": {"TurboDRFSerializer": {"executed_lines": [52, 55, 56, 58, 60, 62, 67, 71, 72, 74, 77, 78, 79, 80, 81, 82, 85, 86, 90, 103, 104, 105, 125, 127, 128, 132, 135, 136, 137, 139, 140, 145, 146, 147, 148, 149, 150, 153, 155, 170, 171, 173, 174, 188, 189, 191, 193, 194, 199, 201, 213, 214, 216, 217, 230, 231, 233, 235, 236, 241, 243], "summary": {"covered_lines": 61, "num_statements": 84, "percent_covered": 72.61904761904762, "percent_covered_display": "73", "missing_lines": 23, "excluded_lines": 0, "percent_statements_covered": 72.61904761904762, "percent_statements_covered_display": "73"}, "missing_lines": [87, 88, 106, 107, 129, 142, 151, 152, 157, 158, 176, 181, 182, 183, 195, 197, 219, 224, 225, 226, 227, 237, 239], "excluded_lines": [], "start_line": 9}, "TurboDRFSerializerFactory": {"executed_lines": [318, 319, 321, 324, 327, 328, 330, 331, 332, 333, 334, 337, 339, 343, 344, 345, 348, 353, 354, 357, 360, 361, 362, 363, 366, 369, 370, 381, 382, 383, 384, 386, 388, 390, 419, 421, 423, 424, 425, 427, 428, 429, 432, 440, 441, 442, 443, 444, 451, 453, 454, 458, 461, 462, 463, 471, 489, 491, 494, 498, 500, 501, 508, 509, 511, 552, 554, 556, 557, 558, 560, 561, 562, 564, 566, 567, 568, 570, 587, 589, 591, 592, 594, 630, 631, 634, 635, 636, 637, 639, 640, 641, 642, 644, 646], "summary": {"covered_lines": 95, "num_statements": 109, "percent_covered": 87.1559633027523, "percent_covered_display": "87", "missing_lines": 14, "excluded_lines": 0, "percent_statements_covered": 87.1559633027523, "percent_statements_covered_display": "87"}, "missing_lines": [434, 467, 468, 469, 496, 502, 504, 505, 516, 518, 519, 520, 521, 522], "excluded_lines": [], "start_line": 246}, "TurboDRFSerializerFactory.create_serializer.DynamicSerializer": {"executed_lines": [371, 378, 379], "summary": {"covered_lines": 3, "num_statements": 3, "percent_covered": 100.0, "percent_covered_display": "100", "missing_lines": 0, "excluded_lines": 0, "percent_statements_covered": 100.0, "percent_statements_covered_display": "100"}, "missing_lines": [], "excluded_lines": [], "start_line": 369}, "TurboDRFSerializerFactory.create_serializer.DynamicSerializer.Meta": {"executed_lines": [], "summary": {"covered_lines": 0, "num_statements": 0, "percent_covered": 100.0, "percent_covered_display": "100", "missing_lines": 0, "excluded_lines": 0, "percent_statements_covered": 100.0, "percent_statements_covered_display": "100"}, "missing_lines": [], "excluded_lines": [], "start_line": 381}, "TurboDRFSerializerFactory._create_nested_serializer.NestedSerializer": {"executed_lines": [], "summary": {"covered_lines": 0, "num_statements": 0, "percent_covered": 100.0, "percent_covered_display": "100", "missing_lines": 0, "excluded_lines": 0, "percent_statements_covered": 100.0, "percent_statements_covered_display": "100"}, "missing_lines": [], "excluded_lines": [], "start_line": 639}, "TurboDRFSerializerFactory._create_nested_serializer.NestedSerializer.Meta": {"executed_lines": [], "summary": {"covered_lines": 0, "num_statements": 0, "percent_covered": 100.0, "percent_covered_display": "100", "missing_lines": 0, "excluded_lines": 0, "percent_statements_covered": 100.0, "percent_statements_covered_display": "100"}, "missing_lines": [], "excluded_lines": [], "start_line": 640}, "": {"executed_lines": [1, 2, 4, 6, 9, 33, 92, 109, 160, 203, 246, 278, 279, 392, 393, 473, 474, 513, 514, 524, 525, 572, 573, 596, 597], "summary": {"covered_lines": 25, "num_statements": 25, "percent_covered": 100.0, "percent_covered_display": "100", "missing_lines": 0, "excluded_lines": 0, "percent_statements_covered": 100.0, "percent_statements_covered_display": "100"}, "missing_lines": [], "excluded_lines": [], "start_line": 1}}}, "turbodrf/settings.py": {"executed_lines": [10, 12], "summary": {"covered_lines": 2, "num_statements": 2, "percent_covered": 100.0, "percent_covered_display": "100", "missing_lines": 0, "excluded_lines": 0, "percent_statements_covered": 100.0, "percent_statements_covered_display": "100"}, "missing_lines": [], "excluded_lines": [], "functions": {"": {"executed_lines": [10, 12], "summary": {"covered_lines": 2, "num_statements": 2, "percent_covered": 100.0, "percent_covered_display": "100", "missing_lines": 0, "excluded_lines": 0, "percent_statements_covered": 100.0, "percent_statements_covered_display": "100"}, "missing_lines": [], "excluded_lines": [], "start_line": 1}}, "classes": {"": {"executed_lines": [10, 12], "summary": {"covered_lines": 2, "num_statements": 2, "percent_covered": 100.0, "percent_covered_display": "100", "missing_lines": 0, "excluded_lines": 0, "percent_statements_covered": 100.0, "percent_statements_covered_display": "100"}, "missing_lines": [], "excluded_lines": [], "start_line": 1}}}, "turbodrf/swagger.py": {"executed_lines": [17, 18, 21, 46, 47, 48, 50, 118, 171, 221, 273, 281, 284, 285, 303, 313, 325, 326, 329, 339, 342, 347, 359, 360, 363, 366, 367, 370, 371, 372, 375, 376, 377, 378, 382, 387, 402, 405, 408, 411, 412, 413, 417, 419, 424, 427, 428, 432, 437, 438, 439, 440, 441, 443, 444, 447, 450, 452, 455], "summary": {"covered_lines": 59, "num_statements": 113, "percent_covered": 52.21238938053097, "percent_covered_display": "52", "missing_lines": 54, "excluded_lines": 0, "percent_statements_covered": 52.21238938053097, "percent_statements_covered_display": "52"}, "missing_lines": [80, 81, 83, 85, 87, 88, 90, 92, 93, 95, 97, 98, 102, 103, 104, 105, 109, 111, 112, 114, 116, 149, 150, 152, 155, 157, 158, 159, 165, 169, 204, 212, 213, 214, 216, 219, 258, 259, 261, 262, 263, 267, 268, 270, 271, 287, 290, 296, 298, 300, 345, 379, 385, 406], "excluded_lines": [], "functions": {"RoleBasedSchemaGenerator.__init__": {"executed_lines": [47, 48], "summary": {"covered_lines": 2, "num_statements": 2, "percent_covered": 100.0, "percent_covered_display": "100", "missing_lines": 0, "excluded_lines": 0, "percent_statements_covered": 100.0, "percent_statements_covered_display": "100"}, "missing_lines": [], "excluded_lines": [], "start_line": 46}, "RoleBasedSchemaGenerator.get_schema": {"executed_lines": [], "summary": {"covered_lines": 0, "num_statements": 21, "percent_covered": 0.0, "percent_covered_display": "0", "missing_lines": 21, "excluded_lines": 0, "percent_statements_covered": 0.0, "percent_statements_covered_display": "0"}, "missing_lines": [80, 81, 83, 85, 87, 88, 90, 92, 93, 95, 97, 98, 102, 103, 104, 105, 109, 111, 112, 114, 116], "excluded_lines": [], "start_line": 50}, "RoleBasedSchemaGenerator._extract_model_info": {"executed_lines": [], "summary": {"covered_lines": 0, "num_statements": 9, "percent_covered": 0.0, "percent_covered_display": "0", "missing_lines": 9, "excluded_lines": 0, "percent_statements_covered": 0.0, "percent_statements_covered_display": "0"}, "missing_lines": [149, 150, 152, 155, 157, 158, 159, 165, 169], "excluded_lines": [], "start_line": 118}, "RoleBasedSchemaGenerator._has_permission": {"executed_lines": [], "summary": {"covered_lines": 0, "num_statements": 6, "percent_covered": 0.0, "percent_covered_display": "0", "missing_lines": 6, "excluded_lines": 0, "percent_statements_covered": 0.0, "percent_statements_covered_display": "0"}, "missing_lines": [204, 212, 213, 214, 216, 219], "excluded_lines": [], "start_line": 171}, "RoleBasedSchemaGenerator._filter_schema_fields": {"executed_lines": [], "summary": {"covered_lines": 0, "num_statements": 9, "percent_covered": 0.0, "percent_covered_display": "0", "missing_lines": 9, "excluded_lines": 0, "percent_statements_covered": 0.0, "percent_statements_covered_display": "0"}, "missing_lines": [258, 259, 261, 262, 263, 267, 268, 270, 271], "excluded_lines": [], "start_line": 221}, "RoleBasedSchemaGenerator.get_endpoints": {"executed_lines": [281, 284, 285], "summary": {"covered_lines": 3, "num_statements": 8, "percent_covered": 37.5, "percent_covered_display": "38", "missing_lines": 5, "excluded_lines": 0, "percent_statements_covered": 37.5, "percent_statements_covered_display": "38"}, "missing_lines": [287, 290, 296, 298, 300], "excluded_lines": [], "start_line": 273}, "TurboDRFSwaggerAutoSchema.get_request_body_parameters": {"executed_lines": [325, 326, 329, 339, 342], "summary": {"covered_lines": 5, "num_statements": 6, "percent_covered": 83.33333333333333, "percent_covered_display": "83", "missing_lines": 1, "excluded_lines": 0, "percent_statements_covered": 83.33333333333333, "percent_statements_covered_display": "83"}, "missing_lines": [345], "excluded_lines": [], "start_line": 313}, "TurboDRFSwaggerAutoSchema.get_request_serializer": {"executed_lines": [359, 360, 363, 366, 367, 370, 371, 372, 375, 376, 377, 378, 382], "summary": {"covered_lines": 13, "num_statements": 15, "percent_covered": 86.66666666666667, "percent_covered_display": "87", "missing_lines": 2, "excluded_lines": 0, "percent_statements_covered": 86.66666666666667, "percent_statements_covered_display": "87"}, "missing_lines": [379, 385], "excluded_lines": [], "start_line": 347}, "TurboDRFSwaggerAutoSchema._get_write_operation_serializer": {"executed_lines": [402, 405, 408, 411, 412, 413, 417, 419, 424, 427, 428, 432, 437, 438, 439, 440, 441, 443, 452, 455], "summary": {"covered_lines": 20, "num_statements": 21, "percent_covered": 95.23809523809524, "percent_covered_display": "95", "missing_lines": 1, "excluded_lines": 0, "percent_statements_covered": 95.23809523809524, "percent_statements_covered_display": "95"}, "missing_lines": [406], "excluded_lines": [], "start_line": 387}, "TurboDRFSwaggerAutoSchema._get_write_operation_serializer.WriteOperationSerializer.__init__": {"executed_lines": [444, 447, 450], "summary": {"covered_lines": 3, "num_statements": 3, "percent_covered": 100.0, "percent_covered_display": "100", "missing_lines": 0, "excluded_lines": 0, "percent_statements_covered": 100.0, "percent_statements_covered_display": "100"}, "missing_lines": [], "excluded_lines": [], "start_line": 443}, "": {"executed_lines": [17, 18, 21, 46, 50, 118, 171, 221, 273, 303, 313, 347, 387], "summary": {"covered_lines": 13, "num_statements": 13, "percent_covered": 100.0, "percent_covered_display": "100", "missing_lines": 0, "excluded_lines": 0, "percent_statements_covered": 100.0, "percent_statements_covered_display": "100"}, "missing_lines": [], "excluded_lines": [], "start_line": 1}}, "classes": {"RoleBasedSchemaGenerator": {"executed_lines": [47, 48, 281, 284, 285], "summary": {"covered_lines": 5, "num_statements": 55, "percent_covered": 9.090909090909092, "percent_covered_display": "9", "missing_lines": 50, "excluded_lines": 0, "percent_statements_covered": 9.090909090909092, "percent_statements_covered_display": "9"}, "missing_lines": [80, 81, 83, 85, 87, 88, 90, 92, 93, 95, 97, 98, 102, 103, 104, 105, 109, 111, 112, 114, 116, 149, 150, 152, 155, 157, 158, 159, 165, 169, 204, 212, 213, 214, 216, 219, 258, 259, 261, 262, 263, 267, 268, 270, 271, 287, 290, 296, 298, 300], "excluded_lines": [], "start_line": 21}, "TurboDRFSwaggerAutoSchema": {"executed_lines": [325, 326, 329, 339, 342, 359, 360, 363, 366, 367, 370, 371, 372, 375, 376, 377, 378, 382, 402, 405, 408, 411, 412, 413, 417, 419, 424, 427, 428, 432, 437, 438, 439, 440, 441, 443, 452, 455], "summary": {"covered_lines": 38, "num_statements": 42, "percent_covered": 90.47619047619048, "percent_covered_display": "90", "missing_lines": 4, "excluded_lines": 0, "percent_statements_covered": 90.47619047619048, "percent_statements_covered_display": "90"}, "missing_lines": [345, 379, 385, 406], "excluded_lines": [], "start_line": 303}, "TurboDRFSwaggerAutoSchema._get_write_operation_serializer.WriteOperationSerializer": {"executed_lines": [444, 447, 450], "summary": {"covered_lines": 3, "num_statements": 3, "percent_covered": 100.0, "percent_covered_display": "100", "missing_lines": 0, "excluded_lines": 0, "percent_statements_covered": 100.0, "percent_statements_covered_display": "100"}, "missing_lines": [], "excluded_lines": [], "start_line": 437}, "TurboDRFSwaggerAutoSchema._get_write_operation_serializer.WriteOperationSerializer.Meta": {"executed_lines": [], "summary": {"covered_lines": 0, "num_statements": 0, "percent_covered": 100.0, "percent_covered_display": "100", "missing_lines": 0, "excluded_lines": 0, "percent_statements_covered": 100.0, "percent_statements_covered_display": "100"}, "missing_lines": [], "excluded_lines": [], "start_line": 438}, "": {"executed_lines": [17, 18, 21, 46, 50, 118, 171, 221, 273, 303, 313, 347, 387], "summary": {"covered_lines": 13, "num_statements": 13, "percent_covered": 100.0, "percent_covered_display": "100", "missing_lines": 0, "excluded_lines": 0, "percent_statements_covered": 100.0, "percent_statements_covered_display": "100"}, "missing_lines": [], "excluded_lines": [], "start_line": 1}}}, "turbodrf/swagger_ui.py": {"executed_lines": [], "summary": {"covered_lines": 0, "num_statements": 0, "percent_covered": 100.0, "percent_covered_display": "100", "missing_lines": 0, "excluded_lines": 0, "percent_statements_covered": 100.0, "percent_statements_covered_display": "100"}, "missing_lines": [], "excluded_lines": [], "functions": {"": {"executed_lines": [], "summary": {"covered_lines": 0, "num_statements": 0, "percent_covered": 100.0, "percent_covered_display": "100", "missing_lines": 0, "excluded_lines": 0, "percent_statements_covered": 100.0, "percent_statements_covered_display": "100"}, "missing_lines": [], "excluded_lines": [], "start_line": 1}}, "classes": {"": {"executed_lines": [], "summary": {"covered_lines": 0, "num_statements": 0, "percent_covered": 100.0, "percent_covered_display": "100", "missing_lines": 0, "excluded_lines": 0, "percent_statements_covered": 100.0, "percent_statements_covered_display": "100"}, "missing_lines": [], "excluded_lines": [], "start_line": 1}}}, "turbodrf/tracking.py": {"executed_lines": [29, 32, 34, 35, 38, 39, 42, 43, 46, 54, 55, 65, 72, 74, 76, 77, 81], "summary": {"covered_lines": 17, "num_statements": 24, "percent_covered": 70.83333333333333, "percent_covered_display": "71", "missing_lines": 7, "excluded_lines": 0, "percent_statements_covered": 70.83333333333333, "percent_statements_covered_display": "71"}, "missing_lines": [41, 57, 58, 60, 61, 62, 79], "excluded_lines": [], "functions": {"is_tracking_enabled": {"executed_lines": [34, 35, 38, 39, 42, 43], "summary": {"covered_lines": 6, "num_statements": 7, "percent_covered": 85.71428571428571, "percent_covered_display": "86", "missing_lines": 1, "excluded_lines": 0, "percent_statements_covered": 85.71428571428571, "percent_statements_covered_display": "86"}, "missing_lines": [41], "excluded_lines": [], "start_line": 32}, "get_tracking_mixin": {"executed_lines": [54, 55], "summary": {"covered_lines": 2, "num_statements": 7, "percent_covered": 28.571428571428573, "percent_covered_display": "29", "missing_lines": 5, "excluded_lines": 0, "percent_statements_covered": 28.571428571428573, "percent_statements_covered_display": "29"}, "missing_lines": [57, 58, 60, 61, 62], "excluded_lines": [], "start_line": 46}, "get_viewset_base_classes": {"executed_lines": [72, 74, 76, 77, 81], "summary": {"covered_lines": 5, "num_statements": 6, "percent_covered": 83.33333333333333, "percent_covered_display": "83", "missing_lines": 1, "excluded_lines": 0, "percent_statements_covered": 83.33333333333333, "percent_statements_covered_display": "83"}, "missing_lines": [79], "excluded_lines": [], "start_line": 65}, "": {"executed_lines": [29, 32, 46, 65], "summary": {"covered_lines": 4, "num_statements": 4, "percent_covered": 100.0, "percent_covered_display": "100", "missing_lines": 0, "excluded_lines": 0, "percent_statements_covered": 100.0, "percent_statements_covered_display": "100"}, "missing_lines": [], "excluded_lines": [], "start_line": 1}}, "classes": {"": {"executed_lines": [29, 32, 34, 35, 38, 39, 42, 43, 46, 54, 55, 65, 72, 74, 76, 77, 81], "summary": {"covered_lines": 17, "num_statements": 24, "percent_covered": 70.83333333333333, "percent_covered_display": "71", "missing_lines": 7, "excluded_lines": 0, "percent_statements_covered": 70.83333333333333, "percent_statements_covered_display": "71"}, "missing_lines": [41, 57, 58, 60, 61, 62, 79], "excluded_lines": [], "start_line": 1}}}, "turbodrf/urls.py": {"executed_lines": [], "summary": {"covered_lines": 0, "num_statements": 8, "percent_covered": 0.0, "percent_covered_display": "0", "missing_lines": 8, "excluded_lines": 0, "percent_statements_covered": 0.0, "percent_statements_covered_display": "0"}, "missing_lines": [1, 3, 4, 7, 10, 13, 19, 20], "excluded_lines": [], "functions": {"": {"executed_lines": [], "summary": {"covered_lines": 0, "num_statements": 8, "percent_covered": 0.0, "percent_covered_display": "0", "missing_lines": 8, "excluded_lines": 0, "percent_statements_covered": 0.0, "percent_statements_covered_display": "0"}, "missing_lines": [1, 3, 4, 7, 10, 13, 19, 20], "excluded_lines": [], "start_line": 1}}, "classes": {"": {"executed_lines": [], "summary": {"covered_lines": 0, "num_statements": 8, "percent_covered": 0.0, "percent_covered_display": "0", "missing_lines": 8, "excluded_lines": 0, "percent_statements_covered": 0.0, "percent_statements_covered_display": "0"}, "missing_lines": [1, 3, 4, 7, 10, 13, 19, 20], "excluded_lines": [], "start_line": 1}}}, "turbodrf/user_extensions.py": {"executed_lines": [], "summary": {"covered_lines": 0, "num_statements": 8, "percent_covered": 0.0, "percent_covered_display": "0", "missing_lines": 8, "excluded_lines": 2, "percent_statements_covered": 0.0, "percent_statements_covered_display": "0"}, "missing_lines": [5, 6, 9, 15, 28, 31, 32, 39], "excluded_lines": [34, 35], "functions": {"Role.__str__": {"executed_lines": [], "summary": {"covered_lines": 0, "num_statements": 0, "percent_covered": 100.0, "percent_covered_display": "100", "missing_lines": 0, "excluded_lines": 1, "percent_statements_covered": 100.0, "percent_statements_covered_display": "100"}, "missing_lines": [], "excluded_lines": [35], "start_line": 34}, "": {"executed_lines": [], "summary": {"covered_lines": 0, "num_statements": 8, "percent_covered": 0.0, "percent_covered_display": "0", "missing_lines": 8, "excluded_lines": 1, "percent_statements_covered": 0.0, "percent_statements_covered_display": "0"}, "missing_lines": [5, 6, 9, 15, 28, 31, 32, 39], "excluded_lines": [34], "start_line": 1}}, "classes": {"TurboDRFUser": {"executed_lines": [], "summary": {"covered_lines": 0, "num_statements": 0, "percent_covered": 100.0, "percent_covered_display": "100", "missing_lines": 0, "excluded_lines": 0, "percent_statements_covered": 100.0, "percent_statements_covered_display": "100"}, "missing_lines": [], "excluded_lines": [], "start_line": 9}, "Role": {"executed_lines": [], "summary": {"covered_lines": 0, "num_statements": 0, "percent_covered": 100.0, "percent_covered_display": "100", "missing_lines": 0, "excluded_lines": 1, "percent_statements_covered": 100.0, "percent_statements_covered_display": "100"}, "missing_lines": [], "excluded_lines": [35], "start_line": 28}, "": {"executed_lines": [], "summary": {"covered_lines": 0, "num_statements": 8, "percent_covered": 0.0, "percent_covered_display": "0", "missing_lines": 8, "excluded_lines": 1, "percent_statements_covered": 0.0, "percent_statements_covered_display": "0"}, "missing_lines": [5, 6, 9, 15, 28, 31, 32, 39], "excluded_lines": [34], "start_line": 1}}}, "turbodrf/utils.py": {"executed_lines": [], "summary": {"covered_lines": 0, "num_statements": 27, "percent_covered": 0.0, "percent_covered_display": "0", "missing_lines": 27, "excluded_lines": 0, "percent_statements_covered": 0.0, "percent_statements_covered_display": "0"}, "missing_lines": [6, 8, 10, 11, 12, 14, 20, 21, 23, 24, 26, 27, 28, 30, 32, 33, 36, 37, 41, 51, 52, 57, 58, 60, 62, 63, 65], "excluded_lines": [], "functions": {"create_options_metadata": {"executed_lines": [], "summary": {"covered_lines": 0, "num_statements": 26, "percent_covered": 0.0, "percent_covered_display": "0", "missing_lines": 26, "excluded_lines": 0, "percent_statements_covered": 0.0, "percent_statements_covered_display": "0"}, "missing_lines": [8, 10, 11, 12, 14, 20, 21, 23, 24, 26, 27, 28, 30, 32, 33, 36, 37, 41, 51, 52, 57, 58, 60, 62, 63, 65], "excluded_lines": [], "start_line": 6}, "": {"executed_lines": [], "summary": {"covered_lines": 0, "num_statements": 1, "percent_covered": 0.0, "percent_covered_display": "0", "missing_lines": 1, "excluded_lines": 0, "percent_statements_covered": 0.0, "percent_statements_covered_display": "0"}, "missing_lines": [6], "excluded_lines": [], "start_line": 1}}, "classes": {"": {"executed_lines": [], "summary": {"covered_lines": 0, "num_statements": 27, "percent_covered": 0.0, "percent_covered_display": "0", "missing_lines": 27, "excluded_lines": 0, "percent_statements_covered": 0.0, "percent_statements_covered_display": "0"}, "missing_lines": [6, 8, 10, 11, 12, 14, 20, 21, 23, 24, 26, 27, 28, 30, 32, 33, 36, 37, 41, 51, 52, 57, 58, 60, 62, 63, 65], "excluded_lines": [], "start_line": 1}}}, "turbodrf/validation.py": {"executed_lines": [8, 10, 11, 13, 16, 23, 25, 28, 54, 55, 58, 59, 62, 64, 65, 72, 75, 120, 143, 146, 147, 148, 149, 150, 152, 155, 156, 158, 160, 165, 166, 167, 171, 173, 174, 178, 181, 182, 183, 184, 186, 201, 204, 222, 223, 226, 229, 261, 262, 263, 265, 266, 269, 271], "summary": {"covered_lines": 54, "num_statements": 72, "percent_covered": 75.0, "percent_covered_display": "75", "missing_lines": 18, "excluded_lines": 0, "percent_statements_covered": 75.0, "percent_statements_covered_display": "75"}, "missing_lines": [99, 100, 101, 103, 104, 105, 106, 109, 110, 112, 113, 117, 189, 190, 194, 195, 196, 199], "excluded_lines": [], "functions": {"get_max_nesting_depth": {"executed_lines": [23, 25], "summary": {"covered_lines": 2, "num_statements": 2, "percent_covered": 100.0, "percent_covered_display": "100", "missing_lines": 0, "excluded_lines": 0, "percent_statements_covered": 100.0, "percent_statements_covered_display": "100"}, "missing_lines": [], "excluded_lines": [], "start_line": 16}, "validate_nesting_depth": {"executed_lines": [54, 55, 58, 59, 62, 64, 65, 72], "summary": {"covered_lines": 8, "num_statements": 8, "percent_covered": 100.0, "percent_covered_display": "100", "missing_lines": 0, "excluded_lines": 0, "percent_statements_covered": 100.0, "percent_statements_covered_display": "100"}, "missing_lines": [], "excluded_lines": [], "start_line": 28}, "get_nested_field_model": {"executed_lines": [], "summary": {"covered_lines": 0, "num_statements": 12, "percent_covered": 0.0, "percent_covered_display": "0", "missing_lines": 12, "excluded_lines": 0, "percent_statements_covered": 0.0, "percent_statements_covered_display": "0"}, "missing_lines": [99, 100, 101, 103, 104, 105, 106, 109, 110, 112, 113, 117], "excluded_lines": [], "start_line": 75}, "check_nested_field_permissions": {"executed_lines": [143, 146, 147, 148, 149, 150, 152, 155, 156, 158, 160, 165, 166, 167, 171, 173, 174, 178, 181, 182, 183, 184, 186, 201], "summary": {"covered_lines": 24, "num_statements": 30, "percent_covered": 80.0, "percent_covered_display": "80", "missing_lines": 6, "excluded_lines": 0, "percent_statements_covered": 80.0, "percent_statements_covered_display": "80"}, "missing_lines": [189, 190, 194, 195, 196, 199], "excluded_lines": [], "start_line": 120}, "validate_filter_field": {"executed_lines": [222, 223, 226, 229, 261, 262, 263, 265, 266, 269, 271], "summary": {"covered_lines": 11, "num_statements": 11, "percent_covered": 100.0, "percent_covered_display": "100", "missing_lines": 0, "excluded_lines": 0, "percent_statements_covered": 100.0, "percent_statements_covered_display": "100"}, "missing_lines": [], "excluded_lines": [], "start_line": 204}, "": {"executed_lines": [8, 10, 11, 13, 16, 28, 75, 120, 204], "summary": {"covered_lines": 9, "num_statements": 9, "percent_covered": 100.0, "percent_covered_display": "100", "missing_lines": 0, "excluded_lines": 0, "percent_statements_covered": 100.0, "percent_statements_covered_display": "100"}, "missing_lines": [], "excluded_lines": [], "start_line": 1}}, "classes": {"": {"executed_lines": [8, 10, 11, 13, 16, 23, 25, 28, 54, 55, 58, 59, 62, 64, 65, 72, 75, 120, 143, 146, 147, 148, 149, 150, 152, 155, 156, 158, 160, 165, 166, 167, 171, 173, 174, 178, 181, 182, 183, 184, 186, 201, 204, 222, 223, 226, 229, 261, 262, 263, 265, 266, 269, 271], "summary": {"covered_lines": 54, "num_statements": 72, "percent_covered": 75.0, "percent_covered_display": "75", "missing_lines": 18, "excluded_lines": 0, "percent_statements_covered": 75.0, "percent_statements_covered_display": "75"}, "missing_lines": [99, 100, 101, 103, 104, 105, 106, 109, 110, 112, 113, 117, 189, 190, 194, 195, 196, 199], "excluded_lines": [], "start_line": 1}}}, "turbodrf/views.py": {"executed_lines": [1, 2, 3, 4, 5, 6, 8, 9, 10, 11, 14, 42, 43, 44, 46, 60, 62, 77, 80, 131, 142, 143, 152, 153, 155, 160, 162, 199, 200, 203, 205, 206, 207, 210, 212, 214, 217, 222, 223, 224, 226, 227, 229, 230, 231, 232, 234, 237, 238, 239, 241, 244, 245, 250, 252, 258, 259, 264, 268, 270, 275, 284, 285, 288, 289, 294, 296, 320, 322, 354, 355, 360, 361, 365, 366, 368, 369, 372, 373, 374, 376, 377, 378, 380, 381, 383, 385, 386, 410, 411, 412, 414, 415, 433, 435, 458, 460, 463, 464, 468, 469, 470, 473, 474, 476, 482, 483, 487, 488, 492, 496, 500, 501, 503, 513, 515, 516, 518, 524, 526, 527, 532, 533, 535, 536, 538, 544, 545, 546, 547, 550, 553, 555, 557, 558, 561, 563, 571, 572, 573, 574, 575], "summary": {"covered_lines": 142, "num_statements": 152, "percent_covered": 93.42105263157895, "percent_covered_display": "93", "missing_lines": 10, "excluded_lines": 0, "percent_statements_covered": 93.42105263157895, "percent_statements_covered_display": "93"}, "missing_lines": [156, 158, 357, 477, 478, 479, 485, 486, 493, 541], "excluded_lines": [], "functions": {"TurboDRFPagination.get_paginated_response": {"executed_lines": [60, 62], "summary": {"covered_lines": 2, "num_statements": 2, "percent_covered": 100.0, "percent_covered_display": "100", "missing_lines": 0, "excluded_lines": 0, "percent_statements_covered": 100.0, "percent_statements_covered_display": "100"}, "missing_lines": [], "excluded_lines": [], "start_line": 46}, "TurboDRFViewSet.get_serializer_class": {"executed_lines": [199, 200, 203, 205, 206, 207, 210, 212, 214, 217, 222, 223, 224, 226, 227, 229, 230, 231, 232, 234, 237, 238, 239, 241, 244, 245, 250, 252, 258, 259, 264, 268, 270, 275, 284, 285, 288, 289, 294, 296, 320], "summary": {"covered_lines": 41, "num_statements": 41, "percent_covered": 100.0, "percent_covered_display": "100", "missing_lines": 0, "excluded_lines": 0, "percent_statements_covered": 100.0, "percent_statements_covered_display": "100"}, "missing_lines": [], "excluded_lines": [], "start_line": 162}, "TurboDRFViewSet.get_queryset": {"executed_lines": [354, 355, 360, 361, 365, 366, 368, 369, 372, 373, 374, 376, 377, 378, 380, 381, 383], "summary": {"covered_lines": 17, "num_statements": 18, "percent_covered": 94.44444444444444, "percent_covered_display": "94", "missing_lines": 1, "excluded_lines": 0, "percent_statements_covered": 94.44444444444444, "percent_statements_covered_display": "94"}, "missing_lines": [357], "excluded_lines": [], "start_line": 322}, "TurboDRFViewSet.search_fields": {"executed_lines": [410, 411, 412], "summary": {"covered_lines": 3, "num_statements": 3, "percent_covered": 100.0, "percent_covered_display": "100", "missing_lines": 0, "excluded_lines": 0, "percent_statements_covered": 100.0, "percent_statements_covered_display": "100"}, "missing_lines": [], "excluded_lines": [], "start_line": 386}, "TurboDRFViewSet.ordering_fields": {"executed_lines": [433], "summary": {"covered_lines": 1, "num_statements": 1, "percent_covered": 100.0, "percent_covered_display": "100", "missing_lines": 0, "excluded_lines": 0, "percent_statements_covered": 100.0, "percent_statements_covered_display": "100"}, "missing_lines": [], "excluded_lines": [], "start_line": 415}, "TurboDRFViewSet.get_filterset_fields": {"executed_lines": [458, 460, 463, 544, 545, 546, 547, 550, 553, 555], "summary": {"covered_lines": 10, "num_statements": 10, "percent_covered": 100.0, "percent_covered_display": "100", "missing_lines": 0, "excluded_lines": 0, "percent_statements_covered": 100.0, "percent_statements_covered_display": "100"}, "missing_lines": [], "excluded_lines": [], "start_line": 435}, "TurboDRFViewSet.get_filterset_fields.get_field_lookups": {"executed_lines": [464, 468, 469, 470, 473, 474, 476, 482, 483, 487, 488, 492, 496, 500, 501, 503, 513, 515, 516, 518, 524, 526, 527, 532, 533, 535, 536, 538], "summary": {"covered_lines": 28, "num_statements": 35, "percent_covered": 80.0, "percent_covered_display": "80", "missing_lines": 7, "excluded_lines": 0, "percent_statements_covered": 80.0, "percent_statements_covered_display": "80"}, "missing_lines": [477, 478, 479, 485, 486, 493, 541], "excluded_lines": [], "start_line": 463}, "TurboDRFViewSet.filterset_fields": {"executed_lines": [561], "summary": {"covered_lines": 1, "num_statements": 1, "percent_covered": 100.0, "percent_covered_display": "100", "missing_lines": 0, "excluded_lines": 0, "percent_statements_covered": 100.0, "percent_statements_covered_display": "100"}, "missing_lines": [], "excluded_lines": [], "start_line": 558}, "TurboDRFViewSet.create": {"executed_lines": [571, 572, 573, 574, 575], "summary": {"covered_lines": 5, "num_statements": 5, "percent_covered": 100.0, "percent_covered_display": "100", "missing_lines": 0, "excluded_lines": 0, "percent_statements_covered": 100.0, "percent_statements_covered_display": "100"}, "missing_lines": [], "excluded_lines": [], "start_line": 563}, "": {"executed_lines": [1, 2, 3, 4, 5, 6, 8, 9, 10, 11, 14, 42, 43, 44, 46, 77, 80, 131, 142, 143, 152, 153, 155, 160, 162, 322, 385, 386, 414, 415, 435, 557, 558, 563], "summary": {"covered_lines": 34, "num_statements": 36, "percent_covered": 94.44444444444444, "percent_covered_display": "94", "missing_lines": 2, "excluded_lines": 0, "percent_statements_covered": 94.44444444444444, "percent_statements_covered_display": "94"}, "missing_lines": [156, 158], "excluded_lines": [], "start_line": 1}}, "classes": {"TurboDRFPagination": {"executed_lines": [60, 62], "summary": {"covered_lines": 2, "num_statements": 2, "percent_covered": 100.0, "percent_covered_display": "100", "missing_lines": 0, "excluded_lines": 0, "percent_statements_covered": 100.0, "percent_statements_covered_display": "100"}, "missing_lines": [], "excluded_lines": [], "start_line": 14}, "TurboDRFViewSet": {"executed_lines": [199, 200, 203, 205, 206, 207, 210, 212, 214, 217, 222, 223, 224, 226, 227, 229, 230, 231, 232, 234, 237, 238, 239, 241, 244, 245, 250, 252, 258, 259, 264, 268, 270, 275, 284, 285, 288, 289, 294, 296, 320, 354, 355, 360, 361, 365, 366, 368, 369, 372, 373, 374, 376, 377, 378, 380, 381, 383, 410, 411, 412, 433, 458, 460, 463, 464, 468, 469, 470, 473, 474, 476, 482, 483, 487, 488, 492, 496, 500, 501, 503, 513, 515, 516, 518, 524, 526, 527, 532, 533, 535, 536, 538, 544, 545, 546, 547, 550, 553, 555, 561, 571, 572, 573, 574, 575], "summary": {"covered_lines": 106, "num_statements": 114, "percent_covered": 92.98245614035088, "percent_covered_display": "93", "missing_lines": 8, "excluded_lines": 0, "percent_statements_covered": 92.98245614035088, "percent_statements_covered_display": "93"}, "missing_lines": [357, 477, 478, 479, 485, 486, 493, 541], "excluded_lines": [], "start_line": 80}, "": {"executed_lines": [1, 2, 3, 4, 5, 6, 8, 9, 10, 11, 14, 42, 43, 44, 46, 77, 80, 131, 142, 143, 152, 153, 155, 160, 162, 322, 385, 386, 414, 415, 435, 557, 558, 563], "summary": {"covered_lines": 34, "num_statements": 36, "percent_covered": 94.44444444444444, "percent_covered_display": "94", "missing_lines": 2, "excluded_lines": 0, "percent_statements_covered": 94.44444444444444, "percent_statements_covered_display": "94"}, "missing_lines": [156, 158], "excluded_lines": [], "start_line": 1}}}}, "totals": {"covered_lines": 997, "num_statements": 1309, "percent_covered": 76.1650114591291, "percent_covered_display": "76", "missing_lines": 312, "excluded_lines": 11, "percent_statements_covered": 76.1650114591291, "percent_statements_covered_display": "76"}}