{"meta": {"format": 3, "version": "7.13.1", "timestamp": "2026-01-03T09:19:31.659421", "branch_coverage": false, "show_contexts": false}, "files": {"turbodrf/__init__.py": {"executed_lines": [37, 38, 39, 40, 44, 46, 47, 49, 50, 51, 53, 54, 55, 57, 58, 59, 61, 62, 63, 65, 66, 67, 69, 70, 73], "summary": {"covered_lines": 25, "num_statements": 25, "percent_covered": 100.0, "percent_covered_display": "100", "missing_lines": 0, "excluded_lines": 0, "percent_statements_covered": 100.0, "percent_statements_covered_display": "100"}, "missing_lines": [], "excluded_lines": [], "functions": {"__getattr__": {"executed_lines": [46, 47, 49, 50, 51, 53, 54, 55, 57, 58, 59, 61, 62, 63, 65, 66, 67, 69, 70], "summary": {"covered_lines": 19, "num_statements": 19, "percent_covered": 100.0, "percent_covered_display": "100", "missing_lines": 0, "excluded_lines": 0, "percent_statements_covered": 100.0, "percent_statements_covered_display": "100"}, "missing_lines": [], "excluded_lines": [], "start_line": 44}, "": {"executed_lines": [37, 38, 39, 40, 44, 73], "summary": {"covered_lines": 6, "num_statements": 6, "percent_covered": 100.0, "percent_covered_display": "100", "missing_lines": 0, "excluded_lines": 0, "percent_statements_covered": 100.0, "percent_statements_covered_display": "100"}, "missing_lines": [], "excluded_lines": [], "start_line": 1}}, "classes": {"": {"executed_lines": [37, 38, 39, 40, 44, 46, 47, 49, 50, 51, 53, 54, 55, 57, 58, 59, 61, 62, 63, 65, 66, 67, 69, 70, 73], "summary": {"covered_lines": 25, "num_statements": 25, "percent_covered": 100.0, "percent_covered_display": "100", "missing_lines": 0, "excluded_lines": 0, "percent_statements_covered": 100.0, "percent_statements_covered_display": "100"}, "missing_lines": [], "excluded_lines": [], "start_line": 1}}}, "turbodrf/apps.py": {"executed_lines": [1, 2, 5, 6, 7, 8, 10, 15, 16, 18, 26], "summary": {"covered_lines": 11, "num_statements": 15, "percent_covered": 73.33333333333333, "percent_covered_display": "73", "missing_lines": 4, "excluded_lines": 0, "percent_statements_covered": 73.33333333333333, "percent_statements_covered_display": "73"}, "missing_lines": [28, 29, 32, 33], "excluded_lines": [], "functions": {"TurboDRFConfig.ready": {"executed_lines": [15, 16], "summary": {"covered_lines": 2, "num_statements": 2, "percent_covered": 100.0, "percent_covered_display": "100", "missing_lines": 0, "excluded_lines": 0, "percent_statements_covered": 100.0, "percent_statements_covered_display": "100"}, "missing_lines": [], "excluded_lines": [], "start_line": 10}, "TurboDRFConfig._ensure_drf_yasg_installed": {"executed_lines": [26], "summary": {"covered_lines": 1, "num_statements": 5, "percent_covered": 20.0, "percent_covered_display": "20", "missing_lines": 4, "excluded_lines": 0, "percent_statements_covered": 20.0, "percent_statements_covered_display": "20"}, "missing_lines": [28, 29, 32, 33], "excluded_lines": [], "start_line": 18}, "": {"executed_lines": [1, 2, 5, 6, 7, 8, 10, 18], "summary": {"covered_lines": 8, "num_statements": 8, "percent_covered": 100.0, "percent_covered_display": "100", "missing_lines": 0, "excluded_lines": 0, "percent_statements_covered": 100.0, "percent_statements_covered_display": "100"}, "missing_lines": [], "excluded_lines": [], "start_line": 1}}, "classes": {"TurboDRFConfig": {"executed_lines": [15, 16, 26], "summary": {"covered_lines": 3, "num_statements": 7, "percent_covered": 42.857142857142854, "percent_covered_display": "43", "missing_lines": 4, "excluded_lines": 0, "percent_statements_covered": 42.857142857142854, "percent_statements_covered_display": "43"}, "missing_lines": [28, 29, 32, 33], "excluded_lines": [], "start_line": 5}, "": {"executed_lines": [1, 2, 5, 6, 7, 8, 10, 18], "summary": {"covered_lines": 8, "num_statements": 8, "percent_covered": 100.0, "percent_covered_display": "100", "missing_lines": 0, "excluded_lines": 0, "percent_statements_covered": 100.0, "percent_statements_covered_display": "100"}, "missing_lines": [], "excluded_lines": [], "start_line": 1}}}, "turbodrf/documentation.py": {"executed_lines": [13, 14, 15, 16, 19, 91, 92, 94, 96, 110], "summary": {"covered_lines": 10, "num_statements": 10, "percent_covered": 100.0, "percent_covered_display": "100", "missing_lines": 0, "excluded_lines": 0, "percent_statements_covered": 100.0, "percent_statements_covered_display": "100"}, "missing_lines": [], "excluded_lines": [], "functions": {"get_turbodrf_schema_view": {"executed_lines": [91, 92, 94, 96, 110], "summary": {"covered_lines": 5, "num_statements": 5, "percent_covered": 100.0, "percent_covered_display": "100", "missing_lines": 0, "excluded_lines": 0, "percent_statements_covered": 100.0, "percent_statements_covered_display": "100"}, "missing_lines": [], "excluded_lines": [], "start_line": 19}, "": {"executed_lines": [13, 14, 15, 16, 19], "summary": {"covered_lines": 5, "num_statements": 5, "percent_covered": 100.0, "percent_covered_display": "100", "missing_lines": 0, "excluded_lines": 0, "percent_statements_covered": 100.0, "percent_statements_covered_display": "100"}, "missing_lines": [], "excluded_lines": [], "start_line": 1}}, "classes": {"": {"executed_lines": [13, 14, 15, 16, 19, 91, 92, 94, 96, 110], "summary": {"covered_lines": 10, "num_statements": 10, "percent_covered": 100.0, "percent_covered_display": "100", "missing_lines": 0, "excluded_lines": 0, "percent_statements_covered": 100.0, "percent_statements_covered_display": "100"}, "missing_lines": [], "excluded_lines": [], "start_line": 1}}}, "turbodrf/filter_backends.py": {"executed_lines": [8, 9, 12, 48, 61, 62, 64, 66, 67, 69, 71, 73, 74, 76, 79, 80, 81, 83, 84, 85, 87, 89, 92, 93, 95, 98, 99, 101, 103, 105], "summary": {"covered_lines": 30, "num_statements": 32, "percent_covered": 93.75, "percent_covered_display": "94", "missing_lines": 2, "excluded_lines": 0, "percent_statements_covered": 93.75, "percent_statements_covered_display": "94"}, "missing_lines": [96, 112], "excluded_lines": [], "functions": {"ORFilterBackend.filter_queryset": {"executed_lines": [61, 62, 64, 66, 67, 69, 71, 73, 74, 76, 79, 80, 81, 83, 84, 85, 87, 89, 92, 93, 95, 98, 99, 101, 103], "summary": {"covered_lines": 25, "num_statements": 26, "percent_covered": 96.15384615384616, "percent_covered_display": "96", "missing_lines": 1, "excluded_lines": 0, "percent_statements_covered": 96.15384615384616, "percent_statements_covered_display": "96"}, "missing_lines": [96], "excluded_lines": [], "start_line": 48}, "ORFilterBackend.get_schema_operation_parameters": {"executed_lines": [], "summary": {"covered_lines": 0, "num_statements": 1, "percent_covered": 0.0, "percent_covered_display": "0", "missing_lines": 1, "excluded_lines": 0, "percent_statements_covered": 0.0, "percent_statements_covered_display": "0"}, "missing_lines": [112], "excluded_lines": [], "start_line": 105}, "": {"executed_lines": [8, 9, 12, 48, 105], "summary": {"covered_lines": 5, "num_statements": 5, "percent_covered": 100.0, "percent_covered_display": "100", "missing_lines": 0, "excluded_lines": 0, "percent_statements_covered": 100.0, "percent_statements_covered_display": "100"}, "missing_lines": [], "excluded_lines": [], "start_line": 1}}, "classes": {"ORFilterBackend": {"executed_lines": [61, 62, 64, 66, 67, 69, 71, 73, 74, 76, 79, 80, 81, 83, 84, 85, 87, 89, 92, 93, 95, 98, 99, 101, 103], "summary": {"covered_lines": 25, "num_statements": 27, "percent_covered": 92.5925925925926, "percent_covered_display": "93", "missing_lines": 2, "excluded_lines": 0, "percent_statements_covered": 92.5925925925926, "percent_statements_covered_display": "93"}, "missing_lines": [96, 112], "excluded_lines": [], "start_line": 12}, "": {"executed_lines": [8, 9, 12, 48, 105], "summary": {"covered_lines": 5, "num_statements": 5, "percent_covered": 100.0, "percent_covered_display": "100", "missing_lines": 0, "excluded_lines": 0, "percent_statements_covered": 100.0, "percent_statements_covered_display": "100"}, "missing_lines": [], "excluded_lines": [], "start_line": 1}}}, "turbodrf/integrations/__init__.py": {"executed_lines": [7, 15, 25], "summary": {"covered_lines": 3, "num_statements": 3, "percent_covered": 100.0, "percent_covered_display": "100", "missing_lines": 0, "excluded_lines": 0, "percent_statements_covered": 100.0, "percent_statements_covered_display": "100"}, "missing_lines": [], "excluded_lines": [], "functions": {"": {"executed_lines": [7, 15, 25], "summary": {"covered_lines": 3, "num_statements": 3, "percent_covered": 100.0, "percent_covered_display": "100", "missing_lines": 0, "excluded_lines": 0, "percent_statements_covered": 100.0, "percent_statements_covered_display": "100"}, "missing_lines": [], "excluded_lines": [], "start_line": 1}}, "classes": {"": {"executed_lines": [7, 15, 25], "summary": {"covered_lines": 3, "num_statements": 3, "percent_covered": 100.0, "percent_covered_display": "100", "missing_lines": 0, "excluded_lines": 0, "percent_statements_covered": 100.0, "percent_statements_covered_display": "100"}, "missing_lines": [], "excluded_lines": [], "start_line": 1}}}, "turbodrf/integrations/allauth.py": {"executed_lines": [8, 10, 11, 14, 21, 24, 31, 34, 42, 45, 72, 74, 75, 76, 78, 81, 83, 85, 88, 109, 116, 118, 129, 132, 137, 141, 145, 149, 151, 153, 154, 157], "summary": {"covered_lines": 32, "num_statements": 34, "percent_covered": 94.11764705882354, "percent_covered_display": "94", "missing_lines": 2, "excluded_lines": 0, "percent_statements_covered": 94.11764705882354, "percent_statements_covered_display": "94"}, "missing_lines": [148, 172], "excluded_lines": [], "functions": {"is_allauth_installed": {"executed_lines": [21], "summary": {"covered_lines": 1, "num_statements": 1, "percent_covered": 100.0, "percent_covered_display": "100", "missing_lines": 0, "excluded_lines": 0, "percent_statements_covered": 100.0, "percent_statements_covered_display": "100"}, "missing_lines": [], "excluded_lines": [], "start_line": 14}, "is_integration_enabled": {"executed_lines": [31], "summary": {"covered_lines": 1, "num_statements": 1, "percent_covered": 100.0, "percent_covered_display": "100", "missing_lines": 0, "excluded_lines": 0, "percent_statements_covered": 100.0, "percent_statements_covered_display": "100"}, "missing_lines": [], "excluded_lines": [], "start_line": 24}, "get_role_mapping": {"executed_lines": [42], "summary": {"covered_lines": 1, "num_statements": 1, "percent_covered": 100.0, "percent_covered_display": "100", "missing_lines": 0, "excluded_lines": 0, "percent_statements_covered": 100.0, "percent_statements_covered_display": "100"}, "missing_lines": [], "excluded_lines": [], "start_line": 34}, "get_user_roles_from_groups": {"executed_lines": [72, 74, 75, 76, 78, 81, 83, 85], "summary": {"covered_lines": 8, "num_statements": 8, "percent_covered": 100.0, "percent_covered_display": "100", "missing_lines": 0, "excluded_lines": 0, "percent_statements_covered": 100.0, "percent_statements_covered_display": "100"}, "missing_lines": [], "excluded_lines": [], "start_line": 45}, "AllAuthRoleMiddleware.__init__": {"executed_lines": [116], "summary": {"covered_lines": 1, "num_statements": 1, "percent_covered": 100.0, "percent_covered_display": "100", "missing_lines": 0, "excluded_lines": 0, "percent_statements_covered": 100.0, "percent_statements_covered_display": "100"}, "missing_lines": [], "excluded_lines": [], "start_line": 109}, "AllAuthRoleMiddleware.__call__": {"executed_lines": [129, 132, 137, 141, 145, 149, 151, 153, 154], "summary": {"covered_lines": 9, "num_statements": 10, "percent_covered": 90.0, "percent_covered_display": "90", "missing_lines": 1, "excluded_lines": 0, "percent_statements_covered": 90.0, "percent_statements_covered_display": "90"}, "missing_lines": [148], "excluded_lines": [], "start_line": 118}, "setup_allauth_integration": {"executed_lines": [], "summary": {"covered_lines": 0, "num_statements": 1, "percent_covered": 0.0, "percent_covered_display": "0", "missing_lines": 1, "excluded_lines": 0, "percent_statements_covered": 0.0, "percent_statements_covered_display": "0"}, "missing_lines": [172], "excluded_lines": [], "start_line": 157}, "": {"executed_lines": [8, 10, 11, 14, 24, 34, 45, 88, 109, 118, 157], "summary": {"covered_lines": 11, "num_statements": 11, "percent_covered": 100.0, "percent_covered_display": "100", "missing_lines": 0, "excluded_lines": 0, "percent_statements_covered": 100.0, "percent_statements_covered_display": "100"}, "missing_lines": [], "excluded_lines": [], "start_line": 1}}, "classes": {"AllAuthRoleMiddleware": {"executed_lines": [116, 129, 132, 137, 141, 145, 149, 151, 153, 154], "summary": {"covered_lines": 10, "num_statements": 11, "percent_covered": 90.9090909090909, "percent_covered_display": "91", "missing_lines": 1, "excluded_lines": 0, "percent_statements_covered": 90.9090909090909, "percent_statements_covered_display": "91"}, "missing_lines": [148], "excluded_lines": [], "start_line": 88}, "": {"executed_lines": [8, 10, 11, 14, 21, 24, 31, 34, 42, 45, 72, 74, 75, 76, 78, 81, 83, 85, 88, 109, 118, 157], "summary": {"covered_lines": 22, "num_statements": 23, "percent_covered": 95.65217391304348, "percent_covered_display": "96", "missing_lines": 1, "excluded_lines": 0, "percent_statements_covered": 95.65217391304348, "percent_statements_covered_display": "96"}, "missing_lines": [172], "excluded_lines": [], "start_line": 1}}}, "turbodrf/integrations/allauth_roles.py": {"executed_lines": [8, 11, 28, 30, 31, 32, 34, 37, 54, 57, 76, 77, 79, 80, 81, 83, 86, 124, 144, 175], "summary": {"covered_lines": 20, "num_statements": 40, "percent_covered": 50.0, "percent_covered_display": "50", "missing_lines": 20, "excluded_lines": 0, "percent_statements_covered": 50.0, "percent_statements_covered_display": "50"}, "missing_lines": [115, 116, 118, 119, 121, 141, 163, 166, 167, 168, 169, 170, 172, 190, 191, 192, 193, 195, 197, 198], "excluded_lines": [], "functions": {"create_role_groups": {"executed_lines": [28, 30, 31, 32, 34], "summary": {"covered_lines": 5, "num_statements": 5, "percent_covered": 100.0, "percent_covered_display": "100", "missing_lines": 0, "excluded_lines": 0, "percent_statements_covered": 100.0, "percent_statements_covered_display": "100"}, "missing_lines": [], "excluded_lines": [], "start_line": 11}, "sync_groups_to_roles": {"executed_lines": [54], "summary": {"covered_lines": 1, "num_statements": 1, "percent_covered": 100.0, "percent_covered_display": "100", "missing_lines": 0, "excluded_lines": 0, "percent_statements_covered": 100.0, "percent_statements_covered_display": "100"}, "missing_lines": [], "excluded_lines": [], "start_line": 37}, "validate_role_mapping": {"executed_lines": [76, 77, 79, 80, 81, 83], "summary": {"covered_lines": 6, "num_statements": 6, "percent_covered": 100.0, "percent_covered_display": "100", "missing_lines": 0, "excluded_lines": 0, "percent_statements_covered": 100.0, "percent_statements_covered_display": "100"}, "missing_lines": [], "excluded_lines": [], "start_line": 57}, "create_role_mapping": {"executed_lines": [], "summary": {"covered_lines": 0, "num_statements": 5, "percent_covered": 0.0, "percent_covered_display": "0", "missing_lines": 5, "excluded_lines": 0, "percent_statements_covered": 0.0, "percent_statements_covered_display": "0"}, "missing_lines": [115, 116, 118, 119, 121], "excluded_lines": [], "start_line": 86}, "get_or_create_role_group": {"executed_lines": [], "summary": {"covered_lines": 0, "num_statements": 1, "percent_covered": 0.0, "percent_covered_display": "0", "missing_lines": 1, "excluded_lines": 0, "percent_statements_covered": 0.0, "percent_statements_covered_display": "0"}, "missing_lines": [141], "excluded_lines": [], "start_line": 124}, "assign_roles_to_user": {"executed_lines": [], "summary": {"covered_lines": 0, "num_statements": 7, "percent_covered": 0.0, "percent_covered_display": "0", "missing_lines": 7, "excluded_lines": 0, "percent_statements_covered": 0.0, "percent_statements_covered_display": "0"}, "missing_lines": [163, 166, 167, 168, 169, 170, 172], "excluded_lines": [], "start_line": 144}, "get_users_with_role": {"executed_lines": [], "summary": {"covered_lines": 0, "num_statements": 7, "percent_covered": 0.0, "percent_covered_display": "0", "missing_lines": 7, "excluded_lines": 0, "percent_statements_covered": 0.0, "percent_statements_covered_display": "0"}, "missing_lines": [190, 191, 192, 193, 195, 197, 198], "excluded_lines": [], "start_line": 175}, "": {"executed_lines": [8, 11, 37, 57, 86, 124, 144, 175], "summary": {"covered_lines": 8, "num_statements": 8, "percent_covered": 100.0, "percent_covered_display": "100", "missing_lines": 0, "excluded_lines": 0, "percent_statements_covered": 100.0, "percent_statements_covered_display": "100"}, "missing_lines": [], "excluded_lines": [], "start_line": 1}}, "classes": {"": {"executed_lines": [8, 11, 28, 30, 31, 32, 34, 37, 54, 57, 76, 77, 79, 80, 81, 83, 86, 124, 144, 175], "summary": {"covered_lines": 20, "num_statements": 40, "percent_covered": 50.0, "percent_covered_display": "50", "missing_lines": 20, "excluded_lines": 0, "percent_statements_covered": 50.0, "percent_statements_covered_display": "50"}, "missing_lines": [115, 116, 118, 119, 121, 141, 163, 166, 167, 168, 169, 170, 172, 190, 191, 192, 193, 195, 197, 198], "excluded_lines": [], "start_line": 1}}}, "turbodrf/integrations/keycloak.py": {"executed_lines": [19, 21, 24, 31, 34, 41, 44, 57, 60, 77, 80, 103, 104, 106, 107, 108, 109, 112, 115, 116, 118, 121, 141, 143, 145, 147, 148, 150, 151, 153, 156, 173, 174, 193, 219, 226, 228, 253, 265], "summary": {"covered_lines": 39, "num_statements": 53, "percent_covered": 73.58490566037736, "percent_covered_display": "74", "missing_lines": 14, "excluded_lines": 0, "percent_statements_covered": 73.58490566037736, "percent_statements_covered_display": "74"}, "missing_lines": [177, 179, 181, 184, 186, 188, 190, 239, 241, 243, 245, 247, 249, 250], "excluded_lines": [], "functions": {"is_social_auth_installed": {"executed_lines": [31], "summary": {"covered_lines": 1, "num_statements": 1, "percent_covered": 100.0, "percent_covered_display": "100", "missing_lines": 0, "excluded_lines": 0, "percent_statements_covered": 100.0, "percent_statements_covered_display": "100"}, "missing_lines": [], "excluded_lines": [], "start_line": 24}, "is_integration_enabled": {"executed_lines": [41], "summary": {"covered_lines": 1, "num_statements": 1, "percent_covered": 100.0, "percent_covered_display": "100", "missing_lines": 0, "excluded_lines": 0, "percent_statements_covered": 100.0, "percent_statements_covered_display": "100"}, "missing_lines": [], "excluded_lines": [], "start_line": 34}, "get_role_claim_path": {"executed_lines": [57], "summary": {"covered_lines": 1, "num_statements": 1, "percent_covered": 100.0, "percent_covered_display": "100", "missing_lines": 0, "excluded_lines": 0, "percent_statements_covered": 100.0, "percent_statements_covered_display": "100"}, "missing_lines": [], "excluded_lines": [], "start_line": 44}, "get_role_mapping": {"executed_lines": [77], "summary": {"covered_lines": 1, "num_statements": 1, "percent_covered": 100.0, "percent_covered_display": "100", "missing_lines": 0, "excluded_lines": 0, "percent_statements_covered": 100.0, "percent_statements_covered_display": "100"}, "missing_lines": [], "excluded_lines": [], "start_line": 60}, "extract_roles_from_token": {"executed_lines": [103, 104, 106, 107, 108, 109, 112, 115, 116, 118], "summary": {"covered_lines": 10, "num_statements": 10, "percent_covered": 100.0, "percent_covered_display": "100", "missing_lines": 0, "excluded_lines": 0, "percent_statements_covered": 100.0, "percent_statements_covered_display": "100"}, "missing_lines": [], "excluded_lines": [], "start_line": 80}, "map_keycloak_roles_to_turbodrf": {"executed_lines": [141, 143, 145, 147, 148, 150, 151, 153], "summary": {"covered_lines": 8, "num_statements": 8, "percent_covered": 100.0, "percent_covered_display": "100", "missing_lines": 0, "excluded_lines": 0, "percent_statements_covered": 100.0, "percent_statements_covered_display": "100"}, "missing_lines": [], "excluded_lines": [], "start_line": 121}, "get_user_roles_from_social_auth": {"executed_lines": [173, 174], "summary": {"covered_lines": 2, "num_statements": 9, "percent_covered": 22.22222222222222, "percent_covered_display": "22", "missing_lines": 7, "excluded_lines": 0, "percent_statements_covered": 22.22222222222222, "percent_statements_covered_display": "22"}, "missing_lines": [177, 179, 181, 184, 186, 188, 190], "excluded_lines": [], "start_line": 156}, "KeycloakRoleMiddleware.__init__": {"executed_lines": [226], "summary": {"covered_lines": 1, "num_statements": 1, "percent_covered": 100.0, "percent_covered_display": "100", "missing_lines": 0, "excluded_lines": 0, "percent_statements_covered": 100.0, "percent_statements_covered_display": "100"}, "missing_lines": [], "excluded_lines": [], "start_line": 219}, "KeycloakRoleMiddleware.__call__": {"executed_lines": [], "summary": {"covered_lines": 0, "num_statements": 7, "percent_covered": 0.0, "percent_covered_display": "0", "missing_lines": 7, "excluded_lines": 0, "percent_statements_covered": 0.0, "percent_statements_covered_display": "0"}, "missing_lines": [239, 241, 243, 245, 247, 249, 250], "excluded_lines": [], "start_line": 228}, "setup_keycloak_integration": {"executed_lines": [265], "summary": {"covered_lines": 1, "num_statements": 1, "percent_covered": 100.0, "percent_covered_display": "100", "missing_lines": 0, "excluded_lines": 0, "percent_statements_covered": 100.0, "percent_statements_covered_display": "100"}, "missing_lines": [], "excluded_lines": [], "start_line": 253}, "": {"executed_lines": [19, 21, 24, 34, 44, 60, 80, 121, 156, 193, 219, 228, 253], "summary": {"covered_lines": 13, "num_statements": 13, "percent_covered": 100.0, "percent_covered_display": "100", "missing_lines": 0, "excluded_lines": 0, "percent_statements_covered": 100.0, "percent_statements_covered_display": "100"}, "missing_lines": [], "excluded_lines": [], "start_line": 1}}, "classes": {"KeycloakRoleMiddleware": {"executed_lines": [226], "summary": {"covered_lines": 1, "num_statements": 8, "percent_covered": 12.5, "percent_covered_display": "12", "missing_lines": 7, "excluded_lines": 0, "percent_statements_covered": 12.5, "percent_statements_covered_display": "12"}, "missing_lines": [239, 241, 243, 245, 247, 249, 250], "excluded_lines": [], "start_line": 193}, "": {"executed_lines": [19, 21, 24, 31, 34, 41, 44, 57, 60, 77, 80, 103, 104, 106, 107, 108, 109, 112, 115, 116, 118, 121, 141, 143, 145, 147, 148, 150, 151, 153, 156, 173, 174, 193, 219, 228, 253, 265], "summary": {"covered_lines": 38, "num_statements": 45, "percent_covered": 84.44444444444444, "percent_covered_display": "84", "missing_lines": 7, "excluded_lines": 0, "percent_statements_covered": 84.44444444444444, "percent_statements_covered_display": "84"}, "missing_lines": [177, 179, 181, 184, 186, 188, 190], "excluded_lines": [], "start_line": 1}}}, "turbodrf/metadata.py": {"executed_lines": [], "summary": {"covered_lines": 0, "num_statements": 48, "percent_covered": 0.0, "percent_covered_display": "0", "missing_lines": 48, "excluded_lines": 0, "percent_statements_covered": 0.0, "percent_statements_covered_display": "0"}, "missing_lines": [1, 4, 7, 9, 11, 12, 13, 18, 21, 28, 30, 32, 34, 36, 37, 38, 39, 41, 42, 43, 45, 46, 48, 49, 50, 51, 55, 56, 57, 61, 66, 78, 79, 80, 81, 85, 86, 87, 89, 91, 93, 95, 96, 97, 98, 100, 101, 103], "excluded_lines": [], "functions": {"TurboDRFMetadata.determine_metadata": {"executed_lines": [], "summary": {"covered_lines": 0, "num_statements": 8, "percent_covered": 0.0, "percent_covered_display": "0", "missing_lines": 8, "excluded_lines": 0, "percent_statements_covered": 0.0, "percent_statements_covered_display": "0"}, "missing_lines": [9, 11, 12, 13, 18, 21, 28, 30], "excluded_lines": [], "start_line": 7}, "TurboDRFMetadata._get_field_metadata": {"executed_lines": [], "summary": {"covered_lines": 0, "num_statements": 27, "percent_covered": 0.0, "percent_covered_display": "0", "missing_lines": 27, "excluded_lines": 0, "percent_statements_covered": 0.0, "percent_statements_covered_display": "0"}, "missing_lines": [34, 36, 37, 38, 39, 41, 42, 43, 45, 46, 48, 49, 50, 51, 55, 56, 57, 61, 66, 78, 79, 80, 81, 85, 86, 87, 89], "excluded_lines": [], "start_line": 32}, "TurboDRFMetadata._get_allowed_actions": {"executed_lines": [], "summary": {"covered_lines": 0, "num_statements": 8, "percent_covered": 0.0, "percent_covered_display": "0", "missing_lines": 8, "excluded_lines": 0, "percent_statements_covered": 0.0, "percent_statements_covered_display": "0"}, "missing_lines": [93, 95, 96, 97, 98, 100, 101, 103], "excluded_lines": [], "start_line": 91}, "": {"executed_lines": [], "summary": {"covered_lines": 0, "num_statements": 5, "percent_covered": 0.0, "percent_covered_display": "0", "missing_lines": 5, "excluded_lines": 0, "percent_statements_covered": 0.0, "percent_statements_covered_display": "0"}, "missing_lines": [1, 4, 7, 32, 91], "excluded_lines": [], "start_line": 1}}, "classes": {"TurboDRFMetadata": {"executed_lines": [], "summary": {"covered_lines": 0, "num_statements": 43, "percent_covered": 0.0, "percent_covered_display": "0", "missing_lines": 43, "excluded_lines": 0, "percent_statements_covered": 0.0, "percent_statements_covered_display": "0"}, "missing_lines": [9, 11, 12, 13, 18, 21, 28, 30, 34, 36, 37, 38, 39, 41, 42, 43, 45, 46, 48, 49, 50, 51, 55, 56, 57, 61, 66, 78, 79, 80, 81, 85, 86, 87, 89, 93, 95, 96, 97, 98, 100, 101, 103], "excluded_lines": [], "start_line": 4}, "": {"executed_lines": [], "summary": {"covered_lines": 0, "num_statements": 5, "percent_covered": 0.0, "percent_covered_display": "0", "missing_lines": 5, "excluded_lines": 0, "percent_statements_covered": 0.0, "percent_statements_covered_display": "0"}, "missing_lines": [1, 4, 7, 32, 91], "excluded_lines": [], "start_line": 1}}}, "turbodrf/mixins.py": {"executed_lines": [8, 11, 38, 39, 87, 88, 127, 128], "summary": {"covered_lines": 8, "num_statements": 30, "percent_covered": 26.666666666666668, "percent_covered_display": "27", "missing_lines": 22, "excluded_lines": 0, "percent_statements_covered": 26.666666666666668, "percent_statements_covered_display": "27"}, "missing_lines": [81, 109, 110, 112, 114, 120, 122, 125, 150, 151, 154, 155, 156, 157, 158, 160, 161, 162, 165, 166, 167, 168], "excluded_lines": [], "functions": {"TurboDRFMixin.turbodrf": {"executed_lines": [], "summary": {"covered_lines": 0, "num_statements": 1, "percent_covered": 0.0, "percent_covered_display": "0", "missing_lines": 1, "excluded_lines": 0, "percent_statements_covered": 0.0, "percent_statements_covered_display": "0"}, "missing_lines": [81], "excluded_lines": [], "start_line": 39}, "TurboDRFMixin.get_api_fields": {"executed_lines": [], "summary": {"covered_lines": 0, "num_statements": 7, "percent_covered": 0.0, "percent_covered_display": "0", "missing_lines": 7, "excluded_lines": 0, "percent_statements_covered": 0.0, "percent_statements_covered_display": "0"}, "missing_lines": [109, 110, 112, 114, 120, 122, 125], "excluded_lines": [], "start_line": 88}, "TurboDRFMixin.get_field_type": {"executed_lines": [], "summary": {"covered_lines": 0, "num_statements": 14, "percent_covered": 0.0, "percent_covered_display": "0", "missing_lines": 14, "excluded_lines": 0, "percent_statements_covered": 0.0, "percent_statements_covered_display": "0"}, "missing_lines": [150, 151, 154, 155, 156, 157, 158, 160, 161, 162, 165, 166, 167, 168], "excluded_lines": [], "start_line": 128}, "": {"executed_lines": [8, 11, 38, 39, 87, 88, 127, 128], "summary": {"covered_lines": 8, "num_statements": 8, "percent_covered": 100.0, "percent_covered_display": "100", "missing_lines": 0, "excluded_lines": 0, "percent_statements_covered": 100.0, "percent_statements_covered_display": "100"}, "missing_lines": [], "excluded_lines": [], "start_line": 1}}, "classes": {"TurboDRFMixin": {"executed_lines": [], "summary": {"covered_lines": 0, "num_statements": 22, "percent_covered": 0.0, "percent_covered_display": "0", "missing_lines": 22, "excluded_lines": 0, "percent_statements_covered": 0.0, "percent_statements_covered_display": "0"}, "missing_lines": [81, 109, 110, 112, 114, 120, 122, 125, 150, 151, 154, 155, 156, 157, 158, 160, 161, 162, 165, 166, 167, 168], "excluded_lines": [], "start_line": 11}, "": {"executed_lines": [8, 11, 38, 39, 87, 88, 127, 128], "summary": {"covered_lines": 8, "num_statements": 8, "percent_covered": 100.0, "percent_covered_display": "100", "missing_lines": 0, "excluded_lines": 0, "percent_statements_covered": 100.0, "percent_statements_covered_display": "100"}, "missing_lines": [], "excluded_lines": [], "start_line": 1}}}, "turbodrf/permissions.py": {"executed_lines": [8, 11, 60, 71, 72, 76, 79, 81, 82, 84, 86, 89, 90, 91, 94, 103, 104, 105, 108, 109, 111, 127, 129, 132, 134, 135, 136, 138, 141, 169, 179, 186, 187, 190], "summary": {"covered_lines": 34, "num_statements": 35, "percent_covered": 97.14285714285714, "percent_covered_display": "97", "missing_lines": 1, "excluded_lines": 0, "percent_statements_covered": 97.14285714285714, "percent_statements_covered_display": "97"}, "missing_lines": [87], "excluded_lines": [], "functions": {"TurboDRFPermission.has_permission": {"executed_lines": [71, 72, 76, 79, 81, 82, 84, 86, 89, 90, 91, 94, 103, 104, 105, 108, 109], "summary": {"covered_lines": 17, "num_statements": 18, "percent_covered": 94.44444444444444, "percent_covered_display": "94", "missing_lines": 1, "excluded_lines": 0, "percent_statements_covered": 94.44444444444444, "percent_statements_covered_display": "94"}, "missing_lines": [87], "excluded_lines": [], "start_line": 60}, "TurboDRFPermission._get_user_permissions": {"executed_lines": [127, 129, 132, 134, 135, 136, 138], "summary": {"covered_lines": 7, "num_statements": 7, "percent_covered": 100.0, "percent_covered_display": "100", "missing_lines": 0, "excluded_lines": 0, "percent_statements_covered": 100.0, "percent_statements_covered_display": "100"}, "missing_lines": [], "excluded_lines": [], "start_line": 111}, "DefaultDjangoPermission.has_permission": {"executed_lines": [186, 187, 190], "summary": {"covered_lines": 3, "num_statements": 3, "percent_covered": 100.0, "percent_covered_display": "100", "missing_lines": 0, "excluded_lines": 0, "percent_statements_covered": 100.0, "percent_statements_covered_display": "100"}, "missing_lines": [], "excluded_lines": [], "start_line": 179}, "": {"executed_lines": [8, 11, 60, 111, 141, 169, 179], "summary": {"covered_lines": 7, "num_statements": 7, "percent_covered": 100.0, "percent_covered_display": "100", "missing_lines": 0, "excluded_lines": 0, "percent_statements_covered": 100.0, "percent_statements_covered_display": "100"}, "missing_lines": [], "excluded_lines": [], "start_line": 1}}, "classes": {"TurboDRFPermission": {"executed_lines": [71, 72, 76, 79, 81, 82, 84, 86, 89, 90, 91, 94, 103, 104, 105, 108, 109, 127, 129, 132, 134, 135, 136, 138], "summary": {"covered_lines": 24, "num_statements": 25, "percent_covered": 96.0, "percent_covered_display": "96", "missing_lines": 1, "excluded_lines": 0, "percent_statements_covered": 96.0, "percent_statements_covered_display": "96"}, "missing_lines": [87], "excluded_lines": [], "start_line": 11}, "DefaultDjangoPermission": {"executed_lines": [186, 187, 190], "summary": {"covered_lines": 3, "num_statements": 3, "percent_covered": 100.0, "percent_covered_display": "100", "missing_lines": 0, "excluded_lines": 0, "percent_statements_covered": 100.0, "percent_statements_covered_display": "100"}, "missing_lines": [], "excluded_lines": [], "start_line": 141}, "": {"executed_lines": [8, 11, 60, 111, 141, 169, 179], "summary": {"covered_lines": 7, "num_statements": 7, "percent_covered": 100.0, "percent_covered_display": "100", "missing_lines": 0, "excluded_lines": 0, "percent_statements_covered": 100.0, "percent_statements_covered_display": "100"}, "missing_lines": [], "excluded_lines": [], "start_line": 1}}}, "turbodrf/router.py": {"executed_lines": [8, 9, 10, 12, 13, 16, 49, 57, 58, 60, 78, 79, 80, 82, 84, 87, 90, 100, 101, 104, 111, 115, 123, 126, 127, 128, 132, 135, 136, 139, 145, 147], "summary": {"covered_lines": 32, "num_statements": 32, "percent_covered": 100.0, "percent_covered_display": "100", "missing_lines": 0, "excluded_lines": 0, "percent_statements_covered": 100.0, "percent_statements_covered_display": "100"}, "missing_lines": [], "excluded_lines": [], "functions": {"TurboDRFRouter.__init__": {"executed_lines": [57, 58], "summary": {"covered_lines": 2, "num_statements": 2, "percent_covered": 100.0, "percent_covered_display": "100", "missing_lines": 0, "excluded_lines": 0, "percent_statements_covered": 100.0, "percent_statements_covered_display": "100"}, "missing_lines": [], "excluded_lines": [], "start_line": 49}, "TurboDRFRouter.discover_models": {"executed_lines": [78, 79, 80, 82, 84, 87, 90, 100, 101, 104, 111], "summary": {"covered_lines": 11, "num_statements": 11, "percent_covered": 100.0, "percent_covered_display": "100", "missing_lines": 0, "excluded_lines": 0, "percent_statements_covered": 100.0, "percent_statements_covered_display": "100"}, "missing_lines": [], "excluded_lines": [], "start_line": 60}, "TurboDRFRouter.get_urls": {"executed_lines": [123, 126, 127, 128, 132, 135, 136, 139, 145, 147], "summary": {"covered_lines": 10, "num_statements": 10, "percent_covered": 100.0, "percent_covered_display": "100", "missing_lines": 0, "excluded_lines": 0, "percent_statements_covered": 100.0, "percent_statements_covered_display": "100"}, "missing_lines": [], "excluded_lines": [], "start_line": 115}, "": {"executed_lines": [8, 9, 10, 12, 13, 16, 49, 60, 115], "summary": {"covered_lines": 9, "num_statements": 9, "percent_covered": 100.0, "percent_covered_display": "100", "missing_lines": 0, "excluded_lines": 0, "percent_statements_covered": 100.0, "percent_statements_covered_display": "100"}, "missing_lines": [], "excluded_lines": [], "start_line": 1}}, "classes": {"TurboDRFRouter": {"executed_lines": [57, 58, 78, 79, 80, 82, 84, 87, 90, 100, 101, 104, 111, 123, 126, 127, 128, 132, 135, 136, 139, 145, 147], "summary": {"covered_lines": 23, "num_statements": 23, "percent_covered": 100.0, "percent_covered_display": "100", "missing_lines": 0, "excluded_lines": 0, "percent_statements_covered": 100.0, "percent_statements_covered_display": "100"}, "missing_lines": [], "excluded_lines": [], "start_line": 16}, "": {"executed_lines": [8, 9, 10, 12, 13, 16, 49, 60, 115], "summary": {"covered_lines": 9, "num_statements": 9, "percent_covered": 100.0, "percent_covered_display": "100", "missing_lines": 0, "excluded_lines": 0, "percent_statements_covered": 100.0, "percent_statements_covered_display": "100"}, "missing_lines": [], "excluded_lines": [], "start_line": 1}}}, "turbodrf/serializers.py": {"executed_lines": [1, 3, 4, 7, 31, 51, 54, 55, 57, 59, 61, 64, 67, 68, 69, 70, 71, 72, 75, 76, 80, 82, 90, 91, 93, 95, 96, 97, 98, 101, 102, 104, 105, 107, 108, 112, 119, 122, 123, 128, 130, 132, 140, 141, 143, 145, 146, 147, 148, 151, 152, 153, 155, 156, 158, 159, 163, 170, 173, 174, 179, 181, 184, 216, 217, 253, 259, 260, 261, 267, 278, 279, 281, 282, 283, 284, 285, 286, 288, 291, 292, 293, 294, 295, 298, 303, 308, 309, 310, 313, 314, 315, 316, 319, 320, 321, 326, 328, 329, 330, 331, 333, 335, 337, 339, 340, 366, 368, 370, 371, 372, 374, 375, 376, 379, 387, 388, 389, 390, 391, 398, 400, 401, 405, 408, 409, 410, 414, 415, 416, 418, 420, 421, 431, 432, 459, 461, 463, 464, 465, 467, 468, 469, 471, 473, 474, 475, 477, 479, 480, 513, 514, 517, 518, 519, 520, 522, 523, 524, 525, 527, 529], "summary": {"covered_lines": 162, "num_statements": 181, "percent_covered": 89.50276243093923, "percent_covered_display": "90", "missing_lines": 19, "excluded_lines": 0, "percent_statements_covered": 89.50276243093923, "percent_statements_covered_display": "90"}, "missing_lines": [77, 78, 124, 126, 175, 177, 270, 273, 274, 275, 299, 300, 381, 423, 425, 426, 427, 428, 429], "excluded_lines": [], "functions": {"TurboDRFSerializer.to_representation": {"executed_lines": [51, 54, 55, 57, 59, 61, 64, 67, 68, 69, 70, 71, 72, 75, 76, 80], "summary": {"covered_lines": 16, "num_statements": 18, "percent_covered": 88.88888888888889, "percent_covered_display": "89", "missing_lines": 2, "excluded_lines": 0, "percent_statements_covered": 88.88888888888889, "percent_statements_covered_display": "89"}, "missing_lines": [77, 78], "excluded_lines": [], "start_line": 31}, "TurboDRFSerializer.update": {"executed_lines": [90, 91, 93, 95, 96, 97, 98, 101, 102, 104, 105, 107, 108, 112, 119, 122, 123, 128, 130], "summary": {"covered_lines": 19, "num_statements": 21, "percent_covered": 90.47619047619048, "percent_covered_display": "90", "missing_lines": 2, "excluded_lines": 0, "percent_statements_covered": 90.47619047619048, "percent_statements_covered_display": "90"}, "missing_lines": [124, 126], "excluded_lines": [], "start_line": 82}, "TurboDRFSerializer.create": {"executed_lines": [140, 141, 143, 145, 146, 147, 148, 151, 152, 153, 155, 156, 158, 159, 163, 170, 173, 174, 179, 181], "summary": {"covered_lines": 20, "num_statements": 22, "percent_covered": 90.9090909090909, "percent_covered_display": "91", "missing_lines": 2, "excluded_lines": 0, "percent_statements_covered": 90.9090909090909, "percent_statements_covered_display": "91"}, "missing_lines": [175, 177], "excluded_lines": [], "start_line": 132}, "TurboDRFSerializerFactory.create_serializer": {"executed_lines": [253, 259, 260, 261, 267, 278, 279, 281, 282, 283, 284, 285, 286, 288, 291, 292, 293, 294, 295, 298, 303, 308, 309, 310, 313, 314, 315, 316, 319, 320, 328, 329, 330, 331, 333, 335, 337], "summary": {"covered_lines": 37, "num_statements": 43, "percent_covered": 86.04651162790698, "percent_covered_display": "86", "missing_lines": 6, "excluded_lines": 0, "percent_statements_covered": 86.04651162790698, "percent_statements_covered_display": "86"}, "missing_lines": [270, 273, 274, 275, 299, 300], "excluded_lines": [], "start_line": 217}, "TurboDRFSerializerFactory.create_serializer.DynamicSerializer.__init__": {"executed_lines": [321, 326], "summary": {"covered_lines": 2, "num_statements": 2, "percent_covered": 100.0, "percent_covered_display": "100", "missing_lines": 0, "excluded_lines": 0, "percent_statements_covered": 100.0, "percent_statements_covered_display": "100"}, "missing_lines": [], "excluded_lines": [], "start_line": 320}, "TurboDRFSerializerFactory._get_permitted_fields": {"executed_lines": [366, 368, 370, 371, 372, 374, 375, 376, 379, 387, 388, 389, 390, 391, 398, 400, 401, 405, 408, 409, 410, 414, 415, 416, 418], "summary": {"covered_lines": 25, "num_statements": 26, "percent_covered": 96.15384615384616, "percent_covered_display": "96", "missing_lines": 1, "excluded_lines": 0, "percent_statements_covered": 96.15384615384616, "percent_statements_covered_display": "96"}, "missing_lines": [381], "excluded_lines": [], "start_line": 340}, "TurboDRFSerializerFactory._get_user_permissions_set": {"executed_lines": [], "summary": {"covered_lines": 0, "num_statements": 6, "percent_covered": 0.0, "percent_covered_display": "0", "missing_lines": 6, "excluded_lines": 0, "percent_statements_covered": 0.0, "percent_statements_covered_display": "0"}, "missing_lines": [423, 425, 426, 427, 428, 429], "excluded_lines": [], "start_line": 421}, "TurboDRFSerializerFactory._get_read_only_fields": {"executed_lines": [459, 461, 463, 464, 465, 467, 468, 469, 471, 473, 474, 475, 477], "summary": {"covered_lines": 13, "num_statements": 13, "percent_covered": 100.0, "percent_covered_display": "100", "missing_lines": 0, "excluded_lines": 0, "percent_statements_covered": 100.0, "percent_statements_covered_display": "100"}, "missing_lines": [], "excluded_lines": [], "start_line": 432}, "TurboDRFSerializerFactory._create_nested_serializer": {"executed_lines": [513, 514, 517, 518, 519, 520, 522, 523, 524, 525, 527, 529], "summary": {"covered_lines": 12, "num_statements": 12, "percent_covered": 100.0, "percent_covered_display": "100", "missing_lines": 0, "excluded_lines": 0, "percent_statements_covered": 100.0, "percent_statements_covered_display": "100"}, "missing_lines": [], "excluded_lines": [], "start_line": 480}, "": {"executed_lines": [1, 3, 4, 7, 31, 82, 132, 184, 216, 217, 339, 340, 420, 421, 431, 432, 479, 480], "summary": {"covered_lines": 18, "num_statements": 18, "percent_covered": 100.0, "percent_covered_display": "100", "missing_lines": 0, "excluded_lines": 0, "percent_statements_covered": 100.0, "percent_statements_covered_display": "100"}, "missing_lines": [], "excluded_lines": [], "start_line": 1}}, "classes": {"TurboDRFSerializer": {"executed_lines": [51, 54, 55, 57, 59, 61, 64, 67, 68, 69, 70, 71, 72, 75, 76, 80, 90, 91, 93, 95, 96, 97, 98, 101, 102, 104, 105, 107, 108, 112, 119, 122, 123, 128, 130, 140, 141, 143, 145, 146, 147, 148, 151, 152, 153, 155, 156, 158, 159, 163, 170, 173, 174, 179, 181], "summary": {"covered_lines": 55, "num_statements": 61, "percent_covered": 90.1639344262295, "percent_covered_display": "90", "missing_lines": 6, "excluded_lines": 0, "percent_statements_covered": 90.1639344262295, "percent_statements_covered_display": "90"}, "missing_lines": [77, 78, 124, 126, 175, 177], "excluded_lines": [], "start_line": 7}, "TurboDRFSerializerFactory": {"executed_lines": [253, 259, 260, 261, 267, 278, 279, 281, 282, 283, 284, 285, 286, 288, 291, 292, 293, 294, 295, 298, 303, 308, 309, 310, 313, 314, 315, 316, 319, 320, 328, 329, 330, 331, 333, 335, 337, 366, 368, 370, 371, 372, 374, 375, 376, 379, 387, 388, 389, 390, 391, 398, 400, 401, 405, 408, 409, 410, 414, 415, 416, 418, 459, 461, 463, 464, 465, 467, 468, 469, 471, 473, 474, 475, 477, 513, 514, 517, 518, 519, 520, 522, 523, 524, 525, 527, 529], "summary": {"covered_lines": 87, "num_statements": 100, "percent_covered": 87.0, "percent_covered_display": "87", "missing_lines": 13, "excluded_lines": 0, "percent_statements_covered": 87.0, "percent_statements_covered_display": "87"}, "missing_lines": [270, 273, 274, 275, 299, 300, 381, 423, 425, 426, 427, 428, 429], "excluded_lines": [], "start_line": 184}, "TurboDRFSerializerFactory.create_serializer.DynamicSerializer": {"executed_lines": [321, 326], "summary": {"covered_lines": 2, "num_statements": 2, "percent_covered": 100.0, "percent_covered_display": "100", "missing_lines": 0, "excluded_lines": 0, "percent_statements_covered": 100.0, "percent_statements_covered_display": "100"}, "missing_lines": [], "excluded_lines": [], "start_line": 319}, "TurboDRFSerializerFactory.create_serializer.DynamicSerializer.Meta": {"executed_lines": [], "summary": {"covered_lines": 0, "num_statements": 0, "percent_covered": 100.0, "percent_covered_display": "100", "missing_lines": 0, "excluded_lines": 0, "percent_statements_covered": 100.0, "percent_statements_covered_display": "100"}, "missing_lines": [], "excluded_lines": [], "start_line": 328}, "TurboDRFSerializerFactory._create_nested_serializer.NestedSerializer": {"executed_lines": [], "summary": {"covered_lines": 0, "num_statements": 0, "percent_covered": 100.0, "percent_covered_display": "100", "missing_lines": 0, "excluded_lines": 0, "percent_statements_covered": 100.0, "percent_statements_covered_display": "100"}, "missing_lines": [], "excluded_lines": [], "start_line": 522}, "TurboDRFSerializerFactory._create_nested_serializer.NestedSerializer.Meta": {"executed_lines": [], "summary": {"covered_lines": 0, "num_statements": 0, "percent_covered": 100.0, "percent_covered_display": "100", "missing_lines": 0, "excluded_lines": 0, "percent_statements_covered": 100.0, "percent_statements_covered_display": "100"}, "missing_lines": [], "excluded_lines": [], "start_line": 523}, "": {"executed_lines": [1, 3, 4, 7, 31, 82, 132, 184, 216, 217, 339, 340, 420, 421, 431, 432, 479, 480], "summary": {"covered_lines": 18, "num_statements": 18, "percent_covered": 100.0, "percent_covered_display": "100", "missing_lines": 0, "excluded_lines": 0, "percent_statements_covered": 100.0, "percent_statements_covered_display": "100"}, "missing_lines": [], "excluded_lines": [], "start_line": 1}}}, "turbodrf/settings.py": {"executed_lines": [6], "summary": {"covered_lines": 1, "num_statements": 1, "percent_covered": 100.0, "percent_covered_display": "100", "missing_lines": 0, "excluded_lines": 0, "percent_statements_covered": 100.0, "percent_statements_covered_display": "100"}, "missing_lines": [], "excluded_lines": [], "functions": {"": {"executed_lines": [6], "summary": {"covered_lines": 1, "num_statements": 1, "percent_covered": 100.0, "percent_covered_display": "100", "missing_lines": 0, "excluded_lines": 0, "percent_statements_covered": 100.0, "percent_statements_covered_display": "100"}, "missing_lines": [], "excluded_lines": [], "start_line": 1}}, "classes": {"": {"executed_lines": [6], "summary": {"covered_lines": 1, "num_statements": 1, "percent_covered": 100.0, "percent_covered_display": "100", "missing_lines": 0, "excluded_lines": 0, "percent_statements_covered": 100.0, "percent_statements_covered_display": "100"}, "missing_lines": [], "excluded_lines": [], "start_line": 1}}}, "turbodrf/swagger.py": {"executed_lines": [17, 18, 21, 46, 47, 48, 50, 118, 171, 221, 273, 281, 284, 285, 303, 313, 325, 326, 329, 339, 342, 347, 355, 356, 359, 362, 364, 365, 366, 367, 371, 374], "summary": {"covered_lines": 32, "num_statements": 84, "percent_covered": 38.095238095238095, "percent_covered_display": "38", "missing_lines": 52, "excluded_lines": 0, "percent_statements_covered": 38.095238095238095, "percent_statements_covered_display": "38"}, "missing_lines": [80, 81, 83, 85, 87, 88, 90, 92, 93, 95, 97, 98, 102, 103, 104, 105, 109, 111, 112, 114, 116, 149, 150, 152, 155, 157, 158, 159, 165, 169, 204, 212, 213, 214, 216, 219, 258, 259, 261, 262, 263, 267, 268, 270, 271, 287, 290, 296, 298, 300, 345, 368], "excluded_lines": [], "functions": {"RoleBasedSchemaGenerator.__init__": {"executed_lines": [47, 48], "summary": {"covered_lines": 2, "num_statements": 2, "percent_covered": 100.0, "percent_covered_display": "100", "missing_lines": 0, "excluded_lines": 0, "percent_statements_covered": 100.0, "percent_statements_covered_display": "100"}, "missing_lines": [], "excluded_lines": [], "start_line": 46}, "RoleBasedSchemaGenerator.get_schema": {"executed_lines": [], "summary": {"covered_lines": 0, "num_statements": 21, "percent_covered": 0.0, "percent_covered_display": "0", "missing_lines": 21, "excluded_lines": 0, "percent_statements_covered": 0.0, "percent_statements_covered_display": "0"}, "missing_lines": [80, 81, 83, 85, 87, 88, 90, 92, 93, 95, 97, 98, 102, 103, 104, 105, 109, 111, 112, 114, 116], "excluded_lines": [], "start_line": 50}, "RoleBasedSchemaGenerator._extract_model_info": {"executed_lines": [], "summary": {"covered_lines": 0, "num_statements": 9, "percent_covered": 0.0, "percent_covered_display": "0", "missing_lines": 9, "excluded_lines": 0, "percent_statements_covered": 0.0, "percent_statements_covered_display": "0"}, "missing_lines": [149, 150, 152, 155, 157, 158, 159, 165, 169], "excluded_lines": [], "start_line": 118}, "RoleBasedSchemaGenerator._has_permission": {"executed_lines": [], "summary": {"covered_lines": 0, "num_statements": 6, "percent_covered": 0.0, "percent_covered_display": "0", "missing_lines": 6, "excluded_lines": 0, "percent_statements_covered": 0.0, "percent_statements_covered_display": "0"}, "missing_lines": [204, 212, 213, 214, 216, 219], "excluded_lines": [], "start_line": 171}, "RoleBasedSchemaGenerator._filter_schema_fields": {"executed_lines": [], "summary": {"covered_lines": 0, "num_statements": 9, "percent_covered": 0.0, "percent_covered_display": "0", "missing_lines": 9, "excluded_lines": 0, "percent_statements_covered": 0.0, "percent_statements_covered_display": "0"}, "missing_lines": [258, 259, 261, 262, 263, 267, 268, 270, 271], "excluded_lines": [], "start_line": 221}, "RoleBasedSchemaGenerator.get_endpoints": {"executed_lines": [281, 284, 285], "summary": {"covered_lines": 3, "num_statements": 8, "percent_covered": 37.5, "percent_covered_display": "38", "missing_lines": 5, "excluded_lines": 0, "percent_statements_covered": 37.5, "percent_statements_covered_display": "38"}, "missing_lines": [287, 290, 296, 298, 300], "excluded_lines": [], "start_line": 273}, "TurboDRFSwaggerAutoSchema.get_request_body_parameters": {"executed_lines": [325, 326, 329, 339, 342], "summary": {"covered_lines": 5, "num_statements": 6, "percent_covered": 83.33333333333333, "percent_covered_display": "83", "missing_lines": 1, "excluded_lines": 0, "percent_statements_covered": 83.33333333333333, "percent_statements_covered_display": "83"}, "missing_lines": [345], "excluded_lines": [], "start_line": 313}, "TurboDRFSwaggerAutoSchema.get_request_serializer": {"executed_lines": [355, 356, 359, 362, 364, 365, 366, 367, 371, 374], "summary": {"covered_lines": 10, "num_statements": 11, "percent_covered": 90.9090909090909, "percent_covered_display": "91", "missing_lines": 1, "excluded_lines": 0, "percent_statements_covered": 90.9090909090909, "percent_statements_covered_display": "91"}, "missing_lines": [368], "excluded_lines": [], "start_line": 347}, "": {"executed_lines": [17, 18, 21, 46, 50, 118, 171, 221, 273, 303, 313, 347], "summary": {"covered_lines": 12, "num_statements": 12, "percent_covered": 100.0, "percent_covered_display": "100", "missing_lines": 0, "excluded_lines": 0, "percent_statements_covered": 100.0, "percent_statements_covered_display": "100"}, "missing_lines": [], "excluded_lines": [], "start_line": 1}}, "classes": {"RoleBasedSchemaGenerator": {"executed_lines": [47, 48, 281, 284, 285], "summary": {"covered_lines": 5, "num_statements": 55, "percent_covered": 9.090909090909092, "percent_covered_display": "9", "missing_lines": 50, "excluded_lines": 0, "percent_statements_covered": 9.090909090909092, "percent_statements_covered_display": "9"}, "missing_lines": [80, 81, 83, 85, 87, 88, 90, 92, 93, 95, 97, 98, 102, 103, 104, 105, 109, 111, 112, 114, 116, 149, 150, 152, 155, 157, 158, 159, 165, 169, 204, 212, 213, 214, 216, 219, 258, 259, 261, 262, 263, 267, 268, 270, 271, 287, 290, 296, 298, 300], "excluded_lines": [], "start_line": 21}, "TurboDRFSwaggerAutoSchema": {"executed_lines": [325, 326, 329, 339, 342, 355, 356, 359, 362, 364, 365, 366, 367, 371, 374], "summary": {"covered_lines": 15, "num_statements": 17, "percent_covered": 88.23529411764706, "percent_covered_display": "88", "missing_lines": 2, "excluded_lines": 0, "percent_statements_covered": 88.23529411764706, "percent_statements_covered_display": "88"}, "missing_lines": [345, 368], "excluded_lines": [], "start_line": 303}, "": {"executed_lines": [17, 18, 21, 46, 50, 118, 171, 221, 273, 303, 313, 347], "summary": {"covered_lines": 12, "num_statements": 12, "percent_covered": 100.0, "percent_covered_display": "100", "missing_lines": 0, "excluded_lines": 0, "percent_statements_covered": 100.0, "percent_statements_covered_display": "100"}, "missing_lines": [], "excluded_lines": [], "start_line": 1}}}, "turbodrf/swagger_ui.py": {"executed_lines": [], "summary": {"covered_lines": 0, "num_statements": 0, "percent_covered": 100.0, "percent_covered_display": "100", "missing_lines": 0, "excluded_lines": 0, "percent_statements_covered": 100.0, "percent_statements_covered_display": "100"}, "missing_lines": [], "excluded_lines": [], "functions": {"": {"executed_lines": [], "summary": {"covered_lines": 0, "num_statements": 0, "percent_covered": 100.0, "percent_covered_display": "100", "missing_lines": 0, "excluded_lines": 0, "percent_statements_covered": 100.0, "percent_statements_covered_display": "100"}, "missing_lines": [], "excluded_lines": [], "start_line": 1}}, "classes": {"": {"executed_lines": [], "summary": {"covered_lines": 0, "num_statements": 0, "percent_covered": 100.0, "percent_covered_display": "100", "missing_lines": 0, "excluded_lines": 0, "percent_statements_covered": 100.0, "percent_statements_covered_display": "100"}, "missing_lines": [], "excluded_lines": [], "start_line": 1}}}, "turbodrf/tracking.py": {"executed_lines": [29, 32, 34, 35, 38, 39, 42, 43, 46, 54, 55, 65, 72, 74, 76, 77, 81], "summary": {"covered_lines": 17, "num_statements": 24, "percent_covered": 70.83333333333333, "percent_covered_display": "71", "missing_lines": 7, "excluded_lines": 0, "percent_statements_covered": 70.83333333333333, "percent_statements_covered_display": "71"}, "missing_lines": [41, 57, 58, 60, 61, 62, 79], "excluded_lines": [], "functions": {"is_tracking_enabled": {"executed_lines": [34, 35, 38, 39, 42, 43], "summary": {"covered_lines": 6, "num_statements": 7, "percent_covered": 85.71428571428571, "percent_covered_display": "86", "missing_lines": 1, "excluded_lines": 0, "percent_statements_covered": 85.71428571428571, "percent_statements_covered_display": "86"}, "missing_lines": [41], "excluded_lines": [], "start_line": 32}, "get_tracking_mixin": {"executed_lines": [54, 55], "summary": {"covered_lines": 2, "num_statements": 7, "percent_covered": 28.571428571428573, "percent_covered_display": "29", "missing_lines": 5, "excluded_lines": 0, "percent_statements_covered": 28.571428571428573, "percent_statements_covered_display": "29"}, "missing_lines": [57, 58, 60, 61, 62], "excluded_lines": [], "start_line": 46}, "get_viewset_base_classes": {"executed_lines": [72, 74, 76, 77, 81], "summary": {"covered_lines": 5, "num_statements": 6, "percent_covered": 83.33333333333333, "percent_covered_display": "83", "missing_lines": 1, "excluded_lines": 0, "percent_statements_covered": 83.33333333333333, "percent_statements_covered_display": "83"}, "missing_lines": [79], "excluded_lines": [], "start_line": 65}, "": {"executed_lines": [29, 32, 46, 65], "summary": {"covered_lines": 4, "num_statements": 4, "percent_covered": 100.0, "percent_covered_display": "100", "missing_lines": 0, "excluded_lines": 0, "percent_statements_covered": 100.0, "percent_statements_covered_display": "100"}, "missing_lines": [], "excluded_lines": [], "start_line": 1}}, "classes": {"": {"executed_lines": [29, 32, 34, 35, 38, 39, 42, 43, 46, 54, 55, 65, 72, 74, 76, 77, 81], "summary": {"covered_lines": 17, "num_statements": 24, "percent_covered": 70.83333333333333, "percent_covered_display": "71", "missing_lines": 7, "excluded_lines": 0, "percent_statements_covered": 70.83333333333333, "percent_statements_covered_display": "71"}, "missing_lines": [41, 57, 58, 60, 61, 62, 79], "excluded_lines": [], "start_line": 1}}}, "turbodrf/urls.py": {"executed_lines": [], "summary": {"covered_lines": 0, "num_statements": 8, "percent_covered": 0.0, "percent_covered_display": "0", "missing_lines": 8, "excluded_lines": 0, "percent_statements_covered": 0.0, "percent_statements_covered_display": "0"}, "missing_lines": [1, 3, 4, 7, 10, 13, 19, 20], "excluded_lines": [], "functions": {"": {"executed_lines": [], "summary": {"covered_lines": 0, "num_statements": 8, "percent_covered": 0.0, "percent_covered_display": "0", "missing_lines": 8, "excluded_lines": 0, "percent_statements_covered": 0.0, "percent_statements_covered_display": "0"}, "missing_lines": [1, 3, 4, 7, 10, 13, 19, 20], "excluded_lines": [], "start_line": 1}}, "classes": {"": {"executed_lines": [], "summary": {"covered_lines": 0, "num_statements": 8, "percent_covered": 0.0, "percent_covered_display": "0", "missing_lines": 8, "excluded_lines": 0, "percent_statements_covered": 0.0, "percent_statements_covered_display": "0"}, "missing_lines": [1, 3, 4, 7, 10, 13, 19, 20], "excluded_lines": [], "start_line": 1}}}, "turbodrf/user_extensions.py": {"executed_lines": [], "summary": {"covered_lines": 0, "num_statements": 8, "percent_covered": 0.0, "percent_covered_display": "0", "missing_lines": 8, "excluded_lines": 2, "percent_statements_covered": 0.0, "percent_statements_covered_display": "0"}, "missing_lines": [5, 6, 9, 15, 28, 31, 32, 39], "excluded_lines": [34, 35], "functions": {"Role.__str__": {"executed_lines": [], "summary": {"covered_lines": 0, "num_statements": 0, "percent_covered": 100.0, "percent_covered_display": "100", "missing_lines": 0, "excluded_lines": 1, "percent_statements_covered": 100.0, "percent_statements_covered_display": "100"}, "missing_lines": [], "excluded_lines": [35], "start_line": 34}, "": {"executed_lines": [], "summary": {"covered_lines": 0, "num_statements": 8, "percent_covered": 0.0, "percent_covered_display": "0", "missing_lines": 8, "excluded_lines": 1, "percent_statements_covered": 0.0, "percent_statements_covered_display": "0"}, "missing_lines": [5, 6, 9, 15, 28, 31, 32, 39], "excluded_lines": [34], "start_line": 1}}, "classes": {"TurboDRFUser": {"executed_lines": [], "summary": {"covered_lines": 0, "num_statements": 0, "percent_covered": 100.0, "percent_covered_display": "100", "missing_lines": 0, "excluded_lines": 0, "percent_statements_covered": 100.0, "percent_statements_covered_display": "100"}, "missing_lines": [], "excluded_lines": [], "start_line": 9}, "Role": {"executed_lines": [], "summary": {"covered_lines": 0, "num_statements": 0, "percent_covered": 100.0, "percent_covered_display": "100", "missing_lines": 0, "excluded_lines": 1, "percent_statements_covered": 100.0, "percent_statements_covered_display": "100"}, "missing_lines": [], "excluded_lines": [35], "start_line": 28}, "": {"executed_lines": [], "summary": {"covered_lines": 0, "num_statements": 8, "percent_covered": 0.0, "percent_covered_display": "0", "missing_lines": 8, "excluded_lines": 1, "percent_statements_covered": 0.0, "percent_statements_covered_display": "0"}, "missing_lines": [5, 6, 9, 15, 28, 31, 32, 39], "excluded_lines": [34], "start_line": 1}}}, "turbodrf/utils.py": {"executed_lines": [], "summary": {"covered_lines": 0, "num_statements": 27, "percent_covered": 0.0, "percent_covered_display": "0", "missing_lines": 27, "excluded_lines": 0, "percent_statements_covered": 0.0, "percent_statements_covered_display": "0"}, "missing_lines": [6, 8, 10, 11, 12, 14, 20, 21, 23, 24, 26, 27, 28, 30, 32, 33, 36, 37, 41, 51, 52, 57, 58, 60, 62, 63, 65], "excluded_lines": [], "functions": {"create_options_metadata": {"executed_lines": [], "summary": {"covered_lines": 0, "num_statements": 26, "percent_covered": 0.0, "percent_covered_display": "0", "missing_lines": 26, "excluded_lines": 0, "percent_statements_covered": 0.0, "percent_statements_covered_display": "0"}, "missing_lines": [8, 10, 11, 12, 14, 20, 21, 23, 24, 26, 27, 28, 30, 32, 33, 36, 37, 41, 51, 52, 57, 58, 60, 62, 63, 65], "excluded_lines": [], "start_line": 6}, "": {"executed_lines": [], "summary": {"covered_lines": 0, "num_statements": 1, "percent_covered": 0.0, "percent_covered_display": "0", "missing_lines": 1, "excluded_lines": 0, "percent_statements_covered": 0.0, "percent_statements_covered_display": "0"}, "missing_lines": [6], "excluded_lines": [], "start_line": 1}}, "classes": {"": {"executed_lines": [], "summary": {"covered_lines": 0, "num_statements": 27, "percent_covered": 0.0, "percent_covered_display": "0", "missing_lines": 27, "excluded_lines": 0, "percent_statements_covered": 0.0, "percent_statements_covered_display": "0"}, "missing_lines": [6, 8, 10, 11, 12, 14, 20, 21, 23, 24, 26, 27, 28, 30, 32, 33, 36, 37, 41, 51, 52, 57, 58, 60, 62, 63, 65], "excluded_lines": [], "start_line": 1}}}, "turbodrf/views.py": {"executed_lines": [1, 2, 3, 4, 5, 6, 8, 9, 10, 11, 14, 42, 43, 44, 46, 60, 62, 77, 80, 131, 142, 143, 152, 153, 155, 160, 162, 199, 200, 203, 205, 206, 207, 210, 212, 214, 217, 222, 223, 224, 226, 227, 229, 230, 231, 232, 234, 237, 238, 239, 241, 244, 245, 250, 252, 254, 255, 258, 260, 261, 262, 264, 267, 268, 271, 273, 278, 279, 281, 286, 287, 290, 291, 296, 298, 322, 324, 356, 357, 362, 363, 367, 368, 370, 371, 374, 375, 376, 378, 379, 380, 382, 383, 385, 387, 388, 412, 413, 414, 416, 417, 435, 437, 460, 462, 465, 466, 470, 471, 472, 475, 476, 478, 484, 485, 489, 490, 494, 498, 502, 503, 505, 515, 517, 518, 520, 526, 528, 529, 531, 532, 534, 535, 537, 543, 544, 545, 546, 549, 552, 554, 556, 557, 560, 562, 570, 571, 572, 573, 574], "summary": {"covered_lines": 150, "num_statements": 160, "percent_covered": 93.75, "percent_covered_display": "94", "missing_lines": 10, "excluded_lines": 0, "percent_statements_covered": 93.75, "percent_statements_covered_display": "94"}, "missing_lines": [156, 158, 359, 479, 480, 481, 487, 488, 495, 540], "excluded_lines": [], "functions": {"TurboDRFPagination.get_paginated_response": {"executed_lines": [60, 62], "summary": {"covered_lines": 2, "num_statements": 2, "percent_covered": 100.0, "percent_covered_display": "100", "missing_lines": 0, "excluded_lines": 0, "percent_statements_covered": 100.0, "percent_statements_covered_display": "100"}, "missing_lines": [], "excluded_lines": [], "start_line": 46}, "TurboDRFViewSet.get_serializer_class": {"executed_lines": [199, 200, 203, 205, 206, 207, 210, 212, 214, 217, 222, 223, 224, 226, 227, 229, 230, 231, 232, 234, 237, 238, 239, 241, 244, 245, 250, 252, 254, 255, 258, 260, 261, 262, 264, 267, 268, 271, 273, 278, 279, 281, 286, 287, 290, 291, 296, 298, 322], "summary": {"covered_lines": 49, "num_statements": 49, "percent_covered": 100.0, "percent_covered_display": "100", "missing_lines": 0, "excluded_lines": 0, "percent_statements_covered": 100.0, "percent_statements_covered_display": "100"}, "missing_lines": [], "excluded_lines": [], "start_line": 162}, "TurboDRFViewSet.get_queryset": {"executed_lines": [356, 357, 362, 363, 367, 368, 370, 371, 374, 375, 376, 378, 379, 380, 382, 383, 385], "summary": {"covered_lines": 17, "num_statements": 18, "percent_covered": 94.44444444444444, "percent_covered_display": "94", "missing_lines": 1, "excluded_lines": 0, "percent_statements_covered": 94.44444444444444, "percent_statements_covered_display": "94"}, "missing_lines": [359], "excluded_lines": [], "start_line": 324}, "TurboDRFViewSet.search_fields": {"executed_lines": [412, 413, 414], "summary": {"covered_lines": 3, "num_statements": 3, "percent_covered": 100.0, "percent_covered_display": "100", "missing_lines": 0, "excluded_lines": 0, "percent_statements_covered": 100.0, "percent_statements_covered_display": "100"}, "missing_lines": [], "excluded_lines": [], "start_line": 388}, "TurboDRFViewSet.ordering_fields": {"executed_lines": [435], "summary": {"covered_lines": 1, "num_statements": 1, "percent_covered": 100.0, "percent_covered_display": "100", "missing_lines": 0, "excluded_lines": 0, "percent_statements_covered": 100.0, "percent_statements_covered_display": "100"}, "missing_lines": [], "excluded_lines": [], "start_line": 417}, "TurboDRFViewSet.get_filterset_fields": {"executed_lines": [460, 462, 465, 543, 544, 545, 546, 549, 552, 554], "summary": {"covered_lines": 10, "num_statements": 10, "percent_covered": 100.0, "percent_covered_display": "100", "missing_lines": 0, "excluded_lines": 0, "percent_statements_covered": 100.0, "percent_statements_covered_display": "100"}, "missing_lines": [], "excluded_lines": [], "start_line": 437}, "TurboDRFViewSet.get_filterset_fields.get_field_lookups": {"executed_lines": [466, 470, 471, 472, 475, 476, 478, 484, 485, 489, 490, 494, 498, 502, 503, 505, 515, 517, 518, 520, 526, 528, 529, 531, 532, 534, 535, 537], "summary": {"covered_lines": 28, "num_statements": 35, "percent_covered": 80.0, "percent_covered_display": "80", "missing_lines": 7, "excluded_lines": 0, "percent_statements_covered": 80.0, "percent_statements_covered_display": "80"}, "missing_lines": [479, 480, 481, 487, 488, 495, 540], "excluded_lines": [], "start_line": 465}, "TurboDRFViewSet.filterset_fields": {"executed_lines": [560], "summary": {"covered_lines": 1, "num_statements": 1, "percent_covered": 100.0, "percent_covered_display": "100", "missing_lines": 0, "excluded_lines": 0, "percent_statements_covered": 100.0, "percent_statements_covered_display": "100"}, "missing_lines": [], "excluded_lines": [], "start_line": 557}, "TurboDRFViewSet.create": {"executed_lines": [570, 571, 572, 573, 574], "summary": {"covered_lines": 5, "num_statements": 5, "percent_covered": 100.0, "percent_covered_display": "100", "missing_lines": 0, "excluded_lines": 0, "percent_statements_covered": 100.0, "percent_statements_covered_display": "100"}, "missing_lines": [], "excluded_lines": [], "start_line": 562}, "": {"executed_lines": [1, 2, 3, 4, 5, 6, 8, 9, 10, 11, 14, 42, 43, 44, 46, 77, 80, 131, 142, 143, 152, 153, 155, 160, 162, 324, 387, 388, 416, 417, 437, 556, 557, 562], "summary": {"covered_lines": 34, "num_statements": 36, "percent_covered": 94.44444444444444, "percent_covered_display": "94", "missing_lines": 2, "excluded_lines": 0, "percent_statements_covered": 94.44444444444444, "percent_statements_covered_display": "94"}, "missing_lines": [156, 158], "excluded_lines": [], "start_line": 1}}, "classes": {"TurboDRFPagination": {"executed_lines": [60, 62], "summary": {"covered_lines": 2, "num_statements": 2, "percent_covered": 100.0, "percent_covered_display": "100", "missing_lines": 0, "excluded_lines": 0, "percent_statements_covered": 100.0, "percent_statements_covered_display": "100"}, "missing_lines": [], "excluded_lines": [], "start_line": 14}, "TurboDRFViewSet": {"executed_lines": [199, 200, 203, 205, 206, 207, 210, 212, 214, 217, 222, 223, 224, 226, 227, 229, 230, 231, 232, 234, 237, 238, 239, 241, 244, 245, 250, 252, 254, 255, 258, 260, 261, 262, 264, 267, 268, 271, 273, 278, 279, 281, 286, 287, 290, 291, 296, 298, 322, 356, 357, 362, 363, 367, 368, 370, 371, 374, 375, 376, 378, 379, 380, 382, 383, 385, 412, 413, 414, 435, 460, 462, 465, 466, 470, 471, 472, 475, 476, 478, 484, 485, 489, 490, 494, 498, 502, 503, 505, 515, 517, 518, 520, 526, 528, 529, 531, 532, 534, 535, 537, 543, 544, 545, 546, 549, 552, 554, 560, 570, 571, 572, 573, 574], "summary": {"covered_lines": 114, "num_statements": 122, "percent_covered": 93.44262295081967, "percent_covered_display": "93", "missing_lines": 8, "excluded_lines": 0, "percent_statements_covered": 93.44262295081967, "percent_statements_covered_display": "93"}, "missing_lines": [359, 479, 480, 481, 487, 488, 495, 540], "excluded_lines": [], "start_line": 80}, "TurboDRFViewSet.get_serializer_class.GuestUser": {"executed_lines": [], "summary": {"covered_lines": 0, "num_statements": 0, "percent_covered": 100.0, "percent_covered_display": "100", "missing_lines": 0, "excluded_lines": 0, "percent_statements_covered": 100.0, "percent_statements_covered_display": "100"}, "missing_lines": [], "excluded_lines": [], "start_line": 260}, "": {"executed_lines": [1, 2, 3, 4, 5, 6, 8, 9, 10, 11, 14, 42, 43, 44, 46, 77, 80, 131, 142, 143, 152, 153, 155, 160, 162, 324, 387, 388, 416, 417, 437, 556, 557, 562], "summary": {"covered_lines": 34, "num_statements": 36, "percent_covered": 94.44444444444444, "percent_covered_display": "94", "missing_lines": 2, "excluded_lines": 0, "percent_statements_covered": 94.44444444444444, "percent_statements_covered_display": "94"}, "missing_lines": [156, 158], "excluded_lines": [], "start_line": 1}}}}, "totals": {"covered_lines": 606, "num_statements": 850, "percent_covered": 71.29411764705883, "percent_covered_display": "71", "missing_lines": 244, "excluded_lines": 2, "percent_statements_covered": 71.29411764705883, "percent_statements_covered_display": "71"}}