{"meta": {"version": "7.3.2", "timestamp": "2025-12-02T00:02:56.896665", "branch_coverage": false, "show_contexts": false}, "files": {"turbodrf/__init__.py": {"executed_lines": [1, 37, 38, 39, 40, 44, 46, 47, 49, 50, 51, 53, 54, 55, 57, 58, 59, 61, 62, 63, 65, 66, 67, 69, 70, 73], "summary": {"covered_lines": 25, "num_statements": 25, "percent_covered": 100.0, "percent_covered_display": "100", "missing_lines": 0, "excluded_lines": 0}, "missing_lines": [], "excluded_lines": []}, "turbodrf/apps.py": {"executed_lines": [1, 2, 5, 6, 7, 8, 10, 15, 16, 18, 26], "summary": {"covered_lines": 11, "num_statements": 15, "percent_covered": 73.33333333333333, "percent_covered_display": "73", "missing_lines": 4, "excluded_lines": 0}, "missing_lines": [28, 29, 32, 33], "excluded_lines": []}, "turbodrf/documentation.py": {"executed_lines": [1, 13, 14, 15, 16, 19, 72, 75, 77, 94], "summary": {"covered_lines": 9, "num_statements": 10, "percent_covered": 90.0, "percent_covered_display": "90", "missing_lines": 1, "excluded_lines": 0}, "missing_lines": [73], "excluded_lines": []}, "turbodrf/filters.py": {"executed_lines": [], "summary": {"covered_lines": 0, "num_statements": 26, "percent_covered": 0.0, "percent_covered_display": "0", "missing_lines": 26, "excluded_lines": 0}, "missing_lines": [5, 8, 11, 12, 23, 24, 25, 28, 30, 32, 33, 34, 36, 38, 40, 41, 50, 51, 54, 55, 56, 57, 60, 61, 62, 64], "excluded_lines": []}, "turbodrf/integrations/__init__.py": {"executed_lines": [1, 7, 15, 25], "summary": {"covered_lines": 3, "num_statements": 3, "percent_covered": 100.0, "percent_covered_display": "100", "missing_lines": 0, "excluded_lines": 0}, "missing_lines": [], "excluded_lines": []}, "turbodrf/integrations/allauth.py": {"executed_lines": [1, 8, 10, 11, 14, 21, 24, 31, 34, 42, 45, 72, 74, 75, 76, 78, 81, 83, 85, 88, 89, 109, 116, 118, 129, 132, 134, 138, 142, 146, 148, 150, 151, 154], "summary": {"covered_lines": 32, "num_statements": 34, "percent_covered": 94.11764705882354, "percent_covered_display": "94", "missing_lines": 2, "excluded_lines": 0}, "missing_lines": [145, 169], "excluded_lines": []}, "turbodrf/integrations/allauth_roles.py": {"executed_lines": [1, 8, 11, 28, 30, 31, 32, 34, 37, 54, 57, 76, 77, 79, 80, 81, 83, 86, 124, 144, 175], "summary": {"covered_lines": 20, "num_statements": 40, "percent_covered": 50.0, "percent_covered_display": "50", "missing_lines": 20, "excluded_lines": 0}, "missing_lines": [115, 116, 118, 119, 121, 141, 163, 166, 167, 168, 169, 170, 172, 190, 191, 192, 193, 195, 197, 198], "excluded_lines": []}, "turbodrf/metadata.py": {"executed_lines": [], "summary": {"covered_lines": 0, "num_statements": 48, "percent_covered": 0.0, "percent_covered_display": "0", "missing_lines": 48, "excluded_lines": 0}, "missing_lines": [1, 4, 7, 9, 11, 12, 13, 18, 21, 28, 30, 32, 34, 36, 37, 38, 39, 41, 42, 43, 45, 46, 48, 49, 50, 51, 55, 56, 57, 61, 66, 78, 79, 80, 81, 85, 86, 87, 89, 91, 93, 95, 96, 97, 98, 100, 101, 103], "excluded_lines": []}, "turbodrf/mixins.py": {"executed_lines": [1, 8, 11, 12, 38, 39, 79, 80, 119, 120], "summary": {"covered_lines": 8, "num_statements": 30, "percent_covered": 26.666666666666668, "percent_covered_display": "27", "missing_lines": 22, "excluded_lines": 0}, "missing_lines": [73, 101, 102, 104, 106, 112, 114, 117, 142, 143, 146, 147, 148, 149, 150, 152, 153, 154, 157, 158, 159, 160], "excluded_lines": []}, "turbodrf/permissions.py": {"executed_lines": [1, 8, 11, 12, 60, 72, 74, 76, 79, 80, 81, 82, 85, 94, 95, 96, 99, 100, 102, 118, 120, 123, 125, 126, 127, 129, 132, 133, 160, 170, 177, 178, 181], "summary": {"covered_lines": 30, "num_statements": 31, "percent_covered": 96.7741935483871, "percent_covered_display": "97", "missing_lines": 1, "excluded_lines": 0}, "missing_lines": [77], "excluded_lines": []}, "turbodrf/router.py": {"executed_lines": [1, 8, 9, 10, 12, 13, 16, 17, 49, 57, 58, 60, 78, 79, 80, 82, 84, 87, 101, 105, 113, 116, 117, 118, 122, 125, 126, 129, 135, 137], "summary": {"covered_lines": 28, "num_statements": 28, "percent_covered": 100.0, "percent_covered_display": "100", "missing_lines": 0, "excluded_lines": 0}, "missing_lines": [], "excluded_lines": []}, "turbodrf/serializers.py": {"executed_lines": [1, 3, 4, 7, 8, 31, 51, 54, 55, 57, 59, 61, 64, 67, 68, 69, 70, 71, 72, 75, 76, 80, 82, 90, 91, 93, 95, 96, 97, 98, 101, 102, 104, 105, 107, 108, 112, 119, 122, 123, 128, 130, 132, 140, 141, 143, 145, 146, 147, 148, 151, 152, 153, 155, 156, 158, 159, 163, 170, 173, 174, 179, 181, 184, 185, 216, 217, 253, 259, 260, 261, 267, 278, 279, 281, 282, 283, 284, 285, 286, 288, 291, 292, 293, 294, 295, 298, 303, 308, 309, 310, 313, 314, 315, 316, 319, 320, 321, 326, 328, 329, 330, 331, 333, 335, 337, 339, 340, 366, 368, 370, 371, 372, 374, 375, 376, 379, 387, 388, 389, 390, 391, 398, 400, 401, 405, 408, 409, 410, 418, 420, 421, 431, 432, 459, 461, 463, 464, 465, 467, 468, 469, 471, 473, 474, 475, 477, 479, 480, 513, 514, 517, 518, 519, 520, 522, 523, 524, 525, 527, 529], "summary": {"covered_lines": 159, "num_statements": 181, "percent_covered": 87.84530386740332, "percent_covered_display": "88", "missing_lines": 22, "excluded_lines": 0}, "missing_lines": [77, 78, 124, 126, 175, 177, 270, 273, 274, 275, 299, 300, 381, 414, 415, 416, 423, 425, 426, 427, 428, 429], "excluded_lines": []}, "turbodrf/settings.py": {"executed_lines": [1, 6], "summary": {"covered_lines": 1, "num_statements": 1, "percent_covered": 100.0, "percent_covered_display": "100", "missing_lines": 0, "excluded_lines": 0}, "missing_lines": [], "excluded_lines": []}, "turbodrf/swagger.py": {"executed_lines": [1, 16, 19, 20, 44, 48, 116, 169, 219], "summary": {"covered_lines": 7, "num_statements": 54, "percent_covered": 12.962962962962964, "percent_covered_display": "13", "missing_lines": 47, "excluded_lines": 0}, "missing_lines": [45, 46, 78, 79, 81, 83, 85, 86, 88, 90, 91, 93, 95, 96, 100, 101, 102, 103, 107, 109, 110, 112, 114, 147, 148, 150, 153, 155, 156, 157, 163, 167, 202, 210, 211, 212, 214, 217, 256, 257, 259, 260, 261, 265, 266, 268, 269], "excluded_lines": []}, "turbodrf/swagger_ui.py": {"executed_lines": [1], "summary": {"covered_lines": 0, "num_statements": 0, "percent_covered": 100.0, "percent_covered_display": "100", "missing_lines": 0, "excluded_lines": 0}, "missing_lines": [], "excluded_lines": []}, "turbodrf/urls.py": {"executed_lines": [], "summary": {"covered_lines": 0, "num_statements": 8, "percent_covered": 0.0, "percent_covered_display": "0", "missing_lines": 8, "excluded_lines": 0}, "missing_lines": [1, 3, 4, 7, 10, 13, 19, 20], "excluded_lines": []}, "turbodrf/user_extensions.py": {"executed_lines": [], "summary": {"covered_lines": 0, "num_statements": 8, "percent_covered": 0.0, "percent_covered_display": "0", "missing_lines": 8, "excluded_lines": 2}, "missing_lines": [5, 6, 9, 15, 28, 31, 32, 39], "excluded_lines": [34, 35]}, "turbodrf/utils.py": {"executed_lines": [], "summary": {"covered_lines": 0, "num_statements": 27, "percent_covered": 0.0, "percent_covered_display": "0", "missing_lines": 27, "excluded_lines": 0}, "missing_lines": [6, 8, 10, 11, 12, 14, 20, 21, 23, 24, 26, 27, 28, 30, 32, 33, 36, 37, 41, 51, 52, 57, 58, 60, 62, 63, 65], "excluded_lines": []}, "turbodrf/views.py": {"executed_lines": [1, 2, 3, 4, 5, 6, 8, 9, 12, 13, 40, 41, 42, 44, 58, 60, 74, 75, 125, 136, 137, 139, 141, 178, 179, 182, 184, 185, 186, 189, 191, 193, 196, 201, 202, 203, 205, 206, 208, 209, 210, 211, 213, 216, 217, 218, 220, 223, 224, 229, 231, 239, 241, 246, 247, 250, 251, 256, 258, 282, 284, 314, 317, 318, 322, 323, 325, 326, 329, 330, 331, 333, 334, 335, 337, 338, 340, 342, 343, 367, 368, 369, 371, 372, 390, 392, 414, 416, 419, 420, 423, 427, 428, 429, 432, 433, 435, 441, 442, 446, 447, 451, 455, 459, 460, 462, 472, 474, 475, 477, 483, 485, 486, 488, 489, 491, 492, 494, 499, 501, 502, 505, 507, 515, 516, 517, 518, 519], "summary": {"covered_lines": 126, "num_statements": 133, "percent_covered": 94.73684210526316, "percent_covered_display": "95", "missing_lines": 7, "excluded_lines": 0}, "missing_lines": [436, 437, 438, 444, 445, 452, 497], "excluded_lines": []}}, "totals": {"covered_lines": 459, "num_statements": 702, "percent_covered": 65.38461538461539, "percent_covered_display": "65", "missing_lines": 243, "excluded_lines": 2}}