{"meta": {"format": 3, "version": "7.13.5", "timestamp": "2026-04-08T02:36:17.477759", "branch_coverage": false, "show_contexts": false}, "files": {"turbodrf/__init__.py": {"executed_lines": [37, 38, 39, 40, 44, 46, 47, 49, 50, 51, 53, 54, 55, 57, 58, 59, 61, 62, 63, 65, 66, 67, 69, 70, 73], "summary": {"covered_lines": 25, "num_statements": 25, "percent_covered": 100.0, "percent_covered_display": "100", "missing_lines": 0, "excluded_lines": 0, "percent_statements_covered": 100.0, "percent_statements_covered_display": "100"}, "missing_lines": [], "excluded_lines": [], "functions": {"__getattr__": {"executed_lines": [46, 47, 49, 50, 51, 53, 54, 55, 57, 58, 59, 61, 62, 63, 65, 66, 67, 69, 70], "summary": {"covered_lines": 19, "num_statements": 19, "percent_covered": 100.0, "percent_covered_display": "100", "missing_lines": 0, "excluded_lines": 0, "percent_statements_covered": 100.0, "percent_statements_covered_display": "100"}, "missing_lines": [], "excluded_lines": [], "start_line": 44}, "": {"executed_lines": [37, 38, 39, 40, 44, 73], "summary": {"covered_lines": 6, "num_statements": 6, "percent_covered": 100.0, "percent_covered_display": "100", "missing_lines": 0, "excluded_lines": 0, "percent_statements_covered": 100.0, "percent_statements_covered_display": "100"}, "missing_lines": [], "excluded_lines": [], "start_line": 1}}, "classes": {"": {"executed_lines": [37, 38, 39, 40, 44, 46, 47, 49, 50, 51, 53, 54, 55, 57, 58, 59, 61, 62, 63, 65, 66, 67, 69, 70, 73], "summary": {"covered_lines": 25, "num_statements": 25, "percent_covered": 100.0, "percent_covered_display": "100", "missing_lines": 0, "excluded_lines": 0, "percent_statements_covered": 100.0, "percent_statements_covered_display": "100"}, "missing_lines": [], "excluded_lines": [], "start_line": 1}}}, "turbodrf/apps.py": {"executed_lines": [1, 2, 5, 6, 7, 8, 10, 15, 16, 18, 26, 28, 29, 32, 33], "summary": {"covered_lines": 15, "num_statements": 15, "percent_covered": 100.0, "percent_covered_display": "100", "missing_lines": 0, "excluded_lines": 0, "percent_statements_covered": 100.0, "percent_statements_covered_display": "100"}, "missing_lines": [], "excluded_lines": [], "functions": {"TurboDRFConfig.ready": {"executed_lines": [15, 16], "summary": {"covered_lines": 2, "num_statements": 2, "percent_covered": 100.0, "percent_covered_display": "100", "missing_lines": 0, "excluded_lines": 0, "percent_statements_covered": 100.0, "percent_statements_covered_display": "100"}, "missing_lines": [], "excluded_lines": [], "start_line": 10}, "TurboDRFConfig._ensure_drf_yasg_installed": {"executed_lines": [26, 28, 29, 32, 33], "summary": {"covered_lines": 5, "num_statements": 5, "percent_covered": 100.0, "percent_covered_display": "100", "missing_lines": 0, "excluded_lines": 0, "percent_statements_covered": 100.0, "percent_statements_covered_display": "100"}, "missing_lines": [], "excluded_lines": [], "start_line": 18}, "": {"executed_lines": [1, 2, 5, 6, 7, 8, 10, 18], "summary": {"covered_lines": 8, "num_statements": 8, "percent_covered": 100.0, "percent_covered_display": "100", "missing_lines": 0, "excluded_lines": 0, "percent_statements_covered": 100.0, "percent_statements_covered_display": "100"}, "missing_lines": [], "excluded_lines": [], "start_line": 1}}, "classes": {"TurboDRFConfig": {"executed_lines": [15, 16, 26, 28, 29, 32, 33], "summary": {"covered_lines": 7, "num_statements": 7, "percent_covered": 100.0, "percent_covered_display": "100", "missing_lines": 0, "excluded_lines": 0, "percent_statements_covered": 100.0, "percent_statements_covered_display": "100"}, "missing_lines": [], "excluded_lines": [], "start_line": 5}, "": {"executed_lines": [1, 2, 5, 6, 7, 8, 10, 18], "summary": {"covered_lines": 8, "num_statements": 8, "percent_covered": 100.0, "percent_covered_display": "100", "missing_lines": 0, "excluded_lines": 0, "percent_statements_covered": 100.0, "percent_statements_covered_display": "100"}, "missing_lines": [], "excluded_lines": [], "start_line": 1}}}, "turbodrf/backends.py": {"executed_lines": [8, 9, 11, 12, 15, 16, 46, 47, 48, 49, 50, 52, 54, 56, 58, 60, 62, 64, 66, 68, 70, 73, 80, 83, 94, 96, 97, 98, 100, 101, 102, 103, 104, 106, 107, 108, 110, 112, 114, 116, 121, 122, 124, 136, 149, 151, 153, 154, 155, 158, 159, 160, 161, 164, 165, 167, 168, 169, 170, 171, 172, 173, 174, 175, 176, 179, 180, 181, 182, 185, 186, 190, 191, 193, 194, 196, 198, 200, 201, 202, 203, 206, 207, 210, 211, 212, 213, 216, 220, 222, 225, 239, 241, 242, 243, 246, 247, 248, 253, 257, 262, 263, 266, 267, 268, 270, 271, 273, 274, 275, 276, 277, 278, 281, 282, 285, 287, 289, 290, 292, 294, 296, 297, 298, 301, 302, 305, 306, 307, 310, 314, 316, 319, 330, 333, 336, 337, 340, 341, 342, 345, 346, 347, 350, 356, 358, 361, 372, 373, 376, 385, 386, 389, 392, 415, 416, 417, 418, 421, 423, 424, 427, 430, 431, 433, 436, 447, 448, 450, 452, 453, 454, 456, 459, 470, 473, 474], "summary": {"covered_lines": 177, "num_statements": 182, "percent_covered": 97.25274725274726, "percent_covered_display": "97", "missing_lines": 5, "excluded_lines": 0, "percent_statements_covered": 97.25274725274726, "percent_statements_covered_display": "97"}, "missing_lines": [125, 127, 133, 352, 471], "excluded_lines": [], "functions": {"PermissionSnapshot.can_perform_action": {"executed_lines": [54], "summary": {"covered_lines": 1, "num_statements": 1, "percent_covered": 100.0, "percent_covered_display": "100", "missing_lines": 0, "excluded_lines": 0, "percent_statements_covered": 100.0, "percent_statements_covered_display": "100"}, "missing_lines": [], "excluded_lines": [], "start_line": 52}, "PermissionSnapshot.can_read_field": {"executed_lines": [58], "summary": {"covered_lines": 1, "num_statements": 1, "percent_covered": 100.0, "percent_covered_display": "100", "missing_lines": 0, "excluded_lines": 0, "percent_statements_covered": 100.0, "percent_statements_covered_display": "100"}, "missing_lines": [], "excluded_lines": [], "start_line": 56}, "PermissionSnapshot.can_write_field": {"executed_lines": [62], "summary": {"covered_lines": 1, "num_statements": 1, "percent_covered": 100.0, "percent_covered_display": "100", "missing_lines": 0, "excluded_lines": 0, "percent_statements_covered": 100.0, "percent_statements_covered_display": "100"}, "missing_lines": [], "excluded_lines": [], "start_line": 60}, "PermissionSnapshot.has_read_rule": {"executed_lines": [66], "summary": {"covered_lines": 1, "num_statements": 1, "percent_covered": 100.0, "percent_covered_display": "100", "missing_lines": 0, "excluded_lines": 0, "percent_statements_covered": 100.0, "percent_statements_covered_display": "100"}, "missing_lines": [], "excluded_lines": [], "start_line": 64}, "PermissionSnapshot.has_write_rule": {"executed_lines": [70], "summary": {"covered_lines": 1, "num_statements": 1, "percent_covered": 100.0, "percent_covered_display": "100", "missing_lines": 0, "excluded_lines": 0, "percent_statements_covered": 100.0, "percent_statements_covered_display": "100"}, "missing_lines": [], "excluded_lines": [], "start_line": 68}, "get_permission_mode": {"executed_lines": [80], "summary": {"covered_lines": 1, "num_statements": 1, "percent_covered": 100.0, "percent_covered_display": "100", "missing_lines": 0, "excluded_lines": 0, "percent_statements_covered": 100.0, "percent_statements_covered_display": "100"}, "missing_lines": [], "excluded_lines": [], "start_line": 73}, "get_user_roles": {"executed_lines": [94, 96, 97, 98, 100, 101, 102, 103, 104, 106, 107, 108, 110, 112, 114, 116, 121, 122, 124], "summary": {"covered_lines": 19, "num_statements": 22, "percent_covered": 86.36363636363636, "percent_covered_display": "86", "missing_lines": 3, "excluded_lines": 0, "percent_statements_covered": 86.36363636363636, "percent_statements_covered_display": "86"}, "missing_lines": [125, 127, 133], "excluded_lines": [], "start_line": 83}, "build_permission_snapshot_static": {"executed_lines": [149, 151, 153, 154, 155, 158, 159, 160, 161, 164, 165, 167, 168, 169, 170, 171, 172, 173, 174, 175, 176, 179, 180, 181, 182, 185, 186, 190, 191, 193, 194, 196, 198, 200, 201, 202, 203, 206, 207, 210, 211, 212, 213, 216, 220, 222], "summary": {"covered_lines": 46, "num_statements": 46, "percent_covered": 100.0, "percent_covered_display": "100", "missing_lines": 0, "excluded_lines": 0, "percent_statements_covered": 100.0, "percent_statements_covered_display": "100"}, "missing_lines": [], "excluded_lines": [], "start_line": 136}, "build_permission_snapshot_database": {"executed_lines": [239, 241, 242, 243, 246, 247, 248, 253, 257, 262, 263, 266, 267, 268, 270, 271, 273, 274, 275, 276, 277, 278, 281, 282, 285, 287, 289, 290, 292, 294, 296, 297, 298, 301, 302, 305, 306, 307, 310, 314, 316], "summary": {"covered_lines": 41, "num_statements": 41, "percent_covered": 100.0, "percent_covered_display": "100", "missing_lines": 0, "excluded_lines": 0, "percent_statements_covered": 100.0, "percent_statements_covered_display": "100"}, "missing_lines": [], "excluded_lines": [], "start_line": 225}, "get_cache_key": {"executed_lines": [330, 333, 336, 337, 340, 341, 342, 345, 346, 347, 350, 356, 358], "summary": {"covered_lines": 13, "num_statements": 14, "percent_covered": 92.85714285714286, "percent_covered_display": "93", "missing_lines": 1, "excluded_lines": 0, "percent_statements_covered": 92.85714285714286, "percent_statements_covered_display": "93"}, "missing_lines": [352], "excluded_lines": [], "start_line": 319}, "get_cached_snapshot": {"executed_lines": [372, 373], "summary": {"covered_lines": 2, "num_statements": 2, "percent_covered": 100.0, "percent_covered_display": "100", "missing_lines": 0, "excluded_lines": 0, "percent_statements_covered": 100.0, "percent_statements_covered_display": "100"}, "missing_lines": [], "excluded_lines": [], "start_line": 361}, "set_cached_snapshot": {"executed_lines": [385, 386, 389], "summary": {"covered_lines": 3, "num_statements": 3, "percent_covered": 100.0, "percent_covered_display": "100", "missing_lines": 0, "excluded_lines": 0, "percent_statements_covered": 100.0, "percent_statements_covered_display": "100"}, "missing_lines": [], "excluded_lines": [], "start_line": 376}, "build_permission_snapshot": {"executed_lines": [415, 416, 417, 418, 421, 423, 424, 427, 430, 431, 433], "summary": {"covered_lines": 11, "num_statements": 11, "percent_covered": 100.0, "percent_covered_display": "100", "missing_lines": 0, "excluded_lines": 0, "percent_statements_covered": 100.0, "percent_statements_covered_display": "100"}, "missing_lines": [], "excluded_lines": [], "start_line": 392}, "attach_snapshot_to_request": {"executed_lines": [447, 448, 450, 452, 453, 454, 456], "summary": {"covered_lines": 7, "num_statements": 7, "percent_covered": 100.0, "percent_covered_display": "100", "missing_lines": 0, "excluded_lines": 0, "percent_statements_covered": 100.0, "percent_statements_covered_display": "100"}, "missing_lines": [], "excluded_lines": [], "start_line": 436}, "get_snapshot_from_request": {"executed_lines": [470, 473, 474], "summary": {"covered_lines": 3, "num_statements": 4, "percent_covered": 75.0, "percent_covered_display": "75", "missing_lines": 1, "excluded_lines": 0, "percent_statements_covered": 75.0, "percent_statements_covered_display": "75"}, "missing_lines": [471], "excluded_lines": [], "start_line": 459}, "": {"executed_lines": [8, 9, 11, 12, 15, 16, 46, 47, 48, 49, 50, 52, 56, 60, 64, 68, 73, 83, 136, 225, 319, 361, 376, 392, 436, 459], "summary": {"covered_lines": 26, "num_statements": 26, "percent_covered": 100.0, "percent_covered_display": "100", "missing_lines": 0, "excluded_lines": 0, "percent_statements_covered": 100.0, "percent_statements_covered_display": "100"}, "missing_lines": [], "excluded_lines": [], "start_line": 1}}, "classes": {"PermissionSnapshot": {"executed_lines": [54, 58, 62, 66, 70], "summary": {"covered_lines": 5, "num_statements": 5, "percent_covered": 100.0, "percent_covered_display": "100", "missing_lines": 0, "excluded_lines": 0, "percent_statements_covered": 100.0, "percent_statements_covered_display": "100"}, "missing_lines": [], "excluded_lines": [], "start_line": 16}, "": {"executed_lines": [8, 9, 11, 12, 15, 16, 46, 47, 48, 49, 50, 52, 56, 60, 64, 68, 73, 80, 83, 94, 96, 97, 98, 100, 101, 102, 103, 104, 106, 107, 108, 110, 112, 114, 116, 121, 122, 124, 136, 149, 151, 153, 154, 155, 158, 159, 160, 161, 164, 165, 167, 168, 169, 170, 171, 172, 173, 174, 175, 176, 179, 180, 181, 182, 185, 186, 190, 191, 193, 194, 196, 198, 200, 201, 202, 203, 206, 207, 210, 211, 212, 213, 216, 220, 222, 225, 239, 241, 242, 243, 246, 247, 248, 253, 257, 262, 263, 266, 267, 268, 270, 271, 273, 274, 275, 276, 277, 278, 281, 282, 285, 287, 289, 290, 292, 294, 296, 297, 298, 301, 302, 305, 306, 307, 310, 314, 316, 319, 330, 333, 336, 337, 340, 341, 342, 345, 346, 347, 350, 356, 358, 361, 372, 373, 376, 385, 386, 389, 392, 415, 416, 417, 418, 421, 423, 424, 427, 430, 431, 433, 436, 447, 448, 450, 452, 453, 454, 456, 459, 470, 473, 474], "summary": {"covered_lines": 172, "num_statements": 177, "percent_covered": 97.17514124293785, "percent_covered_display": "97", "missing_lines": 5, "excluded_lines": 0, "percent_statements_covered": 97.17514124293785, "percent_statements_covered_display": "97"}, "missing_lines": [125, 127, 133, 352, 471], "excluded_lines": [], "start_line": 1}}}, "turbodrf/compiler.py": {"executed_lines": [9, 10, 12, 13, 14, 16, 19, 22, 23, 26, 27, 30, 31, 34, 37, 39, 40, 42, 43, 44, 45, 46, 49, 50, 51, 52, 55, 57, 58, 59, 60, 61, 62, 63, 64, 65, 68, 70, 71, 73, 74, 75, 76, 77, 78, 79, 80, 82, 86, 87, 88, 90, 91, 92, 95, 97, 98, 99, 102, 103, 105, 106, 107, 108, 109, 110, 111, 113, 114, 120, 121, 122, 125, 126, 127, 128, 129, 134, 145, 148, 159, 160, 161, 162, 163, 164, 165, 166, 168, 171, 172, 173, 174, 176, 181, 182, 183, 184, 186, 187, 188, 193, 196, 201, 202, 204, 205, 207, 209, 212, 213, 214, 215, 216, 219, 220, 221, 222, 223, 226, 227, 229, 231, 238, 239, 240, 241, 242, 245, 246, 247, 248, 249, 252, 253, 256, 257, 258, 260, 263, 270, 272, 273, 276, 277, 278, 280, 283, 284, 287, 289, 291, 294, 300, 302, 303, 304, 305, 308, 310, 311, 313, 314, 315, 316, 317, 319, 320, 321, 323, 329, 330, 332, 333, 334, 335, 340, 342, 343, 344, 346, 347, 350, 351, 352, 353, 355, 361, 362, 363, 366, 367, 368, 371, 374, 375, 377, 388, 394], "summary": {"covered_lines": 199, "num_statements": 205, "percent_covered": 97.07317073170732, "percent_covered_display": "97", "missing_lines": 6, "excluded_lines": 0, "percent_statements_covered": 97.07317073170732, "percent_statements_covered_display": "97"}, "missing_lines": [83, 84, 89, 130, 131, 132], "excluded_lines": [], "functions": {"register_compiled_plan": {"executed_lines": [23], "summary": {"covered_lines": 1, "num_statements": 1, "percent_covered": 100.0, "percent_covered_display": "100", "missing_lines": 0, "excluded_lines": 0, "percent_statements_covered": 100.0, "percent_statements_covered_display": "100"}, "missing_lines": [], "excluded_lines": [], "start_line": 22}, "get_compiled_plan": {"executed_lines": [27], "summary": {"covered_lines": 1, "num_statements": 1, "percent_covered": 100.0, "percent_covered_display": "100", "missing_lines": 0, "excluded_lines": 0, "percent_statements_covered": 100.0, "percent_statements_covered_display": "100"}, "missing_lines": [], "excluded_lines": [], "start_line": 26}, "is_compiled": {"executed_lines": [31], "summary": {"covered_lines": 1, "num_statements": 1, "percent_covered": 100.0, "percent_covered_display": "100", "missing_lines": 0, "excluded_lines": 0, "percent_statements_covered": 100.0, "percent_statements_covered_display": "100"}, "missing_lines": [], "excluded_lines": [], "start_line": 30}, "DictProxy.__init__": {"executed_lines": [40], "summary": {"covered_lines": 1, "num_statements": 1, "percent_covered": 100.0, "percent_covered_display": "100", "missing_lines": 0, "excluded_lines": 0, "percent_statements_covered": 100.0, "percent_statements_covered_display": "100"}, "missing_lines": [], "excluded_lines": [], "start_line": 39}, "DictProxy.__getattr__": {"executed_lines": [43, 44, 45, 46], "summary": {"covered_lines": 4, "num_statements": 4, "percent_covered": 100.0, "percent_covered_display": "100", "missing_lines": 0, "excluded_lines": 0, "percent_statements_covered": 100.0, "percent_statements_covered_display": "100"}, "missing_lines": [], "excluded_lines": [], "start_line": 42}, "_coerce_decimal": {"executed_lines": [50, 51, 52], "summary": {"covered_lines": 3, "num_statements": 3, "percent_covered": 100.0, "percent_covered_display": "100", "missing_lines": 0, "excluded_lines": 0, "percent_statements_covered": 100.0, "percent_statements_covered_display": "100"}, "missing_lines": [], "excluded_lines": [], "start_line": 49}, "_build_type_coercers": {"executed_lines": [57, 58, 59, 60, 61, 62, 63, 64, 65], "summary": {"covered_lines": 9, "num_statements": 9, "percent_covered": 100.0, "percent_covered_display": "100", "missing_lines": 0, "excluded_lines": 0, "percent_statements_covered": 100.0, "percent_statements_covered_display": "100"}, "missing_lines": [], "excluded_lines": [], "start_line": 55}, "_build_fk_type_coercers": {"executed_lines": [70, 71, 73, 74, 75, 76, 77, 78, 79, 80, 82, 86, 87, 88, 90, 91, 92], "summary": {"covered_lines": 17, "num_statements": 20, "percent_covered": 85.0, "percent_covered_display": "85", "missing_lines": 3, "excluded_lines": 0, "percent_statements_covered": 85.0, "percent_statements_covered_display": "85"}, "missing_lines": [83, 84, 89], "excluded_lines": [], "start_line": 68}, "_compile_m2m_spec": {"executed_lines": [97, 98, 99, 102, 103, 105, 106, 107, 108, 109, 110, 111, 113, 114, 120, 121, 122, 125, 126, 127, 128, 129, 134], "summary": {"covered_lines": 23, "num_statements": 26, "percent_covered": 88.46153846153847, "percent_covered_display": "88", "missing_lines": 3, "excluded_lines": 0, "percent_statements_covered": 88.46153846153847, "percent_statements_covered_display": "88"}, "missing_lines": [130, 131, 132], "excluded_lines": [], "start_line": 95}, "CompiledQueryPlan.__init__": {"executed_lines": [159, 160, 161, 162, 163, 164, 165, 166], "summary": {"covered_lines": 8, "num_statements": 8, "percent_covered": 100.0, "percent_covered_display": "100", "missing_lines": 0, "excluded_lines": 0, "percent_statements_covered": 100.0, "percent_statements_covered_display": "100"}, "missing_lines": [], "excluded_lines": [], "start_line": 148}, "CompiledQueryPlan._fk_base_field": {"executed_lines": [171, 172, 173, 174], "summary": {"covered_lines": 4, "num_statements": 4, "percent_covered": 100.0, "percent_covered_display": "100", "missing_lines": 0, "excluded_lines": 0, "percent_statements_covered": 100.0, "percent_statements_covered_display": "100"}, "missing_lines": [], "excluded_lines": [], "start_line": 168}, "CompiledQueryPlan.apply_to_queryset": {"executed_lines": [181, 182, 183, 184, 186, 187, 188, 193, 196, 201, 202, 204, 205], "summary": {"covered_lines": 13, "num_statements": 13, "percent_covered": 100.0, "percent_covered_display": "100", "missing_lines": 0, "excluded_lines": 0, "percent_statements_covered": 100.0, "percent_statements_covered_display": "100"}, "missing_lines": [], "excluded_lines": [], "start_line": 176}, "CompiledQueryPlan.post_process": {"executed_lines": [209, 212, 213, 214, 215, 216, 219, 220, 221, 222, 223, 226, 227, 229, 231, 238, 239, 240, 241, 242, 245, 246, 247, 248, 249, 252, 253, 256, 257, 258, 260], "summary": {"covered_lines": 31, "num_statements": 31, "percent_covered": 100.0, "percent_covered_display": "100", "missing_lines": 0, "excluded_lines": 0, "percent_statements_covered": 100.0, "percent_statements_covered_display": "100"}, "missing_lines": [], "excluded_lines": [], "start_line": 207}, "compile_model": {"executed_lines": [270, 272, 273, 276, 277, 278, 280, 283, 284, 287, 289, 291, 294, 300, 302, 303, 304, 305, 308, 310, 311, 313, 314, 315, 316, 317, 319, 320, 321, 323, 329, 330, 332, 333, 334, 335, 340, 342, 343, 344, 346, 347, 350, 351, 352, 353, 355, 361, 362, 363, 366, 367, 368, 371, 374, 375, 377, 388, 394], "summary": {"covered_lines": 59, "num_statements": 59, "percent_covered": 100.0, "percent_covered_display": "100", "missing_lines": 0, "excluded_lines": 0, "percent_statements_covered": 100.0, "percent_statements_covered_display": "100"}, "missing_lines": [], "excluded_lines": [], "start_line": 263}, "": {"executed_lines": [9, 10, 12, 13, 14, 16, 19, 22, 26, 30, 34, 37, 39, 42, 49, 55, 68, 95, 145, 148, 168, 176, 207, 263], "summary": {"covered_lines": 24, "num_statements": 24, "percent_covered": 100.0, "percent_covered_display": "100", "missing_lines": 0, "excluded_lines": 0, "percent_statements_covered": 100.0, "percent_statements_covered_display": "100"}, "missing_lines": [], "excluded_lines": [], "start_line": 1}}, "classes": {"DictProxy": {"executed_lines": [40, 43, 44, 45, 46], "summary": {"covered_lines": 5, "num_statements": 5, "percent_covered": 100.0, "percent_covered_display": "100", "missing_lines": 0, "excluded_lines": 0, "percent_statements_covered": 100.0, "percent_statements_covered_display": "100"}, "missing_lines": [], "excluded_lines": [], "start_line": 34}, "CompiledQueryPlan": {"executed_lines": [159, 160, 161, 162, 163, 164, 165, 166, 171, 172, 173, 174, 181, 182, 183, 184, 186, 187, 188, 193, 196, 201, 202, 204, 205, 209, 212, 213, 214, 215, 216, 219, 220, 221, 222, 223, 226, 227, 229, 231, 238, 239, 240, 241, 242, 245, 246, 247, 248, 249, 252, 253, 256, 257, 258, 260], "summary": {"covered_lines": 56, "num_statements": 56, "percent_covered": 100.0, "percent_covered_display": "100", "missing_lines": 0, "excluded_lines": 0, "percent_statements_covered": 100.0, "percent_statements_covered_display": "100"}, "missing_lines": [], "excluded_lines": [], "start_line": 145}, "": {"executed_lines": [9, 10, 12, 13, 14, 16, 19, 22, 23, 26, 27, 30, 31, 34, 37, 39, 42, 49, 50, 51, 52, 55, 57, 58, 59, 60, 61, 62, 63, 64, 65, 68, 70, 71, 73, 74, 75, 76, 77, 78, 79, 80, 82, 86, 87, 88, 90, 91, 92, 95, 97, 98, 99, 102, 103, 105, 106, 107, 108, 109, 110, 111, 113, 114, 120, 121, 122, 125, 126, 127, 128, 129, 134, 145, 148, 168, 176, 207, 263, 270, 272, 273, 276, 277, 278, 280, 283, 284, 287, 289, 291, 294, 300, 302, 303, 304, 305, 308, 310, 311, 313, 314, 315, 316, 317, 319, 320, 321, 323, 329, 330, 332, 333, 334, 335, 340, 342, 343, 344, 346, 347, 350, 351, 352, 353, 355, 361, 362, 363, 366, 367, 368, 371, 374, 375, 377, 388, 394], "summary": {"covered_lines": 138, "num_statements": 144, "percent_covered": 95.83333333333333, "percent_covered_display": "96", "missing_lines": 6, "excluded_lines": 0, "percent_statements_covered": 95.83333333333333, "percent_statements_covered_display": "96"}, "missing_lines": [83, 84, 89, 130, 131, 132], "excluded_lines": [], "start_line": 1}}}, "turbodrf/documentation.py": {"executed_lines": [13, 14, 15, 16, 19, 91, 92, 94, 96, 110], "summary": {"covered_lines": 10, "num_statements": 10, "percent_covered": 100.0, "percent_covered_display": "100", "missing_lines": 0, "excluded_lines": 0, "percent_statements_covered": 100.0, "percent_statements_covered_display": "100"}, "missing_lines": [], "excluded_lines": [], "functions": {"get_turbodrf_schema_view": {"executed_lines": [91, 92, 94, 96, 110], "summary": {"covered_lines": 5, "num_statements": 5, "percent_covered": 100.0, "percent_covered_display": "100", "missing_lines": 0, "excluded_lines": 0, "percent_statements_covered": 100.0, "percent_statements_covered_display": "100"}, "missing_lines": [], "excluded_lines": [], "start_line": 19}, "": {"executed_lines": [13, 14, 15, 16, 19], "summary": {"covered_lines": 5, "num_statements": 5, "percent_covered": 100.0, "percent_covered_display": "100", "missing_lines": 0, "excluded_lines": 0, "percent_statements_covered": 100.0, "percent_statements_covered_display": "100"}, "missing_lines": [], "excluded_lines": [], "start_line": 1}}, "classes": {"": {"executed_lines": [13, 14, 15, 16, 19, 91, 92, 94, 96, 110], "summary": {"covered_lines": 10, "num_statements": 10, "percent_covered": 100.0, "percent_covered_display": "100", "missing_lines": 0, "excluded_lines": 0, "percent_statements_covered": 100.0, "percent_statements_covered_display": "100"}, "missing_lines": [], "excluded_lines": [], "start_line": 1}}}, "turbodrf/exceptions.py": {"executed_lines": [14, 15, 18, 19, 20, 21, 24, 26, 28, 29, 30, 31, 32, 34, 35, 36, 38, 40, 42, 50], "summary": {"covered_lines": 20, "num_statements": 20, "percent_covered": 100.0, "percent_covered_display": "100", "missing_lines": 0, "excluded_lines": 0, "percent_statements_covered": 100.0, "percent_statements_covered_display": "100"}, "missing_lines": [], "excluded_lines": [], "functions": {"turbodrf_exception_handler": {"executed_lines": [26, 28, 29, 30, 31, 32, 34, 35, 36, 38, 40, 42, 50], "summary": {"covered_lines": 13, "num_statements": 13, "percent_covered": 100.0, "percent_covered_display": "100", "missing_lines": 0, "excluded_lines": 0, "percent_statements_covered": 100.0, "percent_statements_covered_display": "100"}, "missing_lines": [], "excluded_lines": [], "start_line": 24}, "": {"executed_lines": [14, 15, 18, 19, 20, 21, 24], "summary": {"covered_lines": 7, "num_statements": 7, "percent_covered": 100.0, "percent_covered_display": "100", "missing_lines": 0, "excluded_lines": 0, "percent_statements_covered": 100.0, "percent_statements_covered_display": "100"}, "missing_lines": [], "excluded_lines": [], "start_line": 1}}, "classes": {"NoRoleAssigned": {"executed_lines": [], "summary": {"covered_lines": 0, "num_statements": 0, "percent_covered": 100.0, "percent_covered_display": "100", "missing_lines": 0, "excluded_lines": 0, "percent_statements_covered": 100.0, "percent_statements_covered_display": "100"}, "missing_lines": [], "excluded_lines": [], "start_line": 18}, "": {"executed_lines": [14, 15, 18, 19, 20, 21, 24, 26, 28, 29, 30, 31, 32, 34, 35, 36, 38, 40, 42, 50], "summary": {"covered_lines": 20, "num_statements": 20, "percent_covered": 100.0, "percent_covered_display": "100", "missing_lines": 0, "excluded_lines": 0, "percent_statements_covered": 100.0, "percent_statements_covered_display": "100"}, "missing_lines": [], "excluded_lines": [], "start_line": 1}}}, "turbodrf/filter_backends.py": {"executed_lines": [8, 9, 12, 48, 61, 64, 65, 68, 70, 72, 73, 75, 77, 80, 83, 86, 87, 90, 93, 96, 97, 98, 100, 101, 102, 104, 106, 109, 110, 112, 113, 115, 116, 119, 121, 123, 129, 132, 133, 134, 135, 138, 139, 140, 141, 142, 143, 144, 147, 148, 151, 152, 154, 156, 175, 177, 179, 182, 183, 184, 187, 188, 191, 192, 198, 199, 200, 201, 202, 205, 206, 210, 211, 213, 214, 221, 222, 223, 227, 228, 230, 234, 239, 241, 248], "summary": {"covered_lines": 85, "num_statements": 88, "percent_covered": 96.5909090909091, "percent_covered_display": "97", "missing_lines": 3, "excluded_lines": 0, "percent_statements_covered": 96.5909090909091, "percent_statements_covered_display": "97"}, "missing_lines": [185, 236, 237], "excluded_lines": [], "functions": {"ORFilterBackend.filter_queryset": {"executed_lines": [61, 64, 65, 68, 70, 72, 73, 75, 77, 80, 83, 86, 87, 90, 93, 96, 97, 98, 100, 101, 102, 104, 106, 109, 110, 112, 113, 115, 116, 119, 121], "summary": {"covered_lines": 31, "num_statements": 31, "percent_covered": 100.0, "percent_covered_display": "100", "missing_lines": 0, "excluded_lines": 0, "percent_statements_covered": 100.0, "percent_statements_covered_display": "100"}, "missing_lines": [], "excluded_lines": [], "start_line": 48}, "ORFilterBackend._get_valid_filter_fields": {"executed_lines": [129, 132, 133, 134, 135, 138, 139, 140, 141, 142, 143, 144, 147, 148, 151, 152, 154], "summary": {"covered_lines": 17, "num_statements": 17, "percent_covered": 100.0, "percent_covered_display": "100", "missing_lines": 0, "excluded_lines": 0, "percent_statements_covered": 100.0, "percent_statements_covered_display": "100"}, "missing_lines": [], "excluded_lines": [], "start_line": 123}, "ORFilterBackend._is_valid_filter_field": {"executed_lines": [175, 177, 179, 182, 183, 184, 187, 188, 191, 192, 198, 199, 200, 201, 202, 205, 206, 210, 211, 213, 214, 221, 222, 223, 227, 228, 230, 234, 239], "summary": {"covered_lines": 29, "num_statements": 32, "percent_covered": 90.625, "percent_covered_display": "91", "missing_lines": 3, "excluded_lines": 0, "percent_statements_covered": 90.625, "percent_statements_covered_display": "91"}, "missing_lines": [185, 236, 237], "excluded_lines": [], "start_line": 156}, "ORFilterBackend.get_schema_operation_parameters": {"executed_lines": [248], "summary": {"covered_lines": 1, "num_statements": 1, "percent_covered": 100.0, "percent_covered_display": "100", "missing_lines": 0, "excluded_lines": 0, "percent_statements_covered": 100.0, "percent_statements_covered_display": "100"}, "missing_lines": [], "excluded_lines": [], "start_line": 241}, "": {"executed_lines": [8, 9, 12, 48, 123, 156, 241], "summary": {"covered_lines": 7, "num_statements": 7, "percent_covered": 100.0, "percent_covered_display": "100", "missing_lines": 0, "excluded_lines": 0, "percent_statements_covered": 100.0, "percent_statements_covered_display": "100"}, "missing_lines": [], "excluded_lines": [], "start_line": 1}}, "classes": {"ORFilterBackend": {"executed_lines": [61, 64, 65, 68, 70, 72, 73, 75, 77, 80, 83, 86, 87, 90, 93, 96, 97, 98, 100, 101, 102, 104, 106, 109, 110, 112, 113, 115, 116, 119, 121, 129, 132, 133, 134, 135, 138, 139, 140, 141, 142, 143, 144, 147, 148, 151, 152, 154, 175, 177, 179, 182, 183, 184, 187, 188, 191, 192, 198, 199, 200, 201, 202, 205, 206, 210, 211, 213, 214, 221, 222, 223, 227, 228, 230, 234, 239, 248], "summary": {"covered_lines": 78, "num_statements": 81, "percent_covered": 96.29629629629629, "percent_covered_display": "96", "missing_lines": 3, "excluded_lines": 0, "percent_statements_covered": 96.29629629629629, "percent_statements_covered_display": "96"}, "missing_lines": [185, 236, 237], "excluded_lines": [], "start_line": 12}, "": {"executed_lines": [8, 9, 12, 48, 123, 156, 241], "summary": {"covered_lines": 7, "num_statements": 7, "percent_covered": 100.0, "percent_covered_display": "100", "missing_lines": 0, "excluded_lines": 0, "percent_statements_covered": 100.0, "percent_statements_covered_display": "100"}, "missing_lines": [], "excluded_lines": [], "start_line": 1}}}, "turbodrf/integrations/__init__.py": {"executed_lines": [7, 15, 25], "summary": {"covered_lines": 3, "num_statements": 3, "percent_covered": 100.0, "percent_covered_display": "100", "missing_lines": 0, "excluded_lines": 0, "percent_statements_covered": 100.0, "percent_statements_covered_display": "100"}, "missing_lines": [], "excluded_lines": [], "functions": {"": {"executed_lines": [7, 15, 25], "summary": {"covered_lines": 3, "num_statements": 3, "percent_covered": 100.0, "percent_covered_display": "100", "missing_lines": 0, "excluded_lines": 0, "percent_statements_covered": 100.0, "percent_statements_covered_display": "100"}, "missing_lines": [], "excluded_lines": [], "start_line": 1}}, "classes": {"": {"executed_lines": [7, 15, 25], "summary": {"covered_lines": 3, "num_statements": 3, "percent_covered": 100.0, "percent_covered_display": "100", "missing_lines": 0, "excluded_lines": 0, "percent_statements_covered": 100.0, "percent_statements_covered_display": "100"}, "missing_lines": [], "excluded_lines": [], "start_line": 1}}}, "turbodrf/integrations/allauth.py": {"executed_lines": [8, 10, 11, 14, 21, 24, 31, 34, 42, 45, 72, 74, 75, 76, 78, 81, 83, 85, 88, 109, 116, 118, 129, 132, 137, 141, 145, 148, 149, 151, 153, 154, 157, 172], "summary": {"covered_lines": 34, "num_statements": 34, "percent_covered": 100.0, "percent_covered_display": "100", "missing_lines": 0, "excluded_lines": 0, "percent_statements_covered": 100.0, "percent_statements_covered_display": "100"}, "missing_lines": [], "excluded_lines": [], "functions": {"is_allauth_installed": {"executed_lines": [21], "summary": {"covered_lines": 1, "num_statements": 1, "percent_covered": 100.0, "percent_covered_display": "100", "missing_lines": 0, "excluded_lines": 0, "percent_statements_covered": 100.0, "percent_statements_covered_display": "100"}, "missing_lines": [], "excluded_lines": [], "start_line": 14}, "is_integration_enabled": {"executed_lines": [31], "summary": {"covered_lines": 1, "num_statements": 1, "percent_covered": 100.0, "percent_covered_display": "100", "missing_lines": 0, "excluded_lines": 0, "percent_statements_covered": 100.0, "percent_statements_covered_display": "100"}, "missing_lines": [], "excluded_lines": [], "start_line": 24}, "get_role_mapping": {"executed_lines": [42], "summary": {"covered_lines": 1, "num_statements": 1, "percent_covered": 100.0, "percent_covered_display": "100", "missing_lines": 0, "excluded_lines": 0, "percent_statements_covered": 100.0, "percent_statements_covered_display": "100"}, "missing_lines": [], "excluded_lines": [], "start_line": 34}, "get_user_roles_from_groups": {"executed_lines": [72, 74, 75, 76, 78, 81, 83, 85], "summary": {"covered_lines": 8, "num_statements": 8, "percent_covered": 100.0, "percent_covered_display": "100", "missing_lines": 0, "excluded_lines": 0, "percent_statements_covered": 100.0, "percent_statements_covered_display": "100"}, "missing_lines": [], "excluded_lines": [], "start_line": 45}, "AllAuthRoleMiddleware.__init__": {"executed_lines": [116], "summary": {"covered_lines": 1, "num_statements": 1, "percent_covered": 100.0, "percent_covered_display": "100", "missing_lines": 0, "excluded_lines": 0, "percent_statements_covered": 100.0, "percent_statements_covered_display": "100"}, "missing_lines": [], "excluded_lines": [], "start_line": 109}, "AllAuthRoleMiddleware.__call__": {"executed_lines": [129, 132, 137, 141, 145, 148, 149, 151, 153, 154], "summary": {"covered_lines": 10, "num_statements": 10, "percent_covered": 100.0, "percent_covered_display": "100", "missing_lines": 0, "excluded_lines": 0, "percent_statements_covered": 100.0, "percent_statements_covered_display": "100"}, "missing_lines": [], "excluded_lines": [], "start_line": 118}, "setup_allauth_integration": {"executed_lines": [172], "summary": {"covered_lines": 1, "num_statements": 1, "percent_covered": 100.0, "percent_covered_display": "100", "missing_lines": 0, "excluded_lines": 0, "percent_statements_covered": 100.0, "percent_statements_covered_display": "100"}, "missing_lines": [], "excluded_lines": [], "start_line": 157}, "": {"executed_lines": [8, 10, 11, 14, 24, 34, 45, 88, 109, 118, 157], "summary": {"covered_lines": 11, "num_statements": 11, "percent_covered": 100.0, "percent_covered_display": "100", "missing_lines": 0, "excluded_lines": 0, "percent_statements_covered": 100.0, "percent_statements_covered_display": "100"}, "missing_lines": [], "excluded_lines": [], "start_line": 1}}, "classes": {"AllAuthRoleMiddleware": {"executed_lines": [116, 129, 132, 137, 141, 145, 148, 149, 151, 153, 154], "summary": {"covered_lines": 11, "num_statements": 11, "percent_covered": 100.0, "percent_covered_display": "100", "missing_lines": 0, "excluded_lines": 0, "percent_statements_covered": 100.0, "percent_statements_covered_display": "100"}, "missing_lines": [], "excluded_lines": [], "start_line": 88}, "": {"executed_lines": [8, 10, 11, 14, 21, 24, 31, 34, 42, 45, 72, 74, 75, 76, 78, 81, 83, 85, 88, 109, 118, 157, 172], "summary": {"covered_lines": 23, "num_statements": 23, "percent_covered": 100.0, "percent_covered_display": "100", "missing_lines": 0, "excluded_lines": 0, "percent_statements_covered": 100.0, "percent_statements_covered_display": "100"}, "missing_lines": [], "excluded_lines": [], "start_line": 1}}}, "turbodrf/integrations/allauth_roles.py": {"executed_lines": [8, 11, 28, 30, 31, 32, 34, 37, 54, 57, 76, 77, 79, 80, 81, 83, 86, 115, 116, 118, 119, 121, 124, 141, 144, 163, 166, 167, 168, 169, 170, 172, 175, 190, 191, 192, 193, 195, 197, 198], "summary": {"covered_lines": 40, "num_statements": 40, "percent_covered": 100.0, "percent_covered_display": "100", "missing_lines": 0, "excluded_lines": 0, "percent_statements_covered": 100.0, "percent_statements_covered_display": "100"}, "missing_lines": [], "excluded_lines": [], "functions": {"create_role_groups": {"executed_lines": [28, 30, 31, 32, 34], "summary": {"covered_lines": 5, "num_statements": 5, "percent_covered": 100.0, "percent_covered_display": "100", "missing_lines": 0, "excluded_lines": 0, "percent_statements_covered": 100.0, "percent_statements_covered_display": "100"}, "missing_lines": [], "excluded_lines": [], "start_line": 11}, "sync_groups_to_roles": {"executed_lines": [54], "summary": {"covered_lines": 1, "num_statements": 1, "percent_covered": 100.0, "percent_covered_display": "100", "missing_lines": 0, "excluded_lines": 0, "percent_statements_covered": 100.0, "percent_statements_covered_display": "100"}, "missing_lines": [], "excluded_lines": [], "start_line": 37}, "validate_role_mapping": {"executed_lines": [76, 77, 79, 80, 81, 83], "summary": {"covered_lines": 6, "num_statements": 6, "percent_covered": 100.0, "percent_covered_display": "100", "missing_lines": 0, "excluded_lines": 0, "percent_statements_covered": 100.0, "percent_statements_covered_display": "100"}, "missing_lines": [], "excluded_lines": [], "start_line": 57}, "create_role_mapping": {"executed_lines": [115, 116, 118, 119, 121], "summary": {"covered_lines": 5, "num_statements": 5, "percent_covered": 100.0, "percent_covered_display": "100", "missing_lines": 0, "excluded_lines": 0, "percent_statements_covered": 100.0, "percent_statements_covered_display": "100"}, "missing_lines": [], "excluded_lines": [], "start_line": 86}, "get_or_create_role_group": {"executed_lines": [141], "summary": {"covered_lines": 1, "num_statements": 1, "percent_covered": 100.0, "percent_covered_display": "100", "missing_lines": 0, "excluded_lines": 0, "percent_statements_covered": 100.0, "percent_statements_covered_display": "100"}, "missing_lines": [], "excluded_lines": [], "start_line": 124}, "assign_roles_to_user": {"executed_lines": [163, 166, 167, 168, 169, 170, 172], "summary": {"covered_lines": 7, "num_statements": 7, "percent_covered": 100.0, "percent_covered_display": "100", "missing_lines": 0, "excluded_lines": 0, "percent_statements_covered": 100.0, "percent_statements_covered_display": "100"}, "missing_lines": [], "excluded_lines": [], "start_line": 144}, "get_users_with_role": {"executed_lines": [190, 191, 192, 193, 195, 197, 198], "summary": {"covered_lines": 7, "num_statements": 7, "percent_covered": 100.0, "percent_covered_display": "100", "missing_lines": 0, "excluded_lines": 0, "percent_statements_covered": 100.0, "percent_statements_covered_display": "100"}, "missing_lines": [], "excluded_lines": [], "start_line": 175}, "": {"executed_lines": [8, 11, 37, 57, 86, 124, 144, 175], "summary": {"covered_lines": 8, "num_statements": 8, "percent_covered": 100.0, "percent_covered_display": "100", "missing_lines": 0, "excluded_lines": 0, "percent_statements_covered": 100.0, "percent_statements_covered_display": "100"}, "missing_lines": [], "excluded_lines": [], "start_line": 1}}, "classes": {"": {"executed_lines": [8, 11, 28, 30, 31, 32, 34, 37, 54, 57, 76, 77, 79, 80, 81, 83, 86, 115, 116, 118, 119, 121, 124, 141, 144, 163, 166, 167, 168, 169, 170, 172, 175, 190, 191, 192, 193, 195, 197, 198], "summary": {"covered_lines": 40, "num_statements": 40, "percent_covered": 100.0, "percent_covered_display": "100", "missing_lines": 0, "excluded_lines": 0, "percent_statements_covered": 100.0, "percent_statements_covered_display": "100"}, "missing_lines": [], "excluded_lines": [], "start_line": 1}}}, "turbodrf/integrations/keycloak.py": {"executed_lines": [19, 21, 24, 31, 34, 41, 44, 57, 60, 77, 80, 103, 104, 106, 107, 108, 109, 112, 115, 116, 118, 121, 141, 143, 145, 147, 148, 150, 151, 153, 156, 173, 174, 177, 179, 181, 184, 186, 188, 190, 193, 219, 226, 228, 239, 241, 243, 245, 247, 249, 250, 253, 265], "summary": {"covered_lines": 53, "num_statements": 53, "percent_covered": 100.0, "percent_covered_display": "100", "missing_lines": 0, "excluded_lines": 0, "percent_statements_covered": 100.0, "percent_statements_covered_display": "100"}, "missing_lines": [], "excluded_lines": [], "functions": {"is_social_auth_installed": {"executed_lines": [31], "summary": {"covered_lines": 1, "num_statements": 1, "percent_covered": 100.0, "percent_covered_display": "100", "missing_lines": 0, "excluded_lines": 0, "percent_statements_covered": 100.0, "percent_statements_covered_display": "100"}, "missing_lines": [], "excluded_lines": [], "start_line": 24}, "is_integration_enabled": {"executed_lines": [41], "summary": {"covered_lines": 1, "num_statements": 1, "percent_covered": 100.0, "percent_covered_display": "100", "missing_lines": 0, "excluded_lines": 0, "percent_statements_covered": 100.0, "percent_statements_covered_display": "100"}, "missing_lines": [], "excluded_lines": [], "start_line": 34}, "get_role_claim_path": {"executed_lines": [57], "summary": {"covered_lines": 1, "num_statements": 1, "percent_covered": 100.0, "percent_covered_display": "100", "missing_lines": 0, "excluded_lines": 0, "percent_statements_covered": 100.0, "percent_statements_covered_display": "100"}, "missing_lines": [], "excluded_lines": [], "start_line": 44}, "get_role_mapping": {"executed_lines": [77], "summary": {"covered_lines": 1, "num_statements": 1, "percent_covered": 100.0, "percent_covered_display": "100", "missing_lines": 0, "excluded_lines": 0, "percent_statements_covered": 100.0, "percent_statements_covered_display": "100"}, "missing_lines": [], "excluded_lines": [], "start_line": 60}, "extract_roles_from_token": {"executed_lines": [103, 104, 106, 107, 108, 109, 112, 115, 116, 118], "summary": {"covered_lines": 10, "num_statements": 10, "percent_covered": 100.0, "percent_covered_display": "100", "missing_lines": 0, "excluded_lines": 0, "percent_statements_covered": 100.0, "percent_statements_covered_display": "100"}, "missing_lines": [], "excluded_lines": [], "start_line": 80}, "map_keycloak_roles_to_turbodrf": {"executed_lines": [141, 143, 145, 147, 148, 150, 151, 153], "summary": {"covered_lines": 8, "num_statements": 8, "percent_covered": 100.0, "percent_covered_display": "100", "missing_lines": 0, "excluded_lines": 0, "percent_statements_covered": 100.0, "percent_statements_covered_display": "100"}, "missing_lines": [], "excluded_lines": [], "start_line": 121}, "get_user_roles_from_social_auth": {"executed_lines": [173, 174, 177, 179, 181, 184, 186, 188, 190], "summary": {"covered_lines": 9, "num_statements": 9, "percent_covered": 100.0, "percent_covered_display": "100", "missing_lines": 0, "excluded_lines": 0, "percent_statements_covered": 100.0, "percent_statements_covered_display": "100"}, "missing_lines": [], "excluded_lines": [], "start_line": 156}, "KeycloakRoleMiddleware.__init__": {"executed_lines": [226], "summary": {"covered_lines": 1, "num_statements": 1, "percent_covered": 100.0, "percent_covered_display": "100", "missing_lines": 0, "excluded_lines": 0, "percent_statements_covered": 100.0, "percent_statements_covered_display": "100"}, "missing_lines": [], "excluded_lines": [], "start_line": 219}, "KeycloakRoleMiddleware.__call__": {"executed_lines": [239, 241, 243, 245, 247, 249, 250], "summary": {"covered_lines": 7, "num_statements": 7, "percent_covered": 100.0, "percent_covered_display": "100", "missing_lines": 0, "excluded_lines": 0, "percent_statements_covered": 100.0, "percent_statements_covered_display": "100"}, "missing_lines": [], "excluded_lines": [], "start_line": 228}, "setup_keycloak_integration": {"executed_lines": [265], "summary": {"covered_lines": 1, "num_statements": 1, "percent_covered": 100.0, "percent_covered_display": "100", "missing_lines": 0, "excluded_lines": 0, "percent_statements_covered": 100.0, "percent_statements_covered_display": "100"}, "missing_lines": [], "excluded_lines": [], "start_line": 253}, "": {"executed_lines": [19, 21, 24, 34, 44, 60, 80, 121, 156, 193, 219, 228, 253], "summary": {"covered_lines": 13, "num_statements": 13, "percent_covered": 100.0, "percent_covered_display": "100", "missing_lines": 0, "excluded_lines": 0, "percent_statements_covered": 100.0, "percent_statements_covered_display": "100"}, "missing_lines": [], "excluded_lines": [], "start_line": 1}}, "classes": {"KeycloakRoleMiddleware": {"executed_lines": [226, 239, 241, 243, 245, 247, 249, 250], "summary": {"covered_lines": 8, "num_statements": 8, "percent_covered": 100.0, "percent_covered_display": "100", "missing_lines": 0, "excluded_lines": 0, "percent_statements_covered": 100.0, "percent_statements_covered_display": "100"}, "missing_lines": [], "excluded_lines": [], "start_line": 193}, "": {"executed_lines": [19, 21, 24, 31, 34, 41, 44, 57, 60, 77, 80, 103, 104, 106, 107, 108, 109, 112, 115, 116, 118, 121, 141, 143, 145, 147, 148, 150, 151, 153, 156, 173, 174, 177, 179, 181, 184, 186, 188, 190, 193, 219, 228, 253, 265], "summary": {"covered_lines": 45, "num_statements": 45, "percent_covered": 100.0, "percent_covered_display": "100", "missing_lines": 0, "excluded_lines": 0, "percent_statements_covered": 100.0, "percent_statements_covered_display": "100"}, "missing_lines": [], "excluded_lines": [], "start_line": 1}}}, "turbodrf/management/__init__.py": {"executed_lines": [], "summary": {"covered_lines": 0, "num_statements": 0, "percent_covered": 100.0, "percent_covered_display": "100", "missing_lines": 0, "excluded_lines": 0, "percent_statements_covered": 100.0, "percent_statements_covered_display": "100"}, "missing_lines": [], "excluded_lines": [], "functions": {"": {"executed_lines": [], "summary": {"covered_lines": 0, "num_statements": 0, "percent_covered": 100.0, "percent_covered_display": "100", "missing_lines": 0, "excluded_lines": 0, "percent_statements_covered": 100.0, "percent_statements_covered_display": "100"}, "missing_lines": [], "excluded_lines": [], "start_line": 1}}, "classes": {"": {"executed_lines": [], "summary": {"covered_lines": 0, "num_statements": 0, "percent_covered": 100.0, "percent_covered_display": "100", "missing_lines": 0, "excluded_lines": 0, "percent_statements_covered": 100.0, "percent_statements_covered_display": "100"}, "missing_lines": [], "excluded_lines": [], "start_line": 1}}}, "turbodrf/management/commands/__init__.py": {"executed_lines": [], "summary": {"covered_lines": 0, "num_statements": 0, "percent_covered": 100.0, "percent_covered_display": "100", "missing_lines": 0, "excluded_lines": 0, "percent_statements_covered": 100.0, "percent_statements_covered_display": "100"}, "missing_lines": [], "excluded_lines": [], "functions": {"": {"executed_lines": [], "summary": {"covered_lines": 0, "num_statements": 0, "percent_covered": 100.0, "percent_covered_display": "100", "missing_lines": 0, "excluded_lines": 0, "percent_statements_covered": 100.0, "percent_statements_covered_display": "100"}, "missing_lines": [], "excluded_lines": [], "start_line": 1}}, "classes": {"": {"executed_lines": [], "summary": {"covered_lines": 0, "num_statements": 0, "percent_covered": 100.0, "percent_covered_display": "100", "missing_lines": 0, "excluded_lines": 0, "percent_statements_covered": 100.0, "percent_statements_covered_display": "100"}, "missing_lines": [], "excluded_lines": [], "start_line": 1}}}, "turbodrf/management/commands/turbodrf_benchmark.py": {"executed_lines": [10, 12, 13, 15, 16, 19, 20, 22, 23, 24, 30, 36, 43, 44, 45, 46, 47, 50, 51, 52, 53, 54, 56, 57, 59, 60, 61, 63, 66, 69, 72, 73, 83, 86, 91, 92, 93, 94, 95, 97, 98, 99, 100, 103, 105, 107, 109, 110, 111, 114, 116, 119, 123, 130, 131, 132, 135, 136, 137, 138, 139, 140, 142, 144, 146, 149, 150, 151, 152, 155, 156, 157, 158, 159, 160, 161, 163], "summary": {"covered_lines": 77, "num_statements": 85, "percent_covered": 90.58823529411765, "percent_covered_display": "91", "missing_lines": 8, "excluded_lines": 0, "percent_statements_covered": 90.58823529411765, "percent_statements_covered_display": "91"}, "missing_lines": [75, 76, 78, 79, 80, 81, 84, 112], "excluded_lines": [], "functions": {"Command.add_arguments": {"executed_lines": [23, 24, 30, 36], "summary": {"covered_lines": 4, "num_statements": 4, "percent_covered": 100.0, "percent_covered_display": "100", "missing_lines": 0, "excluded_lines": 0, "percent_statements_covered": 100.0, "percent_statements_covered_display": "100"}, "missing_lines": [], "excluded_lines": [], "start_line": 22}, "Command.handle": {"executed_lines": [44, 45, 46, 47, 50, 51, 52, 53, 54, 56, 57, 59, 60, 61, 63, 66, 69, 72, 73, 83, 86, 91, 92, 93, 94, 95, 97, 98, 99, 100, 103], "summary": {"covered_lines": 31, "num_statements": 38, "percent_covered": 81.57894736842105, "percent_covered_display": "82", "missing_lines": 7, "excluded_lines": 0, "percent_statements_covered": 81.57894736842105, "percent_statements_covered_display": "82"}, "missing_lines": [75, 76, 78, 79, 80, 81, 84], "excluded_lines": [], "start_line": 43}, "Command._benchmark_drf": {"executed_lines": [107, 109, 110, 111, 114, 116, 119, 123, 130, 131, 132, 135, 136, 137, 138, 139, 140, 142], "summary": {"covered_lines": 18, "num_statements": 19, "percent_covered": 94.73684210526316, "percent_covered_display": "95", "missing_lines": 1, "excluded_lines": 0, "percent_statements_covered": 94.73684210526316, "percent_statements_covered_display": "95"}, "missing_lines": [112], "excluded_lines": [], "start_line": 105}, "Command._benchmark_compiled": {"executed_lines": [146, 149, 150, 151, 152, 155, 156, 157, 158, 159, 160, 161, 163], "summary": {"covered_lines": 13, "num_statements": 13, "percent_covered": 100.0, "percent_covered_display": "100", "missing_lines": 0, "excluded_lines": 0, "percent_statements_covered": 100.0, "percent_statements_covered_display": "100"}, "missing_lines": [], "excluded_lines": [], "start_line": 144}, "": {"executed_lines": [10, 12, 13, 15, 16, 19, 20, 22, 43, 105, 144], "summary": {"covered_lines": 11, "num_statements": 11, "percent_covered": 100.0, "percent_covered_display": "100", "missing_lines": 0, "excluded_lines": 0, "percent_statements_covered": 100.0, "percent_statements_covered_display": "100"}, "missing_lines": [], "excluded_lines": [], "start_line": 1}}, "classes": {"Command": {"executed_lines": [23, 24, 30, 36, 44, 45, 46, 47, 50, 51, 52, 53, 54, 56, 57, 59, 60, 61, 63, 66, 69, 72, 73, 83, 86, 91, 92, 93, 94, 95, 97, 98, 99, 100, 103, 107, 109, 110, 111, 114, 116, 119, 123, 130, 131, 132, 135, 136, 137, 138, 139, 140, 142, 146, 149, 150, 151, 152, 155, 156, 157, 158, 159, 160, 161, 163], "summary": {"covered_lines": 66, "num_statements": 74, "percent_covered": 89.1891891891892, "percent_covered_display": "89", "missing_lines": 8, "excluded_lines": 0, "percent_statements_covered": 89.1891891891892, "percent_statements_covered_display": "89"}, "missing_lines": [75, 76, 78, 79, 80, 81, 84, 112], "excluded_lines": [], "start_line": 19}, "": {"executed_lines": [10, 12, 13, 15, 16, 19, 20, 22, 43, 105, 144], "summary": {"covered_lines": 11, "num_statements": 11, "percent_covered": 100.0, "percent_covered_display": "100", "missing_lines": 0, "excluded_lines": 0, "percent_statements_covered": 100.0, "percent_statements_covered_display": "100"}, "missing_lines": [], "excluded_lines": [], "start_line": 1}}}, "turbodrf/management/commands/turbodrf_check.py": {"executed_lines": [9, 10, 11, 13, 16, 17, 19, 20, 26, 27, 28, 30, 31, 32, 33, 34, 35, 36, 37, 38, 40, 41, 42, 45, 47, 48, 50, 51, 52, 53, 54, 57, 58, 60, 62, 63, 68, 69, 71, 72, 73, 74, 75, 76, 77, 78, 79, 81, 83, 84, 85, 86, 87, 88, 89, 96, 97, 98, 100, 101, 103, 105, 106, 110, 112, 113, 114, 115, 116, 117], "summary": {"covered_lines": 70, "num_statements": 74, "percent_covered": 94.5945945945946, "percent_covered_display": "95", "missing_lines": 4, "excluded_lines": 0, "percent_statements_covered": 94.5945945945946, "percent_statements_covered_display": "95"}, "missing_lines": [44, 91, 92, 93], "excluded_lines": [], "functions": {"Command.add_arguments": {"executed_lines": [20], "summary": {"covered_lines": 1, "num_statements": 1, "percent_covered": 100.0, "percent_covered_display": "100", "missing_lines": 0, "excluded_lines": 0, "percent_statements_covered": 100.0, "percent_statements_covered_display": "100"}, "missing_lines": [], "excluded_lines": [], "start_line": 19}, "Command.handle": {"executed_lines": [27, 28, 30, 31, 32, 33, 34, 35, 36, 37, 38, 40, 41, 42, 45, 47, 48], "summary": {"covered_lines": 17, "num_statements": 18, "percent_covered": 94.44444444444444, "percent_covered_display": "94", "missing_lines": 1, "excluded_lines": 0, "percent_statements_covered": 94.44444444444444, "percent_statements_covered_display": "94"}, "missing_lines": [44], "excluded_lines": [], "start_line": 26}, "Command._check_model": {"executed_lines": [51, 52, 53, 54, 57, 58, 60, 62, 63, 68, 69, 71, 72, 73, 74, 75, 76, 77, 78, 79, 81, 83, 84, 85, 86, 87, 88, 89, 96, 97, 98, 100, 101, 103, 105, 106, 110, 112, 113, 114, 115, 116, 117], "summary": {"covered_lines": 43, "num_statements": 46, "percent_covered": 93.47826086956522, "percent_covered_display": "93", "missing_lines": 3, "excluded_lines": 0, "percent_statements_covered": 93.47826086956522, "percent_statements_covered_display": "93"}, "missing_lines": [91, 92, 93], "excluded_lines": [], "start_line": 50}, "": {"executed_lines": [9, 10, 11, 13, 16, 17, 19, 26, 50], "summary": {"covered_lines": 9, "num_statements": 9, "percent_covered": 100.0, "percent_covered_display": "100", "missing_lines": 0, "excluded_lines": 0, "percent_statements_covered": 100.0, "percent_statements_covered_display": "100"}, "missing_lines": [], "excluded_lines": [], "start_line": 1}}, "classes": {"Command": {"executed_lines": [20, 27, 28, 30, 31, 32, 33, 34, 35, 36, 37, 38, 40, 41, 42, 45, 47, 48, 51, 52, 53, 54, 57, 58, 60, 62, 63, 68, 69, 71, 72, 73, 74, 75, 76, 77, 78, 79, 81, 83, 84, 85, 86, 87, 88, 89, 96, 97, 98, 100, 101, 103, 105, 106, 110, 112, 113, 114, 115, 116, 117], "summary": {"covered_lines": 61, "num_statements": 65, "percent_covered": 93.84615384615384, "percent_covered_display": "94", "missing_lines": 4, "excluded_lines": 0, "percent_statements_covered": 93.84615384615384, "percent_statements_covered_display": "94"}, "missing_lines": [44, 91, 92, 93], "excluded_lines": [], "start_line": 16}, "": {"executed_lines": [9, 10, 11, 13, 16, 17, 19, 26, 50], "summary": {"covered_lines": 9, "num_statements": 9, "percent_covered": 100.0, "percent_covered_display": "100", "missing_lines": 0, "excluded_lines": 0, "percent_statements_covered": 100.0, "percent_statements_covered_display": "100"}, "missing_lines": [], "excluded_lines": [], "start_line": 1}}}, "turbodrf/management/commands/turbodrf_explain.py": {"executed_lines": [13, 14, 16, 17, 20, 21, 23, 24, 25, 30, 35, 41, 42, 43, 44, 47, 48, 49, 50, 51, 53, 54, 57, 58, 67, 70, 71, 72, 73, 74, 77, 78, 79, 80, 82, 83, 84, 85, 86, 88, 89, 90, 91, 95, 96, 98, 99, 100, 101, 104, 105, 108, 109, 110, 116, 117, 118, 119, 120, 123, 124, 126, 127, 129, 131, 132, 133, 136, 139, 141, 142, 143, 144, 145, 147, 149, 152, 154, 156, 157, 158, 159, 161, 162, 164, 165, 166, 172, 173, 174, 175, 177, 178], "summary": {"covered_lines": 93, "num_statements": 101, "percent_covered": 92.07920792079207, "percent_covered_display": "92", "missing_lines": 8, "excluded_lines": 0, "percent_statements_covered": 92.07920792079207, "percent_statements_covered_display": "92"}, "missing_lines": [60, 61, 62, 63, 64, 65, 68, 170], "excluded_lines": [], "functions": {"Command.add_arguments": {"executed_lines": [24, 25, 30, 35], "summary": {"covered_lines": 4, "num_statements": 4, "percent_covered": 100.0, "percent_covered_display": "100", "missing_lines": 0, "excluded_lines": 0, "percent_statements_covered": 100.0, "percent_statements_covered_display": "100"}, "missing_lines": [], "excluded_lines": [], "start_line": 23}, "Command.handle": {"executed_lines": [42, 43, 44, 47, 48, 49, 50, 51, 53, 54, 57, 58, 67, 70, 71, 72, 73, 74, 77, 78, 79, 80, 82, 83, 84, 85, 86, 88, 89, 90, 91, 95, 96, 98, 99, 100, 101, 104, 105, 108, 109, 110, 116, 117, 118, 119, 120, 123, 124], "summary": {"covered_lines": 49, "num_statements": 56, "percent_covered": 87.5, "percent_covered_display": "88", "missing_lines": 7, "excluded_lines": 0, "percent_statements_covered": 87.5, "percent_statements_covered_display": "88"}, "missing_lines": [60, 61, 62, 63, 64, 65, 68], "excluded_lines": [], "start_line": 41}, "Command._show_role_filtering": {"executed_lines": [127, 129, 131, 132, 133, 136, 139, 141, 142, 143, 144, 145, 147, 149, 152, 154, 156, 157, 158, 159, 161, 162, 164, 165, 166], "summary": {"covered_lines": 25, "num_statements": 26, "percent_covered": 96.15384615384616, "percent_covered_display": "96", "missing_lines": 1, "excluded_lines": 0, "percent_statements_covered": 96.15384615384616, "percent_statements_covered_display": "96"}, "missing_lines": [170], "excluded_lines": [], "start_line": 126}, "Command._show_sql": {"executed_lines": [173, 174, 175, 177, 178], "summary": {"covered_lines": 5, "num_statements": 5, "percent_covered": 100.0, "percent_covered_display": "100", "missing_lines": 0, "excluded_lines": 0, "percent_statements_covered": 100.0, "percent_statements_covered_display": "100"}, "missing_lines": [], "excluded_lines": [], "start_line": 172}, "": {"executed_lines": [13, 14, 16, 17, 20, 21, 23, 41, 126, 172], "summary": {"covered_lines": 10, "num_statements": 10, "percent_covered": 100.0, "percent_covered_display": "100", "missing_lines": 0, "excluded_lines": 0, "percent_statements_covered": 100.0, "percent_statements_covered_display": "100"}, "missing_lines": [], "excluded_lines": [], "start_line": 1}}, "classes": {"Command": {"executed_lines": [24, 25, 30, 35, 42, 43, 44, 47, 48, 49, 50, 51, 53, 54, 57, 58, 67, 70, 71, 72, 73, 74, 77, 78, 79, 80, 82, 83, 84, 85, 86, 88, 89, 90, 91, 95, 96, 98, 99, 100, 101, 104, 105, 108, 109, 110, 116, 117, 118, 119, 120, 123, 124, 127, 129, 131, 132, 133, 136, 139, 141, 142, 143, 144, 145, 147, 149, 152, 154, 156, 157, 158, 159, 161, 162, 164, 165, 166, 173, 174, 175, 177, 178], "summary": {"covered_lines": 83, "num_statements": 91, "percent_covered": 91.20879120879121, "percent_covered_display": "91", "missing_lines": 8, "excluded_lines": 0, "percent_statements_covered": 91.20879120879121, "percent_statements_covered_display": "91"}, "missing_lines": [60, 61, 62, 63, 64, 65, 68, 170], "excluded_lines": [], "start_line": 20}, "Command._show_role_filtering.MockUser": {"executed_lines": [], "summary": {"covered_lines": 0, "num_statements": 0, "percent_covered": 100.0, "percent_covered_display": "100", "missing_lines": 0, "excluded_lines": 0, "percent_statements_covered": 100.0, "percent_statements_covered_display": "100"}, "missing_lines": [], "excluded_lines": [], "start_line": 141}, "": {"executed_lines": [13, 14, 16, 17, 20, 21, 23, 41, 126, 172], "summary": {"covered_lines": 10, "num_statements": 10, "percent_covered": 100.0, "percent_covered_display": "100", "missing_lines": 0, "excluded_lines": 0, "percent_statements_covered": 100.0, "percent_statements_covered_display": "100"}, "missing_lines": [], "excluded_lines": [], "start_line": 1}}}, "turbodrf/metadata.py": {"executed_lines": [1, 4, 7, 9, 11, 12, 13, 18, 21, 28, 30, 32, 34, 36, 37, 38, 39, 41, 42, 43, 45, 46, 48, 49, 50, 51, 55, 56, 57, 61, 66, 78, 79, 80, 81, 85, 86, 87, 89, 91, 93, 95, 96, 97, 98, 100, 101, 103], "summary": {"covered_lines": 48, "num_statements": 48, "percent_covered": 100.0, "percent_covered_display": "100", "missing_lines": 0, "excluded_lines": 0, "percent_statements_covered": 100.0, "percent_statements_covered_display": "100"}, "missing_lines": [], "excluded_lines": [], "functions": {"TurboDRFMetadata.determine_metadata": {"executed_lines": [9, 11, 12, 13, 18, 21, 28, 30], "summary": {"covered_lines": 8, "num_statements": 8, "percent_covered": 100.0, "percent_covered_display": "100", "missing_lines": 0, "excluded_lines": 0, "percent_statements_covered": 100.0, "percent_statements_covered_display": "100"}, "missing_lines": [], "excluded_lines": [], "start_line": 7}, "TurboDRFMetadata._get_field_metadata": {"executed_lines": [34, 36, 37, 38, 39, 41, 42, 43, 45, 46, 48, 49, 50, 51, 55, 56, 57, 61, 66, 78, 79, 80, 81, 85, 86, 87, 89], "summary": {"covered_lines": 27, "num_statements": 27, "percent_covered": 100.0, "percent_covered_display": "100", "missing_lines": 0, "excluded_lines": 0, "percent_statements_covered": 100.0, "percent_statements_covered_display": "100"}, "missing_lines": [], "excluded_lines": [], "start_line": 32}, "TurboDRFMetadata._get_allowed_actions": {"executed_lines": [93, 95, 96, 97, 98, 100, 101, 103], "summary": {"covered_lines": 8, "num_statements": 8, "percent_covered": 100.0, "percent_covered_display": "100", "missing_lines": 0, "excluded_lines": 0, "percent_statements_covered": 100.0, "percent_statements_covered_display": "100"}, "missing_lines": [], "excluded_lines": [], "start_line": 91}, "": {"executed_lines": [1, 4, 7, 32, 91], "summary": {"covered_lines": 5, "num_statements": 5, "percent_covered": 100.0, "percent_covered_display": "100", "missing_lines": 0, "excluded_lines": 0, "percent_statements_covered": 100.0, "percent_statements_covered_display": "100"}, "missing_lines": [], "excluded_lines": [], "start_line": 1}}, "classes": {"TurboDRFMetadata": {"executed_lines": [9, 11, 12, 13, 18, 21, 28, 30, 34, 36, 37, 38, 39, 41, 42, 43, 45, 46, 48, 49, 50, 51, 55, 56, 57, 61, 66, 78, 79, 80, 81, 85, 86, 87, 89, 93, 95, 96, 97, 98, 100, 101, 103], "summary": {"covered_lines": 43, "num_statements": 43, "percent_covered": 100.0, "percent_covered_display": "100", "missing_lines": 0, "excluded_lines": 0, "percent_statements_covered": 100.0, "percent_statements_covered_display": "100"}, "missing_lines": [], "excluded_lines": [], "start_line": 4}, "": {"executed_lines": [1, 4, 7, 32, 91], "summary": {"covered_lines": 5, "num_statements": 5, "percent_covered": 100.0, "percent_covered_display": "100", "missing_lines": 0, "excluded_lines": 0, "percent_statements_covered": 100.0, "percent_statements_covered_display": "100"}, "missing_lines": [], "excluded_lines": [], "start_line": 1}}}, "turbodrf/mixins.py": {"executed_lines": [8, 11, 38, 39, 81, 87, 88, 109, 110, 112, 120, 122, 125, 127, 128, 150, 151, 154, 155, 156, 157, 158, 161, 162, 165, 166, 167, 168], "summary": {"covered_lines": 28, "num_statements": 30, "percent_covered": 93.33333333333333, "percent_covered_display": "93", "missing_lines": 2, "excluded_lines": 0, "percent_statements_covered": 93.33333333333333, "percent_statements_covered_display": "93"}, "missing_lines": [114, 160], "excluded_lines": [], "functions": {"TurboDRFMixin.turbodrf": {"executed_lines": [81], "summary": {"covered_lines": 1, "num_statements": 1, "percent_covered": 100.0, "percent_covered_display": "100", "missing_lines": 0, "excluded_lines": 0, "percent_statements_covered": 100.0, "percent_statements_covered_display": "100"}, "missing_lines": [], "excluded_lines": [], "start_line": 39}, "TurboDRFMixin.get_api_fields": {"executed_lines": [109, 110, 112, 120, 122, 125], "summary": {"covered_lines": 6, "num_statements": 7, "percent_covered": 85.71428571428571, "percent_covered_display": "86", "missing_lines": 1, "excluded_lines": 0, "percent_statements_covered": 85.71428571428571, "percent_statements_covered_display": "86"}, "missing_lines": [114], "excluded_lines": [], "start_line": 88}, "TurboDRFMixin.get_field_type": {"executed_lines": [150, 151, 154, 155, 156, 157, 158, 161, 162, 165, 166, 167, 168], "summary": {"covered_lines": 13, "num_statements": 14, "percent_covered": 92.85714285714286, "percent_covered_display": "93", "missing_lines": 1, "excluded_lines": 0, "percent_statements_covered": 92.85714285714286, "percent_statements_covered_display": "93"}, "missing_lines": [160], "excluded_lines": [], "start_line": 128}, "": {"executed_lines": [8, 11, 38, 39, 87, 88, 127, 128], "summary": {"covered_lines": 8, "num_statements": 8, "percent_covered": 100.0, "percent_covered_display": "100", "missing_lines": 0, "excluded_lines": 0, "percent_statements_covered": 100.0, "percent_statements_covered_display": "100"}, "missing_lines": [], "excluded_lines": [], "start_line": 1}}, "classes": {"TurboDRFMixin": {"executed_lines": [81, 109, 110, 112, 120, 122, 125, 150, 151, 154, 155, 156, 157, 158, 161, 162, 165, 166, 167, 168], "summary": {"covered_lines": 20, "num_statements": 22, "percent_covered": 90.9090909090909, "percent_covered_display": "91", "missing_lines": 2, "excluded_lines": 0, "percent_statements_covered": 90.9090909090909, "percent_statements_covered_display": "91"}, "missing_lines": [114, 160], "excluded_lines": [], "start_line": 11}, "": {"executed_lines": [8, 11, 38, 39, 87, 88, 127, 128], "summary": {"covered_lines": 8, "num_statements": 8, "percent_covered": 100.0, "percent_covered_display": "100", "missing_lines": 0, "excluded_lines": 0, "percent_statements_covered": 100.0, "percent_statements_covered_display": "100"}, "missing_lines": [], "excluded_lines": [], "start_line": 1}}}, "turbodrf/models.py": {"executed_lines": [8, 9, 10, 13, 20, 31, 32, 44, 70, 77, 81, 90, 91, 96, 100, 101, 102, 103, 104, 109, 111, 112, 113, 116, 150, 151, 152, 153, 155, 162, 163, 165, 170, 177, 181, 188, 197, 205, 213, 214, 218, 219, 220, 221, 222, 225, 258, 260, 261, 266, 268, 270, 272, 273, 277, 279, 280, 282, 283, 286, 289, 307, 313, 317, 319, 320, 321, 322, 323], "summary": {"covered_lines": 69, "num_statements": 71, "percent_covered": 97.1830985915493, "percent_covered_display": "97", "missing_lines": 2, "excluded_lines": 12, "percent_statements_covered": 97.1830985915493, "percent_statements_covered_display": "97"}, "missing_lines": [36, 38], "excluded_lines": [106, 107, 249, 250, 251, 252, 253, 254, 255, 256, 327, 328], "functions": {"_get_permission_check_constraint": {"executed_lines": [20, 31, 32], "summary": {"covered_lines": 3, "num_statements": 5, "percent_covered": 60.0, "percent_covered_display": "60", "missing_lines": 2, "excluded_lines": 0, "percent_statements_covered": 60.0, "percent_statements_covered_display": "60"}, "missing_lines": [36, 38], "excluded_lines": [], "start_line": 13}, "TurboDRFRole.__str__": {"executed_lines": [], "summary": {"covered_lines": 0, "num_statements": 0, "percent_covered": 100.0, "percent_covered_display": "100", "missing_lines": 0, "excluded_lines": 1, "percent_statements_covered": 100.0, "percent_statements_covered_display": "100"}, "missing_lines": [], "excluded_lines": [107], "start_line": 106}, "TurboDRFRole.save": {"executed_lines": [111, 112, 113], "summary": {"covered_lines": 3, "num_statements": 3, "percent_covered": 100.0, "percent_covered_display": "100", "missing_lines": 0, "excluded_lines": 0, "percent_statements_covered": 100.0, "percent_statements_covered_display": "100"}, "missing_lines": [], "excluded_lines": [], "start_line": 109}, "RolePermission.__str__": {"executed_lines": [], "summary": {"covered_lines": 0, "num_statements": 0, "percent_covered": 100.0, "percent_covered_display": "100", "missing_lines": 0, "excluded_lines": 7, "percent_statements_covered": 100.0, "percent_statements_covered_display": "100"}, "missing_lines": [], "excluded_lines": [250, 251, 252, 253, 254, 255, 256], "start_line": 249}, "RolePermission.to_permission_string": {"executed_lines": [260, 261, 266], "summary": {"covered_lines": 3, "num_statements": 3, "percent_covered": 100.0, "percent_covered_display": "100", "missing_lines": 0, "excluded_lines": 0, "percent_statements_covered": 100.0, "percent_statements_covered_display": "100"}, "missing_lines": [], "excluded_lines": [], "start_line": 258}, "RolePermission.save": {"executed_lines": [270, 272, 273], "summary": {"covered_lines": 3, "num_statements": 3, "percent_covered": 100.0, "percent_covered_display": "100", "missing_lines": 0, "excluded_lines": 0, "percent_statements_covered": 100.0, "percent_statements_covered_display": "100"}, "missing_lines": [], "excluded_lines": [], "start_line": 268}, "RolePermission.delete": {"executed_lines": [279, 280, 282, 283, 286], "summary": {"covered_lines": 5, "num_statements": 5, "percent_covered": 100.0, "percent_covered_display": "100", "missing_lines": 0, "excluded_lines": 0, "percent_statements_covered": 100.0, "percent_statements_covered_display": "100"}, "missing_lines": [], "excluded_lines": [], "start_line": 277}, "UserRole.__str__": {"executed_lines": [], "summary": {"covered_lines": 0, "num_statements": 0, "percent_covered": 100.0, "percent_covered_display": "100", "missing_lines": 0, "excluded_lines": 1, "percent_statements_covered": 100.0, "percent_statements_covered_display": "100"}, "missing_lines": [], "excluded_lines": [328], "start_line": 327}, "": {"executed_lines": [8, 9, 10, 13, 44, 70, 77, 81, 90, 91, 96, 100, 101, 102, 103, 104, 109, 116, 150, 151, 152, 153, 155, 162, 163, 165, 170, 177, 181, 188, 197, 205, 213, 214, 218, 219, 220, 221, 222, 225, 258, 268, 277, 289, 307, 313, 317, 319, 320, 321, 322, 323], "summary": {"covered_lines": 52, "num_statements": 52, "percent_covered": 100.0, "percent_covered_display": "100", "missing_lines": 0, "excluded_lines": 3, "percent_statements_covered": 100.0, "percent_statements_covered_display": "100"}, "missing_lines": [], "excluded_lines": [106, 249, 327], "start_line": 1}}, "classes": {"TurboDRFRole": {"executed_lines": [111, 112, 113], "summary": {"covered_lines": 3, "num_statements": 3, "percent_covered": 100.0, "percent_covered_display": "100", "missing_lines": 0, "excluded_lines": 1, "percent_statements_covered": 100.0, "percent_statements_covered_display": "100"}, "missing_lines": [], "excluded_lines": [107], "start_line": 44}, "TurboDRFRole.Meta": {"executed_lines": [], "summary": {"covered_lines": 0, "num_statements": 0, "percent_covered": 100.0, "percent_covered_display": "100", "missing_lines": 0, "excluded_lines": 0, "percent_statements_covered": 100.0, "percent_statements_covered_display": "100"}, "missing_lines": [], "excluded_lines": [], "start_line": 100}, "RolePermission": {"executed_lines": [260, 261, 266, 270, 272, 273, 279, 280, 282, 283, 286], "summary": {"covered_lines": 11, "num_statements": 11, "percent_covered": 100.0, "percent_covered_display": "100", "missing_lines": 0, "excluded_lines": 7, "percent_statements_covered": 100.0, "percent_statements_covered_display": "100"}, "missing_lines": [], "excluded_lines": [250, 251, 252, 253, 254, 255, 256], "start_line": 116}, "RolePermission.Meta": {"executed_lines": [], "summary": {"covered_lines": 0, "num_statements": 0, "percent_covered": 100.0, "percent_covered_display": "100", "missing_lines": 0, "excluded_lines": 0, "percent_statements_covered": 100.0, "percent_statements_covered_display": "100"}, "missing_lines": [], "excluded_lines": [], "start_line": 218}, "UserRole": {"executed_lines": [], "summary": {"covered_lines": 0, "num_statements": 0, "percent_covered": 100.0, "percent_covered_display": "100", "missing_lines": 0, "excluded_lines": 1, "percent_statements_covered": 100.0, "percent_statements_covered_display": "100"}, "missing_lines": [], "excluded_lines": [328], "start_line": 289}, "UserRole.Meta": {"executed_lines": [], "summary": {"covered_lines": 0, "num_statements": 0, "percent_covered": 100.0, "percent_covered_display": "100", "missing_lines": 0, "excluded_lines": 0, "percent_statements_covered": 100.0, "percent_statements_covered_display": "100"}, "missing_lines": [], "excluded_lines": [], "start_line": 319}, "": {"executed_lines": [8, 9, 10, 13, 20, 31, 32, 44, 70, 77, 81, 90, 91, 96, 100, 101, 102, 103, 104, 109, 116, 150, 151, 152, 153, 155, 162, 163, 165, 170, 177, 181, 188, 197, 205, 213, 214, 218, 219, 220, 221, 222, 225, 258, 268, 277, 289, 307, 313, 317, 319, 320, 321, 322, 323], "summary": {"covered_lines": 55, "num_statements": 57, "percent_covered": 96.49122807017544, "percent_covered_display": "96", "missing_lines": 2, "excluded_lines": 3, "percent_statements_covered": 96.49122807017544, "percent_statements_covered_display": "96"}, "missing_lines": [36, 38], "excluded_lines": [106, 249, 327], "start_line": 1}}}, "turbodrf/permissions.py": {"executed_lines": [8, 11, 60, 73, 75, 76, 80, 83, 85, 86, 88, 91, 93, 94, 95, 98, 108, 109, 110, 113, 114, 116, 132, 134, 137, 139, 140, 141, 143, 146, 174, 184, 190, 191, 195, 198, 199, 200, 201, 204], "summary": {"covered_lines": 40, "num_statements": 40, "percent_covered": 100.0, "percent_covered_display": "100", "missing_lines": 0, "excluded_lines": 0, "percent_statements_covered": 100.0, "percent_statements_covered_display": "100"}, "missing_lines": [], "excluded_lines": [], "functions": {"TurboDRFPermission.has_permission": {"executed_lines": [73, 75, 76, 80, 83, 85, 86, 88, 91, 93, 94, 95, 98, 108, 109, 110, 113, 114], "summary": {"covered_lines": 18, "num_statements": 18, "percent_covered": 100.0, "percent_covered_display": "100", "missing_lines": 0, "excluded_lines": 0, "percent_statements_covered": 100.0, "percent_statements_covered_display": "100"}, "missing_lines": [], "excluded_lines": [], "start_line": 60}, "TurboDRFPermission._get_user_permissions": {"executed_lines": [132, 134, 137, 139, 140, 141, 143], "summary": {"covered_lines": 7, "num_statements": 7, "percent_covered": 100.0, "percent_covered_display": "100", "missing_lines": 0, "excluded_lines": 0, "percent_statements_covered": 100.0, "percent_statements_covered_display": "100"}, "missing_lines": [], "excluded_lines": [], "start_line": 116}, "DefaultDjangoPermission.has_permission": {"executed_lines": [190, 191, 195, 198, 199, 200, 201, 204], "summary": {"covered_lines": 8, "num_statements": 8, "percent_covered": 100.0, "percent_covered_display": "100", "missing_lines": 0, "excluded_lines": 0, "percent_statements_covered": 100.0, "percent_statements_covered_display": "100"}, "missing_lines": [], "excluded_lines": [], "start_line": 184}, "": {"executed_lines": [8, 11, 60, 116, 146, 174, 184], "summary": {"covered_lines": 7, "num_statements": 7, "percent_covered": 100.0, "percent_covered_display": "100", "missing_lines": 0, "excluded_lines": 0, "percent_statements_covered": 100.0, "percent_statements_covered_display": "100"}, "missing_lines": [], "excluded_lines": [], "start_line": 1}}, "classes": {"TurboDRFPermission": {"executed_lines": [73, 75, 76, 80, 83, 85, 86, 88, 91, 93, 94, 95, 98, 108, 109, 110, 113, 114, 132, 134, 137, 139, 140, 141, 143], "summary": {"covered_lines": 25, "num_statements": 25, "percent_covered": 100.0, "percent_covered_display": "100", "missing_lines": 0, "excluded_lines": 0, "percent_statements_covered": 100.0, "percent_statements_covered_display": "100"}, "missing_lines": [], "excluded_lines": [], "start_line": 11}, "DefaultDjangoPermission": {"executed_lines": [190, 191, 195, 198, 199, 200, 201, 204], "summary": {"covered_lines": 8, "num_statements": 8, "percent_covered": 100.0, "percent_covered_display": "100", "missing_lines": 0, "excluded_lines": 0, "percent_statements_covered": 100.0, "percent_statements_covered_display": "100"}, "missing_lines": [], "excluded_lines": [], "start_line": 146}, "": {"executed_lines": [8, 11, 60, 116, 146, 174, 184], "summary": {"covered_lines": 7, "num_statements": 7, "percent_covered": 100.0, "percent_covered_display": "100", "missing_lines": 0, "excluded_lines": 0, "percent_statements_covered": 100.0, "percent_statements_covered_display": "100"}, "missing_lines": [], "excluded_lines": [], "start_line": 1}}}, "turbodrf/renderers.py": {"executed_lines": [8, 10, 11, 13, 14, 18, 19, 20, 23, 24, 27, 41, 56, 61, 62], "summary": {"covered_lines": 15, "num_statements": 34, "percent_covered": 44.11764705882353, "percent_covered_display": "44", "missing_lines": 19, "excluded_lines": 0, "percent_statements_covered": 44.11764705882353, "percent_statements_covered_display": "44"}, "missing_lines": [16, 17, 22, 29, 32, 33, 34, 36, 37, 38, 39, 43, 46, 47, 48, 50, 51, 52, 53], "excluded_lines": [], "functions": {"TurboDRFRenderer.render": {"executed_lines": [], "summary": {"covered_lines": 0, "num_statements": 3, "percent_covered": 0.0, "percent_covered_display": "0", "missing_lines": 3, "excluded_lines": 0, "percent_statements_covered": 0.0, "percent_statements_covered_display": "0"}, "missing_lines": [37, 38, 39], "excluded_lines": [], "start_line": 36}, "": {"executed_lines": [8, 10, 11, 13, 14, 18, 19, 20, 23, 24, 27, 41, 56, 61, 62], "summary": {"covered_lines": 15, "num_statements": 31, "percent_covered": 48.38709677419355, "percent_covered_display": "48", "missing_lines": 16, "excluded_lines": 0, "percent_statements_covered": 48.38709677419355, "percent_statements_covered_display": "48"}, "missing_lines": [16, 17, 22, 29, 32, 33, 34, 36, 43, 46, 47, 48, 50, 51, 52, 53], "excluded_lines": [], "start_line": 1}}, "classes": {"TurboDRFRenderer": {"executed_lines": [], "summary": {"covered_lines": 0, "num_statements": 3, "percent_covered": 0.0, "percent_covered_display": "0", "missing_lines": 3, "excluded_lines": 0, "percent_statements_covered": 0.0, "percent_statements_covered_display": "0"}, "missing_lines": [37, 38, 39], "excluded_lines": [], "start_line": 29}, "": {"executed_lines": [8, 10, 11, 13, 14, 18, 19, 20, 23, 24, 27, 41, 56, 61, 62], "summary": {"covered_lines": 15, "num_statements": 31, "percent_covered": 48.38709677419355, "percent_covered_display": "48", "missing_lines": 16, "excluded_lines": 0, "percent_statements_covered": 48.38709677419355, "percent_statements_covered_display": "48"}, "missing_lines": [16, 17, 22, 29, 32, 33, 34, 36, 43, 46, 47, 48, 50, 51, 52, 53], "excluded_lines": [], "start_line": 1}}}, "turbodrf/router.py": {"executed_lines": [8, 9, 10, 12, 13, 16, 49, 57, 58, 60, 79, 81, 83, 85, 86, 87, 89, 91, 92, 94, 95, 96, 97, 98, 99, 102, 103, 104, 111, 114, 117, 127, 128, 131, 138, 143, 144, 146, 147, 148, 149, 150, 151, 153, 158, 166, 169, 170, 171, 175, 178, 179, 182, 188, 190], "summary": {"covered_lines": 55, "num_statements": 57, "percent_covered": 96.49122807017544, "percent_covered_display": "96", "missing_lines": 2, "excluded_lines": 0, "percent_statements_covered": 96.49122807017544, "percent_statements_covered_display": "96"}, "missing_lines": [105, 106], "excluded_lines": [], "functions": {"TurboDRFRouter.__init__": {"executed_lines": [57, 58], "summary": {"covered_lines": 2, "num_statements": 2, "percent_covered": 100.0, "percent_covered_display": "100", "missing_lines": 0, "excluded_lines": 0, "percent_statements_covered": 100.0, "percent_statements_covered_display": "100"}, "missing_lines": [], "excluded_lines": [], "start_line": 49}, "TurboDRFRouter.discover_models": {"executed_lines": [79, 81, 83, 85, 86, 87, 89, 91, 92, 94, 95, 96, 97, 98, 99, 102, 103, 104, 111, 114, 117, 127, 128, 131, 138, 143, 144, 146, 147, 148, 149, 150, 151, 153], "summary": {"covered_lines": 34, "num_statements": 36, "percent_covered": 94.44444444444444, "percent_covered_display": "94", "missing_lines": 2, "excluded_lines": 0, "percent_statements_covered": 94.44444444444444, "percent_statements_covered_display": "94"}, "missing_lines": [105, 106], "excluded_lines": [], "start_line": 60}, "TurboDRFRouter.get_urls": {"executed_lines": [166, 169, 170, 171, 175, 178, 179, 182, 188, 190], "summary": {"covered_lines": 10, "num_statements": 10, "percent_covered": 100.0, "percent_covered_display": "100", "missing_lines": 0, "excluded_lines": 0, "percent_statements_covered": 100.0, "percent_statements_covered_display": "100"}, "missing_lines": [], "excluded_lines": [], "start_line": 158}, "": {"executed_lines": [8, 9, 10, 12, 13, 16, 49, 60, 158], "summary": {"covered_lines": 9, "num_statements": 9, "percent_covered": 100.0, "percent_covered_display": "100", "missing_lines": 0, "excluded_lines": 0, "percent_statements_covered": 100.0, "percent_statements_covered_display": "100"}, "missing_lines": [], "excluded_lines": [], "start_line": 1}}, "classes": {"TurboDRFRouter": {"executed_lines": [57, 58, 79, 81, 83, 85, 86, 87, 89, 91, 92, 94, 95, 96, 97, 98, 99, 102, 103, 104, 111, 114, 117, 127, 128, 1
[...]
atements_covered_display": "100"}, "missing_lines": [], "excluded_lines": [], "functions": {"is_tracking_enabled": {"executed_lines": [34, 35, 38, 39, 41, 42, 43], "summary": {"covered_lines": 7, "num_statements": 7, "percent_covered": 100.0, "percent_covered_display": "100", "missing_lines": 0, "excluded_lines": 0, "percent_statements_covered": 100.0, "percent_statements_covered_display": "100"}, "missing_lines": [], "excluded_lines": [], "start_line": 32}, "get_tracking_mixin": {"executed_lines": [54, 55, 57, 58, 60, 61, 62], "summary": {"covered_lines": 7, "num_statements": 7, "percent_covered": 100.0, "percent_covered_display": "100", "missing_lines": 0, "excluded_lines": 0, "percent_statements_covered": 100.0, "percent_statements_covered_display": "100"}, "missing_lines": [], "excluded_lines": [], "start_line": 46}, "get_viewset_base_classes": {"executed_lines": [72, 74, 76, 77, 79, 81], "summary": {"covered_lines": 6, "num_statements": 6, "percent_covered": 100.0, "percent_covered_display": "100", "missing_lines": 0, "excluded_lines": 0, "percent_statements_covered": 100.0, "percent_statements_covered_display": "100"}, "missing_lines": [], "excluded_lines": [], "start_line": 65}, "": {"executed_lines": [29, 32, 46, 65], "summary": {"covered_lines": 4, "num_statements": 4, "percent_covered": 100.0, "percent_covered_display": "100", "missing_lines": 0, "excluded_lines": 0, "percent_statements_covered": 100.0, "percent_statements_covered_display": "100"}, "missing_lines": [], "excluded_lines": [], "start_line": 1}}, "classes": {"": {"executed_lines": [29, 32, 34, 35, 38, 39, 41, 42, 43, 46, 54, 55, 57, 58, 60, 61, 62, 65, 72, 74, 76, 77, 79, 81], "summary": {"covered_lines": 24, "num_statements": 24, "percent_covered": 100.0, "percent_covered_display": "100", "missing_lines": 0, "excluded_lines": 0, "percent_statements_covered": 100.0, "percent_statements_covered_display": "100"}, "missing_lines": [], "excluded_lines": [], "start_line": 1}}}, "turbodrf/urls.py": {"executed_lines": [1, 3, 4, 7, 10, 13, 19, 20], "summary": {"covered_lines": 8, "num_statements": 8, "percent_covered": 100.0, "percent_covered_display": "100", "missing_lines": 0, "excluded_lines": 0, "percent_statements_covered": 100.0, "percent_statements_covered_display": "100"}, "missing_lines": [], "excluded_lines": [], "functions": {"": {"executed_lines": [1, 3, 4, 7, 10, 13, 19, 20], "summary": {"covered_lines": 8, "num_statements": 8, "percent_covered": 100.0, "percent_covered_display": "100", "missing_lines": 0, "excluded_lines": 0, "percent_statements_covered": 100.0, "percent_statements_covered_display": "100"}, "missing_lines": [], "excluded_lines": [], "start_line": 1}}, "classes": {"": {"executed_lines": [1, 3, 4, 7, 10, 13, 19, 20], "summary": {"covered_lines": 8, "num_statements": 8, "percent_covered": 100.0, "percent_covered_display": "100", "missing_lines": 0, "excluded_lines": 0, "percent_statements_covered": 100.0, "percent_statements_covered_display": "100"}, "missing_lines": [], "excluded_lines": [], "start_line": 1}}}, "turbodrf/utils.py": {"executed_lines": [6, 8, 10, 11, 12, 14, 20, 21, 23, 24, 26, 27, 28, 30, 32, 33, 36, 37, 41, 51, 52, 57, 58, 60, 62, 63, 65], "summary": {"covered_lines": 27, "num_statements": 27, "percent_covered": 100.0, "percent_covered_display": "100", "missing_lines": 0, "excluded_lines": 0, "percent_statements_covered": 100.0, "percent_statements_covered_display": "100"}, "missing_lines": [], "excluded_lines": [], "functions": {"create_options_metadata": {"executed_lines": [8, 10, 11, 12, 14, 20, 21, 23, 24, 26, 27, 28, 30, 32, 33, 36, 37, 41, 51, 52, 57, 58, 60, 62, 63, 65], "summary": {"covered_lines": 26, "num_statements": 26, "percent_covered": 100.0, "percent_covered_display": "100", "missing_lines": 0, "excluded_lines": 0, "percent_statements_covered": 100.0, "percent_statements_covered_display": "100"}, "missing_lines": [], "excluded_lines": [], "start_line": 6}, "": {"executed_lines": [6], "summary": {"covered_lines": 1, "num_statements": 1, "percent_covered": 100.0, "percent_covered_display": "100", "missing_lines": 0, "excluded_lines": 0, "percent_statements_covered": 100.0, "percent_statements_covered_display": "100"}, "missing_lines": [], "excluded_lines": [], "start_line": 1}}, "classes": {"": {"executed_lines": [6, 8, 10, 11, 12, 14, 20, 21, 23, 24, 26, 27, 28, 30, 32, 33, 36, 37, 41, 51, 52, 57, 58, 60, 62, 63, 65], "summary": {"covered_lines": 27, "num_statements": 27, "percent_covered": 100.0, "percent_covered_display": "100", "missing_lines": 0, "excluded_lines": 0, "percent_statements_covered": 100.0, "percent_statements_covered_display": "100"}, "missing_lines": [], "excluded_lines": [], "start_line": 1}}}, "turbodrf/validation.py": {"executed_lines": [8, 10, 11, 13, 16, 23, 25, 28, 55, 56, 59, 60, 63, 65, 66, 74, 77, 101, 102, 103, 105, 106, 107, 108, 111, 112, 114, 115, 119, 122, 145, 148, 149, 150, 151, 152, 154, 157, 158, 160, 162, 167, 168, 169, 173, 175, 176, 180, 183, 184, 185, 186, 188, 191, 192, 196, 203, 206, 224, 225, 228, 231, 263, 264, 265, 267, 268, 271, 273], "summary": {"covered_lines": 69, "num_statements": 72, "percent_covered": 95.83333333333333, "percent_covered_display": "96", "missing_lines": 3, "excluded_lines": 0, "percent_statements_covered": 95.83333333333333, "percent_statements_covered_display": "96"}, "missing_lines": [197, 198, 201], "excluded_lines": [], "functions": {"get_max_nesting_depth": {"executed_lines": [23, 25], "summary": {"covered_lines": 2, "num_statements": 2, "percent_covered": 100.0, "percent_covered_display": "100", "missing_lines": 0, "excluded_lines": 0, "percent_statements_covered": 100.0, "percent_statements_covered_display": "100"}, "missing_lines": [], "excluded_lines": [], "start_line": 16}, "validate_nesting_depth": {"executed_lines": [55, 56, 59, 60, 63, 65, 66, 74], "summary": {"covered_lines": 8, "num_statements": 8, "percent_covered": 100.0, "percent_covered_display": "100", "missing_lines": 0, "excluded_lines": 0, "percent_statements_covered": 100.0, "percent_statements_covered_display": "100"}, "missing_lines": [], "excluded_lines": [], "start_line": 28}, "get_nested_field_model": {"executed_lines": [101, 102, 103, 105, 106, 107, 108, 111, 112, 114, 115, 119], "summary": {"covered_lines": 12, "num_statements": 12, "percent_covered": 100.0, "percent_covered_display": "100", "missing_lines": 0, "excluded_lines": 0, "percent_statements_covered": 100.0, "percent_statements_covered_display": "100"}, "missing_lines": [], "excluded_lines": [], "start_line": 77}, "check_nested_field_permissions": {"executed_lines": [145, 148, 149, 150, 151, 152, 154, 157, 158, 160, 162, 167, 168, 169, 173, 175, 176, 180, 183, 184, 185, 186, 188, 191, 192, 196, 203], "summary": {"covered_lines": 27, "num_statements": 30, "percent_covered": 90.0, "percent_covered_display": "90", "missing_lines": 3, "excluded_lines": 0, "percent_statements_covered": 90.0, "percent_statements_covered_display": "90"}, "missing_lines": [197, 198, 201], "excluded_lines": [], "start_line": 122}, "validate_filter_field": {"executed_lines": [224, 225, 228, 231, 263, 264, 265, 267, 268, 271, 273], "summary": {"covered_lines": 11, "num_statements": 11, "percent_covered": 100.0, "percent_covered_display": "100", "missing_lines": 0, "excluded_lines": 0, "percent_statements_covered": 100.0, "percent_statements_covered_display": "100"}, "missing_lines": [], "excluded_lines": [], "start_line": 206}, "": {"executed_lines": [8, 10, 11, 13, 16, 28, 77, 122, 206], "summary": {"covered_lines": 9, "num_statements": 9, "percent_covered": 100.0, "percent_covered_display": "100", "missing_lines": 0, "excluded_lines": 0, "percent_statements_covered": 100.0, "percent_statements_covered_display": "100"}, "missing_lines": [], "excluded_lines": [], "start_line": 1}}, "classes": {"": {"executed_lines": [8, 10, 11, 13, 16, 23, 25, 28, 55, 56, 59, 60, 63, 65, 66, 74, 77, 101, 102, 103, 105, 106, 107, 108, 111, 112, 114, 115, 119, 122, 145, 148, 149, 150, 151, 152, 154, 157, 158, 160, 162, 167, 168, 169, 173, 175, 176, 180, 183, 184, 185, 186, 188, 191, 192, 196, 203, 206, 224, 225, 228, 231, 263, 264, 265, 267, 268, 271, 273], "summary": {"covered_lines": 69, "num_statements": 72, "percent_covered": 95.83333333333333, "percent_covered_display": "96", "missing_lines": 3, "excluded_lines": 0, "percent_statements_covered": 95.83333333333333, "percent_statements_covered_display": "96"}, "missing_lines": [197, 198, 201], "excluded_lines": [], "start_line": 1}}}, "turbodrf/views.py": {"executed_lines": [1, 2, 3, 4, 5, 6, 8, 9, 10, 11, 12, 15, 43, 44, 45, 47, 61, 63, 78, 81, 132, 143, 144, 145, 153, 154, 156, 165, 166, 168, 173, 175, 181, 182, 185, 186, 188, 191, 196, 198, 199, 201, 204, 208, 211, 215, 216, 218, 219, 221, 224, 227, 228, 229, 230, 235, 242, 243, 244, 247, 248, 249, 250, 253, 254, 255, 257, 258, 259, 262, 263, 264, 269, 270, 271, 272, 273, 276, 277, 279, 281, 283, 284, 285, 288, 289, 290, 292, 294, 295, 296, 299, 336, 337, 340, 342, 343, 344, 347, 349, 351, 354, 359, 361, 363, 367, 368, 370, 371, 372, 374, 376, 377, 378, 380, 383, 384, 385, 387, 390, 391, 396, 398, 404, 405, 410, 415, 417, 422, 431, 432, 435, 436, 441, 443, 467, 469, 501, 502, 507, 508, 512, 513, 515, 516, 519, 520, 521, 523, 524, 525, 527, 528, 530, 532, 533, 557, 558, 559, 561, 562, 580, 582, 605, 607, 610, 611, 615, 616, 617, 620, 621, 623, 629, 630, 634, 635, 639, 643, 647, 648, 650, 660, 662, 663, 665, 671, 673, 674, 679, 680, 682, 683, 685, 691, 693, 698, 701, 702, 703, 704, 705, 706, 707, 708, 711, 712, 714, 718, 720, 722, 728, 729, 730, 733, 734, 735, 737, 738, 740, 742, 743, 744, 745, 747, 749, 750, 751, 754, 755, 758, 760, 768, 769, 770, 771, 772], "summary": {"covered_lines": 237, "num_statements": 263, "percent_covered": 90.11406844106465, "percent_covered_display": "90", "missing_lines": 26, "excluded_lines": 0, "percent_statements_covered": 90.11406844106465, "percent_statements_covered_display": "90"}, "missing_lines": [157, 159, 160, 161, 169, 171, 183, 189, 195, 232, 233, 286, 297, 373, 504, 624, 625, 626, 632, 633, 640, 688, 713, 715, 731, 752], "excluded_lines": [], "functions": {"TurboDRFPagination.get_paginated_response": {"executed_lines": [61, 63], "summary": {"covered_lines": 2, "num_statements": 2, "percent_covered": 100.0, "percent_covered_display": "100", "missing_lines": 0, "excluded_lines": 0, "percent_statements_covered": 100.0, "percent_statements_covered_display": "100"}, "missing_lines": [], "excluded_lines": [], "start_line": 47}, "TurboDRFViewSet.list": {"executed_lines": [181, 182], "summary": {"covered_lines": 2, "num_statements": 3, "percent_covered": 66.66666666666667, "percent_covered_display": "67", "missing_lines": 1, "excluded_lines": 0, "percent_statements_covered": 66.66666666666667, "percent_statements_covered_display": "67"}, "missing_lines": [183], "excluded_lines": [], "start_line": 175}, "TurboDRFViewSet._should_use_compiled_path": {"executed_lines": [186, 188, 191, 196], "summary": {"covered_lines": 4, "num_statements": 6, "percent_covered": 66.66666666666667, "percent_covered_display": "67", "missing_lines": 2, "excluded_lines": 0, "percent_statements_covered": 66.66666666666667, "percent_statements_covered_display": "67"}, "missing_lines": [189, 195], "excluded_lines": [], "start_line": 185}, "TurboDRFViewSet._compiled_list": {"executed_lines": [199, 201, 204, 208, 211, 215, 216, 218, 219, 221, 224, 227, 228, 229, 230], "summary": {"covered_lines": 15, "num_statements": 17, "percent_covered": 88.23529411764706, "percent_covered_display": "88", "missing_lines": 2, "excluded_lines": 0, "percent_statements_covered": 88.23529411764706, "percent_statements_covered_display": "88"}, "missing_lines": [232, 233], "excluded_lines": [], "start_line": 198}, "TurboDRFViewSet._parse_client_fields": {"executed_lines": [242, 243, 244, 247, 248, 249, 250, 253, 254, 255, 257, 258, 259, 262, 263, 264, 269, 270, 271, 272, 273, 276, 277, 279], "summary": {"covered_lines": 24, "num_statements": 24, "percent_covered": 100.0, "percent_covered_display": "100", "missing_lines": 0, "excluded_lines": 0, "percent_statements_covered": 100.0, "percent_statements_covered_display": "100"}, "missing_lines": [], "excluded_lines": [], "start_line": 235}, "TurboDRFViewSet._get_compiled_readable_fields": {"executed_lines": [283, 284, 285, 288, 289, 290, 292, 294, 295, 296], "summary": {"covered_lines": 10, "num_statements": 12, "percent_covered": 83.33333333333333, "percent_covered_display": "83", "missing_lines": 2, "excluded_lines": 0, "percent_statements_covered": 83.33333333333333, "percent_statements_covered_display": "83"}, "missing_lines": [286, 297], "excluded_lines": [], "start_line": 281}, "TurboDRFViewSet.get_serializer_class": {"executed_lines": [336, 337, 340, 342, 343, 344, 347, 349, 351, 354, 359, 361, 363, 367, 368, 370, 371, 372, 374, 376, 377, 378, 380, 383, 384, 385, 387, 390, 391, 396, 398, 404, 405, 410, 415, 417, 422, 431, 432, 435, 436, 441, 443, 467], "summary": {"covered_lines": 44, "num_statements": 45, "percent_covered": 97.77777777777777, "percent_covered_display": "98", "missing_lines": 1, "excluded_lines": 0, "percent_statements_covered": 97.77777777777777, "percent_statements_covered_display": "98"}, "missing_lines": [373], "excluded_lines": [], "start_line": 299}, "TurboDRFViewSet.get_queryset": {"executed_lines": [501, 502, 507, 508, 512, 513, 515, 516, 519, 520, 521, 523, 524, 525, 527, 528, 530], "summary": {"covered_lines": 17, "num_statements": 18, "percent_covered": 94.44444444444444, "percent_covered_display": "94", "missing_lines": 1, "excluded_lines": 0, "percent_statements_covered": 94.44444444444444, "percent_statements_covered_display": "94"}, "missing_lines": [504], "excluded_lines": [], "start_line": 469}, "TurboDRFViewSet.search_fields": {"executed_lines": [557, 558, 559], "summary": {"covered_lines": 3, "num_statements": 3, "percent_covered": 100.0, "percent_covered_display": "100", "missing_lines": 0, "excluded_lines": 0, "percent_statements_covered": 100.0, "percent_statements_covered_display": "100"}, "missing_lines": [], "excluded_lines": [], "start_line": 533}, "TurboDRFViewSet.ordering_fields": {"executed_lines": [580], "summary": {"covered_lines": 1, "num_statements": 1, "percent_covered": 100.0, "percent_covered_display": "100", "missing_lines": 0, "excluded_lines": 0, "percent_statements_covered": 100.0, "percent_statements_covered_display": "100"}, "missing_lines": [], "excluded_lines": [], "start_line": 562}, "TurboDRFViewSet.get_filterset_fields": {"executed_lines": [605, 607, 610, 691, 693, 698, 701, 702, 703, 704, 705, 706, 707, 708, 711, 712, 714, 718, 720], "summary": {"covered_lines": 19, "num_statements": 21, "percent_covered": 90.47619047619048, "percent_covered_display": "90", "missing_lines": 2, "excluded_lines": 0, "percent_statements_covered": 90.47619047619048, "percent_statements_covered_display": "90"}, "missing_lines": [713, 715], "excluded_lines": [], "start_line": 582}, "TurboDRFViewSet.get_filterset_fields.get_field_lookups": {"executed_lines": [611, 615, 616, 617, 620, 621, 623, 629, 630, 634, 635, 639, 643, 647, 648, 650, 660, 662, 663, 665, 671, 673, 674, 679, 680, 682, 683, 685], "summary": {"covered_lines": 28, "num_statements": 35, "percent_covered": 80.0, "percent_covered_display": "80", "missing_lines": 7, "excluded_lines": 0, "percent_statements_covered": 80.0, "percent_statements_covered_display": "80"}, "missing_lines": [624, 625, 626, 632, 633, 640, 688], "excluded_lines": [], "start_line": 610}, "TurboDRFViewSet._get_filterable_fields": {"executed_lines": [728, 729, 730, 733, 734, 735, 737, 738, 740, 742, 743, 744, 745, 747, 749, 750, 751], "summary": {"covered_lines": 17, "num_statements": 19, "percent_covered": 89.47368421052632, "percent_covered_display": "89", "missing_lines": 2, "excluded_lines": 0, "percent_statements_covered": 89.47368421052632, "percent_statements_covered_display": "89"}, "missing_lines": [731, 752], "excluded_lines": [], "start_line": 722}, "TurboDRFViewSet.filterset_fields": {"executed_lines": [758], "summary": {"covered_lines": 1, "num_statements": 1, "percent_covered": 100.0, "percent_covered_display": "100", "missing_lines": 0, "excluded_lines": 0, "percent_statements_covered": 100.0, "percent_statements_covered_display": "100"}, "missing_lines": [], "excluded_lines": [], "start_line": 755}, "TurboDRFViewSet.create": {"executed_lines": [768, 769, 770, 771, 772], "summary": {"covered_lines": 5, "num_statements": 5, "percent_covered": 100.0, "percent_covered_display": "100", "missing_lines": 0, "excluded_lines": 0, "percent_statements_covered": 100.0, "percent_statements_covered_display": "100"}, "missing_lines": [], "excluded_lines": [], "start_line": 760}, "": {"executed_lines": [1, 2, 3, 4, 5, 6, 8, 9, 10, 11, 12, 15, 43, 44, 45, 47, 78, 81, 132, 143, 144, 145, 153, 154, 156, 165, 166, 168, 173, 175, 185, 198, 235, 281, 299, 469, 532, 533, 561, 562, 582, 722, 754, 755, 760], "summary": {"covered_lines": 45, "num_statements": 51, "percent_covered": 88.23529411764706, "percent_covered_display": "88", "missing_lines": 6, "excluded_lines": 0, "percent_statements_covered": 88.23529411764706, "percent_statements_covered_display": "88"}, "missing_lines": [157, 159, 160, 161, 169, 171], "excluded_lines": [], "start_line": 1}}, "classes": {"TurboDRFPagination": {"executed_lines": [61, 63], "summary": {"covered_lines": 2, "num_statements": 2, "percent_covered": 100.0, "percent_covered_display": "100", "missing_lines": 0, "excluded_lines": 0, "percent_statements_covered": 100.0, "percent_statements_covered_display": "100"}, "missing_lines": [], "excluded_lines": [], "start_line": 15}, "TurboDRFViewSet": {"executed_lines": [181, 182, 186, 188, 191, 196, 199, 201, 204, 208, 211, 215, 216, 218, 219, 221, 224, 227, 228, 229, 230, 242, 243, 244, 247, 248, 249, 250, 253, 254, 255, 257, 258, 259, 262, 263, 264, 269, 270, 271, 272, 273, 276, 277, 279, 283, 284, 285, 288, 289, 290, 292, 294, 295, 296, 336, 337, 340, 342, 343, 344, 347, 349, 351, 354, 359, 361, 363, 367, 368, 370, 371, 372, 374, 376, 377, 378, 380, 383, 384, 385, 387, 390, 391, 396, 398, 404, 405, 410, 415, 417, 422, 431, 432, 435, 436, 441, 443, 467, 501, 502, 507, 508, 512, 513, 515, 516, 519, 520, 521, 523, 524, 525, 527, 528, 530, 557, 558, 559, 580, 605, 607, 610, 611, 615, 616, 617, 620, 621, 623, 629, 630, 634, 635, 639, 643, 647, 648, 650, 660, 662, 663, 665, 671, 673, 674, 679, 680, 682, 683, 685, 691, 693, 698, 701, 702, 703, 704, 705, 706, 707, 708, 711, 712, 714, 718, 720, 728, 729, 730, 733, 734, 735, 737, 738, 740, 742, 743, 744, 745, 747, 749, 750, 751, 758, 768, 769, 770, 771, 772], "summary": {"covered_lines": 190, "num_statements": 210, "percent_covered": 90.47619047619048, "percent_covered_display": "90", "missing_lines": 20, "excluded_lines": 0, "percent_statements_covered": 90.47619047619048, "percent_statements_covered_display": "90"}, "missing_lines": [183, 189, 195, 232, 233, 286, 297, 373, 504, 624, 625, 626, 632, 633, 640, 688, 713, 715, 731, 752], "excluded_lines": [], "start_line": 81}, "": {"executed_lines": [1, 2, 3, 4, 5, 6, 8, 9, 10, 11, 12, 15, 43, 44, 45, 47, 78, 81, 132, 143, 144, 145, 153, 154, 156, 165, 166, 168, 173, 175, 185, 198, 235, 281, 299, 469, 532, 533, 561, 562, 582, 722, 754, 755, 760], "summary": {"covered_lines": 45, "num_statements": 51, "percent_covered": 88.23529411764706, "percent_covered_display": "88", "missing_lines": 6, "excluded_lines": 0, "percent_statements_covered": 88.23529411764706, "percent_statements_covered_display": "88"}, "missing_lines": [157, 159, 160, 161, 169, 171], "excluded_lines": [], "start_line": 1}}}}, "totals": {"covered_lines": 1837, "num_statements": 1953, "percent_covered": 94.06041986687148, "percent_covered_display": "94", "missing_lines": 116, "excluded_lines": 12, "percent_statements_covered": 94.06041986687148, "percent_statements_covered_display": "94"}}