{"meta": {"format": 3, "version": "7.13.1", "timestamp": "2026-01-04T12:21:09.411881", "branch_coverage": false, "show_contexts": false}, "files": {"turbodrf/__init__.py": {"executed_lines": [37, 38, 39, 40, 44, 46, 47, 49, 50, 51, 53, 54, 55, 57, 58, 59, 61, 62, 63, 65, 66, 67, 69, 70, 73], "summary": {"covered_lines": 25, "num_statements": 25, "percent_covered": 100.0, "percent_covered_display": "100", "missing_lines": 0, "excluded_lines": 0, "percent_statements_covered": 100.0, "percent_statements_covered_display": "100"}, "missing_lines": [], "excluded_lines": [], "functions": {"__getattr__": {"executed_lines": [46, 47, 49, 50, 51, 53, 54, 55, 57, 58, 59, 61, 62, 63, 65, 66, 67, 69, 70], "summary": {"covered_lines": 19, "num_statements": 19, "percent_covered": 100.0, "percent_covered_display": "100", "missing_lines": 0, "excluded_lines": 0, "percent_statements_covered": 100.0, "percent_statements_covered_display": "100"}, "missing_lines": [], "excluded_lines": [], "start_line": 44}, "": {"executed_lines": [37, 38, 39, 40, 44, 73], "summary": {"covered_lines": 6, "num_statements": 6, "percent_covered": 100.0, "percent_covered_display": "100", "missing_lines": 0, "excluded_lines": 0, "percent_statements_covered": 100.0, "percent_statements_covered_display": "100"}, "missing_lines": [], "excluded_lines": [], "start_line": 1}}, "classes": {"": {"executed_lines": [37, 38, 39, 40, 44, 46, 47, 49, 50, 51, 53, 54, 55, 57, 58, 59, 61, 62, 63, 65, 66, 67, 69, 70, 73], "summary": {"covered_lines": 25, "num_statements": 25, "percent_covered": 100.0, "percent_covered_display": "100", "missing_lines": 0, "excluded_lines": 0, "percent_statements_covered": 100.0, "percent_statements_covered_display": "100"}, "missing_lines": [], "excluded_lines": [], "start_line": 1}}}, "turbodrf/apps.py": {"executed_lines": [1, 2, 5, 6, 7, 8, 10, 15, 16, 18, 26], "summary": {"covered_lines": 11, "num_statements": 15, "percent_covered": 73.33333333333333, "percent_covered_display": "73", "missing_lines": 4, "excluded_lines": 0, "percent_statements_covered": 73.33333333333333, "percent_statements_covered_display": "73"}, "missing_lines": [28, 29, 32, 33], "excluded_lines": [], "functions": {"TurboDRFConfig.ready": {"executed_lines": [15, 16], "summary": {"covered_lines": 2, "num_statements": 2, "percent_covered": 100.0, "percent_covered_display": "100", "missing_lines": 0, "excluded_lines": 0, "percent_statements_covered": 100.0, "percent_statements_covered_display": "100"}, "missing_lines": [], "excluded_lines": [], "start_line": 10}, "TurboDRFConfig._ensure_drf_yasg_installed": {"executed_lines": [26], "summary": {"covered_lines": 1, "num_statements": 5, "percent_covered": 20.0, "percent_covered_display": "20", "missing_lines": 4, "excluded_lines": 0, "percent_statements_covered": 20.0, "percent_statements_covered_display": "20"}, "missing_lines": [28, 29, 32, 33], "excluded_lines": [], "start_line": 18}, "": {"executed_lines": [1, 2, 5, 6, 7, 8, 10, 18], "summary": {"covered_lines": 8, "num_statements": 8, "percent_covered": 100.0, "percent_covered_display": "100", "missing_lines": 0, "excluded_lines": 0, "percent_statements_covered": 100.0, "percent_statements_covered_display": "100"}, "missing_lines": [], "excluded_lines": [], "start_line": 1}}, "classes": {"TurboDRFConfig": {"executed_lines": [15, 16, 26], "summary": {"covered_lines": 3, "num_statements": 7, "percent_covered": 42.857142857142854, "percent_covered_display": "43", "missing_lines": 4, "excluded_lines": 0, "percent_statements_covered": 42.857142857142854, "percent_statements_covered_display": "43"}, "missing_lines": [28, 29, 32, 33], "excluded_lines": [], "start_line": 5}, "": {"executed_lines": [1, 2, 5, 6, 7, 8, 10, 18], "summary": {"covered_lines": 8, "num_statements": 8, "percent_covered": 100.0, "percent_covered_display": "100", "missing_lines": 0, "excluded_lines": 0, "percent_statements_covered": 100.0, "percent_statements_covered_display": "100"}, "missing_lines": [], "excluded_lines": [], "start_line": 1}}}, "turbodrf/backends.py": {"executed_lines": [8, 9, 11, 12, 15, 16, 46, 47, 48, 49, 50, 52, 54, 56, 58, 60, 62, 64, 66, 68, 70, 73, 80, 83, 94, 96, 97, 98, 100, 101, 102, 108, 110, 112, 114, 116, 121, 122, 124, 136, 149, 151, 153, 154, 155, 158, 159, 160, 161, 164, 165, 167, 168, 169, 170, 171, 172, 173, 174, 175, 176, 179, 180, 181, 182, 185, 186, 190, 191, 193, 194, 196, 198, 200, 201, 202, 203, 206, 207, 210, 211, 212, 213, 216, 220, 222, 225, 239, 241, 242, 243, 246, 247, 253, 257, 262, 263, 266, 267, 268, 270, 271, 273, 274, 275, 276, 277, 278, 281, 282, 285, 287, 289, 290, 292, 294, 296, 297, 298, 301, 302, 305, 306, 307, 310, 314, 316, 319, 330, 333, 336, 337, 340, 341, 342, 345, 346, 347, 350, 356, 358, 361, 372, 373, 376, 385, 386, 389, 392, 415, 416, 417, 418, 421, 423, 424, 427, 430, 431, 433, 436, 447, 448, 450, 452, 453, 454, 456, 459, 470, 473, 474], "summary": {"covered_lines": 172, "num_statements": 182, "percent_covered": 94.50549450549451, "percent_covered_display": "95", "missing_lines": 10, "excluded_lines": 0, "percent_statements_covered": 94.50549450549451, "percent_statements_covered_display": "95"}, "missing_lines": [103, 104, 106, 107, 125, 127, 133, 248, 352, 471], "excluded_lines": [], "functions": {"PermissionSnapshot.can_perform_action": {"executed_lines": [54], "summary": {"covered_lines": 1, "num_statements": 1, "percent_covered": 100.0, "percent_covered_display": "100", "missing_lines": 0, "excluded_lines": 0, "percent_statements_covered": 100.0, "percent_statements_covered_display": "100"}, "missing_lines": [], "excluded_lines": [], "start_line": 52}, "PermissionSnapshot.can_read_field": {"executed_lines": [58], "summary": {"covered_lines": 1, "num_statements": 1, "percent_covered": 100.0, "percent_covered_display": "100", "missing_lines": 0, "excluded_lines": 0, "percent_statements_covered": 100.0, "percent_statements_covered_display": "100"}, "missing_lines": [], "excluded_lines": [], "start_line": 56}, "PermissionSnapshot.can_write_field": {"executed_lines": [62], "summary": {"covered_lines": 1, "num_statements": 1, "percent_covered": 100.0, "percent_covered_display": "100", "missing_lines": 0, "excluded_lines": 0, "percent_statements_covered": 100.0, "percent_statements_covered_display": "100"}, "missing_lines": [], "excluded_lines": [], "start_line": 60}, "PermissionSnapshot.has_read_rule": {"executed_lines": [66], "summary": {"covered_lines": 1, "num_statements": 1, "percent_covered": 100.0, "percent_covered_display": "100", "missing_lines": 0, "excluded_lines": 0, "percent_statements_covered": 100.0, "percent_statements_covered_display": "100"}, "missing_lines": [], "excluded_lines": [], "start_line": 64}, "PermissionSnapshot.has_write_rule": {"executed_lines": [70], "summary": {"covered_lines": 1, "num_statements": 1, "percent_covered": 100.0, "percent_covered_display": "100", "missing_lines": 0, "excluded_lines": 0, "percent_statements_covered": 100.0, "percent_statements_covered_display": "100"}, "missing_lines": [], "excluded_lines": [], "start_line": 68}, "get_permission_mode": {"executed_lines": [80], "summary": {"covered_lines": 1, "num_statements": 1, "percent_covered": 100.0, "percent_covered_display": "100", "missing_lines": 0, "excluded_lines": 0, "percent_statements_covered": 100.0, "percent_statements_covered_display": "100"}, "missing_lines": [], "excluded_lines": [], "start_line": 73}, "get_user_roles": {"executed_lines": [94, 96, 97, 98, 100, 101, 102, 108, 110, 112, 114, 116, 121, 122, 124], "summary": {"covered_lines": 15, "num_statements": 22, "percent_covered": 68.18181818181819, "percent_covered_display": "68", "missing_lines": 7, "excluded_lines": 0, "percent_statements_covered": 68.18181818181819, "percent_statements_covered_display": "68"}, "missing_lines": [103, 104, 106, 107, 125, 127, 133], "excluded_lines": [], "start_line": 83}, "build_permission_snapshot_static": {"executed_lines": [149, 151, 153, 154, 155, 158, 159, 160, 161, 164, 165, 167, 168, 169, 170, 171, 172, 173, 174, 175, 176, 179, 180, 181, 182, 185, 186, 190, 191, 193, 194, 196, 198, 200, 201, 202, 203, 206, 207, 210, 211, 212, 213, 216, 220, 222], "summary": {"covered_lines": 46, "num_statements": 46, "percent_covered": 100.0, "percent_covered_display": "100", "missing_lines": 0, "excluded_lines": 0, "percent_statements_covered": 100.0, "percent_statements_covered_display": "100"}, "missing_lines": [], "excluded_lines": [], "start_line": 136}, "build_permission_snapshot_database": {"executed_lines": [239, 241, 242, 243, 246, 247, 253, 257, 262, 263, 266, 267, 268, 270, 271, 273, 274, 275, 276, 277, 278, 281, 282, 285, 287, 289, 290, 292, 294, 296, 297, 298, 301, 302, 305, 306, 307, 310, 314, 316], "summary": {"covered_lines": 40, "num_statements": 41, "percent_covered": 97.5609756097561, "percent_covered_display": "98", "missing_lines": 1, "excluded_lines": 0, "percent_statements_covered": 97.5609756097561, "percent_statements_covered_display": "98"}, "missing_lines": [248], "excluded_lines": [], "start_line": 225}, "get_cache_key": {"executed_lines": [330, 333, 336, 337, 340, 341, 342, 345, 346, 347, 350, 356, 358], "summary": {"covered_lines": 13, "num_statements": 14, "percent_covered": 92.85714285714286, "percent_covered_display": "93", "missing_lines": 1, "excluded_lines": 0, "percent_statements_covered": 92.85714285714286, "percent_statements_covered_display": "93"}, "missing_lines": [352], "excluded_lines": [], "start_line": 319}, "get_cached_snapshot": {"executed_lines": [372, 373], "summary": {"covered_lines": 2, "num_statements": 2, "percent_covered": 100.0, "percent_covered_display": "100", "missing_lines": 0, "excluded_lines": 0, "percent_statements_covered": 100.0, "percent_statements_covered_display": "100"}, "missing_lines": [], "excluded_lines": [], "start_line": 361}, "set_cached_snapshot": {"executed_lines": [385, 386, 389], "summary": {"covered_lines": 3, "num_statements": 3, "percent_covered": 100.0, "percent_covered_display": "100", "missing_lines": 0, "excluded_lines": 0, "percent_statements_covered": 100.0, "percent_statements_covered_display": "100"}, "missing_lines": [], "excluded_lines": [], "start_line": 376}, "build_permission_snapshot": {"executed_lines": [415, 416, 417, 418, 421, 423, 424, 427, 430, 431, 433], "summary": {"covered_lines": 11, "num_statements": 11, "percent_covered": 100.0, "percent_covered_display": "100", "missing_lines": 0, "excluded_lines": 0, "percent_statements_covered": 100.0, "percent_statements_covered_display": "100"}, "missing_lines": [], "excluded_lines": [], "start_line": 392}, "attach_snapshot_to_request": {"executed_lines": [447, 448, 450, 452, 453, 454, 456], "summary": {"covered_lines": 7, "num_statements": 7, "percent_covered": 100.0, "percent_covered_display": "100", "missing_lines": 0, "excluded_lines": 0, "percent_statements_covered": 100.0, "percent_statements_covered_display": "100"}, "missing_lines": [], "excluded_lines": [], "start_line": 436}, "get_snapshot_from_request": {"executed_lines": [470, 473, 474], "summary": {"covered_lines": 3, "num_statements": 4, "percent_covered": 75.0, "percent_covered_display": "75", "missing_lines": 1, "excluded_lines": 0, "percent_statements_covered": 75.0, "percent_statements_covered_display": "75"}, "missing_lines": [471], "excluded_lines": [], "start_line": 459}, "": {"executed_lines": [8, 9, 11, 12, 15, 16, 46, 47, 48, 49, 50, 52, 56, 60, 64, 68, 73, 83, 136, 225, 319, 361, 376, 392, 436, 459], "summary": {"covered_lines": 26, "num_statements": 26, "percent_covered": 100.0, "percent_covered_display": "100", "missing_lines": 0, "excluded_lines": 0, "percent_statements_covered": 100.0, "percent_statements_covered_display": "100"}, "missing_lines": [], "excluded_lines": [], "start_line": 1}}, "classes": {"PermissionSnapshot": {"executed_lines": [54, 58, 62, 66, 70], "summary": {"covered_lines": 5, "num_statements": 5, "percent_covered": 100.0, "percent_covered_display": "100", "missing_lines": 0, "excluded_lines": 0, "percent_statements_covered": 100.0, "percent_statements_covered_display": "100"}, "missing_lines": [], "excluded_lines": [], "start_line": 16}, "": {"executed_lines": [8, 9, 11, 12, 15, 16, 46, 47, 48, 49, 50, 52, 56, 60, 64, 68, 73, 80, 83, 94, 96, 97, 98, 100, 101, 102, 108, 110, 112, 114, 116, 121, 122, 124, 136, 149, 151, 153, 154, 155, 158, 159, 160, 161, 164, 165, 167, 168, 169, 170, 171, 172, 173, 174, 175, 176, 179, 180, 181, 182, 185, 186, 190, 191, 193, 194, 196, 198, 200, 201, 202, 203, 206, 207, 210, 211, 212, 213, 216, 220, 222, 225, 239, 241, 242, 243, 246, 247, 253, 257, 262, 263, 266, 267, 268, 270, 271, 273, 274, 275, 276, 277, 278, 281, 282, 285, 287, 289, 290, 292, 294, 296, 297, 298, 301, 302, 305, 306, 307, 310, 314, 316, 319, 330, 333, 336, 337, 340, 341, 342, 345, 346, 347, 350, 356, 358, 361, 372, 373, 376, 385, 386, 389, 392, 415, 416, 417, 418, 421, 423, 424, 427, 430, 431, 433, 436, 447, 448, 450, 452, 453, 454, 456, 459, 470, 473, 474], "summary": {"covered_lines": 167, "num_statements": 177, "percent_covered": 94.35028248587571, "percent_covered_display": "94", "missing_lines": 10, "excluded_lines": 0, "percent_statements_covered": 94.35028248587571, "percent_statements_covered_display": "94"}, "missing_lines": [103, 104, 106, 107, 125, 127, 133, 248, 352, 471], "excluded_lines": [], "start_line": 1}}}, "turbodrf/documentation.py": {"executed_lines": [13, 14, 15, 16, 19, 91, 92, 94, 96, 110], "summary": {"covered_lines": 10, "num_statements": 10, "percent_covered": 100.0, "percent_covered_display": "100", "missing_lines": 0, "excluded_lines": 0, "percent_statements_covered": 100.0, "percent_statements_covered_display": "100"}, "missing_lines": [], "excluded_lines": [], "functions": {"get_turbodrf_schema_view": {"executed_lines": [91, 92, 94, 96, 110], "summary": {"covered_lines": 5, "num_statements": 5, "percent_covered": 100.0, "percent_covered_display": "100", "missing_lines": 0, "excluded_lines": 0, "percent_statements_covered": 100.0, "percent_statements_covered_display": "100"}, "missing_lines": [], "excluded_lines": [], "start_line": 19}, "": {"executed_lines": [13, 14, 15, 16, 19], "summary": {"covered_lines": 5, "num_statements": 5, "percent_covered": 100.0, "percent_covered_display": "100", "missing_lines": 0, "excluded_lines": 0, "percent_statements_covered": 100.0, "percent_statements_covered_display": "100"}, "missing_lines": [], "excluded_lines": [], "start_line": 1}}, "classes": {"": {"executed_lines": [13, 14, 15, 16, 19, 91, 92, 94, 96, 110], "summary": {"covered_lines": 10, "num_statements": 10, "percent_covered": 100.0, "percent_covered_display": "100", "missing_lines": 0, "excluded_lines": 0, "percent_statements_covered": 100.0, "percent_statements_covered_display": "100"}, "missing_lines": [], "excluded_lines": [], "start_line": 1}}}, "turbodrf/filter_backends.py": {"executed_lines": [8, 9, 12, 48, 61, 64, 65, 68, 70, 72, 73, 75, 77, 80, 86, 87, 90, 93, 96, 97, 98, 100, 101, 102, 104, 106, 109, 110, 112, 115, 116, 119, 121, 123, 129, 132, 133, 134, 138, 139, 140, 141, 142, 143, 144, 147, 148, 151, 152, 154, 156, 175, 177, 179, 183, 184, 187, 189, 190, 192, 204, 205, 211, 212, 220, 221, 225, 227, 229, 230, 232, 233, 234, 238, 248, 250], "summary": {"covered_lines": 76, "num_statements": 92, "percent_covered": 82.6086956521739, "percent_covered_display": "83", "missing_lines": 16, "excluded_lines": 0, "percent_statements_covered": 82.6086956521739, "percent_statements_covered_display": "83"}, "missing_lines": [83, 113, 135, 194, 195, 197, 200, 213, 215, 216, 239, 241, 242, 244, 246, 257], "excluded_lines": [], "functions": {"ORFilterBackend.filter_queryset": {"executed_lines": [61, 64, 65, 68, 70, 72, 73, 75, 77, 80, 86, 87, 90, 93, 96, 97, 98, 100, 101, 102, 104, 106, 109, 110, 112, 115, 116, 119, 121], "summary": {"covered_lines": 29, "num_statements": 31, "percent_covered": 93.54838709677419, "percent_covered_display": "94", "missing_lines": 2, "excluded_lines": 0, "percent_statements_covered": 93.54838709677419, "percent_statements_covered_display": "94"}, "missing_lines": [83, 113], "excluded_lines": [], "start_line": 48}, "ORFilterBackend._get_valid_filter_fields": {"executed_lines": [129, 132, 133, 134, 138, 139, 140, 141, 142, 143, 144, 147, 148, 151, 152, 154], "summary": {"covered_lines": 16, "num_statements": 17, "percent_covered": 94.11764705882354, "percent_covered_display": "94", "missing_lines": 1, "excluded_lines": 0, "percent_statements_covered": 94.11764705882354, "percent_statements_covered_display": "94"}, "missing_lines": [135], "excluded_lines": [], "start_line": 123}, "ORFilterBackend._is_valid_filter_field": {"executed_lines": [175, 177, 179, 183, 184, 187, 189, 190, 192, 204, 205, 211, 212, 220, 221, 225, 227, 229, 230, 232, 233, 234, 238, 248], "summary": {"covered_lines": 24, "num_statements": 36, "percent_covered": 66.66666666666667, "percent_covered_display": "67", "missing_lines": 12, "excluded_lines": 0, "percent_statements_covered": 66.66666666666667, "percent_statements_covered_display": "67"}, "missing_lines": [194, 195, 197, 200, 213, 215, 216, 239, 241, 242, 244, 246], "excluded_lines": [], "start_line": 156}, "ORFilterBackend.get_schema_operation_parameters": {"executed_lines": [], "summary": {"covered_lines": 0, "num_statements": 1, "percent_covered": 0.0, "percent_covered_display": "0", "missing_lines": 1, "excluded_lines": 0, "percent_statements_covered": 0.0, "percent_statements_covered_display": "0"}, "missing_lines": [257], "excluded_lines": [], "start_line": 250}, "": {"executed_lines": [8, 9, 12, 48, 123, 156, 250], "summary": {"covered_lines": 7, "num_statements": 7, "percent_covered": 100.0, "percent_covered_display": "100", "missing_lines": 0, "excluded_lines": 0, "percent_statements_covered": 100.0, "percent_statements_covered_display": "100"}, "missing_lines": [], "excluded_lines": [], "start_line": 1}}, "classes": {"ORFilterBackend": {"executed_lines": [61, 64, 65, 68, 70, 72, 73, 75, 77, 80, 86, 87, 90, 93, 96, 97, 98, 100, 101, 102, 104, 106, 109, 110, 112, 115, 116, 119, 121, 129, 132, 133, 134, 138, 139, 140, 141, 142, 143, 144, 147, 148, 151, 152, 154, 175, 177, 179, 183, 184, 187, 189, 190, 192, 204, 205, 211, 212, 220, 221, 225, 227, 229, 230, 232, 233, 234, 238, 248], "summary": {"covered_lines": 69, "num_statements": 85, "percent_covered": 81.17647058823529, "percent_covered_display": "81", "missing_lines": 16, "excluded_lines": 0, "percent_statements_covered": 81.17647058823529, "percent_statements_covered_display": "81"}, "missing_lines": [83, 113, 135, 194, 195, 197, 200, 213, 215, 216, 239, 241, 242, 244, 246, 257], "excluded_lines": [], "start_line": 12}, "": {"executed_lines": [8, 9, 12, 48, 123, 156, 250], "summary": {"covered_lines": 7, "num_statements": 7, "percent_covered": 100.0, "percent_covered_display": "100", "missing_lines": 0, "excluded_lines": 0, "percent_statements_covered": 100.0, "percent_statements_covered_display": "100"}, "missing_lines": [], "excluded_lines": [], "start_line": 1}}}, "turbodrf/integrations/__init__.py": {"executed_lines": [7, 15, 25], "summary": {"covered_lines": 3, "num_statements": 3, "percent_covered": 100.0, "percent_covered_display": "100", "missing_lines": 0, "excluded_lines": 0, "percent_statements_covered": 100.0, "percent_statements_covered_display": "100"}, "missing_lines": [], "excluded_lines": [], "functions": {"": {"executed_lines": [7, 15, 25], "summary": {"covered_lines": 3, "num_statements": 3, "percent_covered": 100.0, "percent_covered_display": "100", "missing_lines": 0, "excluded_lines": 0, "percent_statements_covered": 100.0, "percent_statements_covered_display": "100"}, "missing_lines": [], "excluded_lines": [], "start_line": 1}}, "classes": {"": {"executed_lines": [7, 15, 25], "summary": {"covered_lines": 3, "num_statements": 3, "percent_covered": 100.0, "percent_covered_display": "100", "missing_lines": 0, "excluded_lines": 0, "percent_statements_covered": 100.0, "percent_statements_covered_display": "100"}, "missing_lines": [], "excluded_lines": [], "start_line": 1}}}, "turbodrf/integrations/allauth.py": {"executed_lines": [8, 10, 11, 14, 21, 24, 31, 34, 42, 45, 72, 74, 75, 76, 78, 81, 83, 85, 88, 109, 116, 118, 129, 132, 137, 141, 145, 149, 151, 153, 154, 157], "summary": {"covered_lines": 32, "num_statements": 34, "percent_covered": 94.11764705882354, "percent_covered_display": "94", "missing_lines": 2, "excluded_lines": 0, "percent_statements_covered": 94.11764705882354, "percent_statements_covered_display": "94"}, "missing_lines": [148, 172], "excluded_lines": [], "functions": {"is_allauth_installed": {"executed_lines": [21], "summary": {"covered_lines": 1, "num_statements": 1, "percent_covered": 100.0, "percent_covered_display": "100", "missing_lines": 0, "excluded_lines": 0, "percent_statements_covered": 100.0, "percent_statements_covered_display": "100"}, "missing_lines": [], "excluded_lines": [], "start_line": 14}, "is_integration_enabled": {"executed_lines": [31], "summary": {"covered_lines": 1, "num_statements": 1, "percent_covered": 100.0, "percent_covered_display": "100", "missing_lines": 0, "excluded_lines": 0, "percent_statements_covered": 100.0, "percent_statements_covered_display": "100"}, "missing_lines": [], "excluded_lines": [], "start_line": 24}, "get_role_mapping": {"executed_lines": [42], "summary": {"covered_lines": 1, "num_statements": 1, "percent_covered": 100.0, "percent_covered_display": "100", "missing_lines": 0, "excluded_lines": 0, "percent_statements_covered": 100.0, "percent_statements_covered_display": "100"}, "missing_lines": [], "excluded_lines": [], "start_line": 34}, "get_user_roles_from_groups": {"executed_lines": [72, 74, 75, 76, 78, 81, 83, 85], "summary": {"covered_lines": 8, "num_statements": 8, "percent_covered": 100.0, "percent_covered_display": "100", "missing_lines": 0, "excluded_lines": 0, "percent_statements_covered": 100.0, "percent_statements_covered_display": "100"}, "missing_lines": [], "excluded_lines": [], "start_line": 45}, "AllAuthRoleMiddleware.__init__": {"executed_lines": [116], "summary": {"covered_lines": 1, "num_statements": 1, "percent_covered": 100.0, "percent_covered_display": "100", "missing_lines": 0, "excluded_lines": 0, "percent_statements_covered": 100.0, "percent_statements_covered_display": "100"}, "missing_lines": [], "excluded_lines": [], "start_line": 109}, "AllAuthRoleMiddleware.__call__": {"executed_lines": [129, 132, 137, 141, 145, 149, 151, 153, 154], "summary": {"covered_lines": 9, "num_statements": 10, "percent_covered": 90.0, "percent_covered_display": "90", "missing_lines": 1, "excluded_lines": 0, "percent_statements_covered": 90.0, "percent_statements_covered_display": "90"}, "missing_lines": [148], "excluded_lines": [], "start_line": 118}, "setup_allauth_integration": {"executed_lines": [], "summary": {"covered_lines": 0, "num_statements": 1, "percent_covered": 0.0, "percent_covered_display": "0", "missing_lines": 1, "excluded_lines": 0, "percent_statements_covered": 0.0, "percent_statements_covered_display": "0"}, "missing_lines": [172], "excluded_lines": [], "start_line": 157}, "": {"executed_lines": [8, 10, 11, 14, 24, 34, 45, 88, 109, 118, 157], "summary": {"covered_lines": 11, "num_statements": 11, "percent_covered": 100.0, "percent_covered_display": "100", "missing_lines": 0, "excluded_lines": 0, "percent_statements_covered": 100.0, "percent_statements_covered_display": "100"}, "missing_lines": [], "excluded_lines": [], "start_line": 1}}, "classes": {"AllAuthRoleMiddleware": {"executed_lines": [116, 129, 132, 137, 141, 145, 149, 151, 153, 154], "summary": {"covered_lines": 10, "num_statements": 11, "percent_covered": 90.9090909090909, "percent_covered_display": "91", "missing_lines": 1, "excluded_lines": 0, "percent_statements_covered": 90.9090909090909, "percent_statements_covered_display": "91"}, "missing_lines": [148], "excluded_lines": [], "start_line": 88}, "": {"executed_lines": [8, 10, 11, 14, 21, 24, 31, 34, 42, 45, 72, 74, 75, 76, 78, 81, 83, 85, 88, 109, 118, 157], "summary": {"covered_lines": 22, "num_statements": 23, "percent_covered": 95.65217391304348, "percent_covered_display": "96", "missing_lines": 1, "excluded_lines": 0, "percent_statements_covered": 95.65217391304348, "percent_statements_covered_display": "96"}, "missing_lines": [172], "excluded_lines": [], "start_line": 1}}}, "turbodrf/integrations/allauth_roles.py": {"executed_lines": [8, 11, 28, 30, 31, 32, 34, 37, 54, 57, 76, 77, 79, 80, 81, 83, 86, 124, 144, 175], "summary": {"covered_lines": 20, "num_statements": 40, "percent_covered": 50.0, "percent_covered_display": "50", "missing_lines": 20, "excluded_lines": 0, "percent_statements_covered": 50.0, "percent_statements_covered_display": "50"}, "missing_lines": [115, 116, 118, 119, 121, 141, 163, 166, 167, 168, 169, 170, 172, 190, 191, 192, 193, 195, 197, 198], "excluded_lines": [], "functions": {"create_role_groups": {"executed_lines": [28, 30, 31, 32, 34], "summary": {"covered_lines": 5, "num_statements": 5, "percent_covered": 100.0, "percent_covered_display": "100", "missing_lines": 0, "excluded_lines": 0, "percent_statements_covered": 100.0, "percent_statements_covered_display": "100"}, "missing_lines": [], "excluded_lines": [], "start_line": 11}, "sync_groups_to_roles": {"executed_lines": [54], "summary": {"covered_lines": 1, "num_statements": 1, "percent_covered": 100.0, "percent_covered_display": "100", "missing_lines": 0, "excluded_lines": 0, "percent_statements_covered": 100.0, "percent_statements_covered_display": "100"}, "missing_lines": [], "excluded_lines": [], "start_line": 37}, "validate_role_mapping": {"executed_lines": [76, 77, 79, 80, 81, 83], "summary": {"covered_lines": 6, "num_statements": 6, "percent_covered": 100.0, "percent_covered_display": "100", "missing_lines": 0, "excluded_lines": 0, "percent_statements_covered": 100.0, "percent_statements_covered_display": "100"}, "missing_lines": [], "excluded_lines": [], "start_line": 57}, "create_role_mapping": {"executed_lines": [], "summary": {"covered_lines": 0, "num_statements": 5, "percent_covered": 0.0, "percent_covered_display": "0", "missing_lines": 5, "excluded_lines": 0, "percent_statements_covered": 0.0, "percent_statements_covered_display": "0"}, "missing_lines": [115, 116, 118, 119, 121], "excluded_lines": [], "start_line": 86}, "get_or_create_role_group": {"executed_lines": [], "summary": {"covered_lines": 0, "num_statements": 1, "percent_covered": 0.0, "percent_covered_display": "0", "missing_lines": 1, "excluded_lines": 0, "percent_statements_covered": 0.0, "percent_statements_covered_display": "0"}, "missing_lines": [141], "excluded_lines": [], "start_line": 124}, "assign_roles_to_user": {"executed_lines": [], "summary": {"covered_lines": 0, "num_statements": 7, "percent_covered": 0.0, "percent_covered_display": "0", "missing_lines": 7, "excluded_lines": 0, "percent_statements_covered": 0.0, "percent_statements_covered_display": "0"}, "missing_lines": [163, 166, 167, 168, 169, 170, 172], "excluded_lines": [], "start_line": 144}, "get_users_with_role": {"executed_lines": [], "summary": {"covered_lines": 0, "num_statements": 7, "percent_covered": 0.0, "percent_covered_display": "0", "missing_lines": 7, "excluded_lines": 0, "percent_statements_covered": 0.0, "percent_statements_covered_display": "0"}, "missing_lines": [190, 191, 192, 193, 195, 197, 198], "excluded_lines": [], "start_line": 175}, "": {"executed_lines": [8, 11, 37, 57, 86, 124, 144, 175], "summary": {"covered_lines": 8, "num_statements": 8, "percent_covered": 100.0, "percent_covered_display": "100", "missing_lines": 0, "excluded_lines": 0, "percent_statements_covered": 100.0, "percent_statements_covered_display": "100"}, "missing_lines": [], "excluded_lines": [], "start_line": 1}}, "classes": {"": {"executed_lines": [8, 11, 28, 30, 31, 32, 34, 37, 54, 57, 76, 77, 79, 80, 81, 83, 86, 124, 144, 175], "summary": {"covered_lines": 20, "num_statements": 40, "percent_covered": 50.0, "percent_covered_display": "50", "missing_lines": 20, "excluded_lines": 0, "percent_statements_covered": 50.0, "percent_statements_covered_display": "50"}, "missing_lines": [115, 116, 118, 119, 121, 141, 163, 166, 167, 168, 169, 170, 172, 190, 191, 192, 193, 195, 197, 198], "excluded_lines": [], "start_line": 1}}}, "turbodrf/integrations/keycloak.py": {"executed_lines": [19, 21, 24, 31, 34, 41, 44, 57, 60, 77, 80, 103, 104, 106, 107, 108, 109, 112, 115, 116, 118, 121, 141, 143, 145, 147, 148, 150, 151, 153, 156, 173, 174, 193, 219, 226, 228, 253, 265], "summary": {"covered_lines": 39, "num_statements": 53, "percent_covered": 73.58490566037736, "percent_covered_display": "74", "missing_lines": 14, "excluded_lines": 0, "percent_statements_covered": 73.58490566037736, "percent_statements_covered_display": "74"}, "missing_lines": [177, 179, 181, 184, 186, 188, 190, 239, 241, 243, 245, 247, 249, 250], "excluded_lines": [], "functions": {"is_social_auth_installed": {"executed_lines": [31], "summary": {"covered_lines": 1, "num_statements": 1, "percent_covered": 100.0, "percent_covered_display": "100", "missing_lines": 0, "excluded_lines": 0, "percent_statements_covered": 100.0, "percent_statements_covered_display": "100"}, "missing_lines": [], "excluded_lines": [], "start_line": 24}, "is_integration_enabled": {"executed_lines": [41], "summary": {"covered_lines": 1, "num_statements": 1, "percent_covered": 100.0, "percent_covered_display": "100", "missing_lines": 0, "excluded_lines": 0, "percent_statements_covered": 100.0, "percent_statements_covered_display": "100"}, "missing_lines": [], "excluded_lines": [], "start_line": 34}, "get_role_claim_path": {"executed_lines": [57], "summary": {"covered_lines": 1, "num_statements": 1, "percent_covered": 100.0, "percent_covered_display": "100", "missing_lines": 0, "excluded_lines": 0, "percent_statements_covered": 100.0, "percent_statements_covered_display": "100"}, "missing_lines": [], "excluded_lines": [], "start_line": 44}, "get_role_mapping": {"executed_lines": [77], "summary": {"covered_lines": 1, "num_statements": 1, "percent_covered": 100.0, "percent_covered_display": "100", "missing_lines": 0, "excluded_lines": 0, "percent_statements_covered": 100.0, "percent_statements_covered_display": "100"}, "missing_lines": [], "excluded_lines": [], "start_line": 60}, "extract_roles_from_token": {"executed_lines": [103, 104, 106, 107, 108, 109, 112, 115, 116, 118], "summary": {"covered_lines": 10, "num_statements": 10, "percent_covered": 100.0, "percent_covered_display": "100", "missing_lines": 0, "excluded_lines": 0, "percent_statements_covered": 100.0, "percent_statements_covered_display": "100"}, "missing_lines": [], "excluded_lines": [], "start_line": 80}, "map_keycloak_roles_to_turbodrf": {"executed_lines": [141, 143, 145, 147, 148, 150, 151, 153], "summary": {"covered_lines": 8, "num_statements": 8, "percent_covered": 100.0, "percent_covered_display": "100", "missing_lines": 0, "excluded_lines": 0, "percent_statements_covered": 100.0, "percent_statements_covered_display": "100"}, "missing_lines": [], "excluded_lines": [], "start_line": 121}, "get_user_roles_from_social_auth": {"executed_lines": [173, 174], "summary": {"covered_lines": 2, "num_statements": 9, "percent_covered": 22.22222222222222, "percent_covered_display": "22", "missing_lines": 7, "excluded_lines": 0, "percent_statements_covered": 22.22222222222222, "percent_statements_covered_display": "22"}, "missing_lines": [177, 179, 181, 184, 186, 188, 190], "excluded_lines": [], "start_line": 156}, "KeycloakRoleMiddleware.__init__": {"executed_lines": [226], "summary": {"covered_lines": 1, "num_statements": 1, "percent_covered": 100.0, "percent_covered_display": "100", "missing_lines": 0, "excluded_lines": 0, "percent_statements_covered": 100.0, "percent_statements_covered_display": "100"}, "missing_lines": [], "excluded_lines": [], "start_line": 219}, "KeycloakRoleMiddleware.__call__": {"executed_lines": [], "summary": {"covered_lines": 0, "num_statements": 7, "percent_covered": 0.0, "percent_covered_display": "0", "missing_lines": 7, "excluded_lines": 0, "percent_statements_covered": 0.0, "percent_statements_covered_display": "0"}, "missing_lines": [239, 241, 243, 245, 247, 249, 250], "excluded_lines": [], "start_line": 228}, "setup_keycloak_integration": {"executed_lines": [265], "summary": {"covered_lines": 1, "num_statements": 1, "percent_covered": 100.0, "percent_covered_display": "100", "missing_lines": 0, "excluded_lines": 0, "percent_statements_covered": 100.0, "percent_statements_covered_display": "100"}, "missing_lines": [], "excluded_lines": [], "start_line": 253}, "": {"executed_lines": [19, 21, 24, 34, 44, 60, 80, 121, 156, 193, 219, 228, 253], "summary": {"covered_lines": 13, "num_statements": 13, "percent_covered": 100.0, "percent_covered_display": "100", "missing_lines": 0, "excluded_lines": 0, "percent_statements_covered": 100.0, "percent_statements_covered_display": "100"}, "missing_lines": [], "excluded_lines": [], "start_line": 1}}, "classes": {"KeycloakRoleMiddleware": {"executed_lines": [226], "summary": {"covered_lines": 1, "num_statements": 8, "percent_covered": 12.5, "percent_covered_display": "12", "missing_lines": 7, "excluded_lines": 0, "percent_statements_covered": 12.5, "percent_statements_covered_display": "12"}, "missing_lines": [239, 241, 243, 245, 247, 249, 250], "excluded_lines": [], "start_line": 193}, "": {"executed_lines": [19, 21, 24, 31, 34, 41, 44, 57, 60, 77, 80, 103, 104, 106, 107, 108, 109, 112, 115, 116, 118, 121, 141, 143, 145, 147, 148, 150, 151, 153, 156, 173, 174, 193, 219, 228, 253, 265], "summary": {"covered_lines": 38, "num_statements": 45, "percent_covered": 84.44444444444444, "percent_covered_display": "84", "missing_lines": 7, "excluded_lines": 0, "percent_statements_covered": 84.44444444444444, "percent_statements_covered_display": "84"}, "missing_lines": [177, 179, 181, 184, 186, 188, 190], "excluded_lines": [], "start_line": 1}}}, "turbodrf/metadata.py": {"executed_lines": [], "summary": {"covered_lines": 0, "num_statements": 48, "percent_covered": 0.0, "percent_covered_display": "0", "missing_lines": 48, "excluded_lines": 0, "percent_statements_covered": 0.0, "percent_statements_covered_display": "0"}, "missing_lines": [1, 4, 7, 9, 11, 12, 13, 18, 21, 28, 30, 32, 34, 36, 37, 38, 39, 41, 42, 43, 45, 46, 48, 49, 50, 51, 55, 56, 57, 61, 66, 78, 79, 80, 81, 85, 86, 87, 89, 91, 93, 95, 96, 97, 98, 100, 101, 103], "excluded_lines": [], "functions": {"TurboDRFMetadata.determine_metadata": {"executed_lines": [], "summary": {"covered_lines": 0, "num_statements": 8, "percent_covered": 0.0, "percent_covered_display": "0", "missing_lines": 8, "excluded_lines": 0, "percent_statements_covered": 0.0, "percent_statements_covered_display": "0"}, "missing_lines": [9, 11, 12, 13, 18, 21, 28, 30], "excluded_lines": [], "start_line": 7}, "TurboDRFMetadata._get_field_metadata": {"executed_lines": [], "summary": {"covered_lines": 0, "num_statements": 27, "percent_covered": 0.0, "percent_covered_display": "0", "missing_lines": 27, "excluded_lines": 0, "percent_statements_covered": 0.0, "percent_statements_covered_display": "0"}, "missing_lines": [34, 36, 37, 38, 39, 41, 42, 43, 45, 46, 48, 49, 50, 51, 55, 56, 57, 61, 66, 78, 79, 80, 81, 85, 86, 87, 89], "excluded_lines": [], "start_line": 32}, "TurboDRFMetadata._get_allowed_actions": {"executed_lines": [], "summary": {"covered_lines": 0, "num_statements": 8, "percent_covered": 0.0, "percent_covered_display": "0", "missing_lines": 8, "excluded_lines": 0, "percent_statements_covered": 0.0, "percent_statements_covered_display": "0"}, "missing_lines": [93, 95, 96, 97, 98, 100, 101, 103], "excluded_lines": [], "start_line": 91}, "": {"executed_lines": [], "summary": {"covered_lines": 0, "num_statements": 5, "percent_covered": 0.0, "percent_covered_display": "0", "missing_lines": 5, "excluded_lines": 0, "percent_statements_covered": 0.0, "percent_statements_covered_display": "0"}, "missing_lines": [1, 4, 7, 32, 91], "excluded_lines": [], "start_line": 1}}, "classes": {"TurboDRFMetadata": {"executed_lines": [], "summary": {"covered_lines": 0, "num_statements": 43, "percent_covered": 0.0, "percent_covered_display": "0", "missing_lines": 43, "excluded_lines": 0, "percent_statements_covered": 0.0, "percent_statements_covered_display": "0"}, "missing_lines": [9, 11, 12, 13, 18, 21, 28, 30, 34, 36, 37, 38, 39, 41, 42, 43, 45, 46, 48, 49, 50, 51, 55, 56, 57, 61, 66, 78, 79, 80, 81, 85, 86, 87, 89, 93, 95, 96, 97, 98, 100, 101, 103], "excluded_lines": [], "start_line": 4}, "": {"executed_lines": [], "summary": {"covered_lines": 0, "num_statements": 5, "percent_covered": 0.0, "percent_covered_display": "0", "missing_lines": 5, "excluded_lines": 0, "percent_statements_covered": 0.0, "percent_statements_covered_display": "0"}, "missing_lines": [1, 4, 7, 32, 91], "excluded_lines": [], "start_line": 1}}}, "turbodrf/mixins.py": {"executed_lines": [8, 11, 38, 39, 87, 88, 127, 128], "summary": {"covered_lines": 8, "num_statements": 30, "percent_covered": 26.666666666666668, "percent_covered_display": "27", "missing_lines": 22, "excluded_lines": 0, "percent_statements_covered": 26.666666666666668, "percent_statements_covered_display": "27"}, "missing_lines": [81, 109, 110, 112, 114, 120, 122, 125, 150, 151, 154, 155, 156, 157, 158, 160, 161, 162, 165, 166, 167, 168], "excluded_lines": [], "functions": {"TurboDRFMixin.turbodrf": {"executed_lines": [], "summary": {"covered_lines": 0, "num_statements": 1, "percent_covered": 0.0, "percent_covered_display": "0", "missing_lines": 1, "excluded_lines": 0, "percent_statements_covered": 0.0, "percent_statements_covered_display": "0"}, "missing_lines": [81], "excluded_lines": [], "start_line": 39}, "TurboDRFMixin.get_api_fields": {"executed_lines": [], "summary": {"covered_lines": 0, "num_statements": 7, "percent_covered": 0.0, "percent_covered_display": "0", "missing_lines": 7, "excluded_lines": 0, "percent_statements_covered": 0.0, "percent_statements_covered_display": "0"}, "missing_lines": [109, 110, 112, 114, 120, 122, 125], "excluded_lines": [], "start_line": 88}, "TurboDRFMixin.get_field_type": {"executed_lines": [], "summary": {"covered_lines": 0, "num_statements": 14, "percent_covered": 0.0, "percent_covered_display": "0", "missing_lines": 14, "excluded_lines": 0, "percent_statements_covered": 0.0, "percent_statements_covered_display": "0"}, "missing_lines": [150, 151, 154, 155, 156, 157, 158, 160, 161, 162, 165, 166, 167, 168], "excluded_lines": [], "start_line": 128}, "": {"executed_lines": [8, 11, 38, 39, 87, 88, 127, 128], "summary": {"covered_lines": 8, "num_statements": 8, "percent_covered": 100.0, "percent_covered_display": "100", "missing_lines": 0, "excluded_lines": 0, "percent_statements_covered": 100.0, "percent_statements_covered_display": "100"}, "missing_lines": [], "excluded_lines": [], "start_line": 1}}, "classes": {"TurboDRFMixin": {"executed_lines": [], "summary": {"covered_lines": 0, "num_statements": 22, "percent_covered": 0.0, "percent_covered_display": "0", "missing_lines": 22, "excluded_lines": 0, "percent_statements_covered": 0.0, "percent_statements_covered_display": "0"}, "missing_lines": [81, 109, 110, 112, 114, 120, 122, 125, 150, 151, 154, 155, 156, 157, 158, 160, 161, 162, 165, 166, 167, 168], "excluded_lines": [], "start_line": 11}, "": {"executed_lines": [8, 11, 38, 39, 87, 88, 127, 128], "summary": {"covered_lines": 8, "num_statements": 8, "percent_covered": 100.0, "percent_covered_display": "100", "missing_lines": 0, "excluded_lines": 0, "percent_statements_covered": 100.0, "percent_statements_covered_display": "100"}, "missing_lines": [], "excluded_lines": [], "start_line": 1}}}, "turbodrf/models.py": {"executed_lines": [8, 9, 10, 11, 14, 20, 30, 31, 42, 68, 75, 79, 88, 89, 94, 98, 99, 100, 101, 102, 107, 109, 110, 111, 114, 148, 149, 150, 151, 153, 160, 161, 163, 168, 175, 179, 186, 195, 203, 211, 212, 216, 217, 218, 219, 220, 223, 256, 258, 259, 264, 266, 268, 270, 271, 275, 287, 305, 311, 315, 317, 318, 319, 320, 321], "summary": {"covered_lines": 65, "num_statements": 71, "percent_covered": 91.54929577464789, "percent_covered_display": "92", "missing_lines": 6, "excluded_lines": 12, "percent_statements_covered": 91.54929577464789, "percent_statements_covered_display": "92"}, "missing_lines": [36, 277, 278, 280, 281, 284], "excluded_lines": [104, 105, 247, 248, 249, 250, 251, 252, 253, 254, 323, 324], "functions": {"_get_permission_check_constraint": {"executed_lines": [20, 30, 31], "summary": {"covered_lines": 3, "num_statements": 4, "percent_covered": 75.0, "percent_covered_display": "75", "missing_lines": 1, "excluded_lines": 0, "percent_statements_covered": 75.0, "percent_statements_covered_display": "75"}, "missing_lines": [36], "excluded_lines": [], "start_line": 14}, "TurboDRFRole.__str__": {"executed_lines": [], "summary": {"covered_lines": 0, "num_statements": 0, "percent_covered": 100.0, "percent_covered_display": "100", "missing_lines": 0, "excluded_lines": 1, "percent_statements_covered": 100.0, "percent_statements_covered_display": "100"}, "missing_lines": [], "excluded_lines": [105], "start_line": 104}, "TurboDRFRole.save": {"executed_lines": [109, 110, 111], "summary": {"covered_lines": 3, "num_statements": 3, "percent_covered": 100.0, "percent_covered_display": "100", "missing_lines": 0, "excluded_lines": 0, "percent_statements_covered": 100.0, "percent_statements_covered_display": "100"}, "missing_lines": [], "excluded_lines": [], "start_line": 107}, "RolePermission.__str__": {"executed_lines": [], "summary": {"covered_lines": 0, "num_statements": 0, "percent_covered": 100.0, "percent_covered_display": "100", "missing_lines": 0, "excluded_lines": 7, "percent_statements_covered": 100.0, "percent_statements_covered_display": "100"}, "missing_lines": [], "excluded_lines": [248, 249, 250, 251, 252, 253, 254], "start_line": 247}, "RolePermission.to_permission_string": {"executed_lines": [258, 259, 264], "summary": {"covered_lines": 3, "num_statements": 3, "percent_covered": 100.0, "percent_covered_display": "100", "missing_lines": 0, "excluded_lines": 0, "percent_statements_covered": 100.0, "percent_statements_covered_display": "100"}, "missing_lines": [], "excluded_lines": [], "start_line": 256}, "RolePermission.save": {"executed_lines": [268, 270, 271], "summary": {"covered_lines": 3, "num_statements": 3, "percent_covered": 100.0, "percent_covered_display": "100", "missing_lines": 0, "excluded_lines": 0, "percent_statements_covered": 100.0, "percent_statements_covered_display": "100"}, "missing_lines": [], "excluded_lines": [], "start_line": 266}, "RolePermission.delete": {"executed_lines": [], "summary": {"covered_lines": 0, "num_statements": 5, "percent_covered": 0.0, "percent_covered_display": "0", "missing_lines": 5, "excluded_lines": 0, "percent_statements_covered": 0.0, "percent_statements_covered_display": "0"}, "missing_lines": [277, 278, 280, 281, 284], "excluded_lines": [], "start_line": 275}, "UserRole.__str__": {"executed_lines": [], "summary": {"covered_lines": 0, "num_statements": 0, "percent_covered": 100.0, "percent_covered_display": "100", "missing_lines": 0, "excluded_lines": 1, "percent_statements_covered": 100.0, "percent_statements_covered_display": "100"}, "missing_lines": [], "excluded_lines": [324], "start_line": 323}, "": {"executed_lines": [8, 9, 10, 11, 14, 42, 68, 75, 79, 88, 89, 94, 98, 99, 100, 101, 102, 107, 114, 148, 149, 150, 151, 153, 160, 161, 163, 168, 175, 179, 186, 195, 203, 211, 212, 216, 217, 218, 219, 220, 223, 256, 266, 275, 287, 305, 311, 315, 317, 318, 319, 320, 321], "summary": {"covered_lines": 53, "num_statements": 53, "percent_covered": 100.0, "percent_covered_display": "100", "missing_lines": 0, "excluded_lines": 3, "percent_statements_covered": 100.0, "percent_statements_covered_display": "100"}, "missing_lines": [], "excluded_lines": [104, 247, 323], "start_line": 1}}, "classes": {"TurboDRFRole": {"executed_lines": [109, 110, 111], "summary": {"covered_lines": 3, "num_statements": 3, "percent_covered": 100.0, "percent_covered_display": "100", "missing_lines": 0, "excluded_lines": 1, "percent_statements_covered": 100.0, "percent_statements_covered_display": "100"}, "missing_lines": [], "excluded_lines": [105], "start_line": 42}, "TurboDRFRole.Meta": {"executed_lines": [], "summary": {"covered_lines": 0, "num_statements": 0, "percent_covered": 100.0, "percent_covered_display": "100", "missing_lines": 0, "excluded_lines": 0, "percent_statements_covered": 100.0, "percent_statements_covered_display": "100"}, "missing_lines": [], "excluded_lines": [], "start_line": 98}, "RolePermission": {"executed_lines": [258, 259, 264, 268, 270, 271], "summary": {"covered_lines": 6, "num_statements": 11, "percent_covered": 54.54545454545455, "percent_covered_display": "55", "missing_lines": 5, "excluded_lines": 7, "percent_statements_covered": 54.54545454545455, "percent_statements_covered_display": "55"}, "missing_lines": [277, 278, 280, 281, 284], "excluded_lines": [248, 249, 250, 251, 252, 253, 254], "start_line": 114}, "RolePermission.Meta": {"executed_lines": [], "summary": {"covered_lines": 0, "num_statements": 0, "percent_covered": 100.0, "percent_covered_display": "100", "missing_lines": 0, "excluded_lines": 0, "percent_statements_covered": 100.0, "percent_statements_covered_display": "100"}, "missing_lines": [], "excluded_lines": [], "start_line": 216}, "UserRole": {"executed_lines": [], "summary": {"covered_lines": 0, "num_statements": 0, "percent_covered": 100.0, "percent_covered_display": "100", "missing_lines": 0, "excluded_lines": 1, "percent_statements_covered": 100.0, "percent_statements_covered_display": "100"}, "missing_lines": [], "excluded_lines": [324], "start_line": 287}, "UserRole.Meta": {"executed_lines": [], "summary": {"covered_lines": 0, "num_statements": 0, "percent_covered": 100.0, "percent_covered_display": "100", "missing_lines": 0, "excluded_lines": 0, "percent_statements_covered": 100.0, "percent_statements_covered_display": "100"}, "missing_lines": [], "excluded_lines": [], "start_line": 317}, "": {"executed_lines": [8, 9, 10, 11, 14, 20, 30, 31, 42, 68, 75, 79, 88, 89, 94, 98, 99, 100, 101, 102, 107, 114, 148, 149, 150, 151, 153, 160, 161, 163, 168, 175, 179, 186, 195, 203, 211, 212, 216, 217, 218, 219, 220, 223, 256, 266, 275, 287, 305, 311, 315, 317, 318, 319, 320, 321], "summary": {"covered_lines": 56, "num_statements": 57, "percent_covered": 98.24561403508773, "percent_covered_display": "98", "missing_lines": 1, "excluded_lines": 3, "percent_statements_covered": 98.24561403508773, "percent_statements_covered_display": "98"}, "missing_lines": [36], "excluded_lines": [104, 247, 323], "start_line": 1}}}, "turbodrf/permissions.py": {"executed_lines": [8, 11, 60, 73, 75, 76, 80, 83, 85, 86, 88, 91, 101, 102, 103, 106, 107, 109, 125, 127, 130, 132, 133, 134, 136, 139, 167, 177, 183, 184, 188, 191, 192, 193, 194, 197], "summary": {"covered_lines": 36, "num_statements": 36, "percent_covered": 100.0, "percent_covered_display": "100", "missing_lines": 0, "excluded_lines": 0, "percent_statements_covered": 100.0, "percent_statements_covered_display": "100"}, "missing_lines": [], "excluded_lines": [], "functions": {"TurboDRFPermission.has_permission": {"executed_lines": [73, 75, 76, 80, 83, 85, 86, 88, 91, 101, 102, 103, 106, 107], "summary": {"covered_lines": 14, "num_statements": 14, "percent_covered": 100.0, "percent_covered_display": "100", "missing_lines": 0, "excluded_lines": 0, "percent_statements_covered": 100.0, "percent_statements_covered_display": "100"}, "missing_lines": [], "excluded_lines": [], "start_line": 60}, "TurboDRFPermission._get_user_permissions": {"executed_lines": [125, 127, 130, 132, 133, 134, 136], "summary": {"covered_lines": 7, "num_statements": 7, "percent_covered": 100.0, "percent_covered_display": "100", "missing_lines": 0, "excluded_lines": 0, "percent_statements_covered": 100.0, "percent_statements_covered_display": "100"}, "missing_lines": [], "excluded_lines": [], "start_line": 109}, "DefaultDjangoPermission.has_permission": {"executed_lines": [183, 184, 188, 191, 192, 193, 194, 197], "summary": {"covered_lines": 8, "num_statements": 8, "percent_covered": 100.0, "percent_covered_display": "100", "missing_lines": 0, "excluded_lines": 0, "percent_statements_covered": 100.0, "percent_statements_covered_display": "100"}, "missing_lines": [], "excluded_lines": [], "start_line": 177}, "": {"executed_lines": [8, 11, 60, 109, 139, 167, 177], "summary": {"covered_lines": 7, "num_statements": 7, "percent_covered": 100.0, "percent_covered_display": "100", "missing_lines": 0, "excluded_lines": 0, "percent_statements_covered": 100.0, "percent_statements_covered_display": "100"}, "missing_lines": [], "excluded_lines": [], "start_line": 1}}, "classes": {"TurboDRFPermission": {"executed_lines": [73, 75, 76, 80, 83, 85, 86, 88, 91, 101, 102, 103, 106, 107, 125, 127, 130, 132, 133, 134, 136], "summary": {"covered_lines": 21, "num_statements": 21, "percent_covered": 100.0, "percent_covered_display": "100", "missing_lines": 0, "excluded_lines": 0, "percent_statements_covered": 100.0, "percent_statements_covered_display": "100"}, "missing_lines": [], "excluded_lines": [], "start_line": 11}, "DefaultDjangoPermission": {"executed_lines": [183, 184, 188, 191, 192, 193, 194, 197], "summary": {"covered_lines": 8, "num_statements": 8, "percent_covered": 100.0, "percent_covered_display": "100", "missing_lines": 0, "excluded_lines": 0, "percent_statements_covered": 100.0, "percent_statements_covered_display": "100"}, "missing_lines": [], "excluded_lines": [], "start_line": 139}, "": {"executed_lines": [8, 11, 60, 109, 139, 167, 177], "summary": {"covered_lines": 7, "num_statements": 7, "percent_covered": 100.0, "percent_covered_display": "100", "missing_lines": 0, "excluded_lines": 0, "percent_statements_covered": 100.0, "percent_statements_covered_display": "100"}, "missing_lines": [], "excluded_lines": [], "start_line": 1}}}, "turbodrf/router.py": {"executed_lines": [8, 9, 10, 12, 13, 16, 49, 57, 58, 60, 79, 81, 83, 85, 86, 87, 89, 91, 92, 94, 95, 96, 97, 98, 99, 102, 103, 104, 111, 114, 117, 127, 128, 131, 138, 142, 150, 153, 154, 155, 159, 162, 163, 166, 172, 174], "summary": {"covered_lines": 46, "num_statements": 48, "percent_covered": 95.83333333333333, "percent_covered_display": "96", "missing_lines": 2, "excluded_lines": 0, "percent_statements_covered": 95.83333333333333, "percent_statements_covered_display": "96"}, "missing_lines": [105, 106], "excluded_lines": [], "functions": {"TurboDRFRouter.__init__": {"executed_lines": [57, 58], "summary": {"covered_lines": 2, "num_statements": 2, "percent_covered": 100.0, "percent_covered_display": "100", "missing_lines": 0, "excluded_lines": 0, "percent_statements_covered": 100.0, "percent_statements_covered_display": "100"}, "missing_lines": [], "excluded_lines": [], "start_line": 49}, "TurboDRFRouter.discover_models": {"executed_lines": [79, 81, 83, 85, 86, 87, 89, 91, 92, 94, 95, 96, 97, 98, 99, 102, 103, 104, 111, 114, 117, 127, 128, 131, 138], "summary": {"covered_lines": 25, "num_statements": 27, "percent_covered": 92.5925925925926, "percent_covered_display": "93", "missing_lines": 2, "excluded_lines": 0, "percent_statements_covered": 92.5925925925926, "percent_statements_covered_display": "93"}, "missing_lines": [105, 106], "excluded_lines": [], "start_line": 60}, "TurboDRFRouter.get_urls": {"executed_lines": [150, 153, 154, 155, 159, 162, 163, 166, 172, 174], "summary": {"covered_lines": 10, "num_statements": 10, "percent_covered": 100.0, "percent_covered_display": "100", "missing_lines": 0, "excluded_lines": 0, "percent_statements_covered": 100.0, "percent_statements_covered_display": "100"}, "missing_lines": [], "excluded_lines": [], "start_line": 142}, "": {"executed_lines": [8, 9, 10, 12, 13, 16, 49, 60, 142], "summary": {"covered_lines": 9, "num_statements": 9, "percent_covered": 100.0, "percent_covered_display": "100", "missing_lines": 0, "excluded_lines": 0, "percent_statements_covered": 100.0, "percent_statements_covered_display": "100"}, "missing_lines": [], "excluded_lines": [], "start_line": 1}}, "classes": {"TurboDRFRouter": {"executed_lines": [57, 58, 79, 81, 83, 85, 86, 87, 89, 91, 92, 94, 95, 96, 97, 98, 99, 102, 103, 104, 111, 114, 117, 127, 128, 131, 138, 150, 153, 154, 155, 159, 162, 163, 166, 172, 174], "summary": {"covered_lines": 37, "num_statements": 39, "percent_covered": 94.87179487179488, "percent_covered_display": "95", "missing_lines": 2, "excluded_lines": 0, "percent_statements_covered": 94.87179487179488, "percent_statements_covered_display": "95"}, "missing_lines": [105, 106], "excluded_lines": [], "start_line": 16}, "": {"executed_lines": [8, 9, 10, 12, 13, 16, 49, 60, 142], "summary": {"covered_lines": 9, "num_statements": 9, "percent_covered": 100.0, "percent_covered_display": "100", "missing_lines": 0, "excluded_lines": 0, "percent_statements_covered": 100.0, "percent_statements_covered_display": "100"}, "missing_lines": [], "excluded_lines": [], "start_line": 1}}}, "turbodrf/serializers.py": {"executed_lines": [1, 2, 4, 6, 9, 33, 54, 57, 58, 60, 62, 64, 69, 73, 74, 76, 79, 80, 81, 82, 83, 84, 87, 88, 92, 94, 105, 106, 107, 111, 128, 130, 131, 135, 138, 139, 140, 142, 143, 148, 149, 150, 151, 152, 153, 156, 158, 163, 173, 174, 176, 177, 191, 192, 194, 196, 197, 202, 204, 206, 216, 217, 219, 220, 233, 234, 236, 238, 239, 244, 246, 249, 281, 282, 321, 322, 324, 328, 331, 332, 334, 335, 336, 337, 338, 341, 343, 347, 348, 349, 352, 357, 358, 361, 364, 365, 366, 367, 370, 373, 374, 375, 382, 383, 385, 386, 387, 388, 390, 392, 394, 396, 397, 423, 425, 427, 428, 429, 431, 432, 433, 436, 444, 445, 446, 447, 448, 455, 457, 458, 462, 465, 466, 467, 475, 477, 478, 493, 495, 498, 502, 504, 505, 512, 513, 515, 517, 518, 528, 529, 556, 558, 560, 561, 562, 564, 565, 566, 568, 570, 571, 572, 574, 576, 577, 591, 593, 595, 596, 598, 600, 601, 634, 635, 638, 639, 640, 641, 643, 644, 645, 646, 648, 650], "summary": {"covered_lines": 184, "num_statements": 221, "percent_covered": 83.2579185520362, "percent_covered_display": "83", "missing_lines": 37, "excluded_lines": 0, "percent_statements_covered": 83.2579185520362, "percent_statements_covered_display": "83"}, "missing_lines": [89, 90, 108, 109, 132, 145, 154, 155, 160, 161, 179, 184, 185, 186, 198, 200, 222, 227, 228, 229, 230, 240, 242, 438, 471, 472, 473, 500, 506, 508, 509, 520, 522, 523, 524, 525, 526], "excluded_lines": [], "functions": {"TurboDRFSerializer.to_representation": {"executed_lines": [54, 57, 58, 60, 62, 64, 69, 73, 74, 76, 79, 80, 81, 82, 83, 84, 87, 88, 92], "summary": {"covered_lines": 19, "num_statements": 21, "percent_covered": 90.47619047619048, "percent_covered_display": "90", "missing_lines": 2, "excluded_lines": 0, "percent_statements_covered": 90.47619047619048, "percent_statements_covered_display": "90"}, "missing_lines": [89, 90], "excluded_lines": [], "start_line": 33}, "TurboDRFSerializer._is_many_to_many_field": {"executed_lines": [105, 106, 107], "summary": {"covered_lines": 3, "num_statements": 5, "percent_covered": 60.0, "percent_covered_display": "60", "missing_lines": 2, "excluded_lines": 0, "percent_statements_covered": 60.0, "percent_statements_covered_display": "60"}, "missing_lines": [108, 109], "excluded_lines": [], "start_line": 94}, "TurboDRFSerializer._serialize_m2m_field": {"executed_lines": [128, 130, 131, 135, 138, 139, 140, 142, 143, 148, 149, 150, 151, 152, 153, 156, 158], "summary": {"covered_lines": 17, "num_statements": 23, "percent_covered": 73.91304347826087, "percent_covered_display": "74", "missing_lines": 6, "excluded_lines": 0, "percent_statements_covered": 73.91304347826087, "percent_statements_covered_display": "74"}, "missing_lines": [132, 145, 154, 155, 160, 161], "excluded_lines": [], "start_line": 111}, "TurboDRFSerializer.update": {"executed_lines": [173, 174, 176, 177, 191, 192, 194, 196, 197, 202, 204], "summary": {"covered_lines": 11, "num_statements": 17, "percent_covered": 64.70588235294117, "percent_covered_display": "65", "missing_lines": 6, "excluded_lines": 0, "percent_statements_covered": 64.70588235294117, "percent_statements_covered_display": "65"}, "missing_lines": [179, 184, 185, 186, 198, 200], "excluded_lines": [], "start_line": 163}, "TurboDRFSerializer.create": {"executed_lines": [216, 217, 219, 220, 233, 234, 236, 238, 239, 244, 246], "summary": {"covered_lines": 11, "num_statements": 18, "percent_covered": 61.111111111111114, "percent_covered_display": "61", "missing_lines": 7, "excluded_lines": 0, "percent_statements_covered": 61.111111111111114, "percent_statements_covered_display": "61"}, "missing_lines": [222, 227, 228, 229, 230, 240, 242], "excluded_lines": [], "start_line": 206}, "TurboDRFSerializerFactory.create_serializer": {"executed_lines": [321, 322, 324, 328, 331, 332, 334, 335, 336, 337, 338, 341, 343, 347, 348, 349, 352, 357, 358, 361, 364, 365, 366, 367, 370, 373, 374, 385, 386, 387, 388, 390, 392, 394], "summary": {"covered_lines": 34, "num_statements": 34, "percent_covered": 100.0, "percent_covered_display": "100", "missing_lines": 0, "excluded_lines": 0, "percent_statements_covered": 100.0, "percent_statements_covered_display": "100"}, "missing_lines": [], "excluded_lines": [], "start_line": 282}, "TurboDRFSerializerFactory.create_serializer.DynamicSerializer.__init__": {"executed_lines": [375, 382, 383], "summary": {"covered_lines": 3, "num_statements": 3, "percent_covered": 100.0, "percent_covered_display": "100", "missing_lines": 0, "excluded_lines": 0, "percent_statements_covered": 100.0, "percent_statements_covered_display": "100"}, "missing_lines": [], "excluded_lines": [], "start_line": 374}, "TurboDRFSerializerFactory._get_permitted_fields": {"executed_lines": [423, 425, 427, 428, 429, 431, 432, 433, 436, 444, 445, 446, 447, 448, 455, 457, 458, 462, 465, 466, 467, 475], "summary": {"covered_lines": 22, "num_statements": 26, "percent_covered": 84.61538461538461, "percent_covered_display": "85", "missing_lines": 4, "excluded_lines": 0, "percent_statements_covered": 84.61538461538461, "percent_statements_covered_display": "85"}, "missing_lines": [438, 471, 472, 473], "excluded_lines": [], "start_line": 397}, "TurboDRFSerializerFactory._get_permitted_fields_with_snapshot": {"executed_lines": [493, 495, 498, 502, 504, 505, 512, 513, 515], "summary": {"covered_lines": 9, "num_statements": 13, "percent_covered": 69.23076923076923, "percent_covered_display": "69", "missing_lines": 4, "excluded_lines": 0, "percent_statements_covered": 69.23076923076923, "percent_statements_covered_display": "69"}, "missing_lines": [500, 506, 508, 509], "excluded_lines": [], "start_line": 478}, "TurboDRFSerializerFactory._get_user_permissions_set": {"executed_lines": [], "summary": {"covered_lines": 0, "num_statements": 6, "percent_covered": 0.0, "percent_covered_display": "0", "missing_lines": 6, "excluded_lines": 0, "percent_statements_covered": 0.0, "percent_statements_covered_display": "0"}, "missing_lines": [520, 522, 523, 524, 525, 526], "excluded_lines": [], "start_line": 518}, "TurboDRFSerializerFactory._get_read_only_fields": {"executed_lines": [556, 558, 560, 561, 562, 564, 565, 566, 568, 570, 571, 572, 574], "summary": {"covered_lines": 13, "num_statements": 13, "percent_covered": 100.0, "percent_covered_display": "100", "missing_lines": 0, "excluded_lines": 0, "percent_statements_covered": 100.0, "percent_statements_covered_display": "100"}, "missing_lines": [], "excluded_lines": [], "start_line": 529}, "TurboDRFSerializerFactory._get_read_only_fields_with_snapshot": {"executed_lines": [591, 593, 595, 596, 598], "summary": {"covered_lines": 5, "num_statements": 5, "percent_covered": 100.0, "percent_covered_display": "100", "missing_lines": 0, "excluded_lines": 0, "percent_statements_covered": 100.0, "percent_statements_covered_display": "100"}, "missing_lines": [], "excluded_lines": [], "start_line": 577}, "TurboDRFSerializerFactory._create_nested_serializer": {"executed_lines": [634, 635, 638, 639, 640, 641, 643, 644, 645, 646, 648, 650], "summary": {"covered_lines": 12, "num_statements": 12, "percent_covered": 100.0, "percent_covered_display": "100", "missing_lines": 0, "excluded_lines": 0, "percent_statements_covered": 100.0, "percent_statements_covered_display": "100"}, "missing_lines": [], "excluded_lines": [], "start_line": 601}, "": {"executed_lines": [1, 2, 4, 6, 9, 33, 94, 111, 163, 206, 249, 281, 282, 396, 397, 477, 478, 517, 518, 528, 529, 576, 577, 600, 601], "summary": {"covered_lines": 25, "num_statements": 25, "percent_covered": 100.0, "percent_covered_display": "100", "missing_lines": 0, "excluded_lines": 0, "percent_statements_covered": 100.0, "percent_statements_covered_display": "100"}, "missing_lines": [], "excluded_lines": [], "start_line": 1}}, "classes": {"TurboDRFSerializer": {"executed_lines": [54, 57, 58, 60, 62, 64, 69, 73, 74, 76, 79, 80, 81, 82, 83, 84, 87, 88, 92, 105, 106, 107, 128, 130, 131, 135, 138, 139, 140, 142, 143, 148, 149, 150, 151, 152, 153, 156, 158, 173, 174, 176, 177, 191, 192, 194, 196, 197, 202, 204, 216, 217, 219, 220, 233, 234, 236, 238, 239, 244, 246], "summary": {"covered_lines": 61, "num_statements": 84, "percent_covered": 72.61904761904762, "percent_covered_display": "73", "missing_lines": 23, "excluded_lines": 0, "percent_statements_covered": 72.61904761904762, "percent_statements_covered_display": "73"}, "missing_lines": [89, 90, 108, 109, 132, 145, 154, 155, 160, 161, 179, 184, 185, 186, 198, 200, 222, 227, 228, 229, 230, 240, 242], "excluded_lines": [], "start_line": 9}, "TurboDRFSerializerFactory": {"executed_lines": [321, 322, 324, 328, 331, 332, 334, 335, 336, 337, 338, 341, 343, 347, 348, 349, 352, 357, 358, 361, 364, 365, 366, 367, 370, 373, 374, 385, 386, 387, 388, 390, 392, 394, 423, 425, 427, 428, 429, 431, 432, 433, 436, 444, 445, 446, 447, 448, 455, 457, 458, 462, 465, 466, 467, 475, 493, 495, 498, 502, 504, 505, 512, 513, 515, 556, 558, 560, 561, 562, 564, 565, 566, 568, 570, 571, 572, 574, 591, 593, 595, 596, 598, 634, 635, 638, 639, 640, 641, 643, 644, 645, 646, 648, 650], "summary": {"covered_lines": 95, "num_statements": 109, "percent_covered": 87.1559633027523, "percent_covered_display": "87", "missing_lines": 14, "excluded_lines": 0, "percent_statements_covered": 87.1559633027523, "percent_statements_covered_display": "87"}, "missing_lines": [438, 471, 472, 473, 500, 506, 508, 509, 520, 522, 523, 524, 525, 526], "excluded_lines": [], "start_line": 249}, "TurboDRFSerializerFactory.create_serializer.DynamicSerializer": {"executed_lines": [375, 382, 383], "summary": {"covered_lines": 3, "num_statements": 3, "percent_covered": 100.0, "percent_covered_display": "100", "missing_lines": 0, "excluded_lines": 0, "percent_statements_covered": 100.0, "percent_statements_covered_display": "100"}, "missing_lines": [], "excluded_lines": [], "start_line": 373}, "TurboDRFSerializerFactory.create_serializer.DynamicSerializer.Meta": {"executed_lines": [], "summary": {"covered_lines": 0, "num_statements": 0, "percent_covered": 100.0, "percent_covered_display": "100", "missing_lines": 0, "excluded_lines": 0, "percent_statements_covered": 100.0, "percent_statements_covered_display": "100"}, "missing_lines": [], "excluded_lines": [], "start_line": 385}, "TurboDRFSerializerFactory._create_nested_serializer.NestedSerializer": {"executed_lines": [], "summary": {"covered_lines": 0, "num_statements": 0, "percent_covered": 100.0, "percent_covered_display": "100", "missing_lines": 0, "excluded_lines": 0, "percent_statements_covered": 100.0, "percent_statements_covered_display": "100"}, "missing_lines": [], "excluded_lines": [], "start_line": 643}, "TurboDRFSerializerFactory._create_nested_serializer.NestedSerializer.Meta": {"executed_lines": [], "summary": {"covered_lines": 0, "num_statements": 0, "percent_covered": 100.0, "percent_covered_display": "100", "missing_lines": 0, "excluded_lines": 0, "percent_statements_covered": 100.0, "percent_statements_covered_display": "100"}, "missing_lines": [], "excluded_lines": [], "start_line": 644}, "": {"executed_lines": [1, 2, 4, 6, 9, 33, 94, 111, 163, 206, 249, 281, 282, 396, 397, 477, 478, 517, 518, 528, 529, 576, 577, 600, 601], "summary": {"covered_lines": 25, "num_statements": 25, "percent_covered": 100.0, "percent_covered_display": "100", "missing_lines": 0, "excluded_lines": 0, "percent_statements_covered": 100.0, "percent_statements_covered_display": "100"}, "missing_lines": [], "excluded_lines": [], "start_line": 1}}}, "turbodrf/settings.py": {"executed_lines": [10, 12], "summary": {"covered_lines": 2, "num_statements": 2, "percent_covered": 100.0, "percent_covered_display": "100", "missing_lines": 0, "excluded_lines": 0, "percent_statements_covered": 100.0, "percent_statements_covered_display": "100"}, "missing_lines": [], "excluded_lines": [], "functions": {"": {"executed_lines": [10, 12], "summary": {"covered_lines": 2, "num_statements": 2, "percent_covered": 100.0, "percent_covered_display": "100", "missing_lines": 0, "excluded_lines": 0, "percent_statements_covered": 100.0, "percent_statements_covered_display": "100"}, "missing_lines": [], "excluded_lines": [], "start_line": 1}}, "classes": {"": {"executed_lines": [10, 12], "summary": {"covered_lines": 2, "num_statements": 2, "percent_covered": 100.0, "percent_covered_display": "100", "missing_lines": 0, "excluded_lines": 0, "percent_statements_covered": 100.0, "percent_statements_covered_display": "100"}, "missing_lines": [], "excluded_lines": [], "start_line": 1}}}, "turbodrf/swagger.py": {"executed_lines": [17, 18, 21, 46, 47, 48, 50, 118, 171, 221, 273, 281, 284, 285, 303, 313, 325, 326, 329, 339, 342, 347, 359, 360, 363, 366, 367, 370, 371, 372, 375, 376, 377, 378, 382, 387, 402, 405, 408, 411, 412, 413, 417, 419, 424, 427, 428, 432, 437, 438, 439, 440, 441, 443, 444, 447, 450, 452, 455], "summary": {"covered_lines": 59, "num_statements": 113, "percent_covered": 52.21238938053097, "percent_covered_display": "52", "missing_lines": 54, "excluded_lines": 0, "percent_statements_covered": 52.21238938053097, "percent_statements_covered_display": "52"}, "missing_lines": [80, 81, 83, 85, 87, 88, 90, 92, 93, 95, 97, 98, 102, 103, 104, 105, 109, 111, 112, 114, 116, 149, 150, 152, 155, 157, 158, 159, 165, 169, 204, 212, 213, 214, 216, 219, 258, 259, 261, 262, 263, 267, 268, 270, 271, 287, 290, 296, 298, 300, 345, 379, 385, 406], "excluded_lines": [], "functions": {"RoleBasedSchemaGenerator.__init__": {"executed_lines": [47, 48], "summary": {"covered_lines": 2, "num_statements": 2, "percent_covered": 100.0, "percent_covered_display": "100", "missing_lines": 0, "excluded_lines": 0, "percent_statements_covered": 100.0, "percent_statements_covered_display": "100"}, "missing_lines": [], "excluded_lines": [], "start_line": 46}, "RoleBasedSchemaGenerator.get_schema": {"executed_lines": [], "summary": {"covered_lines": 0, "num_statements": 21, "percent_covered": 0.0, "percent_covered_display": "0", "missing_lines": 21, "excluded_lines": 0, "percent_statements_covered": 0.0, "percent_statements_covered_display": "0"}, "missing_lines": [80, 81, 83, 85, 87, 88, 90, 92, 93, 95, 97, 98, 102, 103, 104, 105, 109, 111, 112, 114, 116], "excluded_lines": [], "start_line": 50}, "RoleBasedSchemaGenerator._extract_model_info": {"executed_lines": [], "summary": {"covered_lines": 0, "num_statements": 9, "percent_covered": 0.0, "percent_covered_display": "0", "missing_lines": 9, "excluded_lines": 0, "percent_statements_covered": 0.0, "percent_statements_covered_display": "0"}, "missing_lines": [149, 150, 152, 155, 157, 158, 159, 165, 169], "excluded_lines": [], "start_line": 118}, "RoleBasedSchemaGenerator._has_permission": {"executed_lines": [], "summary": {"covered_lines": 0, "num_statements": 6, "percent_covered": 0.0, "percent_covered_display": "0", "missing_lines": 6, "excluded_lines": 0, "percent_statements_covered": 0.0, "percent_statements_covered_display": "0"}, "missing_lines": [204, 212, 213, 214, 216, 219], "excluded_lines": [], "start_line": 171}, "RoleBasedSchemaGenerator._filter_schema_fields": {"executed_lines": [], "summary": {"covered_lines": 0, "num_statements": 9, "percent_covered": 0.0, "percent_covered_display": "0", "missing_lines": 9, "excluded_lines": 0, "percent_statements_covered": 0.0, "percent_statements_covered_display": "0"}, "missing_lines": [258, 259, 261, 262, 263, 267, 268, 270, 271], "excluded_lines": [], "start_line": 221}, "RoleBasedSchemaGenerator.get_endpoints": {"executed_lines": [281, 284, 285], "summary": {"covered_lines": 3, "num_statements": 8, "percent_covered": 37.5, "percent_covered_display": "38", "missing_lines": 5, "excluded_lines": 0, "percent_statements_covered": 37.5, "percent_statements_covered_display": "38"}, "missing_lines": [287, 290, 296, 298, 300], "excluded_lines": [], "start_line": 273}, "TurboDRFSwaggerAutoSchema.get_request_body_parameters": {"executed_lines": [325, 326, 329, 339, 342], "summary": {"covered_lines": 5, "num_statements": 6, "percent_covered": 83.33333333333333, "percent_covered_display": "83", "missing_lines": 1, "excluded_lines": 0, "percent_statements_covered": 83.33333333333333, "percent_statements_covered_display": "83"}, "missing_lines": [345], "excluded_lines": [], "start_line": 313}, "TurboDRFSwaggerAutoSchema.get_request_serializer": {"executed_lines": [359, 360, 363, 366, 367, 370, 371, 372, 375, 376, 377, 378, 382], "summary": {"covered_lines": 13, "num_statements": 15, "percent_covered": 86.66666666666667, "percent_covered_display": "87", "missing_lines": 2, "excluded_lines": 0, "percent_statements_covered": 86.66666666666667, "percent_statements_covered_display": "87"}, "missing_lines": [379, 385], "excluded_lines": [], "start_line": 347}, "TurboDRFSwaggerAutoSchema._get_write_operation_serializer": {"executed_lines": [402, 405, 408, 411, 412, 413, 417, 419, 424, 427, 428, 432, 437, 438, 439, 440, 441, 443, 452, 455], "summary": {"covered_lines": 20, "num_statements": 21, "percent_covered": 95.23809523809524, "percent_covered_display": "95", "missing_lines": 1, "excluded_lines": 0, "percent_statements_covered": 95.23809523809524, "percent_statements_covered_display": "95"}, "missing_lines": [406], "excluded_lines": [], "start_line": 387}, "TurboDRFSwaggerAutoSchema._get_write_operation_serializer.WriteOperationSerializer.__init__": {"executed_lines": [444, 447, 450], "summary": {"covered_lines": 3, "num_statements": 3, "percent_covered": 100.0, "percent_covered_display": "100", "missing_lines": 0, "excluded_lines": 0, "percent_statements_covered": 100.0, "percent_statements_covered_display": "100"}, "missing_lines": [], "excluded_lines": [], "start_line": 443}, "": {"executed_lines": [17, 18, 21, 46, 50, 118, 171, 221, 273, 303, 313, 347, 387], "summary": {"covered_lines": 13, "num_statements": 13, "percent_covered": 100.0, "percent_covered_display": "100", "missing_lines": 0, "excluded_lines": 0, "percent_statements_covered": 100.0, "percent_statements_covered_display": "100"}, "missing_lines": [], "excluded_lines": [], "start_line": 1}}, "classes": {"RoleBasedSchemaGenerator": {"executed_lines": [47, 48, 281, 284, 285], "summary": {"covered_lines": 5, "num_statements": 55, "percent_covered": 9.090909090909092, "percent_covered_display": "9", "missing_lines": 50, "excluded_lines": 0, "percent_statements_covered": 9.090909090909092, "percent_statements_covered_display": "9"}, "missing_lines": [80, 81, 83, 85, 87, 88, 90, 92, 93, 95, 97, 98, 102, 103, 104, 105, 109, 111, 112, 114, 116, 149, 150, 152, 155, 157, 158, 159, 165, 169, 204, 212, 213, 214, 216, 219, 258, 259, 261, 262, 263, 267, 268, 270, 271, 287, 290, 296, 298, 300], "excluded_lines": [], "start_line": 21}, "TurboDRFSwaggerAutoSchema": {"executed_lines": [325, 326, 329, 339, 342, 359, 360, 363, 366, 367, 370, 371, 372, 375, 376, 377, 378, 382, 402, 405, 408, 411, 412, 413, 417, 419, 424, 427, 428, 432, 437, 438, 439, 440, 441, 443, 452, 455], "summary": {"covered_lines": 38, "num_statements": 42, "percent_covered": 90.47619047619048, "percent_covered_display": "90", "missing_lines": 4, "excluded_lines": 0, "percent_statements_covered": 90.47619047619048, "percent_statements_covered_display": "90"}, "missing_lines": [345, 379, 385, 406], "excluded_lines": [], "start_line": 303}, "TurboDRFSwaggerAutoSchema._get_write_operation_serializer.WriteOperationSerializer": {"executed_lines": [444, 447, 450], "summary": {"covered_lines": 3, "num_statements": 3, "percent_covered": 100.0, "percent_covered_display": "100", "missing_lines": 0, "excluded_lines": 0, "percent_statements_covered": 100.0, "percent_statements_covered_display": "100"}, "missing_lines": [], "excluded_lines": [], "start_line": 437}, "TurboDRFSwaggerAutoSchema._get_write_operation_serializer.WriteOperationSerializer.Meta": {"executed_lines": [], "summary": {"covered_lines": 0, "num_statements": 0, "percent_covered": 100.0, "percent_covered_display": "100", "missing_lines": 0, "excluded_lines": 0, "percent_statements_covered": 100.0, "percent_statements_covered_display": "100"}, "missing_lines": [], "excluded_lines": [], "start_line": 438}, "": {"executed_lines": [17, 18, 21, 46, 50, 118, 171, 221, 273, 303, 313, 347, 387], "summary": {"covered_lines": 13, "num_statements": 13, "percent_covered": 100.0, "percent_covered_display": "100", "missing_lines": 0, "excluded_lines": 0, "percent_statements_covered": 100.0, "percent_statements_covered_display": "100"}, "missing_lines": [], "excluded_lines": [], "start_line": 1}}}, "turbodrf/swagger_ui.py": {"executed_lines": [], "summary": {"covered_lines": 0, "num_statements": 0, "percent_covered": 100.0, "percent_covered_display": "100", "missing_lines": 0, "excluded_lines": 0, "percent_statements_covered": 100.0, "percent_statements_covered_display": "100"}, "missing_lines": [], "excluded_lines": [], "functions": {"": {"executed_lines": [], "summary": {"covered_lines": 0, "num_statements": 0, "percent_covered": 100.0, "percent_covered_display": "100", "missing_lines": 0, "excluded_lines": 0, "percent_statements_covered": 100.0, "percent_statements_covered_display": "100"}, "missing_lines": [], "excluded_lines": [], "start_line": 1}}, "classes": {"": {"executed_lines": [], "summary": {"covered_lines": 0, "num_statements": 0, "percent_covered": 100.0, "percent_covered_display": "100", "missing_lines": 0, "excluded_lines": 0, "percent_statements_covered": 100.0, "percent_statements_covered_display": "100"}, "missing_lines": [], "excluded_lines": [], "start_line": 1}}}, "turbodrf/tracking.py": {"executed_lines": [29, 32, 34, 35, 38, 39, 42, 43, 46, 54, 55, 65, 72, 74, 76, 77, 81], "summary": {"covered_lines": 17, "num_statements": 24, "percent_covered": 70.83333333333333, "percent_covered_display": "71", "missing_lines": 7, "excluded_lines": 0, "percent_statements_covered": 70.83333333333333, "percent_statements_covered_display": "71"}, "missing_lines": [41, 57, 58, 60, 61, 62, 79], "excluded_lines": [], "functions": {"is_tracking_enabled": {"executed_lines": [34, 35, 38, 39, 42, 43], "summary": {"covered_lines": 6, "num_statements": 7, "percent_covered": 85.71428571428571, "percent_covered_display": "86", "missing_lines": 1, "excluded_lines": 0, "percent_statements_covered": 85.71428571428571, "percent_statements_covered_display": "86"}, "missing_lines": [41], "excluded_lines": [], "start_line": 32}, "get_tracking_mixin": {"executed_lines": [54, 55], "summary": {"covered_lines": 2, "num_statements": 7, "percent_covered": 28.571428571428573, "percent_covered_display": "29", "missing_lines": 5, "excluded_lines": 0, "percent_statements_covered": 28.571428571428573, "percent_statements_covered_display": "29"}, "missing_lines": [57, 58, 60, 61, 62], "excluded_lines": [], "start_line": 46}, "get_viewset_base_classes": {"executed_lines": [72, 74, 76, 77, 81], "summary": {"covered_lines": 5, "num_statements": 6, "percent_covered": 83.33333333333333, "percent_covered_display": "83", "missing_lines": 1, "excluded_lines": 0, "percent_statements_covered": 83.33333333333333, "percent_statements_covered_display": "83"}, "missing_lines": [79], "excluded_lines": [], "start_line": 65}, "": {"executed_lines": [29, 32, 46, 65], "summary": {"covered_lines": 4, "num_statements": 4, "percent_covered": 100.0, "percent_covered_display": "100", "missing_lines": 0, "excluded_lines": 0, "percent_statements_covered": 100.0, "percent_statements_covered_display": "100"}, "missing_lines": [], "excluded_lines": [], "start_line": 1}}, "classes": {"": {"executed_lines": [29, 32, 34, 35, 38, 39, 42, 43, 46, 54, 55, 65, 72, 74, 76, 77, 81], "summary": {"covered_lines": 17, "num_statements": 24, "percent_covered": 70.83333333333333, "percent_covered_display": "71", "missing_lines": 7, "excluded_lines": 0, "percent_statements_covered": 70.83333333333333, "percent_statements_covered_display": "71"}, "missing_lines": [41, 57, 58, 60, 61, 62, 79], "excluded_lines": [], "start_line": 1}}}, "turbodrf/urls.py": {"executed_lines": [], "summary": {"covered_lines": 0, "num_statements": 8, "percent_covered": 0.0, "percent_covered_display": "0", "missing_lines": 8, "excluded_lines": 0, "percent_statements_covered": 0.0, "percent_statements_covered_display": "0"}, "missing_lines": [1, 3, 4, 7, 10, 13, 19, 20], "excluded_lines": [], "functions": {"": {"executed_lines": [], "summary": {"covered_lines": 0, "num_statements": 8, "percent_covered": 0.0, "percent_covered_display": "0", "missing_lines": 8, "excluded_lines": 0, "percent_statements_covered": 0.0, "percent_statements_covered_display": "0"}, "missing_lines": [1, 3, 4, 7, 10, 13, 19, 20], "excluded_lines": [], "start_line": 1}}, "classes": {"": {"executed_lines": [], "summary": {"covered_lines": 0, "num_statements": 8, "percent_covered": 0.0, "percent_covered_display": "0", "missing_lines": 8, "excluded_lines": 0, "percent_statements_covered": 0.0, "percent_statements_covered_display": "0"}, "missing_lines": [1, 3, 4, 7, 10, 13, 19, 20], "excluded_lines": [], "start_line": 1}}}, "turbodrf/user_extensions.py": {"executed_lines": [], "summary": {"covered_lines": 0, "num_statements": 8, "percent_covered": 0.0, "percent_covered_display": "0", "missing_lines": 8, "excluded_lines": 2, "percent_statements_covered": 0.0, "percent_statements_covered_display": "0"}, "missing_lines": [5, 6, 9, 15, 28, 31, 32, 39], "excluded_lines": [34, 35], "functions": {"Role.__str__": {"executed_lines": [], "summary": {"covered_lines": 0, "num_statements": 0, "percent_covered": 100.0, "percent_covered_display": "100", "missing_lines": 0, "excluded_lines": 1, "percent_statements_covered": 100.0, "percent_statements_covered_display": "100"}, "missing_lines": [], "excluded_lines": [35], "start_line": 34}, "": {"executed_lines": [], "summary": {"covered_lines": 0, "num_statements": 8, "percent_covered": 0.0, "percent_covered_display": "0", "missing_lines": 8, "excluded_lines": 1, "percent_statements_covered": 0.0, "percent_statements_covered_display": "0"}, "missing_lines": [5, 6, 9, 15, 28, 31, 32, 39], "excluded_lines": [34], "start_line": 1}}, "classes": {"TurboDRFUser": {"executed_lines": [], "summary": {"covered_lines": 0, "num_statements": 0, "percent_covered": 100.0, "percent_covered_display": "100", "missing_lines": 0, "excluded_lines": 0, "percent_statements_covered": 100.0, "percent_statements_covered_display": "100"}, "missing_lines": [], "excluded_lines": [], "start_line": 9}, "Role": {"executed_lines": [], "summary": {"covered_lines": 0, "num_statements": 0, "percent_covered": 100.0, "percent_covered_display": "100", "missing_lines": 0, "excluded_lines": 1, "percent_statements_covered": 100.0, "percent_statements_covered_display": "100"}, "missing_lines": [], "excluded_lines": [35], "start_line": 28}, "": {"executed_lines": [], "summary": {"covered_lines": 0, "num_statements": 8, "percent_covered": 0.0, "percent_covered_display": "0", "missing_lines": 8, "excluded_lines": 1, "percent_statements_covered": 0.0, "percent_statements_covered_display": "0"}, "missing_lines": [5, 6, 9, 15, 28, 31, 32, 39], "excluded_lines": [34], "start_line": 1}}}, "turbodrf/utils.py": {"executed_lines": [], "summary": {"covered_lines": 0, "num_statements": 27, "percent_covered": 0.0, "percent_covered_display": "0", "missing_lines": 27, "excluded_lines": 0, "percent_statements_covered": 0.0, "percent_statements_covered_display": "0"}, "missing_lines": [6, 8, 10, 11, 12, 14, 20, 21, 23, 24, 26, 27, 28, 30, 32, 33, 36, 37, 41, 51, 52, 57, 58, 60, 62, 63, 65], "excluded_lines": [], "functions": {"create_options_metadata": {"executed_lines": [], "summary": {"covered_lines": 0, "num_statements": 26, "percent_covered": 0.0, "percent_covered_display": "0", "missing_lines": 26, "excluded_lines": 0, "percent_statements_covered": 0.0, "percent_statements_covered_display": "0"}, "missing_lines": [8, 10, 11, 12, 14, 20, 21, 23, 24, 26, 27, 28, 30, 32, 33, 36, 37, 41, 51, 52, 57, 58, 60, 62, 63, 65], "excluded_lines": [], "start_line": 6}, "": {"executed_lines": [], "summary": {"covered_lines": 0, "num_statements": 1, "percent_covered": 0.0, "percent_covered_display": "0", "missing_lines": 1, "excluded_lines": 0, "percent_statements_covered": 0.0, "percent_statements_covered_display": "0"}, "missing_lines": [6], "excluded_lines": [], "start_line": 1}}, "classes": {"": {"executed_lines": [], "summary": {"covered_lines": 0, "num_statements": 27, "percent_covered": 0.0, "percent_covered_display": "0", "missing_lines": 27, "excluded_lines": 0, "percent_statements_covered": 0.0, "percent_statements_covered_display": "0"}, "missing_lines": [6, 8, 10, 11, 12, 14, 20, 21, 23, 24, 26, 27, 28, 30, 32, 33, 36, 37, 41, 51, 52, 57, 58, 60, 62, 63, 65], "excluded_lines": [], "start_line": 1}}}, "turbodrf/validation.py": {"executed_lines": [8, 10, 11, 13, 16, 23, 25, 28, 55, 56, 59, 60, 63, 65, 66, 74, 77, 122, 145, 148, 149, 150, 151, 152, 154, 157, 158, 160, 162, 167, 168, 169, 173, 175, 176, 180, 183, 184, 185, 186, 188, 203, 206, 224, 225, 228, 231, 263, 264, 265, 267, 268, 271, 273], "summary": {"covered_lines": 54, "num_statements": 72, "percent_covered": 75.0, "percent_covered_display": "75", "missing_lines": 18, "excluded_lines": 0, "percent_statements_covered": 75.0, "percent_statements_covered_display": "75"}, "missing_lines": [101, 102, 103, 105, 106, 107, 108, 111, 112, 114, 115, 119, 191, 192, 196, 197, 198, 201], "excluded_lines": [], "functions": {"get_max_nesting_depth": {"executed_lines": [23, 25], "summary": {"covered_lines": 2, "num_statements": 2, "percent_covered": 100.0, "percent_covered_display": "100", "missing_lines": 0, "excluded_lines": 0, "percent_statements_covered": 100.0, "percent_statements_covered_display": "100"}, "missing_lines": [], "excluded_lines": [], "start_line": 16}, "validate_nesting_depth": {"executed_lines": [55, 56, 59, 60, 63, 65, 66, 74], "summary": {"covered_lines": 8, "num_statements": 8, "percent_covered": 100.0, "percent_covered_display": "100", "missing_lines": 0, "excluded_lines": 0, "percent_statements_covered": 100.0, "percent_statements_covered_display": "100"}, "missing_lines": [], "excluded_lines": [], "start_line": 28}, "get_nested_field_model": {"executed_lines": [], "summary": {"covered_lines": 0, "num_statements": 12, "percent_covered": 0.0, "percent_covered_display": "0", "missing_lines": 12, "excluded_lines": 0, "percent_statements_covered": 0.0, "percent_statements_covered_display": "0"}, "missing_lines": [101, 102, 103, 105, 106, 107, 108, 111, 112, 114, 115, 119], "excluded_lines": [], "start_line": 77}, "check_nested_field_permissions": {"executed_lines": [145, 148, 149, 150, 151, 152, 154, 157, 158, 160, 162, 167, 168, 169, 173, 175, 176, 180, 183, 184, 185, 186, 188, 203], "summary": {"covered_lines": 24, "num_statements": 30, "percent_covered": 80.0, "percent_covered_display": "80", "missing_lines": 6, "excluded_lines": 0, "percent_statements_covered": 80.0, "percent_statements_covered_display": "80"}, "missing_lines": [191, 192, 196, 197, 198, 201], "excluded_lines": [], "start_line": 122}, "validate_filter_field": {"executed_lines": [224, 225, 228, 231, 263, 264, 265, 267, 268, 271, 273], "summary": {"covered_lines": 11, "num_statements": 11, "percent_covered": 100.0, "percent_covered_display": "100", "missing_lines": 0, "excluded_lines": 0, "percent_statements_covered": 100.0, "percent_statements_covered_display": "100"}, "missing_lines": [], "excluded_lines": [], "start_line": 206}, "": {"executed_lines": [8, 10, 11, 13, 16, 28, 77, 122, 206], "summary": {"covered_lines": 9, "num_statements": 9, "percent_covered": 100.0, "percent_covered_display": "100", "missing_lines": 0, "excluded_lines": 0, "percent_statements_covered": 100.0, "percent_statements_covered_display": "100"}, "missing_lines": [], "excluded_lines": [], "start_line": 1}}, "classes": {"": {"executed_lines": [8, 10, 11, 13, 16, 23, 25, 28, 55, 56, 59, 60, 63, 65, 66, 74, 77, 122, 145, 148, 149, 150, 151, 152, 154, 157, 158, 160, 162, 167, 168, 169, 173, 175, 176, 180, 183, 184, 185, 186, 188, 203, 206, 224, 225, 228, 231, 263, 264, 265, 267, 268, 271, 273], "summary": {"covered_lines": 54, "num_statements": 72, "percent_covered": 75.0, "percent_covered_display": "75", "missing_lines": 18, "excluded_lines": 0, "percent_statements_covered": 75.0, "percent_statements_covered_display": "75"}, "missing_lines": [101, 102, 103, 105, 106, 107, 108, 111, 112, 114, 115, 119, 191, 192, 196, 197, 198, 201], "excluded_lines": [], "start_line": 1}}}, "turbodrf/views.py": {"executed_lines": [1, 2, 3, 4, 5, 6, 8, 9, 10, 11, 14, 42, 43, 44, 46, 60, 62, 77, 80, 131, 142, 143, 152, 153, 155, 160, 162, 199, 200, 203, 205, 206, 207, 210, 212, 214, 217, 222, 223, 224, 226, 227, 229, 230, 231, 232, 234, 237, 238, 239, 241, 244, 245, 250, 252, 258, 259, 264, 269, 271, 276, 285, 286, 289, 290, 295, 297, 321, 323, 355, 356, 361, 362, 366, 367, 369, 370, 373, 374, 375, 377, 378, 379, 381, 382, 384, 386, 387, 411, 412, 413, 415, 416, 434, 436, 459, 461, 464, 465, 469, 470, 471, 474, 475, 477, 483, 484, 488, 489, 493, 497, 501, 502, 504, 514, 516, 517, 519, 525, 527, 528, 533, 534, 536, 537, 539, 545, 546, 547, 548, 551, 554, 556, 558, 559, 562, 564, 572, 573, 574, 575, 576], "summary": {"covered_lines": 142, "num_statements": 152, "percent_covered": 93.42105263157895, "percent_covered_display": "93", "missing_lines": 10, "excluded_lines": 0, "percent_statements_covered": 93.42105263157895, "percent_statements_covered_display": "93"}, "missing_lines": [156, 158, 358, 478, 479, 480, 486, 487, 494, 542], "excluded_lines": [], "functions": {"TurboDRFPagination.get_paginated_response": {"executed_lines": [60, 62], "summary": {"covered_lines": 2, "num_statements": 2, "percent_covered": 100.0, "percent_covered_display": "100", "missing_lines": 0, "excluded_lines": 0, "percent_statements_covered": 100.0, "percent_statements_covered_display": "100"}, "missing_lines": [], "excluded_lines": [], "start_line": 46}, "TurboDRFViewSet.get_serializer_class": {"executed_lines": [199, 200, 203, 205, 206, 207, 210, 212, 214, 217, 222, 223, 224, 226, 227, 229, 230, 231, 232, 234, 237, 238, 239, 241, 244, 245, 250, 252, 258, 259, 264, 269, 271, 276, 285, 286, 289, 290, 295, 297, 321], "summary": {"covered_lines": 41, "num_statements": 41, "percent_covered": 100.0, "percent_covered_display": "100", "missing_lines": 0, "excluded_lines": 0, "percent_statements_covered": 100.0, "percent_statements_covered_display": "100"}, "missing_lines": [], "excluded_lines": [], "start_line": 162}, "TurboDRFViewSet.get_queryset": {"executed_lines": [355, 356, 361, 362, 366, 367, 369, 370, 373, 374, 375, 377, 378, 379, 381, 382, 384], "summary": {"covered_lines": 17, "num_statements": 18, "percent_covered": 94.44444444444444, "percent_covered_display": "94", "missing_lines": 1, "excluded_lines": 0, "percent_statements_covered": 94.44444444444444, "percent_statements_covered_display": "94"}, "missing_lines": [358], "excluded_lines": [], "start_line": 323}, "TurboDRFViewSet.search_fields": {"executed_lines": [411, 412, 413], "summary": {"covered_lines": 3, "num_statements": 3, "percent_covered": 100.0, "percent_covered_display": "100", "missing_lines": 0, "excluded_lines": 0, "percent_statements_covered": 100.0, "percent_statements_covered_display": "100"}, "missing_lines": [], "excluded_lines": [], "start_line": 387}, "TurboDRFViewSet.ordering_fields": {"executed_lines": [434], "summary": {"covered_lines": 1, "num_statements": 1, "percent_covered": 100.0, "percent_covered_display": "100", "missing_lines": 0, "excluded_lines": 0, "percent_statements_covered": 100.0, "percent_statements_covered_display": "100"}, "missing_lines": [], "excluded_lines": [], "start_line": 416}, "TurboDRFViewSet.get_filterset_fields": {"executed_lines": [459, 461, 464, 545, 546, 547, 548, 551, 554, 556], "summary": {"covered_lines": 10, "num_statements": 10, "percent_covered": 100.0, "percent_covered_display": "100", "missing_lines": 0, "excluded_lines": 0, "percent_statements_covered": 100.0, "percent_statements_covered_display": "100"}, "missing_lines": [], "excluded_lines": [], "start_line": 436}, "TurboDRFViewSet.get_filterset_fields.get_field_lookups": {"executed_lines": [465, 469, 470, 471, 474, 475, 477, 483, 484, 488, 489, 493, 497, 501, 502, 504, 514, 516, 517, 519, 525, 527, 528, 533, 534, 536, 537, 539], "summary": {"covered_lines": 28, "num_statements": 35, "percent_covered": 80.0, "percent_covered_display": "80", "missing_lines": 7, "excluded_lines": 0, "percent_statements_covered": 80.0, "percent_statements_covered_display": "80"}, "missing_lines": [478, 479, 480, 486, 487, 494, 542], "excluded_lines": [], "start_line": 464}, "TurboDRFViewSet.filterset_fields": {"executed_lines": [562], "summary": {"covered_lines": 1, "num_statements": 1, "percent_covered": 100.0, "percent_covered_display": "100", "missing_lines": 0, "excluded_lines": 0, "percent_statements_covered": 100.0, "percent_statements_covered_display": "100"}, "missing_lines": [], "excluded_lines": [], "start_line": 559}, "TurboDRFViewSet.create": {"executed_lines": [572, 573, 574, 575, 576], "summary": {"covered_lines": 5, "num_statements": 5, "percent_covered": 100.0, "percent_covered_display": "100", "missing_lines": 0, "excluded_lines": 0, "percent_statements_covered": 100.0, "percent_statements_covered_display": "100"}, "missing_lines": [], "excluded_lines": [], "start_line": 564}, "": {"executed_lines": [1, 2, 3, 4, 5, 6, 8, 9, 10, 11, 14, 42, 43, 44, 46, 77, 80, 131, 142, 143, 152, 153, 155, 160, 162, 323, 386, 387, 415, 416, 436, 558, 559, 564], "summary": {"covered_lines": 34, "num_statements": 36, "percent_covered": 94.44444444444444, "percent_covered_display": "94", "missing_lines": 2, "excluded_lines": 0, "percent_statements_covered": 94.44444444444444, "percent_statements_covered_display": "94"}, "missing_lines": [156, 158], "excluded_lines": [], "start_line": 1}}, "classes": {"TurboDRFPagination": {"executed_lines": [60, 62], "summary": {"covered_lines": 2, "num_statements": 2, "percent_covered": 100.0, "percent_covered_display": "100", "missing_lines": 0, "excluded_lines": 0, "percent_statements_covered": 100.0, "percent_statements_covered_display": "100"}, "missing_lines": [], "excluded_lines": [], "start_line": 14}, "TurboDRFViewSet": {"executed_lines": [199, 200, 203, 205, 206, 207, 210, 212, 214, 217, 222, 223, 224, 226, 227, 229, 230, 231, 232, 234, 237, 238, 239, 241, 244, 245, 250, 252, 258, 259, 264, 269, 271, 276, 285, 286, 289, 290, 295, 297, 321, 355, 356, 361, 362, 366, 367, 369, 370, 373, 374, 375, 377, 378, 379, 381, 382, 384, 411, 412, 413, 434, 459, 461, 464, 465, 469, 470, 471, 474, 475, 477, 483, 484, 488, 489, 493, 497, 501, 502, 504, 514, 516, 517, 519, 525, 527, 528, 533, 534, 536, 537, 539, 545, 546, 547, 548, 551, 554, 556, 562, 572, 573, 574, 575, 576], "summary": {"covered_lines": 106, "num_statements": 114, "percent_covered": 92.98245614035088, "percent_covered_display": "93", "missing_lines": 8, "excluded_lines": 0, "percent_statements_covered": 92.98245614035088, "percent_statements_covered_display": "93"}, "missing_lines": [358, 478, 479, 480, 486, 487, 494, 542], "excluded_lines": [], "start_line": 80}, "": {"executed_lines": [1, 2, 3, 4, 5, 6, 8, 9, 10, 11, 14, 42, 43, 44, 46, 77, 80, 131, 142, 143, 152, 153, 155, 160, 162, 323, 386, 387, 415, 416, 436, 558, 559, 564], "summary": {"covered_lines": 34, "num_statements": 36, "percent_covered": 94.44444444444444, "percent_covered_display": "94", "missing_lines": 2, "excluded_lines": 0, "percent_statements_covered": 94.44444444444444, "percent_statements_covered_display": "94"}, "missing_lines": [156, 158], "excluded_lines": [], "start_line": 1}}}}, "totals": {"covered_lines": 1001, "num_statements": 1314, "percent_covered": 76.17960426179604, "percent_covered_display": "76", "missing_lines": 313, "excluded_lines": 14, "percent_statements_covered": 76.17960426179604, "percent_statements_covered_display": "76"}}